[
{"event": "image_load", "image_name": "***/box1", "image_id": 1, "base_addr": "0x55f3caf70000", "image_size": "0x135f"},
{"event": "image_load", "image_name": "/lib64/ld-linux-x86-64.so.2", "image_id": 2, "base_addr": "0x7f7b0be5b000", "image_size": "0x26c23"},
{"event": "image_load", "image_name": "[vdso]", "image_id": 3, "base_addr": "0x7ffe0fbf5000", "image_size": "0x95a"},
{"event": "image_load", "image_name": "/lib/x86_64-linux-gnu/libc.so.6", "image_id": 4, "base_addr": "0x7f7af7673000", "image_size": "0x3f0adf"},
{"event": "branch", "inst_addr": "0x55f3caf7064e", "branch_taken": true},
{"event": "branch", "inst_addr": "0x55f3caf70ed4", "branch_taken": false},
{"event": "branch", "inst_addr": "0x55f3caf707f5", "branch_taken": true},
{"event": "branch", "inst_addr": "0x55f3caf70786", "branch_taken": true},
{"event": "branch", "inst_addr": "0x55f3caf70ef4", "branch_taken": false},
{"event": "branch", "inst_addr": "0x55f3caf706b0", "branch_taken": true},
{"event": "branch", "inst_addr": "0x55f3caf70690", "branch_taken": true},
{"event": "branch", "inst_addr": "0x55f3caf70e3f", "branch_taken": true},
{"event": "branch", "inst_addr": "0x55f3caf706c0", "branch_taken": true},
{"event": "branch", "inst_addr": "0x55f3caf706a0", "branch_taken": true},
{"event": "branch", "inst_addr": "0x55f3caf70b99", "branch_taken": true},
{"event": "branch", "inst_addr": "0x55f3caf70ddc", "branch_taken": true},
{"event": "branch", "inst_addr": "0x55f3caf70bac", "branch_taken": false},
{"event": "branch", "inst_addr": "0x55f3caf70bb6", "branch_taken": true},
{"event": "branch", "inst_addr": "0x55f3caf70bfe", "branch_taken": true},
{"event": "branch", "inst_addr": "0x55f3caf70c46", "branch_taken": true},
{"event": "branch", "inst_addr": "0x55f3caf70c8e", "branch_taken": true},
{"event": "branch", "inst_addr": "0x55f3caf70cd6", "branch_taken": true},
{"event": "branch", "inst_addr": "0x55f3caf70d1e", "branch_taken": true},
{"event": "branch", "inst_addr": "0x55f3caf70d63", "branch_taken": false},
{"event": "branch", "inst_addr": "0x55f3caf70d69", "branch_taken": false},
{"event": "branch", "inst_addr": "0x55f3caf70d6f", "branch_taken": false},
{"event": "branch", "inst_addr": "0x55f3caf70d97", "branch_taken": true},
{"event": "branch", "inst_addr": "0x55f3caf70dc1", "branch_taken": true},
{"event": "branch", "inst_addr": "0x55f3caf70ddc", "branch_taken": true},
{"event": "branch", "inst_addr": "0x55f3caf70bac", "branch_taken": false},
{"event": "branch", "inst_addr": "0x55f3caf70bb6", "branch_taken": true},
{"event": "branch", "inst_addr": "0x55f3caf70bfe", "branch_taken": true},
{"event": "branch", "inst_addr": "0x55f3caf70c46", "branch_taken": true},
{"event": "branch", "inst_addr": "0x55f3caf70c8e", "branch_taken": true},
{"event": "branch", "inst_addr": "0x55f3caf70cd6", "branch_taken": true},
{"event": "branch", "inst_addr": "0x55f3caf70d1e", "branch_taken": true},
{"event": "branch", "inst_addr": "0x55f3caf70d63", "branch_taken": false},
{"event": "branch", "inst_addr": "0x55f3caf70d69", "branch_taken": false},
{"event": "branch", "inst_addr": "0x55f3caf70d6f", "branch_taken": false},
{"event": "branch", "inst_addr": "0x55f3caf70d97", "branch_taken": true},
{"event": "branch", "inst_addr": "0x55f3caf70dc1", "branch_taken": true},
{"event": "branch", "inst_addr": "0x55f3caf70ddc", "branch_taken": true},
{"event": "branch", "inst_addr": "0x55f3caf70bac", "branch_taken": false},
{"event": "branch", "inst_addr": "0x55f3caf70bb6", "branch_taken": true},
{"event": "branch", "inst_addr": "0x55f3caf70bfe", "branch_taken": true},
{"event": "branch", "inst_addr": "0x55f3caf70c46", "branch_taken": true},
{"event": "branch", "inst_addr": "0x55f3caf70c8e", "branch_taken": true},
{"event": "branch", "inst_addr": "0x55f3caf70cd6", "branch_taken": true},
{"event": "branch", "inst_addr": "0x55f3caf70d1e", "branch_taken": true},
{"event": "branch", "inst_addr": "0x55f3caf70d63", "branch_taken": false},
{"event": "branch", "inst_addr": "0x55f3caf70d69", "branch_taken": false},
{"event": "branch", "inst_addr": "0x55f3caf70d6f", "branch_taken": false},
{"event": "branch", "inst_addr": "0x55f3caf70d97", "branch_taken": true},
{"event": "branch", "inst_addr": "0x55f3caf70dc1", "branch_taken": true},
{"event": "branch", "inst_addr": "0x55f3caf70ddc", "branch_taken": true},
{"event": "branch", "inst_addr": "0x55f3caf70bac", "branch_taken": false},
{"event": "branch", "inst_addr": "0x55f3caf70bb6", "branch_taken": true},
{"event": "branch", "inst_addr": "0x55f3caf70bfe", "branch_taken": true},
{"event": "branch", "inst_addr": "0x55f3caf70c46", "branch_taken": true},
{"event": "branch", "inst_addr": "0x55f3caf70c8e", "branch_taken": true},
{"event": "branch", "inst_addr": "0x55f3caf70cd6", "branch_taken": true},
{"event": "branch", "inst_addr": "0x55f3caf70d1e", "branch_taken": true},
{"event": "branch", "inst_addr": "0x55f3caf70d63", "branch_taken": false},
{"event": "branch", "inst_addr": "0x55f3caf70d69", "branch_taken": false},
{"event": "branch", "inst_addr": "0x55f3caf70d6f", "branch_taken": false},
{"event": "branch", "inst_addr": "0x55f3caf70d97", "branch_taken": false},
{"event": "branch", "inst_addr": "0x55f3caf709c4", "branch_taken": true},
{"event": "branch", "inst_addr": "0x55f3caf70db8", "branch_taken": true},
{"event": "branch", "inst_addr": "0x55f3caf70ddc", "branch_taken": true},
{"event": "branch", "inst_addr": "0x55f3caf70bac", "branch_taken": false},
{"event": "branch", "inst_addr": "0x55f3caf70bb6", "branch_taken": true},
{"event": "branch", "inst_addr": "0x55f3caf70bfe", "branch_taken": true},
{"event": "branch", "inst_addr": "0x55f3caf70c46", "branch_taken": true},
{"event": "branch", "inst_addr": "0x55f3caf70c8e", "branch_taken": true},
{"event": "branch", "inst_addr": "0x55f3caf70cd6", "branch_taken": true},
{"event": "branch", "inst_addr": "0x55f3caf70d1e", "branch_taken": true},
{"event": "branch", "inst_addr": "0x55f3caf70d63", "branch_taken": false},
{"event": "branch", "inst_addr": "0x55f3caf70d69", "branch_taken": false},
{"event": "branch", "inst_addr": "0x55f3caf70d6f", "branch_taken": false},
{"event": "branch", "inst_addr": "0x55f3caf70d97", "branch_taken": true},
{"event": "branch", "inst_addr": "0x55f3caf70dc1", "branch_taken": true},
{"event": "branch", "inst_addr": "0x55f3caf70ddc", "branch_taken": true},
{"event": "branch", "inst_addr": "0x55f3caf70bac", "branch_taken": false},
{"event": "branch", "inst_addr": "0x55f3caf70bb6", "branch_taken": true},
{"event": "branch", "inst_addr": "0x55f3caf70bfe", "branch_taken": true},
{"event": "branch", "inst_addr": "0x55f3caf70c46", "branch_taken": true},
{"event": "branch", "inst_addr": "0x55f3caf70c8e", "branch_taken": true},
{"event": "branch", "inst_addr": "0x55f3caf70cd6", "branch_taken": true},
{"event": "branch", "inst_addr": "0x55f3caf70d1e", "branch_taken": true},
{"event": "branch", "inst_addr": "0x55f3caf70d63", "branch_taken": false},
{"event": "branch", "inst_addr": "0x55f3caf70d69", "branch_taken": false},
{"event": "branch", "inst_addr": "0x55f3caf70d6f", "branch_taken": false},
{"event": "branch", "inst_addr": "0x55f3caf70d97", "branch_taken": true},
{"event": "branch", "inst_addr": "0x55f3caf70dc1", "branch_taken": true},
{"event": "branch", "inst_addr": "0x55f3caf70ddc", "branch_taken": true},
{"event": "branch", "inst_addr": "0x55f3caf70bac", "branch_taken": false},
{"event": "branch", "inst_addr": "0x55f3caf70bb6", "branch_taken": true},
{"event": "branch", "inst_addr": "0x55f3caf70bfe", "branch_taken": true},
{"event": "branch", "inst_addr": "0x55f3caf70c46", "branch_taken": true},
{"event": "branch", "inst_addr": "0x55f3caf70c8e", "branch_taken": true},
{"event": "branch", "inst_addr": "0x55f3caf70cd6", "branch_taken": true},
{"event": "branch", "inst_addr": "0x55f3caf70d1e", "branch_taken": true},
{"event": "branch", "inst_addr": "0x55f3caf70d63", "branch_taken": false},
{"event": "branch", "inst_addr": "0x55f3caf70d69", "branch_taken": false},
{"event": "branch", "inst_addr": "0x55f3caf70d6f", "branch_taken": false},
{"event": "branch", "inst_addr": "0x55f3caf70d97", "branch_taken": true},
{"event": "branch", "inst_addr": "0x55f3caf70dc1", "branch_taken": true},
{"event": "branch", "inst_addr": "0x55f3caf70ddc", "branch_taken": true},
{"event": "branch", "inst_addr": "0x55f3caf70bac", "branch_taken": false},
{"event": "branch", "inst_addr": "0x55f3caf70bb6", "branch_taken": true},
{"event": "branch", "inst_addr": "0x55f3caf70bfe", "branch_taken": true},
{"event": "branch", "inst_addr": "0x55f3caf70c46", "branch_taken": true},
{"event": "branch", "inst_addr": "0x55f3caf70c8e", "branch_taken": true},
{"event": "branch", "inst_addr": "0x55f3caf70cd6", "branch_taken": true},
{"event": "branch", "inst_addr": "0x55f3caf70d1e", "branch_taken": true},
{"event": "branch", "inst_addr": "0x55f3caf70d63", "branch_taken": false},
{"event": "branch", "inst_addr": "0x55f3caf70d69", "branch_taken": false},
{"event": "branch", "inst_addr": "0x55f3caf70d6f", "branch_taken": false},
{"event": "branch", "inst_addr": "0x55f3caf70d97", "branch_taken": false},
{"event": "branch", "inst_addr": "0x55f3caf709c4", "branch_taken": true},
{"event": "branch", "inst_addr": "0x55f3caf70db8", "branch_taken": true},
{"event": "branch", "inst_addr": "0x55f3caf70ddc", "branch_taken": true},
{"event": "branch", "inst_addr": "0x55f3caf70bac", "branch_taken": false},
{"event": "branch", "inst_addr": "0x55f3caf70bb6", "branch_taken": true},
{"event": "branch", "inst_addr": "0x55f3caf70bfe", "branch_taken": false},
{"event": "branch", "inst_addr": "0x55f3caf70964", "branch_taken": true},
{"event": "branch", "inst_addr": "0x55f3caf70964", "branch_taken": true},
{"event": "branch", "inst_addr": "0x55f3caf709c4", "branch_taken": true},
{"event": "branch", "inst_addr": "0x55f3caf70c3d", "branch_taken": true},
{"event": "branch", "inst_addr": "0x55f3caf70ddc", "branch_taken": true},
{"event": "branch", "inst_addr": "0x55f3caf70bac", "branch_taken": false},
{"event": "branch", "inst_addr": "0x55f3caf70bb6", "branch_taken": true},
{"event": "branch", "inst_addr": "0x55f3caf70bfe", "branch_taken": true},
{"event": "branch", "inst_addr": "0x55f3caf70c46", "branch_taken": true},
{"event": "branch", "inst_addr": "0x55f3caf70c8e", "branch_taken": true},
{"event": "branch", "inst_addr": "0x55f3caf70cd6", "branch_taken": true},
{"event": "branch", "inst_addr": "0x55f3caf70d1e", "branch_taken": true},
{"event": "branch", "inst_addr": "0x55f3caf70d63", "branch_taken": false},
{"event": "branch", "inst_addr": "0x55f3caf70d69", "branch_taken": false},
{"event": "branch", "inst_addr": "0x55f3caf70d6f", "branch_taken": false},
{"event": "branch", "inst_addr": "0x55f3caf70d97", "branch_taken": true},
{"event": "branch", "inst_addr": "0x55f3caf70dc1", "branch_taken": true},
{"event": "branch", "inst_addr": "0x55f3caf70ddc", "branch_taken": true},
{"event": "branch", "inst_addr": "0x55f3caf70bac", "branch_taken": false},
{"event": "branch", "inst_addr": "0x55f3caf70bb6", "branch_taken": true},
{"event": "branch", "inst_addr": "0x55f3caf70bfe", "branch_taken": true},
{"event": "branch", "inst_addr": "0x55f3caf70c46", "branch_taken": true},
{"event": "branch", "inst_addr": "0x55f3caf70c8e", "branch_taken": true},
{"event": "branch", "inst_addr": "0x55f3caf70cd6", "branch_taken": true},
{"event": "branch", "inst_addr": "0x55f3caf70d1e", "branch_taken": true},
{"event": "branch", "inst_addr": "0x55f3caf70d63", "branch_taken": false},
{"event": "branch", "inst_addr": "0x55f3caf70d69", "branch_taken": false},
{"event": "branch", "inst_addr": "0x55f3caf70d6f", "branch_taken": false},
{"event": "branch", "inst_addr": "0x55f3caf70d97", "branch_taken": true},
{"event": "branch", "inst_addr": "0x55f3caf70dc1", "branch_taken": true},
{"event": "branch", "inst_addr": "0x55f3caf70ddc", "branch_taken": true},
{"event": "branch", "inst_addr": "0x55f3caf70bac", "branch_taken": false},
{"event": "branch", "inst_addr": "0x55f3caf70bb6", "branch_taken": true},
{"event": "branch", "inst_addr": "0x55f3caf70bfe", "branch_taken": true},
{"event": "branch", "inst_addr": "0x55f3caf70c46", "branch_taken": true},
{"event": "branch", "inst_addr": "0x55f3caf70c8e", "branch_taken": true},
{"event": "branch", "inst_addr": "0x55f3caf70cd6", "branch_taken": true},
{"event": "branch", "inst_addr": "0x55f3caf70d1e", "branch_taken": true},
{"event": "branch", "inst_addr": "0x55f3caf70d63", "branch_taken": false},
{"event": "branch", "inst_addr": "0x55f3caf70d69", "branch_taken": false},
{"event": "branch", "inst_addr": "0x55f3caf70d6f", "branch_taken": false},
{"event": "branch", "inst_addr": "0x55f3caf70d97", "branch_taken": true},
{"event": "branch", "inst_addr": "0x55f3caf70dc1", "branch_taken": true},
{"event": "branch", "inst_addr": "0x55f3caf70ddc", "branch_taken": true},
{"event": "branch", "inst_addr": "0x55f3caf70bac", "branch_taken": false},
{"event": "branch", "inst_addr": "0x55f3caf70bb6", "branch_taken": true},
{"event": "branch", "inst_addr": "0x55f3caf70bfe", "branch_taken": true},
{"event": "branch", "inst_addr": "0x55f3caf70c46", "branch_taken": true},
{"event": "branch", "inst_addr": "0x55f3caf70c8e", "branch_taken": true},
{"event": "branch", "inst_addr": "0x55f3caf70cd6", "branch_taken": true},
{"event": "branch", "inst_addr": "0x55f3caf70d1e", "branch_taken": true},
{"event": "branch", "inst_addr": "0x55f3caf70d63", "branch_taken": false},
{"event": "branch", "inst_addr": "0x55f3caf70d69", "branch_taken": false},
{"event": "branch", "inst_addr": "0x55f3caf70d6f", "branch_taken": false},
{"event": "branch", "inst_addr": "0x55f3caf70d97", "branch_taken": false},
{"event": "branch", "inst_addr": "0x55f3caf709c4", "branch_taken": true},
{"event": "branch", "inst_addr": "0x55f3caf70db8", "branch_taken": true},
{"event": "branch", "inst_addr": "0x55f3caf70ddc", "branch_taken": true},
{"event": "branch", "inst_addr": "0x55f3caf70bac", "branch_taken": false},
{"event": "branch", "inst_addr": "0x55f3caf70bb6", "branch_taken": true},
{"event": "branch", "inst_addr": "0x55f3caf70bfe", "branch_taken": true},
{"event": "branch", "inst_addr": "0x55f3caf70c46", "branch_taken": false},
{"event": "branch", "inst_addr": "0x55f3caf70964", "branch_taken": true},
{"event": "branch", "inst_addr": "0x55f3caf70964", "branch_taken": true},
{"event": "branch", "inst_addr": "0x55f3caf70a5c", "branch_taken": true},
{"event": "branch", "inst_addr": "0x55f3caf70a82", "branch_taken": true},
{"event": "branch", "inst_addr": "0x55f3caf70a94", "branch_taken": true},
{"event": "branch", "inst_addr": "0x55f3caf70a94", "branch_taken": true},
{"event": "branch", "inst_addr": "0x55f3caf70a94", "branch_taken": true},
{"event": "branch", "inst_addr": "0x55f3caf70a94", "branch_taken": false},
{"event": "branch", "inst_addr": "0x55f3caf709c4", "branch_taken": true},
{"event": "branch", "inst_addr": "0x55f3caf70c85", "branch_taken": true},
{"event": "branch", "inst_addr": "0x55f3caf70ddc", "branch_taken": true},
{"event": "branch", "inst_addr": "0x55f3caf70bac", "branch_taken": false},
{"event": "branch", "inst_addr": "0x55f3caf70bb6", "branch_taken": true},
{"event": "branch", "inst_addr": "0x55f3caf70bfe", "branch_taken": true},
{"event": "branch", "inst_addr": "0x55f3caf70c46", "branch_taken": true},
{"event": "branch", "inst_addr": "0x55f3caf70c8e", "branch_taken": true},
{"event": "branch", "inst_addr": "0x55f3caf70cd6", "branch_taken": true},
{"event": "branch", "inst_addr": "0x55f3caf70d1e", "branch_taken": true},
{"event": "branch", "inst_addr": "0x55f3caf70d63", "branch_taken": false},
{"event": "branch", "inst_addr": "0x55f3caf70d69", "branch_taken": false},
{"event": "branch", "inst_addr": "0x55f3caf70d6f", "branch_taken": false},
{"event": "branch", "inst_addr": "0x55f3caf70d97", "branch_taken": true},
{"event": "branch", "inst_addr": "0x55f3caf70dc1", "branch_taken": true},
{"event": "branch", "inst_addr": "0x55f3caf70ddc", "branch_taken": true},
{"event": "branch", "inst_addr": "0x55f3caf70bac", "branch_taken": false},
{"event": "branch", "inst_addr": "0x55f3caf70bb6", "branch_taken": true},
{"event": "branch", "inst_addr": "0x55f3caf70bfe", "branch_taken": true},
{"event": "branch", "inst_addr": "0x55f3caf70c46", "branch_taken": true},
{"event": "branch", "inst_addr": "0x55f3caf70c8e", "branch_taken": true},
{"event": "branch", "inst_addr": "0x55f3caf70cd6", "branch_taken": true},
{"event": "branch", "inst_addr": "0x55f3caf70d1e", "branch_taken": true},
{"event": "branch", "inst_addr": "0x55f3caf70d63", "branch_taken": false},
{"event": "branch", "inst_addr": "0x55f3caf70d69", "branch_taken": false},
{"event": "branch", "inst_addr": "0x55f3caf70d6f", "branch_taken": false},
{"event": "branch", "inst_addr": "0x55f3caf70d97", "branch_taken": true},
{"event": "branch", "inst_addr": "0x55f3caf70dc1", "branch_taken": true},
{"event": "branch", "inst_addr": "0x55f3caf70ddc", "branch_taken": true},
{"event": "branch", "inst_addr": "0x55f3caf70bac", "branch_taken": false},
{"event": "branch", "inst_addr": "0x55f3caf70bb6", "branch_taken": true},
{"event": "branch", "inst_addr": "0x55f3caf70bfe", "branch_taken": true},
{"event": "branch", "inst_addr": "0x55f3caf70c46", "branch_taken": true},
{"event": "branch", "inst_addr": "0x55f3caf70c8e", "branch_taken": true},
{"event": "branch", "inst_addr": "0x55f3caf70cd6", "branch_taken": true},
{"event": "branch", "inst_addr": "0x55f3caf70d1e", "branch_taken": true},
{"event": "branch", "inst_addr": "0x55f3caf70d63", "branch_taken": false},
{"event": "branch", "inst_addr": "0x55f3caf70d69", "branch_taken": false},
{"event": "branch", "inst_addr": "0x55f3caf70d6f", "branch_taken": false},
{"event": "branch", "inst_addr": "0x55f3caf70d97", "branch_taken": true},
{"event": "branch", "inst_addr": "0x55f3caf70dc1", "branch_taken": true},
{"event": "branch", "inst_addr": "0x55f3caf70ddc", "branch_taken": true},
{"event": "branch", "inst_addr": "0x55f3caf70bac", "branch_taken": false},
{"event": "branch", "inst_addr": "0x55f3caf70bb6", "branch_taken": true},
{"event": "branch", "inst_addr": "0x55f3caf70bfe", "branch_taken": true},
{"event": "branch", "inst_addr": "0x55f3caf70c46", "branch_taken": true},
{"event": "branch", "inst_addr": "0x55f3caf70c8e", "branch_taken": true},
{"event": "branch", "inst_addr": "0x55f3caf70cd6", "branch_taken": true},
{"event": "branch", "inst_addr": "0x55f3caf70d1e", "branch_taken": true},
{"event": "branch", "inst_addr": "0x55f3caf70d63", "branch_taken": false},
{"event": "branch", "inst_addr": "0x55f3caf70d69", "branch_taken": false},
{"event": "branch", "inst_addr": "0x55f3caf70d6f", "branch_taken": false},
{"event": "branch", "inst_addr": "0x55f3caf70d97", "branch_taken": false},
{"event": "branch", "inst_addr": "0x55f3caf709c4", "branch_taken": true},
{"event": "branch", "inst_addr": "0x55f3caf70db8", "branch_taken": true},
{"event": "branch", "inst_addr": "0x55f3caf70ddc", "branch_taken": true},
{"event": "branch", "inst_addr": "0x55f3caf70bac", "branch_taken": false},
{"event": "branch", "inst_addr": "0x55f3caf70bb6", "branch_taken": false},
{"event": "branch", "inst_addr": "0x55f3caf70964", "branch_taken": true},
{"event": "branch", "inst_addr": "0x55f3caf70964", "branch_taken": true},
{"event": "branch", "inst_addr": "0x55f3caf70a21", "branch_taken": true},
{"event": "branch", "inst_addr": "0x55f3caf70a31", "branch_taken": true},
{"event": "branch", "inst_addr": "0x55f3caf70a31", "branch_taken": true},
{"event": "branch", "inst_addr": "0x55f3caf70a31", "branch_taken": true},
{"event": "branch", "inst_addr": "0x55f3caf70a31", "branch_taken": true},
{"event": "branch", "inst_addr": "0x55f3caf70a31", "branch_taken": true},
{"event": "branch", "inst_addr": "0x55f3caf70a31", "branch_taken": true},
{"event": "branch", "inst_addr": "0x55f3caf70a31", "branch_taken": true},
{"event": "branch", "inst_addr": "0x55f3caf70a31", "branch_taken": true},
{"event": "branch", "inst_addr": "0x55f3caf70a31", "branch_taken": true},
{"event": "branch", "inst_addr": "0x55f3caf70a31", "branch_taken": true},
{"event": "branch", "inst_addr": "0x55f3caf70a31", "branch_taken": false},
{"event": "branch", "inst_addr": "0x55f3caf709c4", "branch_taken": true},
{"event": "branch", "inst_addr": "0x55f3caf70bf5", "branch_taken": true},
{"event": "branch", "inst_addr": "0x55f3caf70ddc", "branch_taken": true},
{"event": "branch", "inst_addr": "0x55f3caf70bac", "branch_taken": false},
{"event": "branch", "inst_addr": "0x55f3caf70bb6", "branch_taken": true},
{"event": "branch", "inst_addr": "0x55f3caf70bfe", "branch_taken": true},
{"event": "branch", "inst_addr": "0x55f3caf70c46", "branch_taken": true},
{"event": "branch", "inst_addr": "0x55f3caf70c8e", "branch_taken": true},
{"event": "branch", "inst_addr": "0x55f3caf70cd6", "branch_taken": true},
{"event": "branch", "inst_addr": "0x55f3caf70d1e", "branch_taken": true},
{"event": "branch", "inst_addr": "0x55f3caf70d63", "branch_taken": false},
{"event": "branch", "inst_addr": "0x55f3caf70d69", "branch_taken": false},
{"event": "branch", "inst_addr": "0x55f3caf70d6f", "branch_taken": false},
{"event": "branch", "inst_addr": "0x55f3caf70d97", "branch_taken": true},
{"event": "branch", "inst_addr": "0x55f3caf70dc1", "branch_taken": true},
{"event": "branch", "inst_addr": "0x55f3caf70ddc", "branch_taken": true},
{"event": "branch", "inst_addr": "0x55f3caf70bac", "branch_taken": false},
{"event": "branch", "inst_addr": "0x55f3caf70bb6", "branch_taken": true},
{"event": "branch", "inst_addr": "0x55f3caf70bfe", "branch_taken": true},
{"event": "branch", "inst_addr": "0x55f3caf70c46", "branch_taken": true},
{"event": "branch", "inst_addr": "0x55f3caf70c8e", "branch_taken": true},
{"event": "branch", "inst_addr": "0x55f3caf70cd6", "branch_taken": true},
{"event": "branch", "inst_addr": "0x55f3caf70d1e", "branch_taken": true},
{"event": "branch", "inst_addr": "0x55f3caf70d63", "branch_taken": false},
{"event": "branch", "inst_addr": "0x55f3caf70d69", "branch_taken": false},
{"event": "branch", "inst_addr": "0x55f3caf70d6f", "branch_taken": false},
{"event": "branch", "inst_addr": "0x55f3caf70d97", "branch_taken": true},
{"event": "branch", "inst_addr": "0x55f3caf70dc1", "branch_taken": true},
{"event": "branch", "inst_addr": "0x55f3caf70ddc", "branch_taken": true},
{"event": "branch", "inst_addr": "0x55f3caf70bac", "branch_taken": false},
{"event": "branch", "inst_addr": "0x55f3caf70bb6", "branch_taken": true},
{"event": "branch", "inst_addr": "0x55f3caf70bfe", "branch_taken": true},
{"event": "branch", "inst_addr": "0x55f3caf70c46", "branch_taken": true},
{"event": "branch", "inst_addr": "0x55f3caf70c8e", "branch_taken": true},
{"event": "branch", "inst_addr": "0x55f3caf70cd6", "branch_taken": true},
{"event": "branch", "inst_addr": "0x55f3caf70d1e", "branch_taken": true},
{"event": "branch", "inst_addr": "0x55f3caf70d63", "branch_taken": false},
{"event": "branch", "inst_addr": "0x55f3caf70d69", "branch_taken": false},
{"event": "branch", "inst_addr": "0x55f3caf70d6f", "branch_taken": false},
{"event": "branch", "inst_addr": "0x55f3caf70d97", "branch_taken": true},
{"event": "branch", "inst_addr": "0x55f3caf70dc1", "branch_taken": true},
{"event": "branch", "inst_addr": "0x55f3caf70ddc", "branch_taken": true},
{"event": "branch", "inst_addr": "0x55f3caf70bac", "branch_taken": false},
{"event": "branch", "inst_addr": "0x55f3caf70bb6", "branch_taken": true},
{"event": "branch", "inst_addr": "0x55f3caf70bfe", "branch_taken": true},
{"event": "branch", "inst_addr": "0x55f3caf70c46", "branch_taken": true},
{"event": "branch", "inst_addr": "0x55f3caf70c8e", "branch_taken": true},
{"event": "branch", "inst_addr": "0x55f3caf70cd6", "branch_taken": true},
{"event": "branch", "inst_addr": "0x55f3caf70d1e", "branch_taken": true},
{"event": "branch", "inst_addr": "0x55f3caf70d63", "branch_taken": false},
{"event": "branch", "inst_addr": "0x55f3caf70d69", "branch_taken": false},
{"event": "branch", "inst_addr": "0x55f3caf70d6f", "branch_taken": false},
{"event": "branch", "inst_addr": "0x55f3caf70d97", "branch_taken": false},
{"event": "branch", "inst_addr": "0x55f3caf709c4", "branch_taken": true},
{"event": "branch", "inst_addr": "0x55f3caf70db8", "branch_taken": true},
{"event": "branch", "inst_addr": "0x55f3caf70ddc", "branch_taken": true},
{"event": "branch", "inst_addr": "0x55f3caf70bac", "branch_taken": false},
{"event": "branch", "inst_addr": "0x55f3caf70bb6", "branch_taken": true},
{"event": "branch", "inst_addr": "0x55f3caf70bfe", "branch_taken": true},
{"event": "branch", "inst_addr": "0x55f3caf70c46", "branch_taken": true},
{"event": "branch", "inst_addr": "0x55f3caf70c8e", "branch_taken": true},
{"event": "branch", "inst_addr": "0x55f3caf70cd6", "branch_taken": true},
{"event": "branch", "inst_addr": "0x55f3caf70d1e", "branch_taken": false},
{"event": "branch", "inst_addr": "0x55f3caf70964", "branch_taken": true},
{"event": "branch", "inst_addr": "0x55f3caf70964", "branch_taken": true},
{"event": "branch", "inst_addr": "0x55f3caf70a21", "branch_taken": true},
{"event": "branch", "inst_addr": "0x55f3caf70a31", "branch_taken": true},
{"event": "branch", "inst_addr": "0x55f3caf70a31", "branch_taken": true},
{"event": "branch", "inst_addr": "0x55f3caf70a31", "branch_taken": true},
{"event": "branch", "inst_addr": "0x55f3caf70a31", "branch_taken": true},
{"event": "branch", "inst_addr": "0x55f3caf70a31", "branch_taken": true},
{"event": "branch", "inst_addr": "0x55f3caf70a31", "branch_taken": true},
{"event": "branch", "inst_addr": "0x55f3caf70a31", "branch_taken": true},
{"event": "branch", "inst_addr": "0x55f3caf70a31", "branch_taken": true},
{"event": "branch", "inst_addr": "0x55f3caf70a31", "branch_taken": true},
{"event": "branch", "inst_addr": "0x55f3caf70a31", "branch_taken": true},
{"event": "branch", "inst_addr": "0x55f3caf70a31", "branch_taken": true},
{"event": "branch", "inst_addr": "0x55f3caf70a31", "branch_taken": true},
{"event": "branch", "inst_addr": "0x55f3caf70a31", "branch_taken": true},
{"event": "branch", "inst_addr": "0x55f3caf70a31", "branch_taken": true},
{"event": "branch", "inst_addr": "0x55f3caf70a31", "branch_taken": true},
{"event": "branch", "inst_addr": "0x55f3caf70a31", "branch_taken": true},
{"event": "branch", "inst_addr": "0x55f3caf70a31", "branch_taken": true},
{"event": "branch", "inst_addr": "0x55f3caf70a31", "branch_taken": true},
{"event": "branch", "inst_addr": "0x55f3caf70a31", "branch_taken": true},
{"event": "branch", "inst_addr": "0x55f3caf70a31", "branch_taken": true},
{"event": "branch", "inst_addr": "0x55f3caf70a31", "branch_taken": true},
{"event": "branch", "inst_addr": "0x55f3caf70a31", "branch_taken": true},
{"event": "branch", "inst_addr": "0x55f3caf70a31", "branch_taken": true},
{"event": "branch", "inst_addr": "0x55f3caf70a31", "branch_taken": true},
{"event": "branch", "inst_addr": "0x55f3caf70a31", "branch_taken": true},
{"event": "branch", "inst_addr": "0x55f3caf70a31", "branch_taken": true},
{"event": "branch", "inst_addr": "0x55f3caf70a31", "branch_taken": true},
{"event": "branch", "inst_addr": "0x55f3caf70a31", "branch_taken": true},
{"event": "branch", "inst_addr": "0x55f3caf70a31", "branch_taken": true},
{"event": "branch", "inst_addr": "0x55f3caf70a31", "branch_taken": true},
{"event": "branch", "inst_addr": "0x55f3caf70a31", "branch_taken": true},
{"event": "branch", "inst_addr": "0x55f3caf70a31", "branch_taken": true},
{"event": "branch", "inst_addr": "0x55f3caf70a31", "branch_taken": true},
{"event": "branch", "inst_addr": "0x55f3caf70a31", "branch_taken": true},
{"event": "branch", "inst_addr": "0x55f3caf70a31", "branch_taken": true},
{"event": "branch", "inst_addr": "0x55f3caf70a31", "branch_taken": true},
{"event": "branch", "inst_addr": "0x55f3caf70a31", "branch_taken": true},
{"event": "branch", "inst_addr": "0x55f3caf70a31", "branch_taken": true},
{"event": "branch", "inst_addr": "0x55f3caf70a31", "branch_taken": true},
{"event": "branch", "inst_addr": "0x55f3caf70a31", "branch_taken": true},
{"event": "branch", "inst_addr": "0x55f3caf70a31", "branch_taken": true},
{"event": "branch", "inst_addr": "0x55f3caf70a31", "branch_taken": true},
{"event": "branch", "inst_addr": "0x55f3caf70a31", "branch_taken": true},
{"event": "branch", "inst_addr": "0x55f3caf70a31", "branch_taken": true},
{"event": "branch", "inst_addr": "0x55f3caf70a31", "branch_taken": true},
{"event": "branch", "inst_addr": "0x55f3caf70a31", "branch_taken": true},
{"event": "branch", "inst_addr": "0x55f3caf70a31", "branch_taken": true},
{"event": "branch", "inst_addr": "0x55f3caf70a31", "branch_taken": true},
{"event": "branch", "inst_addr": "0x55f3caf70a31", "branch_taken": true},
{"event": "branch", "inst_addr": "0x55f3caf70a31", "branch_taken": true},
{"event": "branch", "inst_addr": "0x55f3caf70a31", "branch_taken": true},
{"event": "branch", "inst_addr": "0x55f3caf70a31", "branch_taken": true},
{"event": "branch", "inst_addr": "0x55f3caf70a31", "branch_taken": false},
{"event": "branch", "inst_addr": "0x55f3caf70a5c", "branch_taken": true},
{"event": "branch", "inst_addr": "0x55f3caf70a82", "branch_taken": true},
{"event": "branch", "inst_addr": "0x55f3caf70a94", "branch_taken": true},
{"event": "branch", "inst_addr": "0x55f3caf70a94", "branch_taken": true},
{"event": "branch", "inst_addr": "0x55f3caf70a94", "branch_taken": false},
{"event": "branch", "inst_addr": "0x55f3caf709c4", "branch_taken": true},
{"event": "branch", "inst_addr": "0x55f3caf70d5d", "branch_taken": true},
{"event": "branch", "inst_addr": "0x55f3caf70ddc", "branch_taken": false},
{"event": "branch", "inst_addr": "0x55f3caf70964", "branch_taken": true},
{"event": "branch", "inst_addr": "0x55f3caf70680", "branch_taken": true},
{"event": "branch", "inst_addr": "0x55f3caf707b7", "branch_taken": false},
{"event": "branch", "inst_addr": "0x55f3caf707c5", "branch_taken": false},
{"event": "branch", "inst_addr": "0x55f3caf706e0", "branch_taken": true},
{"event": "branch", "inst_addr": "0x55f3caf70735", "branch_taken": true},
{"event": "exit", "exit_code": 0}
]
