[
{"event": "image_load", "image_name": "***/box9", "image_id": 1, "base_addr": "0x55cc67fbd000", "image_size": "0x18df"},
{"event": "image_load", "image_name": "/lib64/ld-linux-x86-64.so.2", "image_id": 2, "base_addr": "0x7f1fcda3b000", "image_size": "0x26c23"},
{"event": "image_load", "image_name": "[vdso]", "image_id": 3, "base_addr": "0x7ffe888cf000", "image_size": "0x95a"},
{"event": "image_load", "image_name": "/lib/x86_64-linux-gnu/libc.so.6", "image_id": 4, "base_addr": "0x7f1fb9253000", "image_size": "0x3f0adf"},
{"event": "branch", "inst_addr": "0x55cc67fbd6a6", "branch_taken": true},
{"event": "branch", "inst_addr": "0x55cc67fbe3f4", "branch_taken": false},
{"event": "branch", "inst_addr": "0x55cc67fbd855", "branch_taken": true},
{"event": "branch", "inst_addr": "0x55cc67fbd7e6", "branch_taken": true},
{"event": "branch", "inst_addr": "0x55cc67fbe414", "branch_taken": false},
{"event": "branch", "inst_addr": "0x55cc67fbd710", "branch_taken": true},
{"event": "branch", "inst_addr": "0x55cc67fbd6f0", "branch_taken": true},
{"event": "branch", "inst_addr": "0x55cc67fbe366", "branch_taken": true},
{"event": "branch", "inst_addr": "0x55cc67fbd720", "branch_taken": true},
{"event": "branch", "inst_addr": "0x55cc67fbd700", "branch_taken": true},
{"event": "branch", "inst_addr": "0x55cc67fbe0c0", "branch_taken": true},
{"event": "branch", "inst_addr": "0x55cc67fbe303", "branch_taken": true},
{"event": "branch", "inst_addr": "0x55cc67fbe0d3", "branch_taken": false},
{"event": "branch", "inst_addr": "0x55cc67fbe0dd", "branch_taken": true},
{"event": "branch", "inst_addr": "0x55cc67fbe125", "branch_taken": true},
{"event": "branch", "inst_addr": "0x55cc67fbe16d", "branch_taken": true},
{"event": "branch", "inst_addr": "0x55cc67fbe1b5", "branch_taken": true},
{"event": "branch", "inst_addr": "0x55cc67fbe1fd", "branch_taken": true},
{"event": "branch", "inst_addr": "0x55cc67fbe245", "branch_taken": true},
{"event": "branch", "inst_addr": "0x55cc67fbe28a", "branch_taken": false},
{"event": "branch", "inst_addr": "0x55cc67fbe290", "branch_taken": false},
{"event": "branch", "inst_addr": "0x55cc67fbe296", "branch_taken": false},
{"event": "branch", "inst_addr": "0x55cc67fbe2be", "branch_taken": true},
{"event": "branch", "inst_addr": "0x55cc67fbe2e8", "branch_taken": true},
{"event": "branch", "inst_addr": "0x55cc67fbe303", "branch_taken": true},
{"event": "branch", "inst_addr": "0x55cc67fbe0d3", "branch_taken": false},
{"event": "branch", "inst_addr": "0x55cc67fbe0dd", "branch_taken": true},
{"event": "branch", "inst_addr": "0x55cc67fbe125", "branch_taken": true},
{"event": "branch", "inst_addr": "0x55cc67fbe16d", "branch_taken": true},
{"event": "branch", "inst_addr": "0x55cc67fbe1b5", "branch_taken": true},
{"event": "branch", "inst_addr": "0x55cc67fbe1fd", "branch_taken": true},
{"event": "branch", "inst_addr": "0x55cc67fbe245", "branch_taken": true},
{"event": "branch", "inst_addr": "0x55cc67fbe28a", "branch_taken": false},
{"event": "branch", "inst_addr": "0x55cc67fbe290", "branch_taken": false},
{"event": "branch", "inst_addr": "0x55cc67fbe296", "branch_taken": false},
{"event": "branch", "inst_addr": "0x55cc67fbe2be", "branch_taken": true},
{"event": "branch", "inst_addr": "0x55cc67fbe2e8", "branch_taken": true},
{"event": "branch", "inst_addr": "0x55cc67fbe303", "branch_taken": true},
{"event": "branch", "inst_addr": "0x55cc67fbe0d3", "branch_taken": false},
{"event": "branch", "inst_addr": "0x55cc67fbe0dd", "branch_taken": true},
{"event": "branch", "inst_addr": "0x55cc67fbe125", "branch_taken": true},
{"event": "branch", "inst_addr": "0x55cc67fbe16d", "branch_taken": true},
{"event": "branch", "inst_addr": "0x55cc67fbe1b5", "branch_taken": true},
{"event": "branch", "inst_addr": "0x55cc67fbe1fd", "branch_taken": true},
{"event": "branch", "inst_addr": "0x55cc67fbe245", "branch_taken": true},
{"event": "branch", "inst_addr": "0x55cc67fbe28a", "branch_taken": false},
{"event": "branch", "inst_addr": "0x55cc67fbe290", "branch_taken": false},
{"event": "branch", "inst_addr": "0x55cc67fbe296", "branch_taken": false},
{"event": "branch", "inst_addr": "0x55cc67fbe2be", "branch_taken": true},
{"event": "branch", "inst_addr": "0x55cc67fbe2e8", "branch_taken": true},
{"event": "branch", "inst_addr": "0x55cc67fbe303", "branch_taken": true},
{"event": "branch", "inst_addr": "0x55cc67fbe0d3", "branch_taken": false},
{"event": "branch", "inst_addr": "0x55cc67fbe0dd", "branch_taken": true},
{"event": "branch", "inst_addr": "0x55cc67fbe125", "branch_taken": true},
{"event": "branch", "inst_addr": "0x55cc67fbe16d", "branch_taken": true},
{"event": "branch", "inst_addr": "0x55cc67fbe1b5", "branch_taken": true},
{"event": "branch", "inst_addr": "0x55cc67fbe1fd", "branch_taken": true},
{"event": "branch", "inst_addr": "0x55cc67fbe245", "branch_taken": true},
{"event": "branch", "inst_addr": "0x55cc67fbe28a", "branch_taken": false},
{"event": "branch", "inst_addr": "0x55cc67fbe290", "branch_taken": false},
{"event": "branch", "inst_addr": "0x55cc67fbe296", "branch_taken": false},
{"event": "branch", "inst_addr": "0x55cc67fbe2be", "branch_taken": false},
{"event": "branch", "inst_addr": "0x55cc67fbda24", "branch_taken": true},
{"event": "branch", "inst_addr": "0x55cc67fbe2df", "branch_taken": true},
{"event": "branch", "inst_addr": "0x55cc67fbe303", "branch_taken": true},
{"event": "branch", "inst_addr": "0x55cc67fbe0d3", "branch_taken": false},
{"event": "branch", "inst_addr": "0x55cc67fbe0dd", "branch_taken": true},
{"event": "branch", "inst_addr": "0x55cc67fbe125", "branch_taken": true},
{"event": "branch", "inst_addr": "0x55cc67fbe16d", "branch_taken": true},
{"event": "branch", "inst_addr": "0x55cc67fbe1b5", "branch_taken": true},
{"event": "branch", "inst_addr": "0x55cc67fbe1fd", "branch_taken": true},
{"event": "branch", "inst_addr": "0x55cc67fbe245", "branch_taken": true},
{"event": "branch", "inst_addr": "0x55cc67fbe28a", "branch_taken": false},
{"event": "branch", "inst_addr": "0x55cc67fbe290", "branch_taken": false},
{"event": "branch", "inst_addr": "0x55cc67fbe296", "branch_taken": false},
{"event": "branch", "inst_addr": "0x55cc67fbe2be", "branch_taken": true},
{"event": "branch", "inst_addr": "0x55cc67fbe2e8", "branch_taken": true},
{"event": "branch", "inst_addr": "0x55cc67fbe303", "branch_taken": true},
{"event": "branch", "inst_addr": "0x55cc67fbe0d3", "branch_taken": false},
{"event": "branch", "inst_addr": "0x55cc67fbe0dd", "branch_taken": true},
{"event": "branch", "inst_addr": "0x55cc67fbe125", "branch_taken": true},
{"event": "branch", "inst_addr": "0x55cc67fbe16d", "branch_taken": true},
{"event": "branch", "inst_addr": "0x55cc67fbe1b5", "branch_taken": true},
{"event": "branch", "inst_addr": "0x55cc67fbe1fd", "branch_taken": true},
{"event": "branch", "inst_addr": "0x55cc67fbe245", "branch_taken": true},
{"event": "branch", "inst_addr": "0x55cc67fbe28a", "branch_taken": false},
{"event": "branch", "inst_addr": "0x55cc67fbe290", "branch_taken": false},
{"event": "branch", "inst_addr": "0x55cc67fbe296", "branch_taken": false},
{"event": "branch", "inst_addr": "0x55cc67fbe2be", "branch_taken": true},
{"event": "branch", "inst_addr": "0x55cc67fbe2e8", "branch_taken": true},
{"event": "branch", "inst_addr": "0x55cc67fbe303", "branch_taken": true},
{"event": "branch", "inst_addr": "0x55cc67fbe0d3", "branch_taken": false},
{"event": "branch", "inst_addr": "0x55cc67fbe0dd", "branch_taken": true},
{"event": "branch", "inst_addr": "0x55cc67fbe125", "branch_taken": true},
{"event": "branch", "inst_addr": "0x55cc67fbe16d", "branch_taken": true},
{"event": "branch", "inst_addr": "0x55cc67fbe1b5", "branch_taken": true},
{"event": "branch", "inst_addr": "0x55cc67fbe1fd", "branch_taken": true},
{"event": "branch", "inst_addr": "0x55cc67fbe245", "branch_taken": true},
{"event": "branch", "inst_addr": "0x55cc67fbe28a", "branch_taken": false},
{"event": "branch", "inst_addr": "0x55cc67fbe290", "branch_taken": false},
{"event": "branch", "inst_addr": "0x55cc67fbe296", "branch_taken": false},
{"event": "branch", "inst_addr": "0x55cc67fbe2be", "branch_taken": true},
{"event": "branch", "inst_addr": "0x55cc67fbe2e8", "branch_taken": true},
{"event": "branch", "inst_addr": "0x55cc67fbe303", "branch_taken": true},
{"event": "branch", "inst_addr": "0x55cc67fbe0d3", "branch_taken": false},
{"event": "branch", "inst_addr": "0x55cc67fbe0dd", "branch_taken": true},
{"event": "branch", "inst_addr": "0x55cc67fbe125", "branch_taken": true},
{"event": "branch", "inst_addr": "0x55cc67fbe16d", "branch_taken": true},
{"event": "branch", "inst_addr": "0x55cc67fbe1b5", "branch_taken": true},
{"event": "branch", "inst_addr": "0x55cc67fbe1fd", "branch_taken": true},
{"event": "branch", "inst_addr": "0x55cc67fbe245", "branch_taken": true},
{"event": "branch", "inst_addr": "0x55cc67fbe28a", "branch_taken": false},
{"event": "branch", "inst_addr": "0x55cc67fbe290", "branch_taken": false},
{"event": "branch", "inst_addr": "0x55cc67fbe296", "branch_taken": false},
{"event": "branch", "inst_addr": "0x55cc67fbe2be", "branch_taken": false},
{"event": "branch", "inst_addr": "0x55cc67fbda24", "branch_taken": true},
{"event": "branch", "inst_addr": "0x55cc67fbe2df", "branch_taken": true},
{"event": "branch", "inst_addr": "0x55cc67fbe303", "branch_taken": true},
{"event": "branch", "inst_addr": "0x55cc67fbe0d3", "branch_taken": false},
{"event": "branch", "inst_addr": "0x55cc67fbe0dd", "branch_taken": false},
{"event": "branch", "inst_addr": "0x55cc67fbd9c4", "branch_taken": true},
{"event": "branch", "inst_addr": "0x55cc67fbd9c4", "branch_taken": true},
{"event": "branch", "inst_addr": "0x55cc67fbda81", "branch_taken": true},
{"event": "branch", "inst_addr": "0x55cc67fbda91", "branch_taken": true},
{"event": "branch", "inst_addr": "0x55cc67fbda91", "branch_taken": true},
{"event": "branch", "inst_addr": "0x55cc67fbda91", "branch_taken": true},
{"event": "branch", "inst_addr": "0x55cc67fbda91", "branch_taken": true},
{"event": "branch", "inst_addr": "0x55cc67fbda91", "branch_taken": true},
{"event": "branch", "inst_addr": "0x55cc67fbda91", "branch_taken": true},
{"event": "branch", "inst_addr": "0x55cc67fbda91", "branch_taken": true},
{"event": "branch", "inst_addr": "0x55cc67fbda91", "branch_taken": true},
{"event": "branch", "inst_addr": "0x55cc67fbda91", "branch_taken": true},
{"event": "branch", "inst_addr": "0x55cc67fbda91", "branch_taken": true},
{"event": "branch", "inst_addr": "0x55cc67fbda91", "branch_taken": true},
{"event": "branch", "inst_addr": "0x55cc67fbda91", "branch_taken": true},
{"event": "branch", "inst_addr": "0x55cc67fbda91", "branch_taken": true},
{"event": "branch", "inst_addr": "0x55cc67fbda91", "branch_taken": true},
{"event": "branch", "inst_addr": "0x55cc67fbda91", "branch_taken": true},
{"event": "branch", "inst_addr": "0x55cc67fbda91", "branch_taken": true},
{"event": "branch", "inst_addr": "0x55cc67fbda91", "branch_taken": true},
{"event": "branch", "inst_addr": "0x55cc67fbda91", "branch_taken": true},
{"event": "branch", "inst_addr": "0x55cc67fbda91", "branch_taken": true},
{"event": "branch", "inst_addr": "0x55cc67fbda91", "branch_taken": true},
{"event": "branch", "inst_addr": "0x55cc67fbda91", "branch_taken": true},
{"event": "branch", "inst_addr": "0x55cc67fbda91", "branch_taken": true},
{"event": "branch", "inst_addr": "0x55cc67fbda91", "branch_taken": true},
{"event": "branch", "inst_addr": "0x55cc67fbda91", "branch_taken": true},
{"event": "branch", "inst_addr": "0x55cc67fbda91", "branch_taken": true},
{"event": "branch", "inst_addr": "0x55cc67fbda91", "branch_taken": true},
{"event": "branch", "inst_addr": "0x55cc67fbda91", "branch_taken": true},
{"event": "branch", "inst_addr": "0x55cc67fbda91", "branch_taken": true},
{"event": "branch", "inst_addr": "0x55cc67fbda91", "branch_taken": true},
{"event": "branch", "inst_addr": "0x55cc67fbda91", "branch_taken": true},
{"event": "branch", "inst_addr": "0x55cc67fbda91", "branch_taken": true},
{"event": "branch", "inst_addr": "0x55cc67fbda91", "branch_taken": true},
{"event": "branch", "inst_addr": "0x55cc67fbda91", "branch_taken": true},
{"event": "branch", "inst_addr": "0x55cc67fbda91", "branch_taken": true},
{"event": "branch", "inst_addr": "0x55cc67fbda91", "branch_taken": true},
{"event": "branch", "inst_addr": "0x55cc67fbda91", "branch_taken": true},
{"event": "branch", "inst_addr": "0x55cc67fbda91", "branch_taken": true},
{"event": "branch", "inst_addr": "0x55cc67fbda91", "branch_taken": true},
{"event": "branch", "inst_addr": "0x55cc67fbda91", "branch_taken": true},
{"event": "branch", "inst_addr": "0x55cc67fbda91", "branch_taken": false},
{"event": "branch", "inst_addr": "0x55cc67fbda24", "branch_taken": true},
{"event": "branch", "inst_addr": "0x55cc67fbe11c", "branch_taken": true},
{"event": "branch", "inst_addr": "0x55cc67fbe303", "branch_taken": true},
{"event": "branch", "inst_addr": "0x55cc67fbe0d3", "branch_taken": false},
{"event": "branch", "inst_addr": "0x55cc67fbe0dd", "branch_taken": true},
{"event": "branch", "inst_addr": "0x55cc67fbe125", "branch_taken": true},
{"event": "branch", "inst_addr": "0x55cc67fbe16d", "branch_taken": true},
{"event": "branch", "inst_addr": "0x55cc67fbe1b5", "branch_taken": true},
{"event": "branch", "inst_addr": "0x55cc67fbe1fd", "branch_taken": true},
{"event": "branch", "inst_addr": "0x55cc67fbe245", "branch_taken": true},
{"event": "branch", "inst_addr": "0x55cc67fbe28a", "branch_taken": false},
{"event": "branch", "inst_addr": "0x55cc67fbe290", "branch_taken": false},
{"event": "branch", "inst_addr": "0x55cc67fbe296", "branch_taken": false},
{"event": "branch", "inst_addr": "0x55cc67fbe2be", "branch_taken": true},
{"event": "branch", "inst_addr": "0x55cc67fbe2e8", "branch_taken": true},
{"event": "branch", "inst_addr": "0x55cc67fbe303", "branch_taken": true},
{"event": "branch", "inst_addr": "0x55cc67fbe0d3", "branch_taken": false},
{"event": "branch", "inst_addr": "0x55cc67fbe0dd", "branch_taken": true},
{"event": "branch", "inst_addr": "0x55cc67fbe125", "branch_taken": true},
{"event": "branch", "inst_addr": "0x55cc67fbe16d", "branch_taken": true},
{"event": "branch", "inst_addr": "0x55cc67fbe1b5", "branch_taken": true},
{"event": "branch", "inst_addr": "0x55cc67fbe1fd", "branch_taken": true},
{"event": "branch", "inst_addr": "0x55cc67fbe245", "branch_taken": true},
{"event": "branch", "inst_addr": "0x55cc67fbe28a", "branch_taken": false},
{"event": "branch", "inst_addr": "0x55cc67fbe290", "branch_taken": false},
{"event": "branch", "inst_addr": "0x55cc67fbe296", "branch_taken": false},
{"event": "branch", "inst_addr": "0x55cc67fbe2be", "branch_taken": true},
{"event": "branch", "inst_addr": "0x55cc67fbe2e8", "branch_taken": true},
{"event": "branch", "inst_addr": "0x55cc67fbe303", "branch_taken": true},
{"event": "branch", "inst_addr": "0x55cc67fbe0d3", "branch_taken": false},
{"event": "branch", "inst_addr": "0x55cc67fbe0dd", "branch_taken": true},
{"event": "branch", "inst_addr": "0x55cc67fbe125", "branch_taken": true},
{"event": "branch", "inst_addr": "0x55cc67fbe16d", "branch_taken": true},
{"event": "branch", "inst_addr": "0x55cc67fbe1b5", "branch_taken": true},
{"event": "branch", "inst_addr": "0x55cc67fbe1fd", "branch_taken": true},
{"event": "branch", "inst_addr": "0x55cc67fbe245", "branch_taken": true},
{"event": "branch", "inst_addr": "0x55cc67fbe28a", "branch_taken": false},
{"event": "branch", "inst_addr": "0x55cc67fbe290", "branch_taken": false},
{"event": "branch", "inst_addr": "0x55cc67fbe296", "branch_taken": false},
{"event": "branch", "inst_addr": "0x55cc67fbe2be", "branch_taken": true},
{"event": "branch", "inst_addr": "0x55cc67fbe2e8", "branch_taken": true},
{"event": "branch", "inst_addr": "0x55cc67fbe303", "branch_taken": true},
{"event": "branch", "inst_addr": "0x55cc67fbe0d3", "branch_taken": false},
{"event": "branch", "inst_addr": "0x55cc67fbe0dd", "branch_taken": true},
{"event": "branch", "inst_addr": "0x55cc67fbe125", "branch_taken": true},
{"event": "branch", "inst_addr": "0x55cc67fbe16d", "branch_taken": true},
{"event": "branch", "inst_addr": "0x55cc67fbe1b5", "branch_taken": true},
{"event": "branch", "inst_addr": "0x55cc67fbe1fd", "branch_taken": true},
{"event": "branch", "inst_addr": "0x55cc67fbe245", "branch_taken": true},
{"event": "branch", "inst_addr": "0x55cc67fbe28a", "branch_taken": false},
{"event": "branch", "inst_addr": "0x55cc67fbe290", "branch_taken": false},
{"event": "branch", "inst_addr": "0x55cc67fbe296", "branch_taken": false},
{"event": "branch", "inst_addr": "0x55cc67fbe2be", "branch_taken": false},
{"event": "branch", "inst_addr": "0x55cc67fbda24", "branch_taken": true},
{"event": "branch", "inst_addr": "0x55cc67fbe2df", "branch_taken": true},
{"event": "branch", "inst_addr": "0x55cc67fbe303", "branch_taken": true},
{"event": "branch", "inst_addr": "0x55cc67fbe0d3", "branch_taken": false},
{"event": "branch", "inst_addr": "0x55cc67fbe0dd", "branch_taken": false},
{"event": "branch", "inst_addr": "0x55cc67fbd9c4", "branch_taken": true},
{"event": "branch", "inst_addr": "0x55cc67fbd9c4", "branch_taken": true},
{"event": "branch", "inst_addr": "0x55cc67fbda81", "branch_taken": true},
{"event": "branch", "inst_addr": "0x55cc67fbda91", "branch_taken": true},
{"event": "branch", "inst_addr": "0x55cc67fbda91", "branch_taken": true},
{"event": "branch", "inst_addr": "0x55cc67fbda91", "branch_taken": true},
{"event": "branch", "inst_addr": "0x55cc67fbda91", "branch_taken": true},
{"event": "branch", "inst_addr": "0x55cc67fbda91", "branch_taken": true},
{"event": "branch", "inst_addr": "0x55cc67fbda91", "branch_taken": true},
{"event": "branch", "inst_addr": "0x55cc67fbda91", "branch_taken": true},
{"event": "branch", "inst_addr": "0x55cc67fbda91", "branch_taken": true},
{"event": "branch", "inst_addr": "0x55cc67fbda91", "branch_taken": true},
{"event": "branch", "inst_addr": "0x55cc67fbda91", "branch_taken": false},
{"event": "branch", "inst_addr": "0x55cc67fbda24", "branch_taken": true},
{"event": "branch", "inst_addr": "0x55cc67fbe11c", "branch_taken": true},
{"event": "branch", "inst_addr": "0x55cc67fbe303", "branch_taken": true},
{"event": "branch", "inst_addr": "0x55cc67fbe0d3", "branch_taken": false},
{"event": "branch", "inst_addr": "0x55cc67fbe0dd", "branch_taken": true},
{"event": "branch", "inst_addr": "0x55cc67fbe125", "branch_taken": true},
{"event": "branch", "inst_addr": "0x55cc67fbe16d", "branch_taken": true},
{"event": "branch", "inst_addr": "0x55cc67fbe1b5", "branch_taken": true},
{"event": "branch", "inst_addr": "0x55cc67fbe1fd", "branch_taken": true},
{"event": "branch", "inst_addr": "0x55cc67fbe245", "branch_taken": true},
{"event": "branch", "inst_addr": "0x55cc67fbe28a", "branch_taken": false},
{"event": "branch", "inst_addr": "0x55cc67fbe290", "branch_taken": false},
{"event": "branch", "inst_addr": "0x55cc67fbe296", "branch_taken": false},
{"event": "branch", "inst_addr": "0x55cc67fbe2be", "branch_taken": true},
{"event": "branch", "inst_addr": "0x55cc67fbe2e8", "branch_taken": true},
{"event": "branch", "inst_addr": "0x55cc67fbe303", "branch_taken": true},
{"event": "branch", "inst_addr": "0x55cc67fbe0d3", "branch_taken": false},
{"event": "branch", "inst_addr": "0x55cc67fbe0dd", "branch_taken": true},
{"event": "branch", "inst_addr": "0x55cc67fbe125", "branch_taken": true},
{"event": "branch", "inst_addr": "0x55cc67fbe16d", "branch_taken": true},
{"event": "branch", "inst_addr": "0x55cc67fbe1b5", "branch_taken": true},
{"event": "branch", "inst_addr": "0x55cc67fbe1fd", "branch_taken": true},
{"event": "branch", "inst_addr": "0x55cc67fbe245", "branch_taken": true},
{"event": "branch", "inst_addr": "0x55cc67fbe28a", "branch_taken": false},
{"event": "branch", "inst_addr": "0x55cc67fbe290", "branch_taken": false},
{"event": "branch", "inst_addr": "0x55cc67fbe296", "branch_taken": false},
{"event": "branch", "inst_addr": "0x55cc67fbe2be", "branch_taken": true},
{"event": "branch", "inst_addr": "0x55cc67fbe2e8", "branch_taken": true},
{"event": "branch", "inst_addr": "0x55cc67fbe303", "branch_taken": true},
{"event": "branch", "inst_addr": "0x55cc67fbe0d3", "branch_taken": false},
{"event": "branch", "inst_addr": "0x55cc67fbe0dd", "branch_taken": true},
{"event": "branch", "inst_addr": "0x55cc67fbe125", "branch_taken": true},
{"event": "branch", "inst_addr": "0x55cc67fbe16d", "branch_taken": true},
{"event": "branch", "inst_addr": "0x55cc67fbe1b5", "branch_taken": true},
{"event": "branch", "inst_addr": "0x55cc67fbe1fd", "branch_taken": true},
{"event": "branch", "inst_addr": "0x55cc67fbe245", "branch_taken": true},
{"event": "branch", "inst_addr": "0x55cc67fbe28a", "branch_taken": false},
{"event": "branch", "inst_addr": "0x55cc67fbe290", "branch_taken": false},
{"event": "branch", "inst_addr": "0x55cc67fbe296", "branch_taken": false},
{"event": "branch", "inst_addr": "0x55cc67fbe2be", "branch_taken": true},
{"event": "branch", "inst_addr": "0x55cc67fbe2e8", "branch_taken": true},
{"event": "branch", "inst_addr": "0x55cc67fbe303", "branch_taken": true},
{"event": "branch", "inst_addr": "0x55cc67fbe0d3", "branch_taken": false},
{"event": "branch", "inst_addr": "0x55cc67fbe0dd", "branch_taken": true},
{"event": "branch", "inst_addr": "0x55cc67fbe125", "branch_taken": true},
{"event": "branch", "inst_addr": "0x55cc67fbe16d", "branch_taken": true},
{"event": "branch", "inst_addr": "0x55cc67fbe1b5", "branch_taken": true},
{"event": "branch", "inst_addr": "0x55cc67fbe1fd", "branch_taken": true},
{"event": "branch", "inst_addr": "0x55cc67fbe245", "branch_taken": true},
{"event": "branch", "inst_addr": "0x55cc67fbe28a", "branch_taken": false},
{"event": "branch", "inst_addr": "0x55cc67fbe290", "branch_taken": false},
{"event": "branch", "inst_addr": "0x55cc67fbe296", "branch_taken": false},
{"event": "branch", "inst_addr": "0x55cc67fbe2be", "branch_taken": false},
{"event": "branch", "inst_addr": "0x55cc67fbda24", "branch_taken": true},
{"event": "branch", "inst_addr": "0x55cc67fbe2df", "branch_taken": true},
{"event": "branch", "inst_addr": "0x55cc67fbe303", "branch_taken": true},
{"event": "branch", "inst_addr": "0x55cc67fbe0d3", "branch_taken": false},
{"event": "branch", "inst_addr": "0x55cc67fbe0dd", "branch_taken": true},
{"event": "branch", "inst_addr": "0x55cc67fbe125", "branch_taken": true},
{"event": "branch", "inst_addr": "0x55cc67fbe16d", "branch_taken": true},
{"event": "branch", "inst_addr": "0x55cc67fbe1b5", "branch_taken": true},
{"event": "branch", "inst_addr": "0x55cc67fbe1fd", "branch_taken": true},
{"event": "branch", "inst_addr": "0x55cc67fbe245", "branch_taken": false},
{"event": "branch", "inst_addr": "0x55cc67fbd9c4", "branch_taken": true},
{"event": "branch", "inst_addr": "0x55cc67fbd9c4", "branch_taken": true},
{"event": "branch", "inst_addr": "0x55cc67fbdaa2", "branch_taken": true},
{"event": "branch", "inst_addr": "0x55cc67fbdab0", "branch_taken": false},
{"event": "branch", "inst_addr": "0x55cc67fbe01d", "branch_taken": true},
{"event": "branch", "inst_addr": "0x55cc67fbda24", "branch_taken": true},
{"event": "branch", "inst_addr": "0x55cc67fbe284", "branch_taken": true},
{"event": "branch", "inst_addr": "0x55cc67fbe303", "branch_taken": true},
{"event": "branch", "inst_addr": "0x55cc67fbe0d3", "branch_taken": false},
{"event": "branch", "inst_addr": "0x55cc67fbe0dd", "branch_taken": true},
{"event": "branch", "inst_addr": "0x55cc67fbe125", "branch_taken": true},
{"event": "branch", "inst_addr": "0x55cc67fbe16d", "branch_taken": true},
{"event": "branch", "inst_addr": "0x55cc67fbe1b5", "branch_taken": true},
{"event": "branch", "inst_addr": "0x55cc67fbe1fd", "branch_taken": true},
{"event": "branch", "inst_addr": "0x55cc67fbe245", "branch_taken": true},
{"event": "branch", "inst_addr": "0x55cc67fbe28a", "branch_taken": false},
{"event": "branch", "inst_addr": "0x55cc67fbe290", "branch_taken": false},
{"event": "branch", "inst_addr": "0x55cc67fbe296", "branch_taken": false},
{"event": "branch", "inst_addr": "0x55cc67fbe2be", "branch_taken": true},
{"event": "branch", "inst_addr": "0x55cc67fbe2e8", "branch_taken": true},
{"event": "branch", "inst_addr": "0x55cc67fbe303", "branch_taken": true},
{"event": "branch", "inst_addr": "0x55cc67fbe0d3", "branch_taken": false},
{"event": "branch", "inst_addr": "0x55cc67fbe0dd", "branch_taken": true},
{"event": "branch", "inst_addr": "0x55cc67fbe125", "branch_taken": true},
{"event": "branch", "inst_addr": "0x55cc67fbe16d", "branch_taken": true},
{"event": "branch", "inst_addr": "0x55cc67fbe1b5", "branch_taken": true},
{"event": "branch", "inst_addr": "0x55cc67fbe1fd", "branch_taken": true},
{"event": "branch", "inst_addr": "0x55cc67fbe245", "branch_taken": true},
{"event": "branch", "inst_addr": "0x55cc67fbe28a", "branch_taken": false},
{"event": "branch", "inst_addr": "0x55cc67fbe290", "branch_taken": false},
{"event": "branch", "inst_addr": "0x55cc67fbe296", "branch_taken": false},
{"event": "branch", "inst_addr": "0x55cc67fbe2be", "branch_taken": true},
{"event": "branch", "inst_addr": "0x55cc67fbe2e8", "branch_taken": true},
{"event": "branch", "inst_addr": "0x55cc67fbe303", "branch_taken": true},
{"event": "branch", "inst_addr": "0x55cc67fbe0d3", "branch_taken": false},
{"event": "branch", "inst_addr": "0x55cc67fbe0dd", "branch_taken": true},
{"event": "branch", "inst_addr": "0x55cc67fbe125", "branch_taken": true},
{"event": "branch", "inst_addr": "0x55cc67fbe16d", "branch_taken": true},
{"event": "branch", "inst_addr": "0x55cc67fbe1b5", "branch_taken": true},
{"event": "branch", "inst_addr": "0x55cc67fbe1fd", "branch_taken": true},
{"event": "branch", "inst_addr": "0x55cc67fbe245", "branch_taken": true},
{"event": "branch", "inst_addr": "0x55cc67fbe28a", "branch_taken": false},
{"event": "branch", "inst_addr": "0x55cc67fbe290", "branch_taken": false},
{"event": "branch", "inst_addr": "0x55cc67fbe296", "branch_taken": false},
{"event": "branch", "inst_addr": "0x55cc67fbe2be", "branch_taken": true},
{"event": "branch", "inst_addr": "0x55cc67fbe2e8", "branch_taken": true},
{"event": "branch", "inst_addr": "0x55cc67fbe303", "branch_taken": true},
{"event": "branch", "inst_addr": "0x55cc67fbe0d3", "branch_taken": false},
{"event": "branch", "inst_addr": "0x55cc67fbe0dd", "branch_taken": true},
{"event": "branch", "inst_addr": "0x55cc67fbe125", "branch_taken": true},
{"event": "branch", "inst_addr": "0x55cc67fbe16d", "branch_taken": true},
{"event": "branch", "inst_addr": "0x55cc67fbe1b5", "branch_taken": true},
{"event": "branch", "inst_addr": "0x55cc67fbe1fd", "branch_taken": true},
{"event": "branch", "inst_addr": "0x55cc67fbe245", "branch_taken": true},
{"event": "branch", "inst_addr": "0x55cc67fbe28a", "branch_taken": false},
{"event": "branch", "inst_addr": "0x55cc67fbe290", "branch_taken": false},
{"event": "branch", "inst_addr": "0x55cc67fbe296", "branch_taken": false},
{"event": "branch", "inst_addr": "0x55cc67fbe2be", "branch_taken": false},
{"event": "branch", "inst_addr": "0x55cc67fbda24", "branch_taken": true},
{"event": "branch", "inst_addr": "0x55cc67fbe2df", "branch_taken": true},
{"event": "branch", "inst_addr": "0x55cc67fbe303", "branch_taken": true},
{"event": "branch", "inst_addr": "0x55cc67fbe0d3", "branch_taken": false},
{"event": "branch", "inst_addr": "0x55cc67fbe0dd", "branch_taken": false},
{"event": "branch", "inst_addr": "0x55cc67fbd9c4", "branch_taken": true},
{"event": "branch", "inst_addr": "0x55cc67fbd9c4", "branch_taken": true},
{"event": "branch", "inst_addr": "0x55cc67fbda81", "branch_taken": true},
{"event": "branch", "inst_addr": "0x55cc67fbda91", "branch_taken": true},
{"event": "branch", "inst_addr": "0x55cc67fbda91", "branch_taken": true},
{"event": "branch", "inst_addr": "0x55cc67fbda91", "branch_taken": true},
{"event": "branch", "inst_addr": "0x55cc67fbda91", "branch_taken": true},
{"event": "branch", "inst_addr": "0x55cc67fbda91", "branch_taken": true},
{"event": "branch", "inst_addr": "0x55cc67fbda91", "branch_taken": false},
{"event": "branch", "inst_addr": "0x55cc67fbda24", "branch_taken": true},
{"event": "branch", "inst_addr": "0x55cc67fbe11c", "branch_taken": true},
{"event": "branch", "inst_addr": "0x55cc67fbe303", "branch_taken": false},
{"event": "branch", "inst_addr": "0x55cc67fbd9c4", "branch_taken": true},
{"event": "branch", "inst_addr": "0x55cc67fbd6e0", "branch_taken": true},
{"event": "branch", "inst_addr": "0x55cc67fbd817", "branch_taken": false},
{"event": "branch", "inst_addr": "0x55cc67fbd825", "branch_taken": false},
{"event": "branch", "inst_addr": "0x55cc67fbd740", "branch_taken": true},
{"event": "branch", "inst_addr": "0x55cc67fbd795", "branch_taken": true},
{"event": "exit", "exit_code": 0}
]
