[
{"event": "image_load", "image_name": "***/box11", "image_id": 1, "base_addr": "0x55a249e14000", "image_size": "0x18f7"},
{"event": "image_load", "image_name": "/lib64/ld-linux-x86-64.so.2", "image_id": 2, "base_addr": "0x7ff601650000", "image_size": "0x26c23"},
{"event": "image_load", "image_name": "[vdso]", "image_id": 3, "base_addr": "0x7ffd92bde000", "image_size": "0x95a"},
{"event": "image_load", "image_name": "/lib/x86_64-linux-gnu/libc.so.6", "image_id": 4, "base_addr": "0x7ff5ece68000", "image_size": "0x3f0adf"},
{"event": "branch", "inst_addr": "0x55a249e146a6", "branch_taken": true},
{"event": "branch", "inst_addr": "0x55a249e153a4", "branch_taken": false},
{"event": "branch", "inst_addr": "0x55a249e14855", "branch_taken": true},
{"event": "branch", "inst_addr": "0x55a249e147e6", "branch_taken": true},
{"event": "branch", "inst_addr": "0x55a249e153c4", "branch_taken": false},
{"event": "branch", "inst_addr": "0x55a249e14710", "branch_taken": true},
{"event": "branch", "inst_addr": "0x55a249e146f0", "branch_taken": true},
{"event": "branch", "inst_addr": "0x55a249e15311", "branch_taken": true},
{"event": "branch", "inst_addr": "0x55a249e14720", "branch_taken": true},
{"event": "branch", "inst_addr": "0x55a249e14700", "branch_taken": true},
{"event": "branch", "inst_addr": "0x55a249e1506b", "branch_taken": true},
{"event": "branch", "inst_addr": "0x55a249e152ae", "branch_taken": true},
{"event": "branch", "inst_addr": "0x55a249e1507e", "branch_taken": false},
{"event": "branch", "inst_addr": "0x55a249e15088", "branch_taken": true},
{"event": "branch", "inst_addr": "0x55a249e150d0", "branch_taken": true},
{"event": "branch", "inst_addr": "0x55a249e15118", "branch_taken": true},
{"event": "branch", "inst_addr": "0x55a249e15160", "branch_taken": true},
{"event": "branch", "inst_addr": "0x55a249e151a8", "branch_taken": true},
{"event": "branch", "inst_addr": "0x55a249e151f0", "branch_taken": true},
{"event": "branch", "inst_addr": "0x55a249e15235", "branch_taken": false},
{"event": "branch", "inst_addr": "0x55a249e1523b", "branch_taken": false},
{"event": "branch", "inst_addr": "0x55a249e15241", "branch_taken": false},
{"event": "branch", "inst_addr": "0x55a249e15269", "branch_taken": true},
{"event": "branch", "inst_addr": "0x55a249e15293", "branch_taken": true},
{"event": "branch", "inst_addr": "0x55a249e152ae", "branch_taken": true},
{"event": "branch", "inst_addr": "0x55a249e1507e", "branch_taken": false},
{"event": "branch", "inst_addr": "0x55a249e15088", "branch_taken": true},
{"event": "branch", "inst_addr": "0x55a249e150d0", "branch_taken": true},
{"event": "branch", "inst_addr": "0x55a249e15118", "branch_taken": true},
{"event": "branch", "inst_addr": "0x55a249e15160", "branch_taken": true},
{"event": "branch", "inst_addr": "0x55a249e151a8", "branch_taken": true},
{"event": "branch", "inst_addr": "0x55a249e151f0", "branch_taken": true},
{"event": "branch", "inst_addr": "0x55a249e15235", "branch_taken": false},
{"event": "branch", "inst_addr": "0x55a249e1523b", "branch_taken": false},
{"event": "branch", "inst_addr": "0x55a249e15241", "branch_taken": false},
{"event": "branch", "inst_addr": "0x55a249e15269", "branch_taken": true},
{"event": "branch", "inst_addr": "0x55a249e15293", "branch_taken": true},
{"event": "branch", "inst_addr": "0x55a249e152ae", "branch_taken": true},
{"event": "branch", "inst_addr": "0x55a249e1507e", "branch_taken": false},
{"event": "branch", "inst_addr": "0x55a249e15088", "branch_taken": true},
{"event": "branch", "inst_addr": "0x55a249e150d0", "branch_taken": true},
{"event": "branch", "inst_addr": "0x55a249e15118", "branch_taken": true},
{"event": "branch", "inst_addr": "0x55a249e15160", "branch_taken": true},
{"event": "branch", "inst_addr": "0x55a249e151a8", "branch_taken": true},
{"event": "branch", "inst_addr": "0x55a249e151f0", "branch_taken": true},
{"event": "branch", "inst_addr": "0x55a249e15235", "branch_taken": false},
{"event": "branch", "inst_addr": "0x55a249e1523b", "branch_taken": false},
{"event": "branch", "inst_addr": "0x55a249e15241", "branch_taken": false},
{"event": "branch", "inst_addr": "0x55a249e15269", "branch_taken": true},
{"event": "branch", "inst_addr": "0x55a249e15293", "branch_taken": true},
{"event": "branch", "inst_addr": "0x55a249e152ae", "branch_taken": true},
{"event": "branch", "inst_addr": "0x55a249e1507e", "branch_taken": false},
{"event": "branch", "inst_addr": "0x55a249e15088", "branch_taken": true},
{"event": "branch", "inst_addr": "0x55a249e150d0", "branch_taken": true},
{"event": "branch", "inst_addr": "0x55a249e15118", "branch_taken": true},
{"event": "branch", "inst_addr": "0x55a249e15160", "branch_taken": true},
{"event": "branch", "inst_addr": "0x55a249e151a8", "branch_taken": true},
{"event": "branch", "inst_addr": "0x55a249e151f0", "branch_taken": true},
{"event": "branch", "inst_addr": "0x55a249e15235", "branch_taken": false},
{"event": "branch", "inst_addr": "0x55a249e1523b", "branch_taken": false},
{"event": "branch", "inst_addr": "0x55a249e15241", "branch_taken": false},
{"event": "branch", "inst_addr": "0x55a249e15269", "branch_taken": false},
{"event": "branch", "inst_addr": "0x55a249e14a24", "branch_taken": true},
{"event": "branch", "inst_addr": "0x55a249e1528a", "branch_taken": true},
{"event": "branch", "inst_addr": "0x55a249e152ae", "branch_taken": true},
{"event": "branch", "inst_addr": "0x55a249e1507e", "branch_taken": false},
{"event": "branch", "inst_addr": "0x55a249e15088", "branch_taken": true},
{"event": "branch", "inst_addr": "0x55a249e150d0", "branch_taken": true},
{"event": "branch", "inst_addr": "0x55a249e15118", "branch_taken": true},
{"event": "branch", "inst_addr": "0x55a249e15160", "branch_taken": true},
{"event": "branch", "inst_addr": "0x55a249e151a8", "branch_taken": true},
{"event": "branch", "inst_addr": "0x55a249e151f0", "branch_taken": true},
{"event": "branch", "inst_addr": "0x55a249e15235", "branch_taken": false},
{"event": "branch", "inst_addr": "0x55a249e1523b", "branch_taken": false},
{"event": "branch", "inst_addr": "0x55a249e15241", "branch_taken": false},
{"event": "branch", "inst_addr": "0x55a249e15269", "branch_taken": true},
{"event": "branch", "inst_addr": "0x55a249e15293", "branch_taken": true},
{"event": "branch", "inst_addr": "0x55a249e152ae", "branch_taken": true},
{"event": "branch", "inst_addr": "0x55a249e1507e", "branch_taken": false},
{"event": "branch", "inst_addr": "0x55a249e15088", "branch_taken": true},
{"event": "branch", "inst_addr": "0x55a249e150d0", "branch_taken": true},
{"event": "branch", "inst_addr": "0x55a249e15118", "branch_taken": true},
{"event": "branch", "inst_addr": "0x55a249e15160", "branch_taken": true},
{"event": "branch", "inst_addr": "0x55a249e151a8", "branch_taken": true},
{"event": "branch", "inst_addr": "0x55a249e151f0", "branch_taken": true},
{"event": "branch", "inst_addr": "0x55a249e15235", "branch_taken": false},
{"event": "branch", "inst_addr": "0x55a249e1523b", "branch_taken": false},
{"event": "branch", "inst_addr": "0x55a249e15241", "branch_taken": false},
{"event": "branch", "inst_addr": "0x55a249e15269", "branch_taken": true},
{"event": "branch", "inst_addr": "0x55a249e15293", "branch_taken": true},
{"event": "branch", "inst_addr": "0x55a249e152ae", "branch_taken": true},
{"event": "branch", "inst_addr": "0x55a249e1507e", "branch_taken": false},
{"event": "branch", "inst_addr": "0x55a249e15088", "branch_taken": true},
{"event": "branch", "inst_addr": "0x55a249e150d0", "branch_taken": true},
{"event": "branch", "inst_addr": "0x55a249e15118", "branch_taken": true},
{"event": "branch", "inst_addr": "0x55a249e15160", "branch_taken": true},
{"event": "branch", "inst_addr": "0x55a249e151a8", "branch_taken": true},
{"event": "branch", "inst_addr": "0x55a249e151f0", "branch_taken": true},
{"event": "branch", "inst_addr": "0x55a249e15235", "branch_taken": false},
{"event": "branch", "inst_addr": "0x55a249e1523b", "branch_taken": false},
{"event": "branch", "inst_addr": "0x55a249e15241", "branch_taken": false},
{"event": "branch", "inst_addr": "0x55a249e15269", "branch_taken": true},
{"event": "branch", "inst_addr": "0x55a249e15293", "branch_taken": true},
{"event": "branch", "inst_addr": "0x55a249e152ae", "branch_taken": true},
{"event": "branch", "inst_addr": "0x55a249e1507e", "branch_taken": false},
{"event": "branch", "inst_addr": "0x55a249e15088", "branch_taken": true},
{"event": "branch", "inst_addr": "0x55a249e150d0", "branch_taken": true},
{"event": "branch", "inst_addr": "0x55a249e15118", "branch_taken": true},
{"event": "branch", "inst_addr": "0x55a249e15160", "branch_taken": true},
{"event": "branch", "inst_addr": "0x55a249e151a8", "branch_taken": true},
{"event": "branch", "inst_addr": "0x55a249e151f0", "branch_taken": true},
{"event": "branch", "inst_addr": "0x55a249e15235", "branch_taken": false},
{"event": "branch", "inst_addr": "0x55a249e1523b", "branch_taken": false},
{"event": "branch", "inst_addr": "0x55a249e15241", "branch_taken": false},
{"event": "branch", "inst_addr": "0x55a249e15269", "branch_taken": false},
{"event": "branch", "inst_addr": "0x55a249e14a24", "branch_taken": true},
{"event": "branch", "inst_addr": "0x55a249e1528a", "branch_taken": true},
{"event": "branch", "inst_addr": "0x55a249e152ae", "branch_taken": true},
{"event": "branch", "inst_addr": "0x55a249e1507e", "branch_taken": false},
{"event": "branch", "inst_addr": "0x55a249e15088", "branch_taken": true},
{"event": "branch", "inst_addr": "0x55a249e150d0", "branch_taken": true},
{"event": "branch", "inst_addr": "0x55a249e15118", "branch_taken": true},
{"event": "branch", "inst_addr": "0x55a249e15160", "branch_taken": true},
{"event": "branch", "inst_addr": "0x55a249e151a8", "branch_taken": false},
{"event": "branch", "inst_addr": "0x55a249e149c4", "branch_taken": true},
{"event": "branch", "inst_addr": "0x55a249e149c4", "branch_taken": true},
{"event": "branch", "inst_addr": "0x55a249e14cce", "branch_taken": true},
{"event": "branch", "inst_addr": "0x55a249e14dc8", "branch_taken": true},
{"event": "branch", "inst_addr": "0x55a249e14cd7", "branch_taken": false},
{"event": "branch", "inst_addr": "0x55a249e14d0a", "branch_taken": true},
{"event": "branch", "inst_addr": "0x55a249e14dbe", "branch_taken": true},
{"event": "branch", "inst_addr": "0x55a249e14d42", "branch_taken": true},
{"event": "branch", "inst_addr": "0x55a249e14dbe", "branch_taken": true},
{"event": "branch", "inst_addr": "0x55a249e14d42", "branch_taken": true},
{"event": "branch", "inst_addr": "0x55a249e14dbe", "branch_taken": true},
{"event": "branch", "inst_addr": "0x55a249e14d42", "branch_taken": false},
{"event": "branch", "inst_addr": "0x55a249e14dbe", "branch_taken": false},
{"event": "branch", "inst_addr": "0x55a249e14dc8", "branch_taken": true},
{"event": "branch", "inst_addr": "0x55a249e14cd7", "branch_taken": false},
{"event": "branch", "inst_addr": "0x55a249e14d0a", "branch_taken": true},
{"event": "branch", "inst_addr": "0x55a249e14dbe", "branch_taken": true},
{"event": "branch", "inst_addr": "0x55a249e14d42", "branch_taken": true},
{"event": "branch", "inst_addr": "0x55a249e14dbe", "branch_taken": true},
{"event": "branch", "inst_addr": "0x55a249e14d42", "branch_taken": false},
{"event": "branch", "inst_addr": "0x55a249e14dbe", "branch_taken": true},
{"event": "branch", "inst_addr": "0x55a249e14d42", "branch_taken": true},
{"event": "branch", "inst_addr": "0x55a249e14dbe", "branch_taken": true},
{"event": "branch", "inst_addr": "0x55a249e14d42", "branch_taken": true},
{"event": "branch", "inst_addr": "0x55a249e14dbe", "branch_taken": true},
{"event": "branch", "inst_addr": "0x55a249e14d42", "branch_taken": true},
{"event": "branch", "inst_addr": "0x55a249e14dbe", "branch_taken": false},
{"event": "branch", "inst_addr": "0x55a249e14dc8", "branch_taken": true},
{"event": "branch", "inst_addr": "0x55a249e14cd7", "branch_taken": false},
{"event": "branch", "inst_addr": "0x55a249e14d0a", "branch_taken": true},
{"event": "branch", "inst_addr": "0x55a249e14dbe", "branch_taken": true},
{"event": "branch", "inst_addr": "0x55a249e14d42", "branch_taken": true},
{"event": "branch", "inst_addr": "0x55a249e14dbe", "branch_taken": true},
{"event": "branch", "inst_addr": "0x55a249e14d42", "branch_taken": false},
{"event": "branch", "inst_addr": "0x55a249e14dbe", "branch_taken": true},
{"event": "branch", "inst_addr": "0x55a249e14d42", "branch_taken": true},
{"event": "branch", "inst_addr": "0x55a249e14dbe", "branch_taken": true},
{"event": "branch", "inst_addr": "0x55a249e14d42", "branch_taken": true},
{"event": "branch", "inst_addr": "0x55a249e14dbe", "branch_taken": true},
{"event": "branch", "inst_addr": "0x55a249e14d42", "branch_taken": true},
{"event": "branch", "inst_addr": "0x55a249e14dbe", "branch_taken": true},
{"event": "branch", "inst_addr": "0x55a249e14d42", "branch_taken": true},
{"event": "branch", "inst_addr": "0x55a249e14dbe", "branch_taken": true},
{"event": "branch", "inst_addr": "0x55a249e14d42", "branch_taken": true},
{"event": "branch", "inst_addr": "0x55a249e14dbe", "branch_taken": false},
{"event": "branch", "inst_addr": "0x55a249e14dc8", "branch_taken": true},
{"event": "branch", "inst_addr": "0x55a249e14cd7", "branch_taken": false},
{"event": "branch", "inst_addr": "0x55a249e14d0a", "branch_taken": true},
{"event": "branch", "inst_addr": "0x55a249e14dbe", "branch_taken": true},
{"event": "branch", "inst_addr": "0x55a249e14d42", "branch_taken": false},
{"event": "branch", "inst_addr": "0x55a249e14dbe", "branch_taken": true},
{"event": "branch", "inst_addr": "0x55a249e14d42", "branch_taken": true},
{"event": "branch", "inst_addr": "0x55a249e14dbe", "branch_taken": true},
{"event": "branch", "inst_addr": "0x55a249e14d42", "branch_taken": true},
{"event": "branch", "inst_addr": "0x55a249e14dbe", "branch_taken": true},
{"event": "branch", "inst_addr": "0x55a249e14d42", "branch_taken": true},
{"event": "branch", "inst_addr": "0x55a249e14dbe", "branch_taken": true},
{"event": "branch", "inst_addr": "0x55a249e14d42", "branch_taken": true},
{"event": "branch", "inst_addr": "0x55a249e14dbe", "branch_taken": true},
{"event": "branch", "inst_addr": "0x55a249e14d42", "branch_taken": true},
{"event": "branch", "inst_addr": "0x55a249e14dbe", "branch_taken": true},
{"event": "branch", "inst_addr": "0x55a249e14d42", "branch_taken": true},
{"event": "branch", "inst_addr": "0x55a249e14dbe", "branch_taken": true},
{"event": "branch", "inst_addr": "0x55a249e14d42", "branch_taken": true},
{"event": "branch", "inst_addr": "0x55a249e14dbe", "branch_taken": false},
{"event": "branch", "inst_addr": "0x55a249e14dc8", "branch_taken": true},
{"event": "branch", "inst_addr": "0x55a249e14cd7", "branch_taken": false},
{"event": "branch", "inst_addr": "0x55a249e14d0a", "branch_taken": true},
{"event": "branch", "inst_addr": "0x55a249e14dbe", "branch_taken": true},
{"event": "branch", "inst_addr": "0x55a249e14d42", "branch_taken": true},
{"event": "branch", "inst_addr": "0x55a249e14dbe", "branch_taken": true},
{"event": "branch", "inst_addr": "0x55a249e14d42", "branch_taken": true},
{"event": "branch", "inst_addr": "0x55a249e14dbe", "branch_taken": true},
{"event": "branch", "inst_addr": "0x55a249e14d42", "branch_taken": true},
{"event": "branch", "inst_addr": "0x55a249e14dbe", "branch_taken": true},
{"event": "branch", "inst_addr": "0x55a249e14d42", "branch_taken": false},
{"event": "branch", "inst_addr": "0x55a249e14dbe", "branch_taken": true},
{"event": "branch", "inst_addr": "0x55a249e14d42", "branch_taken": true},
{"event": "branch", "inst_addr": "0x55a249e14dbe", "branch_taken": true},
{"event": "branch", "inst_addr": "0x55a249e14d42", "branch_taken": false},
{"event": "branch", "inst_addr": "0x55a249e14dbe", "branch_taken": true},
{"event": "branch", "inst_addr": "0x55a249e14d42", "branch_taken": true},
{"event": "branch", "inst_addr": "0x55a249e14dbe", "branch_taken": true},
{"event": "branch", "inst_addr": "0x55a249e14d42", "branch_taken": false},
{"event": "branch", "inst_addr": "0x55a249e14dbe", "branch_taken": true},
{"event": "branch", "inst_addr": "0x55a249e14d42", "branch_taken": true},
{"event": "branch", "inst_addr": "0x55a249e14dbe", "branch_taken": false},
{"event": "branch", "inst_addr": "0x55a249e14dc8", "branch_taken": false},
{"event": "branch", "inst_addr": "0x55a249e14dd2", "branch_taken": true},
{"event": "branch", "inst_addr": "0x55a249e14cd7", "branch_taken": true},
{"event": "branch", "inst_addr": "0x55a249e14d0a", "branch_taken": true},
{"event": "branch", "inst_addr": "0x55a249e14dbe", "branch_taken": true},
{"event": "branch", "inst_addr": "0x55a249e14d42", "branch_taken": true},
{"event": "branch", "inst_addr": "0x55a249e14dbe", "branch_taken": true},
{"event": "branch", "inst_addr": "0x55a249e14d42", "branch_taken": true},
{"event": "branch", "inst_addr": "0x55a249e14dbe", "branch_taken": true},
{"event": "branch", "inst_addr": "0x55a249e14d42", "branch_taken": true},
{"event": "branch", "inst_addr": "0x55a249e14dbe", "branch_taken": true},
{"event": "branch", "inst_addr": "0x55a249e14d42", "branch_taken": true},
{"event": "branch", "inst_addr": "0x55a249e14dbe", "branch_taken": true},
{"event": "branch", "inst_addr": "0x55a249e14d42", "branch_taken": true},
{"event": "branch", "inst_addr": "0x55a249e14dbe", "branch_taken": true},
{"event": "branch", "inst_addr": "0x55a249e14d42", "branch_taken": true},
{"event": "branch", "inst_addr": "0x55a249e14dbe", "branch_taken": true},
{"event": "branch", "inst_addr": "0x55a249e14d42", "branch_taken": true},
{"event": "branch", "inst_addr": "0x55a249e14dbe", "branch_taken": true},
{"event": "branch", "inst_addr": "0x55a249e14d42", "branch_taken": true},
{"event": "branch", "inst_addr": "0x55a249e14dbe", "branch_taken": true},
{"event": "branch", "inst_addr": "0x55a249e14d42", "branch_taken": true},
{"event": "branch", "inst_addr": "0x55a249e14dbe", "branch_taken": false},
{"event": "branch", "inst_addr": "0x55a249e14dc8", "branch_taken": false},
{"event": "branch", "inst_addr": "0x55a249e14dd2", "branch_taken": false},
{"event": "branch", "inst_addr": "0x55a249e14e85", "branch_taken": true},
{"event": "branch", "inst_addr": "0x55a249e14a24", "branch_taken": true},
{"event": "branch", "inst_addr": "0x55a249e151e7", "branch_taken": true},
{"event": "branch", "inst_addr": "0x55a249e152ae", "branch_taken": true},
{"event": "branch", "inst_addr": "0x55a249e1507e", "branch_taken": false},
{"event": "branch", "inst_addr": "0x55a249e15088", "branch_taken": true},
{"event": "branch", "inst_addr": "0x55a249e150d0", "branch_taken": true},
{"event": "branch", "inst_addr": "0x55a249e15118", "branch_taken": true},
{"event": "branch", "inst_addr": "0x55a249e15160", "branch_taken": true},
{"event": "branch", "inst_addr": "0x55a249e151a8", "branch_taken": true},
{"event": "branch", "inst_addr": "0x55a249e151f0", "branch_taken": true},
{"event": "branch", "inst_addr": "0x55a249e15235", "branch_taken": false},
{"event": "branch", "inst_addr": "0x55a249e1523b", "branch_taken": false},
{"event": "branch", "inst_addr": "0x55a249e15241", "branch_taken": false},
{"event": "branch", "inst_addr": "0x55a249e15269", "branch_taken": true},
{"event": "branch", "inst_addr": "0x55a249e15293", "branch_taken": true},
{"event": "branch", "inst_addr": "0x55a249e152ae", "branch_taken": true},
{"event": "branch", "inst_addr": "0x55a249e1507e", "branch_taken": false},
{"event": "branch", "inst_addr": "0x55a249e15088", "branch_taken": true},
{"event": "branch", "inst_addr": "0x55a249e150d0", "branch_taken": true},
{"event": "branch", "inst_addr": "0x55a249e15118", "branch_taken": true},
{"event": "branch", "inst_addr": "0x55a249e15160", "branch_taken": true},
{"event": "branch", "inst_addr": "0x55a249e151a8", "branch_taken": true},
{"event": "branch", "inst_addr": "0x55a249e151f0", "branch_taken": true},
{"event": "branch", "inst_addr": "0x55a249e15235", "branch_taken": false},
{"event": "branch", "inst_addr": "0x55a249e1523b", "branch_taken": false},
{"event": "branch", "inst_addr": "0x55a249e15241", "branch_taken": false},
{"event": "branch", "inst_addr": "0x55a249e15269", "branch_taken": true},
{"event": "branch", "inst_addr": "0x55a249e15293", "branch_taken": true},
{"event": "branch", "inst_addr": "0x55a249e152ae", "branch_taken": true},
{"event": "branch", "inst_addr": "0x55a249e1507e", "branch_taken": false},
{"event": "branch", "inst_addr": "0x55a249e15088", "branch_taken": true},
{"event": "branch", "inst_addr": "0x55a249e150d0", "branch_taken": true},
{"event": "branch", "inst_addr": "0x55a249e15118", "branch_taken": true},
{"event": "branch", "inst_addr": "0x55a249e15160", "branch_taken": true},
{"event": "branch", "inst_addr": "0x55a249e151a8", "branch_taken": true},
{"event": "branch", "inst_addr": "0x55a249e151f0", "branch_taken": true},
{"event": "branch", "inst_addr": "0x55a249e15235", "branch_taken": false},
{"event": "branch", "inst_addr": "0x55a249e1523b", "branch_taken": false},
{"event": "branch", "inst_addr": "0x55a249e15241", "branch_taken": false},
{"event": "branch", "inst_addr": "0x55a249e15269", "branch_taken": true},
{"event": "branch", "inst_addr": "0x55a249e15293", "branch_taken": true},
{"event": "branch", "inst_addr": "0x55a249e152ae", "branch_taken": true},
{"event": "branch", "inst_addr": "0x55a249e1507e", "branch_taken": false},
{"event": "branch", "inst_addr": "0x55a249e15088", "branch_taken": true},
{"event": "branch", "inst_addr": "0x55a249e150d0", "branch_taken": true},
{"event": "branch", "inst_addr": "0x55a249e15118", "branch_taken": true},
{"event": "branch", "inst_addr": "0x55a249e15160", "branch_taken": true},
{"event": "branch", "inst_addr": "0x55a249e151a8", "branch_taken": true},
{"event": "branch", "inst_addr": "0x55a249e151f0", "branch_taken": true},
{"event": "branch", "inst_addr": "0x55a249e15235", "branch_taken": false},
{"event": "branch", "inst_addr": "0x55a249e1523b", "branch_taken": false},
{"event": "branch", "inst_addr": "0x55a249e15241", "branch_taken": false},
{"event": "branch", "inst_addr": "0x55a249e15269", "branch_taken": false},
{"event": "branch", "inst_addr": "0x55a249e14a24", "branch_taken": true},
{"event": "branch", "inst_addr": "0x55a249e1528a", "branch_taken": true},
{"event": "branch", "inst_addr": "0x55a249e152ae", "branch_taken": true},
{"event": "branch", "inst_addr": "0x55a249e1507e", "branch_taken": false},
{"event": "branch", "inst_addr": "0x55a249e15088", "branch_taken": true},
{"event": "branch", "inst_addr": "0x55a249e150d0", "branch_taken": true},
{"event": "branch", "inst_addr": "0x55a249e15118", "branch_taken": true},
{"event": "branch", "inst_addr": "0x55a249e15160", "branch_taken": true},
{"event": "branch", "inst_addr": "0x55a249e151a8", "branch_taken": true},
{"event": "branch", "inst_addr": "0x55a249e151f0", "branch_taken": true},
{"event": "branch", "inst_addr": "0x55a249e15235", "branch_taken": false},
{"event": "branch", "inst_addr": "0x55a249e1523b", "branch_taken": false},
{"event": "branch", "inst_addr": "0x55a249e15241", "branch_taken": false},
{"event": "branch", "inst_addr": "0x55a249e15269", "branch_taken": true},
{"event": "branch", "inst_addr": "0x55a249e15293", "branch_taken": true},
{"event": "branch", "inst_addr": "0x55a249e152ae", "branch_taken": true},
{"event": "branch", "inst_addr": "0x55a249e1507e", "branch_taken": false},
{"event": "branch", "inst_addr": "0x55a249e15088", "branch_taken": true},
{"event": "branch", "inst_addr": "0x55a249e150d0", "branch_taken": true},
{"event": "branch", "inst_addr": "0x55a249e15118", "branch_taken": true},
{"event": "branch", "inst_addr": "0x55a249e15160", "branch_taken": true},
{"event": "branch", "inst_addr": "0x55a249e151a8", "branch_taken": true},
{"event": "branch", "inst_addr": "0x55a249e151f0", "branch_taken": true},
{"event": "branch", "inst_addr": "0x55a249e15235", "branch_taken": false},
{"event": "branch", "inst_addr": "0x55a249e1523b", "branch_taken": false},
{"event": "branch", "inst_addr": "0x55a249e15241", "branch_taken": false},
{"event": "branch", "inst_addr": "0x55a249e15269", "branch_taken": true},
{"event": "branch", "inst_addr": "0x55a249e15293", "branch_taken": true},
{"event": "branch", "inst_addr": "0x55a249e152ae", "branch_taken": true},
{"event": "branch", "inst_addr": "0x55a249e1507e", "branch_taken": false},
{"event": "branch", "inst_addr": "0x55a249e15088", "branch_taken": true},
{"event": "branch", "inst_addr": "0x55a249e150d0", "branch_taken": true},
{"event": "branch", "inst_addr": "0x55a249e15118", "branch_taken": true},
{"event": "branch", "inst_addr": "0x55a249e15160", "branch_taken": true},
{"event": "branch", "inst_addr": "0x55a249e151a8", "branch_taken": true},
{"event": "branch", "inst_addr": "0x55a249e151f0", "branch_taken": true},
{"event": "branch", "inst_addr": "0x55a249e15235", "branch_taken": false},
{"event": "branch", "inst_addr": "0x55a249e1523b", "branch_taken": false},
{"event": "branch", "inst_addr": "0x55a249e15241", "branch_taken": false},
{"event": "branch", "inst_addr": "0x55a249e15269", "branch_taken": true},
{"event": "branch", "inst_addr": "0x55a249e15293", "branch_taken": true},
{"event": "branch", "inst_addr": "0x55a249e152ae", "branch_taken": true},
{"event": "branch", "inst_addr": "0x55a249e1507e", "branch_taken": false},
{"event": "branch", "inst_addr": "0x55a249e15088", "branch_taken": true},
{"event": "branch", "inst_addr": "0x55a249e150d0", "branch_taken": true},
{"event": "branch", "inst_addr": "0x55a249e15118", "branch_taken": true},
{"event": "branch", "inst_addr": "0x55a249e15160", "branch_taken": true},
{"event": "branch", "inst_addr": "0x55a249e151a8", "branch_taken": true},
{"event": "branch", "inst_addr": "0x55a249e151f0", "branch_taken": true},
{"event": "branch", "inst_addr": "0x55a249e15235", "branch_taken": false},
{"event": "branch", "inst_addr": "0x55a249e1523b", "branch_taken": false},
{"event": "branch", "inst_addr": "0x55a249e15241", "branch_taken": false},
{"event": "branch", "inst_addr": "0x55a249e15269", "branch_taken": false},
{"event": "branch", "inst_addr": "0x55a249e14a24", "branch_taken": true},
{"event": "branch", "inst_addr": "0x55a249e1528a", "branch_taken": true},
{"event": "branch", "inst_addr": "0x55a249e152ae", "branch_taken": true},
{"event": "branch", "inst_addr": "0x55a249e1507e", "branch_taken": false},
{"event": "branch", "inst_addr": "0x55a249e15088", "branch_taken": true},
{"event": "branch", "inst_addr": "0x55a249e150d0", "branch_taken": true},
{"event": "branch", "inst_addr": "0x55a249e15118", "branch_taken": true},
{"event": "branch", "inst_addr": "0x55a249e15160", "branch_taken": false},
{"event": "branch", "inst_addr": "0x55a249e149c4", "branch_taken": true},
{"event": "branch", "inst_addr": "0x55a249e149c4", "branch_taken": true},
{"event": "branch", "inst_addr": "0x55a249e14a81", "branch_taken": true},
{"event": "branch", "inst_addr": "0x55a249e14a91", "branch_taken": true},
{"event": "branch", "inst_addr": "0x55a249e14a91", "branch_taken": true},
{"event": "branch", "inst_addr": "0x55a249e14a91", "branch_taken": false},
{"event": "branch", "inst_addr": "0x55a249e14c5c", "branch_taken": true},
{"event": "branch", "inst_addr": "0x55a249e14c6a", "branch_taken": false},
{"event": "branch", "inst_addr": "0x55a249e14a81", "branch_taken": true},
{"event": "branch", "inst_addr": "0x55a249e14a91", "branch_taken": true},
{"event": "branch", "inst_addr": "0x55a249e14a91", "branch_taken": true},
{"event": "branch", "inst_addr": "0x55a249e14a91", "branch_taken": true},
{"event": "branch", "inst_addr": "0x55a249e14a91", "branch_taken": true},
{"event": "branch", "inst_addr": "0x55a249e14a91", "branch_taken": true},
{"event": "branch", "inst_addr": "0x55a249e14a91", "branch_taken": true},
{"event": "branch", "inst_addr": "0x55a249e14a91", "branch_taken": true},
{"event": "branch", "inst_addr": "0x55a249e14a91", "branch_taken": true},
{"event": "branch", "inst_addr": "0x55a249e14a91", "branch_taken": true},
{"event": "branch", "inst_addr": "0x55a249e14a91", "branch_taken": true},
{"event": "branch", "inst_addr": "0x55a249e14a91", "branch_taken": true},
{"event": "branch", "inst_addr": "0x55a249e14a91", "branch_taken": true},
{"event": "branch", "inst_addr": "0x55a249e14a91", "branch_taken": true},
{"event": "branch", "inst_addr": "0x55a249e14a91", "branch_taken": true},
{"event": "branch", "inst_addr": "0x55a249e14a91", "branch_taken": true},
{"event": "branch", "inst_addr": "0x55a249e14a91", "branch_taken": true},
{"event": "branch", "inst_addr": "0x55a249e14a91", "branch_taken": true},
{"event": "branch", "inst_addr": "0x55a249e14a91", "branch_taken": true},
{"event": "branch", "inst_addr": "0x55a249e14a91", "branch_taken": true},
{"event": "branch", "inst_addr": "0x55a249e14a91", "branch_taken": true},
{"event": "branch", "inst_addr": "0x55a249e14a91", "branch_taken": true},
{"event": "branch", "inst_addr": "0x55a249e14a91", "branch_taken": false},
{"event": "branch", "inst_addr": "0x55a249e14a24", "branch_taken": true},
{"event": "branch", "inst_addr": "0x55a249e1519f", "branch_taken": true},
{"event": "branch", "inst_addr": "0x55a249e152ae", "branch_taken": true},
{"event": "branch", "inst_addr": "0x55a249e1507e", "branch_taken": false},
{"event": "branch", "inst_addr": "0x55a249e15088", "branch_taken": true},
{"event": "branch", "inst_addr": "0x55a249e150d0", "branch_taken": true},
{"event": "branch", "inst_addr": "0x55a249e15118", "branch_taken": true},
{"event": "branch", "inst_addr": "0x55a249e15160", "branch_taken": true},
{"event": "branch", "inst_addr": "0x55a249e151a8", "branch_taken": true},
{"event": "branch", "inst_addr": "0x55a249e151f0", "branch_taken": false},
{"event": "branch", "inst_addr": "0x55a249e149c4", "branch_taken": true},
{"event": "branch", "inst_addr": "0x55a249e149c4", "branch_taken": true},
{"event": "branch", "inst_addr": "0x55a249e14f19", "branch_taken": true},
{"event": "branch", "inst_addr": "0x55a249e14f99", "branch_taken": true},
{"event": "branch", "inst_addr": "0x55a249e14f99", "branch_taken": true},
{"event": "branch", "inst_addr": "0x55a249e14f99", "branch_taken": false},
{"event": "branch", "inst_addr": "0x55a249e14fc8", "branch_taken": true},
{"event": "branch", "inst_addr": "0x55a249e14a24", "branch_taken": true},
{"event": "branch", "inst_addr": "0x55a249e1522f", "branch_taken": true},
{"event": "branch", "inst_addr": "0x55a249e152ae", "branch_taken": false},
{"event": "branch", "inst_addr": "0x55a249e149c4", "branch_taken": true},
{"event": "branch", "inst_addr": "0x55a249e146e0", "branch_taken": true},
{"event": "branch", "inst_addr": "0x55a249e14817", "branch_taken": false},
{"event": "branch", "inst_addr": "0x55a249e14825", "branch_taken": false},
{"event": "branch", "inst_addr": "0x55a249e14740", "branch_taken": true},
{"event": "branch", "inst_addr": "0x55a249e14795", "branch_taken": true},
{"event": "exit", "exit_code": 0}
]
