[
{"event": "image_load", "image_name": "***/box2", "image_id": 1, "base_addr": "0x560c9b725000", "image_size": "0x14f7"},
{"event": "image_load", "image_name": "/lib64/ld-linux-x86-64.so.2", "image_id": 2, "base_addr": "0x7f0ea33b9000", "image_size": "0x26c23"},
{"event": "image_load", "image_name": "[vdso]", "image_id": 3, "base_addr": "0x7ffe6c98b000", "image_size": "0x95a"},
{"event": "image_load", "image_name": "/lib/x86_64-linux-gnu/libc.so.6", "image_id": 4, "base_addr": "0x7f0e8ebd1000", "image_size": "0x3f0adf"},
{"event": "branch", "inst_addr": "0x560c9b7256a6", "branch_taken": true},
{"event": "branch", "inst_addr": "0x560c9b726044", "branch_taken": false},
{"event": "branch", "inst_addr": "0x560c9b725855", "branch_taken": true},
{"event": "branch", "inst_addr": "0x560c9b7257e6", "branch_taken": true},
{"event": "branch", "inst_addr": "0x560c9b726064", "branch_taken": false},
{"event": "branch", "inst_addr": "0x560c9b725710", "branch_taken": true},
{"event": "branch", "inst_addr": "0x560c9b7256f0", "branch_taken": true},
{"event": "branch", "inst_addr": "0x560c9b725fa8", "branch_taken": true},
{"event": "branch", "inst_addr": "0x560c9b725720", "branch_taken": true},
{"event": "branch", "inst_addr": "0x560c9b725700", "branch_taken": true},
{"event": "branch", "inst_addr": "0x560c9b725d02", "branch_taken": true},
{"event": "branch", "inst_addr": "0x560c9b725f45", "branch_taken": true},
{"event": "branch", "inst_addr": "0x560c9b725d15", "branch_taken": false},
{"event": "branch", "inst_addr": "0x560c9b725d1f", "branch_taken": true},
{"event": "branch", "inst_addr": "0x560c9b725d67", "branch_taken": true},
{"event": "branch", "inst_addr": "0x560c9b725daf", "branch_taken": true},
{"event": "branch", "inst_addr": "0x560c9b725df7", "branch_taken": true},
{"event": "branch", "inst_addr": "0x560c9b725e3f", "branch_taken": true},
{"event": "branch", "inst_addr": "0x560c9b725e87", "branch_taken": true},
{"event": "branch", "inst_addr": "0x560c9b725ecc", "branch_taken": false},
{"event": "branch", "inst_addr": "0x560c9b725ed2", "branch_taken": false},
{"event": "branch", "inst_addr": "0x560c9b725ed8", "branch_taken": false},
{"event": "branch", "inst_addr": "0x560c9b725f00", "branch_taken": true},
{"event": "branch", "inst_addr": "0x560c9b725f2a", "branch_taken": true},
{"event": "branch", "inst_addr": "0x560c9b725f45", "branch_taken": true},
{"event": "branch", "inst_addr": "0x560c9b725d15", "branch_taken": false},
{"event": "branch", "inst_addr": "0x560c9b725d1f", "branch_taken": true},
{"event": "branch", "inst_addr": "0x560c9b725d67", "branch_taken": true},
{"event": "branch", "inst_addr": "0x560c9b725daf", "branch_taken": true},
{"event": "branch", "inst_addr": "0x560c9b725df7", "branch_taken": true},
{"event": "branch", "inst_addr": "0x560c9b725e3f", "branch_taken": true},
{"event": "branch", "inst_addr": "0x560c9b725e87", "branch_taken": true},
{"event": "branch", "inst_addr": "0x560c9b725ecc", "branch_taken": false},
{"event": "branch", "inst_addr": "0x560c9b725ed2", "branch_taken": false},
{"event": "branch", "inst_addr": "0x560c9b725ed8", "branch_taken": false},
{"event": "branch", "inst_addr": "0x560c9b725f00", "branch_taken": true},
{"event": "branch", "inst_addr": "0x560c9b725f2a", "branch_taken": true},
{"event": "branch", "inst_addr": "0x560c9b725f45", "branch_taken": true},
{"event": "branch", "inst_addr": "0x560c9b725d15", "branch_taken": false},
{"event": "branch", "inst_addr": "0x560c9b725d1f", "branch_taken": true},
{"event": "branch", "inst_addr": "0x560c9b725d67", "branch_taken": true},
{"event": "branch", "inst_addr": "0x560c9b725daf", "branch_taken": true},
{"event": "branch", "inst_addr": "0x560c9b725df7", "branch_taken": true},
{"event": "branch", "inst_addr": "0x560c9b725e3f", "branch_taken": true},
{"event": "branch", "inst_addr": "0x560c9b725e87", "branch_taken": true},
{"event": "branch", "inst_addr": "0x560c9b725ecc", "branch_taken": false},
{"event": "branch", "inst_addr": "0x560c9b725ed2", "branch_taken": false},
{"event": "branch", "inst_addr": "0x560c9b725ed8", "branch_taken": false},
{"event": "branch", "inst_addr": "0x560c9b725f00", "branch_taken": true},
{"event": "branch", "inst_addr": "0x560c9b725f2a", "branch_taken": true},
{"event": "branch", "inst_addr": "0x560c9b725f45", "branch_taken": true},
{"event": "branch", "inst_addr": "0x560c9b725d15", "branch_taken": false},
{"event": "branch", "inst_addr": "0x560c9b725d1f", "branch_taken": true},
{"event": "branch", "inst_addr": "0x560c9b725d67", "branch_taken": true},
{"event": "branch", "inst_addr": "0x560c9b725daf", "branch_taken": true},
{"event": "branch", "inst_addr": "0x560c9b725df7", "branch_taken": true},
{"event": "branch", "inst_addr": "0x560c9b725e3f", "branch_taken": true},
{"event": "branch", "inst_addr": "0x560c9b725e87", "branch_taken": true},
{"event": "branch", "inst_addr": "0x560c9b725ecc", "branch_taken": false},
{"event": "branch", "inst_addr": "0x560c9b725ed2", "branch_taken": false},
{"event": "branch", "inst_addr": "0x560c9b725ed8", "branch_taken": false},
{"event": "branch", "inst_addr": "0x560c9b725f00", "branch_taken": false},
{"event": "branch", "inst_addr": "0x560c9b725a24", "branch_taken": true},
{"event": "branch", "inst_addr": "0x560c9b725f21", "branch_taken": true},
{"event": "branch", "inst_addr": "0x560c9b725f45", "branch_taken": true},
{"event": "branch", "inst_addr": "0x560c9b725d15", "branch_taken": false},
{"event": "branch", "inst_addr": "0x560c9b725d1f", "branch_taken": true},
{"event": "branch", "inst_addr": "0x560c9b725d67", "branch_taken": true},
{"event": "branch", "inst_addr": "0x560c9b725daf", "branch_taken": true},
{"event": "branch", "inst_addr": "0x560c9b725df7", "branch_taken": true},
{"event": "branch", "inst_addr": "0x560c9b725e3f", "branch_taken": true},
{"event": "branch", "inst_addr": "0x560c9b725e87", "branch_taken": true},
{"event": "branch", "inst_addr": "0x560c9b725ecc", "branch_taken": false},
{"event": "branch", "inst_addr": "0x560c9b725ed2", "branch_taken": false},
{"event": "branch", "inst_addr": "0x560c9b725ed8", "branch_taken": false},
{"event": "branch", "inst_addr": "0x560c9b725f00", "branch_taken": true},
{"event": "branch", "inst_addr": "0x560c9b725f2a", "branch_taken": true},
{"event": "branch", "inst_addr": "0x560c9b725f45", "branch_taken": true},
{"event": "branch", "inst_addr": "0x560c9b725d15", "branch_taken": false},
{"event": "branch", "inst_addr": "0x560c9b725d1f", "branch_taken": true},
{"event": "branch", "inst_addr": "0x560c9b725d67", "branch_taken": true},
{"event": "branch", "inst_addr": "0x560c9b725daf", "branch_taken": true},
{"event": "branch", "inst_addr": "0x560c9b725df7", "branch_taken": true},
{"event": "branch", "inst_addr": "0x560c9b725e3f", "branch_taken": true},
{"event": "branch", "inst_addr": "0x560c9b725e87", "branch_taken": true},
{"event": "branch", "inst_addr": "0x560c9b725ecc", "branch_taken": false},
{"event": "branch", "inst_addr": "0x560c9b725ed2", "branch_taken": false},
{"event": "branch", "inst_addr": "0x560c9b725ed8", "branch_taken": false},
{"event": "branch", "inst_addr": "0x560c9b725f00", "branch_taken": true},
{"event": "branch", "inst_addr": "0x560c9b725f2a", "branch_taken": true},
{"event": "branch", "inst_addr": "0x560c9b725f45", "branch_taken": true},
{"event": "branch", "inst_addr": "0x560c9b725d15", "branch_taken": false},
{"event": "branch", "inst_addr": "0x560c9b725d1f", "branch_taken": true},
{"event": "branch", "inst_addr": "0x560c9b725d67", "branch_taken": true},
{"event": "branch", "inst_addr": "0x560c9b725daf", "branch_taken": true},
{"event": "branch", "inst_addr": "0x560c9b725df7", "branch_taken": true},
{"event": "branch", "inst_addr": "0x560c9b725e3f", "branch_taken": true},
{"event": "branch", "inst_addr": "0x560c9b725e87", "branch_taken": true},
{"event": "branch", "inst_addr": "0x560c9b725ecc", "branch_taken": false},
{"event": "branch", "inst_addr": "0x560c9b725ed2", "branch_taken": false},
{"event": "branch", "inst_addr": "0x560c9b725ed8", "branch_taken": false},
{"event": "branch", "inst_addr": "0x560c9b725f00", "branch_taken": true},
{"event": "branch", "inst_addr": "0x560c9b725f2a", "branch_taken": true},
{"event": "branch", "inst_addr": "0x560c9b725f45", "branch_taken": true},
{"event": "branch", "inst_addr": "0x560c9b725d15", "branch_taken": false},
{"event": "branch", "inst_addr": "0x560c9b725d1f", "branch_taken": true},
{"event": "branch", "inst_addr": "0x560c9b725d67", "branch_taken": true},
{"event": "branch", "inst_addr": "0x560c9b725daf", "branch_taken": true},
{"event": "branch", "inst_addr": "0x560c9b725df7", "branch_taken": true},
{"event": "branch", "inst_addr": "0x560c9b725e3f", "branch_taken": true},
{"event": "branch", "inst_addr": "0x560c9b725e87", "branch_taken": true},
{"event": "branch", "inst_addr": "0x560c9b725ecc", "branch_taken": false},
{"event": "branch", "inst_addr": "0x560c9b725ed2", "branch_taken": false},
{"event": "branch", "inst_addr": "0x560c9b725ed8", "branch_taken": false},
{"event": "branch", "inst_addr": "0x560c9b725f00", "branch_taken": false},
{"event": "branch", "inst_addr": "0x560c9b725a24", "branch_taken": true},
{"event": "branch", "inst_addr": "0x560c9b725f21", "branch_taken": true},
{"event": "branch", "inst_addr": "0x560c9b725f45", "branch_taken": true},
{"event": "branch", "inst_addr": "0x560c9b725d15", "branch_taken": false},
{"event": "branch", "inst_addr": "0x560c9b725d1f", "branch_taken": true},
{"event": "branch", "inst_addr": "0x560c9b725d67", "branch_taken": true},
{"event": "branch", "inst_addr": "0x560c9b725daf", "branch_taken": true},
{"event": "branch", "inst_addr": "0x560c9b725df7", "branch_taken": true},
{"event": "branch", "inst_addr": "0x560c9b725e3f", "branch_taken": true},
{"event": "branch", "inst_addr": "0x560c9b725e87", "branch_taken": true},
{"event": "branch", "inst_addr": "0x560c9b725ecc", "branch_taken": false},
{"event": "branch", "inst_addr": "0x560c9b725ed2", "branch_taken": false},
{"event": "branch", "inst_addr": "0x560c9b725ed8", "branch_taken": false},
{"event": "branch", "inst_addr": "0x560c9b725f00", "branch_taken": true},
{"event": "branch", "inst_addr": "0x560c9b725f2a", "branch_taken": true},
{"event": "branch", "inst_addr": "0x560c9b725f45", "branch_taken": true},
{"event": "branch", "inst_addr": "0x560c9b725d15", "branch_taken": false},
{"event": "branch", "inst_addr": "0x560c9b725d1f", "branch_taken": true},
{"event": "branch", "inst_addr": "0x560c9b725d67", "branch_taken": true},
{"event": "branch", "inst_addr": "0x560c9b725daf", "branch_taken": true},
{"event": "branch", "inst_addr": "0x560c9b725df7", "branch_taken": true},
{"event": "branch", "inst_addr": "0x560c9b725e3f", "branch_taken": true},
{"event": "branch", "inst_addr": "0x560c9b725e87", "branch_taken": true},
{"event": "branch", "inst_addr": "0x560c9b725ecc", "branch_taken": false},
{"event": "branch", "inst_addr": "0x560c9b725ed2", "branch_taken": false},
{"event": "branch", "inst_addr": "0x560c9b725ed8", "branch_taken": false},
{"event": "branch", "inst_addr": "0x560c9b725f00", "branch_taken": true},
{"event": "branch", "inst_addr": "0x560c9b725f2a", "branch_taken": true},
{"event": "branch", "inst_addr": "0x560c9b725f45", "branch_taken": true},
{"event": "branch", "inst_addr": "0x560c9b725d15", "branch_taken": false},
{"event": "branch", "inst_addr": "0x560c9b725d1f", "branch_taken": true},
{"event": "branch", "inst_addr": "0x560c9b725d67", "branch_taken": true},
{"event": "branch", "inst_addr": "0x560c9b725daf", "branch_taken": true},
{"event": "branch", "inst_addr": "0x560c9b725df7", "branch_taken": true},
{"event": "branch", "inst_addr": "0x560c9b725e3f", "branch_taken": true},
{"event": "branch", "inst_addr": "0x560c9b725e87", "branch_taken": true},
{"event": "branch", "inst_addr": "0x560c9b725ecc", "branch_taken": false},
{"event": "branch", "inst_addr": "0x560c9b725ed2", "branch_taken": false},
{"event": "branch", "inst_addr": "0x560c9b725ed8", "branch_taken": false},
{"event": "branch", "inst_addr": "0x560c9b725f00", "branch_taken": true},
{"event": "branch", "inst_addr": "0x560c9b725f2a", "branch_taken": true},
{"event": "branch", "inst_addr": "0x560c9b725f45", "branch_taken": true},
{"event": "branch", "inst_addr": "0x560c9b725d15", "branch_taken": false},
{"event": "branch", "inst_addr": "0x560c9b725d1f", "branch_taken": true},
{"event": "branch", "inst_addr": "0x560c9b725d67", "branch_taken": true},
{"event": "branch", "inst_addr": "0x560c9b725daf", "branch_taken": true},
{"event": "branch", "inst_addr": "0x560c9b725df7", "branch_taken": true},
{"event": "branch", "inst_addr": "0x560c9b725e3f", "branch_taken": true},
{"event": "branch", "inst_addr": "0x560c9b725e87", "branch_taken": true},
{"event": "branch", "inst_addr": "0x560c9b725ecc", "branch_taken": false},
{"event": "branch", "inst_addr": "0x560c9b725ed2", "branch_taken": false},
{"event": "branch", "inst_addr": "0x560c9b725ed8", "branch_taken": false},
{"event": "branch", "inst_addr": "0x560c9b725f00", "branch_taken": false},
{"event": "branch", "inst_addr": "0x560c9b725a24", "branch_taken": true},
{"event": "branch", "inst_addr": "0x560c9b725f21", "branch_taken": true},
{"event": "branch", "inst_addr": "0x560c9b725f45", "branch_taken": true},
{"event": "branch", "inst_addr": "0x560c9b725d15", "branch_taken": false},
{"event": "branch", "inst_addr": "0x560c9b725d1f", "branch_taken": true},
{"event": "branch", "inst_addr": "0x560c9b725d67", "branch_taken": true},
{"event": "branch", "inst_addr": "0x560c9b725daf", "branch_taken": true},
{"event": "branch", "inst_addr": "0x560c9b725df7", "branch_taken": true},
{"event": "branch", "inst_addr": "0x560c9b725e3f", "branch_taken": true},
{"event": "branch", "inst_addr": "0x560c9b725e87", "branch_taken": false},
{"event": "branch", "inst_addr": "0x560c9b7259c4", "branch_taken": true},
{"event": "branch", "inst_addr": "0x560c9b7259c4", "branch_taken": true},
{"event": "branch", "inst_addr": "0x560c9b725a24", "branch_taken": true},
{"event": "branch", "inst_addr": "0x560c9b725ec6", "branch_taken": true},
{"event": "branch", "inst_addr": "0x560c9b725f45", "branch_taken": true},
{"event": "branch", "inst_addr": "0x560c9b725d15", "branch_taken": false},
{"event": "branch", "inst_addr": "0x560c9b725d1f", "branch_taken": true},
{"event": "branch", "inst_addr": "0x560c9b725d67", "branch_taken": true},
{"event": "branch", "inst_addr": "0x560c9b725daf", "branch_taken": true},
{"event": "branch", "inst_addr": "0x560c9b725df7", "branch_taken": true},
{"event": "branch", "inst_addr": "0x560c9b725e3f", "branch_taken": true},
{"event": "branch", "inst_addr": "0x560c9b725e87", "branch_taken": true},
{"event": "branch", "inst_addr": "0x560c9b725ecc", "branch_taken": false},
{"event": "branch", "inst_addr": "0x560c9b725ed2", "branch_taken": false},
{"event": "branch", "inst_addr": "0x560c9b725ed8", "branch_taken": false},
{"event": "branch", "inst_addr": "0x560c9b725f00", "branch_taken": true},
{"event": "branch", "inst_addr": "0x560c9b725f2a", "branch_taken": true},
{"event": "branch", "inst_addr": "0x560c9b725f45", "branch_taken": true},
{"event": "branch", "inst_addr": "0x560c9b725d15", "branch_taken": false},
{"event": "branch", "inst_addr": "0x560c9b725d1f", "branch_taken": true},
{"event": "branch", "inst_addr": "0x560c9b725d67", "branch_taken": true},
{"event": "branch", "inst_addr": "0x560c9b725daf", "branch_taken": true},
{"event": "branch", "inst_addr": "0x560c9b725df7", "branch_taken": true},
{"event": "branch", "inst_addr": "0x560c9b725e3f", "branch_taken": true},
{"event": "branch", "inst_addr": "0x560c9b725e87", "branch_taken": true},
{"event": "branch", "inst_addr": "0x560c9b725ecc", "branch_taken": false},
{"event": "branch", "inst_addr": "0x560c9b725ed2", "branch_taken": false},
{"event": "branch", "inst_addr": "0x560c9b725ed8", "branch_taken": false},
{"event": "branch", "inst_addr": "0x560c9b725f00", "branch_taken": true},
{"event": "branch", "inst_addr": "0x560c9b725f2a", "branch_taken": true},
{"event": "branch", "inst_addr": "0x560c9b725f45", "branch_taken": true},
{"event": "branch", "inst_addr": "0x560c9b725d15", "branch_taken": false},
{"event": "branch", "inst_addr": "0x560c9b725d1f", "branch_taken": true},
{"event": "branch", "inst_addr": "0x560c9b725d67", "branch_taken": true},
{"event": "branch", "inst_addr": "0x560c9b725daf", "branch_taken": true},
{"event": "branch", "inst_addr": "0x560c9b725df7", "branch_taken": true},
{"event": "branch", "inst_addr": "0x560c9b725e3f", "branch_taken": true},
{"event": "branch", "inst_addr": "0x560c9b725e87", "branch_taken": true},
{"event": "branch", "inst_addr": "0x560c9b725ecc", "branch_taken": false},
{"event": "branch", "inst_addr": "0x560c9b725ed2", "branch_taken": false},
{"event": "branch", "inst_addr": "0x560c9b725ed8", "branch_taken": false},
{"event": "branch", "inst_addr": "0x560c9b725f00", "branch_taken": true},
{"event": "branch", "inst_addr": "0x560c9b725f2a", "branch_taken": true},
{"event": "branch", "inst_addr": "0x560c9b725f45", "branch_taken": true},
{"event": "branch", "inst_addr": "0x560c9b725d15", "branch_taken": false},
{"event": "branch", "inst_addr": "0x560c9b725d1f", "branch_taken": true},
{"event": "branch", "inst_addr": "0x560c9b725d67", "branch_taken": true},
{"event": "branch", "inst_addr": "0x560c9b725daf", "branch_taken": true},
{"event": "branch", "inst_addr": "0x560c9b725df7", "branch_taken": true},
{"event": "branch", "inst_addr": "0x560c9b725e3f", "branch_taken": true},
{"event": "branch", "inst_addr": "0x560c9b725e87", "branch_taken": true},
{"event": "branch", "inst_addr": "0x560c9b725ecc", "branch_taken": false},
{"event": "branch", "inst_addr": "0x560c9b725ed2", "branch_taken": false},
{"event": "branch", "inst_addr": "0x560c9b725ed8", "branch_taken": false},
{"event": "branch", "inst_addr": "0x560c9b725f00", "branch_taken": false},
{"event": "branch", "inst_addr": "0x560c9b725a24", "branch_taken": true},
{"event": "branch", "inst_addr": "0x560c9b725f21", "branch_taken": true},
{"event": "branch", "inst_addr": "0x560c9b725f45", "branch_taken": true},
{"event": "branch", "inst_addr": "0x560c9b725d15", "branch_taken": false},
{"event": "branch", "inst_addr": "0x560c9b725d1f", "branch_taken": true},
{"event": "branch", "inst_addr": "0x560c9b725d67", "branch_taken": true},
{"event": "branch", "inst_addr": "0x560c9b725daf", "branch_taken": true},
{"event": "branch", "inst_addr": "0x560c9b725df7", "branch_taken": true},
{"event": "branch", "inst_addr": "0x560c9b725e3f", "branch_taken": false},
{"event": "branch", "inst_addr": "0x560c9b7259c4", "branch_taken": true},
{"event": "branch", "inst_addr": "0x560c9b7259c4", "branch_taken": true},
{"event": "branch", "inst_addr": "0x560c9b725bda", "branch_taken": true},
{"event": "branch", "inst_addr": "0x560c9b725c1e", "branch_taken": true},
{"event": "branch", "inst_addr": "0x560c9b725c1e", "branch_taken": true},
{"event": "branch", "inst_addr": "0x560c9b725c1e", "branch_taken": true},
{"event": "branch", "inst_addr": "0x560c9b725c1e", "branch_taken": true},
{"event": "branch", "inst_addr": "0x560c9b725c1e", "branch_taken": true},
{"event": "branch", "inst_addr": "0x560c9b725c1e", "branch_taken": true},
{"event": "branch", "inst_addr": "0x560c9b725c1e", "branch_taken": false},
{"event": "branch", "inst_addr": "0x560c9b725c30", "branch_taken": true},
{"event": "branch", "inst_addr": "0x560c9b725a24", "branch_taken": true},
{"event": "branch", "inst_addr": "0x560c9b725e7e", "branch_taken": true},
{"event": "branch", "inst_addr": "0x560c9b725f45", "branch_taken": true},
{"event": "branch", "inst_addr": "0x560c9b725d15", "branch_taken": false},
{"event": "branch", "inst_addr": "0x560c9b725d1f", "branch_taken": false},
{"event": "branch", "inst_addr": "0x560c9b7259c4", "branch_taken": true},
{"event": "branch", "inst_addr": "0x560c9b7259c4", "branch_taken": true},
{"event": "branch", "inst_addr": "0x560c9b725a81", "branch_taken": true},
{"event": "branch", "inst_addr": "0x560c9b725a91", "branch_taken": true},
{"event": "branch", "inst_addr": "0x560c9b725a91", "branch_taken": true},
{"event": "branch", "inst_addr": "0x560c9b725a91", "branch_taken": true},
{"event": "branch", "inst_addr": "0x560c9b725a91", "branch_taken": false},
{"event": "branch", "inst_addr": "0x560c9b725a24", "branch_taken": true},
{"event": "branch", "inst_addr": "0x560c9b725d5e", "branch_taken": true},
{"event": "branch", "inst_addr": "0x560c9b725f45", "branch_taken": true},
{"event": "branch", "inst_addr": "0x560c9b725d15", "branch_taken": false},
{"event": "branch", "inst_addr": "0x560c9b725d1f", "branch_taken": true},
{"event": "branch", "inst_addr": "0x560c9b725d67", "branch_taken": true},
{"event": "branch", "inst_addr": "0x560c9b725daf", "branch_taken": true},
{"event": "branch", "inst_addr": "0x560c9b725df7", "branch_taken": true},
{"event": "branch", "inst_addr": "0x560c9b725e3f", "branch_taken": true},
{"event": "branch", "inst_addr": "0x560c9b725e87", "branch_taken": true},
{"event": "branch", "inst_addr": "0x560c9b725ecc", "branch_taken": false},
{"event": "branch", "inst_addr": "0x560c9b725ed2", "branch_taken": false},
{"event": "branch", "inst_addr": "0x560c9b725ed8", "branch_taken": false},
{"event": "branch", "inst_addr": "0x560c9b725f00", "branch_taken": true},
{"event": "branch", "inst_addr": "0x560c9b725f2a", "branch_taken": true},
{"event": "branch", "inst_addr": "0x560c9b725f45", "branch_taken": true},
{"event": "branch", "inst_addr": "0x560c9b725d15", "branch_taken": false},
{"event": "branch", "inst_addr": "0x560c9b725d1f", "branch_taken": true},
{"event": "branch", "inst_addr": "0x560c9b725d67", "branch_taken": true},
{"event": "branch", "inst_addr": "0x560c9b725daf", "branch_taken": true},
{"event": "branch", "inst_addr": "0x560c9b725df7", "branch_taken": true},
{"event": "branch", "inst_addr": "0x560c9b725e3f", "branch_taken": true},
{"event": "branch", "inst_addr": "0x560c9b725e87", "branch_taken": true},
{"event": "branch", "inst_addr": "0x560c9b725ecc", "branch_taken": false},
{"event": "branch", "inst_addr": "0x560c9b725ed2", "branch_taken": false},
{"event": "branch", "inst_addr": "0x560c9b725ed8", "branch_taken": false},
{"event": "branch", "inst_addr": "0x560c9b725f00", "branch_taken": true},
{"event": "branch", "inst_addr": "0x560c9b725f2a", "branch_taken": true},
{"event": "branch", "inst_addr": "0x560c9b725f45", "branch_taken": true},
{"event": "branch", "inst_addr": "0x560c9b725d15", "branch_taken": false},
{"event": "branch", "inst_addr": "0x560c9b725d1f", "branch_taken": true},
{"event": "branch", "inst_addr": "0x560c9b725d67", "branch_taken": true},
{"event": "branch", "inst_addr": "0x560c9b725daf", "branch_taken": true},
{"event": "branch", "inst_addr": "0x560c9b725df7", "branch_taken": true},
{"event": "branch", "inst_addr": "0x560c9b725e3f", "branch_taken": true},
{"event": "branch", "inst_addr": "0x560c9b725e87", "branch_taken": true},
{"event": "branch", "inst_addr": "0x560c9b725ecc", "branch_taken": false},
{"event": "branch", "inst_addr": "0x560c9b725ed2", "branch_taken": false},
{"event": "branch", "inst_addr": "0x560c9b725ed8", "branch_taken": false},
{"event": "branch", "inst_addr": "0x560c9b725f00", "branch_taken": true},
{"event": "branch", "inst_addr": "0x560c9b725f2a", "branch_taken": true},
{"event": "branch", "inst_addr": "0x560c9b725f45", "branch_taken": true},
{"event": "branch", "inst_addr": "0x560c9b725d15", "branch_taken": false},
{"event": "branch", "inst_addr": "0x560c9b725d1f", "branch_taken": true},
{"event": "branch", "inst_addr": "0x560c9b725d67", "branch_taken": true},
{"event": "branch", "inst_addr": "0x560c9b725daf", "branch_taken": true},
{"event": "branch", "inst_addr": "0x560c9b725df7", "branch_taken": true},
{"event": "branch", "inst_addr": "0x560c9b725e3f", "branch_taken": true},
{"event": "branch", "inst_addr": "0x560c9b725e87", "branch_taken": true},
{"event": "branch", "inst_addr": "0x560c9b725ecc", "branch_taken": false},
{"event": "branch", "inst_addr": "0x560c9b725ed2", "branch_taken": false},
{"event": "branch", "inst_addr": "0x560c9b725ed8", "branch_taken": false},
{"event": "branch", "inst_addr": "0x560c9b725f00", "branch_taken": false},
{"event": "branch", "inst_addr": "0x560c9b725a24", "branch_taken": true},
{"event": "branch", "inst_addr": "0x560c9b725f21", "branch_taken": true},
{"event": "branch", "inst_addr": "0x560c9b725f45", "branch_taken": true},
{"event": "branch", "inst_addr": "0x560c9b725d15", "branch_taken": false},
{"event": "branch", "inst_addr": "0x560c9b725d1f", "branch_taken": true},
{"event": "branch", "inst_addr": "0x560c9b725d67", "branch_taken": true},
{"event": "branch", "inst_addr": "0x560c9b725daf", "branch_taken": false},
{"event": "branch", "inst_addr": "0x560c9b7259c4", "branch_taken": true},
{"event": "branch", "inst_addr": "0x560c9b7259c4", "branch_taken": true},
{"event": "branch", "inst_addr": "0x560c9b725a24", "branch_taken": true},
{"event": "branch", "inst_addr": "0x560c9b725dee", "branch_taken": true},
{"event": "branch", "inst_addr": "0x560c9b725f45", "branch_taken": false},
{"event": "branch", "inst_addr": "0x560c9b7259c4", "branch_taken": true},
{"event": "branch", "inst_addr": "0x560c9b7256e0", "branch_taken": true},
{"event": "branch", "inst_addr": "0x560c9b725817", "branch_taken": false},
{"event": "branch", "inst_addr": "0x560c9b725825", "branch_taken": false},
{"event": "branch", "inst_addr": "0x560c9b725740", "branch_taken": true},
{"event": "branch", "inst_addr": "0x560c9b725795", "branch_taken": true},
{"event": "exit", "exit_code": 0}
]
