[
{"event": "image_load", "image_name": "***/box8", "image_id": 1, "base_addr": "0x555b9c0e8000", "image_size": "0x17cf"},
{"event": "image_load", "image_name": "/lib64/ld-linux-x86-64.so.2", "image_id": 2, "base_addr": "0x7f3566846000", "image_size": "0x26c23"},
{"event": "image_load", "image_name": "[vdso]", "image_id": 3, "base_addr": "0x7ffec33de000", "image_size": "0x95a"},
{"event": "image_load", "image_name": "/lib/x86_64-linux-gnu/libc.so.6", "image_id": 4, "base_addr": "0x7f355205e000", "image_size": "0x3f0adf"},
{"event": "branch", "inst_addr": "0x555b9c0e86a6", "branch_taken": true},
{"event": "branch", "inst_addr": "0x555b9c0e92d4", "branch_taken": false},
{"event": "branch", "inst_addr": "0x555b9c0e8855", "branch_taken": true},
{"event": "branch", "inst_addr": "0x555b9c0e87e6", "branch_taken": true},
{"event": "branch", "inst_addr": "0x555b9c0e92f4", "branch_taken": false},
{"event": "branch", "inst_addr": "0x555b9c0e8710", "branch_taken": true},
{"event": "branch", "inst_addr": "0x555b9c0e86f0", "branch_taken": true},
{"event": "branch", "inst_addr": "0x555b9c0e923b", "branch_taken": true},
{"event": "branch", "inst_addr": "0x555b9c0e8720", "branch_taken": true},
{"event": "branch", "inst_addr": "0x555b9c0e8700", "branch_taken": true},
{"event": "branch", "inst_addr": "0x555b9c0e8f95", "branch_taken": true},
{"event": "branch", "inst_addr": "0x555b9c0e91d8", "branch_taken": true},
{"event": "branch", "inst_addr": "0x555b9c0e8fa8", "branch_taken": false},
{"event": "branch", "inst_addr": "0x555b9c0e8fb2", "branch_taken": true},
{"event": "branch", "inst_addr": "0x555b9c0e8ffa", "branch_taken": true},
{"event": "branch", "inst_addr": "0x555b9c0e9042", "branch_taken": true},
{"event": "branch", "inst_addr": "0x555b9c0e908a", "branch_taken": true},
{"event": "branch", "inst_addr": "0x555b9c0e90d2", "branch_taken": true},
{"event": "branch", "inst_addr": "0x555b9c0e911a", "branch_taken": true},
{"event": "branch", "inst_addr": "0x555b9c0e915f", "branch_taken": false},
{"event": "branch", "inst_addr": "0x555b9c0e9165", "branch_taken": false},
{"event": "branch", "inst_addr": "0x555b9c0e916b", "branch_taken": false},
{"event": "branch", "inst_addr": "0x555b9c0e9193", "branch_taken": true},
{"event": "branch", "inst_addr": "0x555b9c0e91bd", "branch_taken": true},
{"event": "branch", "inst_addr": "0x555b9c0e91d8", "branch_taken": true},
{"event": "branch", "inst_addr": "0x555b9c0e8fa8", "branch_taken": false},
{"event": "branch", "inst_addr": "0x555b9c0e8fb2", "branch_taken": true},
{"event": "branch", "inst_addr": "0x555b9c0e8ffa", "branch_taken": true},
{"event": "branch", "inst_addr": "0x555b9c0e9042", "branch_taken": true},
{"event": "branch", "inst_addr": "0x555b9c0e908a", "branch_taken": true},
{"event": "branch", "inst_addr": "0x555b9c0e90d2", "branch_taken": true},
{"event": "branch", "inst_addr": "0x555b9c0e911a", "branch_taken": true},
{"event": "branch", "inst_addr": "0x555b9c0e915f", "branch_taken": false},
{"event": "branch", "inst_addr": "0x555b9c0e9165", "branch_taken": false},
{"event": "branch", "inst_addr": "0x555b9c0e916b", "branch_taken": false},
{"event": "branch", "inst_addr": "0x555b9c0e9193", "branch_taken": true},
{"event": "branch", "inst_addr": "0x555b9c0e91bd", "branch_taken": true},
{"event": "branch", "inst_addr": "0x555b9c0e91d8", "branch_taken": true},
{"event": "branch", "inst_addr": "0x555b9c0e8fa8", "branch_taken": false},
{"event": "branch", "inst_addr": "0x555b9c0e8fb2", "branch_taken": true},
{"event": "branch", "inst_addr": "0x555b9c0e8ffa", "branch_taken": true},
{"event": "branch", "inst_addr": "0x555b9c0e9042", "branch_taken": true},
{"event": "branch", "inst_addr": "0x555b9c0e908a", "branch_taken": true},
{"event": "branch", "inst_addr": "0x555b9c0e90d2", "branch_taken": true},
{"event": "branch", "inst_addr": "0x555b9c0e911a", "branch_taken": true},
{"event": "branch", "inst_addr": "0x555b9c0e915f", "branch_taken": false},
{"event": "branch", "inst_addr": "0x555b9c0e9165", "branch_taken": false},
{"event": "branch", "inst_addr": "0x555b9c0e916b", "branch_taken": false},
{"event": "branch", "inst_addr": "0x555b9c0e9193", "branch_taken": true},
{"event": "branch", "inst_addr": "0x555b9c0e91bd", "branch_taken": true},
{"event": "branch", "inst_addr": "0x555b9c0e91d8", "branch_taken": true},
{"event": "branch", "inst_addr": "0x555b9c0e8fa8", "branch_taken": false},
{"event": "branch", "inst_addr": "0x555b9c0e8fb2", "branch_taken": true},
{"event": "branch", "inst_addr": "0x555b9c0e8ffa", "branch_taken": true},
{"event": "branch", "inst_addr": "0x555b9c0e9042", "branch_taken": true},
{"event": "branch", "inst_addr": "0x555b9c0e908a", "branch_taken": true},
{"event": "branch", "inst_addr": "0x555b9c0e90d2", "branch_taken": true},
{"event": "branch", "inst_addr": "0x555b9c0e911a", "branch_taken": true},
{"event": "branch", "inst_addr": "0x555b9c0e915f", "branch_taken": false},
{"event": "branch", "inst_addr": "0x555b9c0e9165", "branch_taken": false},
{"event": "branch", "inst_addr": "0x555b9c0e916b", "branch_taken": false},
{"event": "branch", "inst_addr": "0x555b9c0e9193", "branch_taken": false},
{"event": "branch", "inst_addr": "0x555b9c0e8a24", "branch_taken": true},
{"event": "branch", "inst_addr": "0x555b9c0e91b4", "branch_taken": true},
{"event": "branch", "inst_addr": "0x555b9c0e91d8", "branch_taken": true},
{"event": "branch", "inst_addr": "0x555b9c0e8fa8", "branch_taken": false},
{"event": "branch", "inst_addr": "0x555b9c0e8fb2", "branch_taken": true},
{"event": "branch", "inst_addr": "0x555b9c0e8ffa", "branch_taken": true},
{"event": "branch", "inst_addr": "0x555b9c0e9042", "branch_taken": true},
{"event": "branch", "inst_addr": "0x555b9c0e908a", "branch_taken": true},
{"event": "branch", "inst_addr": "0x555b9c0e90d2", "branch_taken": true},
{"event": "branch", "inst_addr": "0x555b9c0e911a", "branch_taken": true},
{"event": "branch", "inst_addr": "0x555b9c0e915f", "branch_taken": false},
{"event": "branch", "inst_addr": "0x555b9c0e9165", "branch_taken": false},
{"event": "branch", "inst_addr": "0x555b9c0e916b", "branch_taken": false},
{"event": "branch", "inst_addr": "0x555b9c0e9193", "branch_taken": true},
{"event": "branch", "inst_addr": "0x555b9c0e91bd", "branch_taken": true},
{"event": "branch", "inst_addr": "0x555b9c0e91d8", "branch_taken": true},
{"event": "branch", "inst_addr": "0x555b9c0e8fa8", "branch_taken": false},
{"event": "branch", "inst_addr": "0x555b9c0e8fb2", "branch_taken": true},
{"event": "branch", "inst_addr": "0x555b9c0e8ffa", "branch_taken": true},
{"event": "branch", "inst_addr": "0x555b9c0e9042", "branch_taken": true},
{"event": "branch", "inst_addr": "0x555b9c0e908a", "branch_taken": true},
{"event": "branch", "inst_addr": "0x555b9c0e90d2", "branch_taken": true},
{"event": "branch", "inst_addr": "0x555b9c0e911a", "branch_taken": true},
{"event": "branch", "inst_addr": "0x555b9c0e915f", "branch_taken": false},
{"event": "branch", "inst_addr": "0x555b9c0e9165", "branch_taken": false},
{"event": "branch", "inst_addr": "0x555b9c0e916b", "branch_taken": false},
{"event": "branch", "inst_addr": "0x555b9c0e9193", "branch_taken": true},
{"event": "branch", "inst_addr": "0x555b9c0e91bd", "branch_taken": true},
{"event": "branch", "inst_addr": "0x555b9c0e91d8", "branch_taken": true},
{"event": "branch", "inst_addr": "0x555b9c0e8fa8", "branch_taken": false},
{"event": "branch", "inst_addr": "0x555b9c0e8fb2", "branch_taken": true},
{"event": "branch", "inst_addr": "0x555b9c0e8ffa", "branch_taken": true},
{"event": "branch", "inst_addr": "0x555b9c0e9042", "branch_taken": true},
{"event": "branch", "inst_addr": "0x555b9c0e908a", "branch_taken": true},
{"event": "branch", "inst_addr": "0x555b9c0e90d2", "branch_taken": true},
{"event": "branch", "inst_addr": "0x555b9c0e911a", "branch_taken": true},
{"event": "branch", "inst_addr": "0x555b9c0e915f", "branch_taken": false},
{"event": "branch", "inst_addr": "0x555b9c0e9165", "branch_taken": false},
{"event": "branch", "inst_addr": "0x555b9c0e916b", "branch_taken": false},
{"event": "branch", "inst_addr": "0x555b9c0e9193", "branch_taken": true},
{"event": "branch", "inst_addr": "0x555b9c0e91bd", "branch_taken": true},
{"event": "branch", "inst_addr": "0x555b9c0e91d8", "branch_taken": true},
{"event": "branch", "inst_addr": "0x555b9c0e8fa8", "branch_taken": false},
{"event": "branch", "inst_addr": "0x555b9c0e8fb2", "branch_taken": true},
{"event": "branch", "inst_addr": "0x555b9c0e8ffa", "branch_taken": true},
{"event": "branch", "inst_addr": "0x555b9c0e9042", "branch_taken": true},
{"event": "branch", "inst_addr": "0x555b9c0e908a", "branch_taken": true},
{"event": "branch", "inst_addr": "0x555b9c0e90d2", "branch_taken": true},
{"event": "branch", "inst_addr": "0x555b9c0e911a", "branch_taken": true},
{"event": "branch", "inst_addr": "0x555b9c0e915f", "branch_taken": false},
{"event": "branch", "inst_addr": "0x555b9c0e9165", "branch_taken": false},
{"event": "branch", "inst_addr": "0x555b9c0e916b", "branch_taken": false},
{"event": "branch", "inst_addr": "0x555b9c0e9193", "branch_taken": false},
{"event": "branch", "inst_addr": "0x555b9c0e8a24", "branch_taken": true},
{"event": "branch", "inst_addr": "0x555b9c0e91b4", "branch_taken": true},
{"event": "branch", "inst_addr": "0x555b9c0e91d8", "branch_taken": true},
{"event": "branch", "inst_addr": "0x555b9c0e8fa8", "branch_taken": false},
{"event": "branch", "inst_addr": "0x555b9c0e8fb2", "branch_taken": true},
{"event": "branch", "inst_addr": "0x555b9c0e8ffa", "branch_taken": true},
{"event": "branch", "inst_addr": "0x555b9c0e9042", "branch_taken": false},
{"event": "branch", "inst_addr": "0x555b9c0e89c4", "branch_taken": true},
{"event": "branch", "inst_addr": "0x555b9c0e89c4", "branch_taken": true},
{"event": "branch", "inst_addr": "0x555b9c0e8bfa", "branch_taken": true},
{"event": "branch", "inst_addr": "0x555b9c0e8bfa", "branch_taken": true},
{"event": "branch", "inst_addr": "0x555b9c0e8bfa", "branch_taken": true},
{"event": "branch", "inst_addr": "0x555b9c0e8bfa", "branch_taken": true},
{"event": "branch", "inst_addr": "0x555b9c0e8bfa", "branch_taken": false},
{"event": "branch", "inst_addr": "0x555b9c0e8c01", "branch_taken": true},
{"event": "branch", "inst_addr": "0x555b9c0e8c35", "branch_taken": false},
{"event": "branch", "inst_addr": "0x555b9c0e8c35", "branch_taken": true},
{"event": "branch", "inst_addr": "0x555b9c0e8c35", "branch_taken": false},
{"event": "branch", "inst_addr": "0x555b9c0e8c35", "branch_taken": true},
{"event": "branch", "inst_addr": "0x555b9c0e8a24", "branch_taken": true},
{"event": "branch", "inst_addr": "0x555b9c0e9081", "branch_taken": true},
{"event": "branch", "inst_addr": "0x555b9c0e91d8", "branch_taken": true},
{"event": "branch", "inst_addr": "0x555b9c0e8fa8", "branch_taken": false},
{"event": "branch", "inst_addr": "0x555b9c0e8fb2", "branch_taken": true},
{"event": "branch", "inst_addr": "0x555b9c0e8ffa", "branch_taken": true},
{"event": "branch", "inst_addr": "0x555b9c0e9042", "branch_taken": true},
{"event": "branch", "inst_addr": "0x555b9c0e908a", "branch_taken": true},
{"event": "branch", "inst_addr": "0x555b9c0e90d2", "branch_taken": true},
{"event": "branch", "inst_addr": "0x555b9c0e911a", "branch_taken": true},
{"event": "branch", "inst_addr": "0x555b9c0e915f", "branch_taken": false},
{"event": "branch", "inst_addr": "0x555b9c0e9165", "branch_taken": false},
{"event": "branch", "inst_addr": "0x555b9c0e916b", "branch_taken": false},
{"event": "branch", "inst_addr": "0x555b9c0e9193", "branch_taken": true},
{"event": "branch", "inst_addr": "0x555b9c0e91bd", "branch_taken": true},
{"event": "branch", "inst_addr": "0x555b9c0e91d8", "branch_taken": true},
{"event": "branch", "inst_addr": "0x555b9c0e8fa8", "branch_taken": false},
{"event": "branch", "inst_addr": "0x555b9c0e8fb2", "branch_taken": true},
{"event": "branch", "inst_addr": "0x555b9c0e8ffa", "branch_taken": true},
{"event": "branch", "inst_addr": "0x555b9c0e9042", "branch_taken": true},
{"event": "branch", "inst_addr": "0x555b9c0e908a", "branch_taken": true},
{"event": "branch", "inst_addr": "0x555b9c0e90d2", "branch_taken": true},
{"event": "branch", "inst_addr": "0x555b9c0e911a", "branch_taken": true},
{"event": "branch", "inst_addr": "0x555b9c0e915f", "branch_taken": false},
{"event": "branch", "inst_addr": "0x555b9c0e9165", "branch_taken": false},
{"event": "branch", "inst_addr": "0x555b9c0e916b", "branch_taken": false},
{"event": "branch", "inst_addr": "0x555b9c0e9193", "branch_taken": true},
{"event": "branch", "inst_addr": "0x555b9c0e91bd", "branch_taken": true},
{"event": "branch", "inst_addr": "0x555b9c0e91d8", "branch_taken": true},
{"event": "branch", "inst_addr": "0x555b9c0e8fa8", "branch_taken": false},
{"event": "branch", "inst_addr": "0x555b9c0e8fb2", "branch_taken": true},
{"event": "branch", "inst_addr": "0x555b9c0e8ffa", "branch_taken": true},
{"event": "branch", "inst_addr": "0x555b9c0e9042", "branch_taken": true},
{"event": "branch", "inst_addr": "0x555b9c0e908a", "branch_taken": true},
{"event": "branch", "inst_addr": "0x555b9c0e90d2", "branch_taken": true},
{"event": "branch", "inst_addr": "0x555b9c0e911a", "branch_taken": true},
{"event": "branch", "inst_addr": "0x555b9c0e915f", "branch_taken": false},
{"event": "branch", "inst_addr": "0x555b9c0e9165", "branch_taken": false},
{"event": "branch", "inst_addr": "0x555b9c0e916b", "branch_taken": false},
{"event": "branch", "inst_addr": "0x555b9c0e9193", "branch_taken": true},
{"event": "branch", "inst_addr": "0x555b9c0e91bd", "branch_taken": true},
{"event": "branch", "inst_addr": "0x555b9c0e91d8", "branch_taken": true},
{"event": "branch", "inst_addr": "0x555b9c0e8fa8", "branch_taken": false},
{"event": "branch", "inst_addr": "0x555b9c0e8fb2", "branch_taken": true},
{"event": "branch", "inst_addr": "0x555b9c0e8ffa", "branch_taken": true},
{"event": "branch", "inst_addr": "0x555b9c0e9042", "branch_taken": true},
{"event": "branch", "inst_addr": "0x555b9c0e908a", "branch_taken": true},
{"event": "branch", "inst_addr": "0x555b9c0e90d2", "branch_taken": true},
{"event": "branch", "inst_addr": "0x555b9c0e911a", "branch_taken": true},
{"event": "branch", "inst_addr": "0x555b9c0e915f", "branch_taken": false},
{"event": "branch", "inst_addr": "0x555b9c0e9165", "branch_taken": false},
{"event": "branch", "inst_addr": "0x555b9c0e916b", "branch_taken": false},
{"event": "branch", "inst_addr": "0x555b9c0e9193", "branch_taken": false},
{"event": "branch", "inst_addr": "0x555b9c0e8a24", "branch_taken": true},
{"event": "branch", "inst_addr": "0x555b9c0e91b4", "branch_taken": true},
{"event": "branch", "inst_addr": "0x555b9c0e91d8", "branch_taken": true},
{"event": "branch", "inst_addr": "0x555b9c0e8fa8", "branch_taken": false},
{"event": "branch", "inst_addr": "0x555b9c0e8fb2", "branch_taken": true},
{"event": "branch", "inst_addr": "0x555b9c0e8ffa", "branch_taken": true},
{"event": "branch", "inst_addr": "0x555b9c0e9042", "branch_taken": true},
{"event": "branch", "inst_addr": "0x555b9c0e908a", "branch_taken": true},
{"event": "branch", "inst_addr": "0x555b9c0e90d2", "branch_taken": true},
{"event": "branch", "inst_addr": "0x555b9c0e911a", "branch_taken": true},
{"event": "branch", "inst_addr": "0x555b9c0e915f", "branch_taken": false},
{"event": "branch", "inst_addr": "0x555b9c0e9165", "branch_taken": false},
{"event": "branch", "inst_addr": "0x555b9c0e916b", "branch_taken": false},
{"event": "branch", "inst_addr": "0x555b9c0e9193", "branch_taken": true},
{"event": "branch", "inst_addr": "0x555b9c0e91bd", "branch_taken": true},
{"event": "branch", "inst_addr": "0x555b9c0e91d8", "branch_taken": true},
{"event": "branch", "inst_addr": "0x555b9c0e8fa8", "branch_taken": false},
{"event": "branch", "inst_addr": "0x555b9c0e8fb2", "branch_taken": true},
{"event": "branch", "inst_addr": "0x555b9c0e8ffa", "branch_taken": true},
{"event": "branch", "inst_addr": "0x555b9c0e9042", "branch_taken": true},
{"event": "branch", "inst_addr": "0x555b9c0e908a", "branch_taken": true},
{"event": "branch", "inst_addr": "0x555b9c0e90d2", "branch_taken": true},
{"event": "branch", "inst_addr": "0x555b9c0e911a", "branch_taken": true},
{"event": "branch", "inst_addr": "0x555b9c0e915f", "branch_taken": false},
{"event": "branch", "inst_addr": "0x555b9c0e9165", "branch_taken": false},
{"event": "branch", "inst_addr": "0x555b9c0e916b", "branch_taken": false},
{"event": "branch", "inst_addr": "0x555b9c0e9193", "branch_taken": true},
{"event": "branch", "inst_addr": "0x555b9c0e91bd", "branch_taken": true},
{"event": "branch", "inst_addr": "0x555b9c0e91d8", "branch_taken": true},
{"event": "branch", "inst_addr": "0x555b9c0e8fa8", "branch_taken": false},
{"event": "branch", "inst_addr": "0x555b9c0e8fb2", "branch_taken": true},
{"event": "branch", "inst_addr": "0x555b9c0e8ffa", "branch_taken": true},
{"event": "branch", "inst_addr": "0x555b9c0e9042", "branch_taken": true},
{"event": "branch", "inst_addr": "0x555b9c0e908a", "branch_taken": true},
{"event": "branch", "inst_addr": "0x555b9c0e90d2", "branch_taken": true},
{"event": "branch", "inst_addr": "0x555b9c0e911a", "branch_taken": true},
{"event": "branch", "inst_addr": "0x555b9c0e915f", "branch_taken": false},
{"event": "branch", "inst_addr": "0x555b9c0e9165", "branch_taken": false},
{"event": "branch", "inst_addr": "0x555b9c0e916b", "branch_taken": false},
{"event": "branch", "inst_addr": "0x555b9c0e9193", "branch_taken": true},
{"event": "branch", "inst_addr": "0x555b9c0e91bd", "branch_taken": true},
{"event": "branch", "inst_addr": "0x555b9c0e91d8", "branch_taken": true},
{"event": "branch", "inst_addr": "0x555b9c0e8fa8", "branch_taken": false},
{"event": "branch", "inst_addr": "0x555b9c0e8fb2", "branch_taken": true},
{"event": "branch", "inst_addr": "0x555b9c0e8ffa", "branch_taken": true},
{"event": "branch", "inst_addr": "0x555b9c0e9042", "branch_taken": true},
{"event": "branch", "inst_addr": "0x555b9c0e908a", "branch_taken": true},
{"event": "branch", "inst_addr": "0x555b9c0e90d2", "branch_taken": true},
{"event": "branch", "inst_addr": "0x555b9c0e911a", "branch_taken": true},
{"event": "branch", "inst_addr": "0x555b9c0e915f", "branch_taken": false},
{"event": "branch", "inst_addr": "0x555b9c0e9165", "branch_taken": false},
{"event": "branch", "inst_addr": "0x555b9c0e916b", "branch_taken": false},
{"event": "branch", "inst_addr": "0x555b9c0e9193", "branch_taken": false},
{"event": "branch", "inst_addr": "0x555b9c0e8a24", "branch_taken": true},
{"event": "branch", "inst_addr": "0x555b9c0e91b4", "branch_taken": true},
{"event": "branch", "inst_addr": "0x555b9c0e91d8", "branch_taken": true},
{"event": "branch", "inst_addr": "0x555b9c0e8fa8", "branch_taken": false},
{"event": "branch", "inst_addr": "0x555b9c0e8fb2", "branch_taken": false},
{"event": "branch", "inst_addr": "0x555b9c0e89c4", "branch_taken": true},
{"event": "branch", "inst_addr": "0x555b9c0e89c4", "branch_taken": true},
{"event": "branch", "inst_addr": "0x555b9c0e8a81", "branch_taken": true},
{"event": "branch", "inst_addr": "0x555b9c0e8a91", "branch_taken": true},
{"event": "branch", "inst_addr": "0x555b9c0e8a91", "branch_taken": true},
{"event": "branch", "inst_addr": "0x555b9c0e8a91", "branch_taken": true},
{"event": "branch", "inst_addr": "0x555b9c0e8a91", "branch_taken": true},
{"event": "branch", "inst_addr": "0x555b9c0e8a91", "branch_taken": true},
{"event": "branch", "inst_addr": "0x555b9c0e8a91", "branch_taken": true},
{"event": "branch", "inst_addr": "0x555b9c0e8a91", "branch_taken": true},
{"event": "branch", "inst_addr": "0x555b9c0e8a91", "branch_taken": true},
{"event": "branch", "inst_addr": "0x555b9c0e8a91", "branch_taken": true},
{"event": "branch", "inst_addr": "0x555b9c0e8a91", "branch_taken": true},
{"event": "branch", "inst_addr": "0x555b9c0e8a91", "branch_taken": true},
{"event": "branch", "inst_addr": "0x555b9c0e8a91", "branch_taken": true},
{"event": "branch", "inst_addr": "0x555b9c0e8a91", "branch_taken": true},
{"event": "branch", "inst_addr": "0x555b9c0e8a91", "branch_taken": true},
{"event": "branch", "inst_addr": "0x555b9c0e8a91", "branch_taken": true},
{"event": "branch", "inst_addr": "0x555b9c0e8a91", "branch_taken": true},
{"event": "branch", "inst_addr": "0x555b9c0e8a91", "branch_taken": true},
{"event": "branch", "inst_addr": "0x555b9c0e8a91", "branch_taken": true},
{"event": "branch", "inst_addr": "0x555b9c0e8a91", "branch_taken": true},
{"event": "branch", "inst_addr": "0x555b9c0e8a91", "branch_taken": false},
{"event": "branch", "inst_addr": "0x555b9c0e8a24", "branch_taken": true},
{"event": "branch", "inst_addr": "0x555b9c0e8ff1", "branch_taken": true},
{"event": "branch", "inst_addr": "0x555b9c0e91d8", "branch_taken": true},
{"event": "branch", "inst_addr": "0x555b9c0e8fa8", "branch_taken": false},
{"event": "branch", "inst_addr": "0x555b9c0e8fb2", "branch_taken": true},
{"event": "branch", "inst_addr": "0x555b9c0e8ffa", "branch_taken": false},
{"event": "branch", "inst_addr": "0x555b9c0e89c4", "branch_taken": true},
{"event": "branch", "inst_addr": "0x555b9c0e89c4", "branch_taken": true},
{"event": "branch", "inst_addr": "0x555b9c0e8adb", "branch_taken": true},
{"event": "branch", "inst_addr": "0x555b9c0e8afd", "branch_taken": true},
{"event": "branch", "inst_addr": "0x555b9c0e8b22", "branch_taken": true},
{"event": "branch", "inst_addr": "0x555b9c0e8b22", "branch_taken": true},
{"event": "branch", "inst_addr": "0x555b9c0e8b22", "branch_taken": true},
{"event": "branch", "inst_addr": "0x555b9c0e8b22", "branch_taken": true},
{"event": "branch", "inst_addr": "0x555b9c0e8b22", "branch_taken": true},
{"event": "branch", "inst_addr": "0x555b9c0e8b22", "branch_taken": true},
{"event": "branch", "inst_addr": "0x555b9c0e8b22", "branch_taken": true},
{"event": "branch", "inst_addr": "0x555b9c0e8b22", "branch_taken": true},
{"event": "branch", "inst_addr": "0x555b9c0e8b22", "branch_taken": true},
{"event": "branch", "inst_addr": "0x555b9c0e8b22", "branch_taken": true},
{"event": "branch", "inst_addr": "0x555b9c0e8b22", "branch_taken": true},
{"event": "branch", "inst_addr": "0x555b9c0e8b22", "branch_taken": true},
{"event": "branch", "inst_addr": "0x555b9c0e8b22", "branch_taken": true},
{"event": "branch", "inst_addr": "0x555b9c0e8b22", "branch_taken": true},
{"event": "branch", "inst_addr": "0x555b9c0e8b22", "branch_taken": true},
{"event": "branch", "inst_addr": "0x555b9c0e8b22", "branch_taken": true},
{"event": "branch", "inst_addr": "0x555b9c0e8b22", "branch_taken": true},
{"event": "branch", "inst_addr": "0x555b9c0e8b22", "branch_taken": true},
{"event": "branch", "inst_addr": "0x555b9c0e8b22", "branch_taken": true},
{"event": "branch", "inst_addr": "0x555b9c0e8b22", "branch_taken": true},
{"event": "branch", "inst_addr": "0x555b9c0e8b22", "branch_taken": true},
{"event": "branch", "inst_addr": "0x555b9c0e8b22", "branch_taken": true},
{"event": "branch", "inst_addr": "0x555b9c0e8b22", "branch_taken": false},
{"event": "branch", "inst_addr": "0x555b9c0e8b42", "branch_taken": true},
{"event": "branch", "inst_addr": "0x555b9c0e8bc3", "branch_taken": true},
{"event": "branch", "inst_addr": "0x555b9c0e8b56", "branch_taken": false},
{"event": "branch", "inst_addr": "0x555b9c0e8b84", "branch_taken": true},
{"event": "branch", "inst_addr": "0x555b9c0e8bae", "branch_taken": true},
{"event": "branch", "inst_addr": "0x555b9c0e8bae", "branch_taken": true},
{"event": "branch", "inst_addr": "0x555b9c0e8bae", "branch_taken": true},
{"event": "branch", "inst_addr": "0x555b9c0e8bae", "branch_taken": true},
{"event": "branch", "inst_addr": "0x555b9c0e8bae", "branch_taken": true},
{"event": "branch", "inst_addr": "0x555b9c0e8bae", "branch_taken": true},
{"event": "branch", "inst_addr": "0x555b9c0e8bae", "branch_taken": true},
{"event": "branch", "inst_addr": "0x555b9c0e8bae", "branch_taken": true},
{"event": "branch", "inst_addr": "0x555b9c0e8bae", "branch_taken": true},
{"event": "branch", "inst_addr": "0x555b9c0e8bae", "branch_taken": false},
{"event": "branch", "inst_addr": "0x555b9c0e8bc3", "branch_taken": true},
{"event": "branch", "inst_addr": "0x555b9c0e8b56", "branch_taken": false},
{"event": "branch", "inst_addr": "0x555b9c0e8b84", "branch_taken": true},
{"event": "branch", "inst_addr": "0x555b9c0e8bae", "branch_taken": true},
{"event": "branch", "inst_addr": "0x555b9c0e8bae", "branch_taken": true},
{"event": "branch", "inst_addr": "0x555b9c0e8bae", "branch_taken": true},
{"event": "branch", "inst_addr": "0x555b9c0e8bae", "branch_taken": true},
{"event": "branch", "inst_addr": "0x555b9c0e8bae", "branch_taken": true},
{"event": "branch", "inst_addr": "0x555b9c0e8bae", "branch_taken": true},
{"event": "branch", "inst_addr": "0x555b9c0e8bae", "branch_taken": false},
{"event": "branch", "inst_addr": "0x555b9c0e8bc3", "branch_taken": true},
{"event": "branch", "inst_addr": "0x555b9c0e8b56", "branch_taken": true},
{"event": "branch", "inst_addr": "0x555b9c0e8bc3", "branch_taken": true},
{"event": "branch", "inst_addr": "0x555b9c0e8b56", "branch_taken": false},
{"event": "branch", "inst_addr": "0x555b9c0e8b84", "branch_taken": true},
{"event": "branch", "inst_addr": "0x555b9c0e8bae", "branch_taken": true},
{"event": "branch", "inst_addr": "0x555b9c0e8bae", "branch_taken": true},
{"event": "branch", "inst_addr": "0x555b9c0e8bae", "branch_taken": true},
{"event": "branch", "inst_addr": "0x555b9c0e8bae", "branch_taken": false},
{"event": "branch", "inst_addr": "0x555b9c0e8bc3", "branch_taken": true},
{"event": "branch", "inst_addr": "0x555b9c0e8b56", "branch_taken": true},
{"event": "branch", "inst_addr": "0x555b9c0e8bc3", "branch_taken": true},
{"event": "branch", "inst_addr": "0x555b9c0e8b56", "branch_taken": false},
{"event": "branch", "inst_addr": "0x555b9c0e8b84", "branch_taken": true},
{"event": "branch", "inst_addr": "0x555b9c0e8bae", "branch_taken": true},
{"event": "branch", "inst_addr": "0x555b9c0e8bae", "branch_taken": true},
{"event": "branch", "inst_addr": "0x555b9c0e8bae", "branch_taken": false},
{"event": "branch", "inst_addr": "0x555b9c0e8bc3", "branch_taken": true},
{"event": "branch", "inst_addr": "0x555b9c0e8b56", "branch_taken": true},
{"event": "branch", "inst_addr": "0x555b9c0e8bc3", "branch_taken": true},
{"event": "branch", "inst_addr": "0x555b9c0e8b56", "branch_taken": true},
{"event": "branch", "inst_addr": "0x555b9c0e8bc3", "branch_taken": true},
{"event": "branch", "inst_addr": "0x555b9c0e8b56", "branch_taken": true},
{"event": "branch", "inst_addr": "0x555b9c0e8bc3", "branch_taken": true},
{"event": "branch", "inst_addr": "0x555b9c0e8b56", "branch_taken": false},
{"event": "branch", "inst_addr": "0x555b9c0e8b84", "branch_taken": true},
{"event": "branch", "inst_addr": "0x555b9c0e8bae", "branch_taken": false},
{"event": "branch", "inst_addr": "0x555b9c0e8bc3", "branch_taken": true},
{"event": "branch", "inst_addr": "0x555b9c0e8b56", "branch_taken": true},
{"event": "branch", "inst_addr": "0x555b9c0e8bc3", "branch_taken": true},
{"event": "branch", "inst_addr": "0x555b9c0e8b56", "branch_taken": false},
{"event": "branch", "inst_addr": "0x555b9c0e8b84", "branch_taken": true},
{"event": "branch", "inst_addr": "0x555b9c0e8bae", "branch_taken": false},
{"event": "branch", "inst_addr": "0x555b9c0e8bc3", "branch_taken": true},
{"event": "branch", "inst_addr": "0x555b9c0e8b56", "branch_taken": true},
{"event": "branch", "inst_addr": "0x555b9c0e8bc3", "branch_taken": true},
{"event": "branch", "inst_addr": "0x555b9c0e8b56", "branch_taken": true},
{"event": "branch", "inst_addr": "0x555b9c0e8bc3", "branch_taken": true},
{"event": "branch", "inst_addr": "0x555b9c0e8b56", "branch_taken": true},
{"event": "branch", "inst_addr": "0x555b9c0e8bc3", "branch_taken": true},
{"event": "branch", "inst_addr": "0x555b9c0e8b56", "branch_taken": false},
{"event": "branch", "inst_addr": "0x555b9c0e8b84", "branch_taken": true},
{"event": "branch", "inst_addr": "0x555b9c0e8bae", "branch_taken": false},
{"event": "branch", "inst_addr": "0x555b9c0e8bc3", "branch_taken": true},
{"event": "branch", "inst_addr": "0x555b9c0e8b56", "branch_taken": true},
{"event": "branch", "inst_addr": "0x555b9c0e8bc3", "branch_taken": true},
{"event": "branch", "inst_addr": "0x555b9c0e8b56", "branch_taken": false},
{"event": "branch", "inst_addr": "0x555b9c0e8b84", "branch_taken": true},
{"event": "branch", "inst_addr": "0x555b9c0e8bae", "branch_taken": false},
{"event": "branch", "inst_addr": "0x555b9c0e8bc3", "branch_taken": true},
{"event": "branch", "inst_addr": "0x555b9c0e8b56", "branch_taken": true},
{"event": "branch", "inst_addr": "0x555b9c0e8bc3", "branch_taken": true},
{"event": "branch", "inst_addr": "0x555b9c0e8b56", "branch_taken": true},
{"event": "branch", "inst_addr": "0x555b9c0e8bc3", "branch_taken": false},
{"event": "branch", "inst_addr": "0x555b9c0e8bdc", "branch_taken": true},
{"event": "branch", "inst_addr": "0x555b9c0e8a24", "branch_taken": true},
{"event": "branch", "inst_addr": "0x555b9c0e9039", "branch_taken": true},
{"event": "branch", "inst_addr": "0x555b9c0e91d8", "branch_taken": true},
{"event": "branch", "inst_addr": "0x555b9c0e8fa8", "branch_taken": false},
{"event": "branch", "inst_addr": "0x555b9c0e8fb2", "branch_taken": true},
{"event": "branch", "inst_addr": "0x555b9c0e8ffa", "branch_taken": true},
{"event": "branch", "inst_addr": "0x555b9c0e9042", "branch_taken": true},
{"event": "branch", "inst_addr": "0x555b9c0e908a", "branch_taken": true},
{"event": "branch", "inst_addr": "0x555b9c0e90d2", "branch_taken": true},
{"event": "branch", "inst_addr": "0x555b9c0e911a", "branch_taken": true},
{"event": "branch", "inst_addr": "0x555b9c0e915f", "branch_taken": false},
{"event": "branch", "inst_addr": "0x555b9c0e9165", "branch_taken": false},
{"event": "branch", "inst_addr": "0x555b9c0e916b", "branch_taken": false},
{"event": "branch", "inst_addr": "0x555b9c0e9193", "branch_taken": true},
{"event": "branch", "inst_addr": "0x555b9c0e91bd", "branch_taken": true},
{"event": "branch", "inst_addr": "0x555b9c0e91d8", "branch_taken": true},
{"event": "branch", "inst_addr": "0x555b9c0e8fa8", "branch_taken": false},
{"event": "branch", "inst_addr": "0x555b9c0e8fb2", "branch_taken": true},
{"event": "branch", "inst_addr": "0x555b9c0e8ffa", "branch_taken": true},
{"event": "branch", "inst_addr": "0x555b9c0e9042", "branch_taken": true},
{"event": "branch", "inst_addr": "0x555b9c0e908a", "branch_taken": true},
{"event": "branch", "inst_addr": "0x555b9c0e90d2", "branch_taken": true},
{"event": "branch", "inst_addr": "0x555b9c0e911a", "branch_taken": true},
{"event": "branch", "inst_addr": "0x555b9c0e915f", "branch_taken": false},
{"event": "branch", "inst_addr": "0x555b9c0e9165", "branch_taken": false},
{"event": "branch", "inst_addr": "0x555b9c0e916b", "branch_taken": false},
{"event": "branch", "inst_addr": "0x555b9c0e9193", "branch_taken": true},
{"event": "branch", "inst_addr": "0x555b9c0e91bd", "branch_taken": true},
{"event": "branch", "inst_addr": "0x555b9c0e91d8", "branch_taken": true},
{"event": "branch", "inst_addr": "0x555b9c0e8fa8", "branch_taken": false},
{"event": "branch", "inst_addr": "0x555b9c0e8fb2", "branch_taken": true},
{"event": "branch", "inst_addr": "0x555b9c0e8ffa", "branch_taken": true},
{"event": "branch", "inst_addr": "0x555b9c0e9042", "branch_taken": true},
{"event": "branch", "inst_addr": "0x555b9c0e908a", "branch_taken": true},
{"event": "branch", "inst_addr": "0x555b9c0e90d2", "branch_taken": true},
{"event": "branch", "inst_addr": "0x555b9c0e911a", "branch_taken": true},
{"event": "branch", "inst_addr": "0x555b9c0e915f", "branch_taken": false},
{"event": "branch", "inst_addr": "0x555b9c0e9165", "branch_taken": false},
{"event": "branch", "inst_addr": "0x555b9c0e916b", "branch_taken": false},
{"event": "branch", "inst_addr": "0x555b9c0e9193", "branch_taken": true},
{"event": "branch", "inst_addr": "0x555b9c0e91bd", "branch_taken": true},
{"event": "branch", "inst_addr": "0x555b9c0e91d8", "branch_taken": true},
{"event": "branch", "inst_addr": "0x555b9c0e8fa8", "branch_taken": false},
{"event": "branch", "inst_addr": "0x555b9c0e8fb2", "branch_taken": true},
{"event": "branch", "inst_addr": "0x555b9c0e8ffa", "branch_taken": true},
{"event": "branch", "inst_addr": "0x555b9c0e9042", "branch_taken": true},
{"event": "branch", "inst_addr": "0x555b9c0e908a", "branch_taken": true},
{"event": "branch", "inst_addr": "0x555b9c0e90d2", "branch_taken": true},
{"event": "branch", "inst_addr": "0x555b9c0e911a", "branch_taken": true},
{"event": "branch", "inst_addr": "0x555b9c0e915f", "branch_taken": false},
{"event": "branch", "inst_addr": "0x555b9c0e9165", "branch_taken": false},
{"event": "branch", "inst_addr": "0x555b9c0e916b", "branch_taken": false},
{"event": "branch", "inst_addr": "0x555b9c0e9193", "branch_taken": false},
{"event": "branch", "inst_addr": "0x555b9c0e8a24", "branch_taken": true},
{"event": "branch", "inst_addr": "0x555b9c0e91b4", "branch_taken": true},
{"event": "branch", "inst_addr": "0x555b9c0e91d8", "branch_taken": true},
{"event": "branch", "inst_addr": "0x555b9c0e8fa8", "branch_taken": false},
{"event": "branch", "inst_addr": "0x555b9c0e8fb2", "branch_taken": false},
{"event": "branch", "inst_addr": "0x555b9c0e89c4", "branch_taken": true},
{"event": "branch", "inst_addr": "0x555b9c0e89c4", "branch_taken": true},
{"event": "branch", "inst_addr": "0x555b9c0e8a81", "branch_taken": true},
{"event": "branch", "inst_addr": "0x555b9c0e8a91", "branch_taken": true},
{"event": "branch", "inst_addr": "0x555b9c0e8a91", "branch_taken": true},
{"event": "branch", "inst_addr": "0x555b9c0e8a91", "branch_taken": true},
{"event": "branch", "inst_addr": "0x555b9c0e8a91", "branch_taken": true},
{"event": "branch", "inst_addr": "0x555b9c0e8a91", "branch_taken": true},
{"event": "branch", "inst_addr": "0x555b9c0e8a91", "branch_taken": true},
{"event": "branch", "inst_addr": "0x555b9c0e8a91", "branch_taken": true},
{"event": "branch", "inst_addr": "0x555b9c0e8a91", "branch_taken": true},
{"event": "branch", "inst_addr": "0x555b9c0e8a91", "branch_taken": true},
{"event": "branch", "inst_addr": "0x555b9c0e8a91", "branch_taken": true},
{"event": "branch", "inst_addr": "0x555b9c0e8a91", "branch_taken": true},
{"event": "branch", "inst_addr": "0x555b9c0e8a91", "branch_taken": true},
{"event": "branch", "inst_addr": "0x555b9c0e8a91", "branch_taken": true},
{"event": "branch", "inst_addr": "0x555b9c0e8a91", "branch_taken": true},
{"event": "branch", "inst_addr": "0x555b9c0e8a91", "branch_taken": true},
{"event": "branch", "inst_addr": "0x555b9c0e8a91", "branch_taken": true},
{"event": "branch", "inst_addr": "0x555b9c0e8a91", "branch_taken": true},
{"event": "branch", "inst_addr": "0x555b9c0e8a91", "branch_taken": true},
{"event": "branch", "inst_addr": "0x555b9c0e8a91", "branch_taken": true},
{"event": "branch", "inst_addr": "0x555b9c0e8a91", "branch_taken": true},
{"event": "branch", "inst_addr": "0x555b9c0e8a91", "branch_taken": true},
{"event": "branch", "inst_addr": "0x555b9c0e8a91", "branch_taken": false},
{"event": "branch", "inst_addr": "0x555b9c0e8a24", "branch_taken": true},
{"event": "branch", "inst_addr": "0x555b9c0e8ff1", "branch_taken": true},
{"event": "branch", "inst_addr": "0x555b9c0e91d8", "branch_taken": false},
{"event": "branch", "inst_addr": "0x555b9c0e89c4", "branch_taken": true},
{"event": "branch", "inst_addr": "0x555b9c0e86e0", "branch_taken": true},
{"event": "branch", "inst_addr": "0x555b9c0e8817", "branch_taken": false},
{"event": "branch", "inst_addr": "0x555b9c0e8825", "branch_taken": false},
{"event": "branch", "inst_addr": "0x555b9c0e8740", "branch_taken": true},
{"event": "branch", "inst_addr": "0x555b9c0e8795", "branch_taken": true},
{"event": "exit", "exit_code": 0}
]
