[
{"event": "image_load", "image_name": "***/box4", "image_id": 1, "base_addr": "0x5607cd74f000", "image_size": "0x510f"},
{"event": "image_load", "image_name": "/lib64/ld-linux-x86-64.so.2", "image_id": 2, "base_addr": "0x7f3d7a89a000", "image_size": "0x26c23"},
{"event": "image_load", "image_name": "[vdso]", "image_id": 3, "base_addr": "0x7ffe4b7f8000", "image_size": "0x95a"},
{"event": "image_load", "image_name": "/lib/x86_64-linux-gnu/libc.so.6", "image_id": 4, "base_addr": "0x7f3d660a8000", "image_size": "0x3f0adf"},
{"event": "branch", "inst_addr": "0x5607cd74f97e", "branch_taken": true},
{"event": "branch", "inst_addr": "0x5607cd752bc4", "branch_taken": false},
{"event": "branch", "inst_addr": "0x5607cd74fbc5", "branch_taken": true},
{"event": "branch", "inst_addr": "0x5607cd74fb56", "branch_taken": true},
{"event": "branch", "inst_addr": "0x5607cd752be4", "branch_taken": true},
{"event": "branch", "inst_addr": "0x5607cd74fa60", "branch_taken": true},
{"event": "branch", "inst_addr": "0x5607cd74fa30", "branch_taken": true},
{"event": "branch", "inst_addr": "0x5607cd752be4", "branch_taken": false},
{"event": "branch", "inst_addr": "0x5607cd752a0f", "branch_taken": true},
{"event": "branch", "inst_addr": "0x5607cd74fa40", "branch_taken": true},
{"event": "branch", "inst_addr": "0x5607cd752a52", "branch_taken": true},
{"event": "branch", "inst_addr": "0x5607cd74fa20", "branch_taken": true},
{"event": "branch", "inst_addr": "0x5607cd7524a0", "branch_taken": true},
{"event": "branch", "inst_addr": "0x5607cd7524cc", "branch_taken": true},
{"event": "branch", "inst_addr": "0x5607cd7524cc", "branch_taken": true},
{"event": "branch", "inst_addr": "0x5607cd7524cc", "branch_taken": true},
{"event": "branch", "inst_addr": "0x5607cd7524cc", "branch_taken": true},
{"event": "branch", "inst_addr": "0x5607cd7524cc", "branch_taken": true},
{"event": "branch", "inst_addr": "0x5607cd7524cc", "branch_taken": true},
{"event": "branch", "inst_addr": "0x5607cd7524cc", "branch_taken": true},
{"event": "branch", "inst_addr": "0x5607cd7524cc", "branch_taken": true},
{"event": "branch", "inst_addr": "0x5607cd7524cc", "branch_taken": false},
{"event": "branch", "inst_addr": "0x5607cd7524d5", "branch_taken": true},
{"event": "branch", "inst_addr": "0x5607cd752501", "branch_taken": true},
{"event": "branch", "inst_addr": "0x5607cd752501", "branch_taken": true},
{"event": "branch", "inst_addr": "0x5607cd752501", "branch_taken": true},
{"event": "branch", "inst_addr": "0x5607cd752501", "branch_taken": true},
{"event": "branch", "inst_addr": "0x5607cd752501", "branch_taken": true},
{"event": "branch", "inst_addr": "0x5607cd752501", "branch_taken": true},
{"event": "branch", "inst_addr": "0x5607cd752501", "branch_taken": true},
{"event": "branch", "inst_addr": "0x5607cd752501", "branch_taken": true},
{"event": "branch", "inst_addr": "0x5607cd752501", "branch_taken": false},
{"event": "branch", "inst_addr": "0x5607cd75250a", "branch_taken": true},
{"event": "branch", "inst_addr": "0x5607cd752536", "branch_taken": true},
{"event": "branch", "inst_addr": "0x5607cd752536", "branch_taken": true},
{"event": "branch", "inst_addr": "0x5607cd752536", "branch_taken": true},
{"event": "branch", "inst_addr": "0x5607cd752536", "branch_taken": true},
{"event": "branch", "inst_addr": "0x5607cd752536", "branch_taken": true},
{"event": "branch", "inst_addr": "0x5607cd752536", "branch_taken": true},
{"event": "branch", "inst_addr": "0x5607cd752536", "branch_taken": true},
{"event": "branch", "inst_addr": "0x5607cd752536", "branch_taken": true},
{"event": "branch", "inst_addr": "0x5607cd752536", "branch_taken": false},
{"event": "branch", "inst_addr": "0x5607cd75253f", "branch_taken": true},
{"event": "branch", "inst_addr": "0x5607cd75256b", "branch_taken": true},
{"event": "branch", "inst_addr": "0x5607cd75256b", "branch_taken": true},
{"event": "branch", "inst_addr": "0x5607cd75256b", "branch_taken": true},
{"event": "branch", "inst_addr": "0x5607cd75256b", "branch_taken": true},
{"event": "branch", "inst_addr": "0x5607cd75256b", "branch_taken": true},
{"event": "branch", "inst_addr": "0x5607cd75256b", "branch_taken": true},
{"event": "branch", "inst_addr": "0x5607cd75256b", "branch_taken": true},
{"event": "branch", "inst_addr": "0x5607cd75256b", "branch_taken": true},
{"event": "branch", "inst_addr": "0x5607cd75256b", "branch_taken": false},
{"event": "branch", "inst_addr": "0x5607cd75268c", "branch_taken": true},
{"event": "branch", "inst_addr": "0x5607cd7526ba", "branch_taken": true},
{"event": "branch", "inst_addr": "0x5607cd7526ba", "branch_taken": true},
{"event": "branch", "inst_addr": "0x5607cd7526ba", "branch_taken": true},
{"event": "branch", "inst_addr": "0x5607cd7526ba", "branch_taken": true},
{"event": "branch", "inst_addr": "0x5607cd7526ba", "branch_taken": true},
{"event": "branch", "inst_addr": "0x5607cd7526ba", "branch_taken": true},
{"event": "branch", "inst_addr": "0x5607cd7526ba", "branch_taken": true},
{"event": "branch", "inst_addr": "0x5607cd7526ba", "branch_taken": true},
{"event": "branch", "inst_addr": "0x5607cd7526ba", "branch_taken": false},
{"event": "branch", "inst_addr": "0x5607cd7526c3", "branch_taken": true},
{"event": "branch", "inst_addr": "0x5607cd7526f1", "branch_taken": true},
{"event": "branch", "inst_addr": "0x5607cd7526f1", "branch_taken": true},
{"event": "branch", "inst_addr": "0x5607cd7526f1", "branch_taken": true},
{"event": "branch", "inst_addr": "0x5607cd7526f1", "branch_taken": true},
{"event": "branch", "inst_addr": "0x5607cd7526f1", "branch_taken": true},
{"event": "branch", "inst_addr": "0x5607cd7526f1", "branch_taken": true},
{"event": "branch", "inst_addr": "0x5607cd7526f1", "branch_taken": true},
{"event": "branch", "inst_addr": "0x5607cd7526f1", "branch_taken": true},
{"event": "branch", "inst_addr": "0x5607cd7526f1", "branch_taken": false},
{"event": "branch", "inst_addr": "0x5607cd74fa70", "branch_taken": true},
{"event": "branch", "inst_addr": "0x5607cd74fa70", "branch_taken": true},
{"event": "branch", "inst_addr": "0x5607cd74fa20", "branch_taken": true},
{"event": "branch", "inst_addr": "0x5607cd74fa80", "branch_taken": true},
{"event": "branch", "inst_addr": "0x5607cd752811", "branch_taken": true},
{"event": "branch", "inst_addr": "0x5607cd74f9d0", "branch_taken": true},
{"event": "branch", "inst_addr": "0x5607cd74f9e0", "branch_taken": true},
{"event": "branch", "inst_addr": "0x5607cd752a92", "branch_taken": true},
{"event": "branch", "inst_addr": "0x5607cd752b58", "branch_taken": true},
{"event": "branch", "inst_addr": "0x5607cd752aaf", "branch_taken": true},
{"event": "branch", "inst_addr": "0x5607cd752aeb", "branch_taken": true},
{"event": "call", "inst_addr": "0x5607cd752b2d", "target_addr": "0x5607cd75151a"},
{"event": "branch", "inst_addr": "0x5607cd7508ea", "branch_taken": true},
{"event": "branch", "inst_addr": "0x5607cd75091b", "branch_taken": true},
{"event": "branch", "inst_addr": "0x5607cd75091b", "branch_taken": true},
{"event": "branch", "inst_addr": "0x5607cd75091b", "branch_taken": true},
{"event": "branch", "inst_addr": "0x5607cd75091b", "branch_taken": true},
{"event": "branch", "inst_addr": "0x5607cd75091b", "branch_taken": false},
{"event": "branch", "inst_addr": "0x5607cd750bd3", "branch_taken": true},
{"event": "branch", "inst_addr": "0x5607cd750c00", "branch_taken": true},
{"event": "branch", "inst_addr": "0x5607cd750c00", "branch_taken": true},
{"event": "branch", "inst_addr": "0x5607cd750c00", "branch_taken": true},
{"event": "branch", "inst_addr": "0x5607cd750c00", "branch_taken": true},
{"event": "branch", "inst_addr": "0x5607cd750c00", "branch_taken": false},
{"event": "branch", "inst_addr": "0x5607cd752b38", "branch_taken": true},
{"event": "branch", "inst_addr": "0x5607cd752b58", "branch_taken": true},
{"event": "branch", "inst_addr": "0x5607cd752aaf", "branch_taken": true},
{"event": "branch", "inst_addr": "0x5607cd752aeb", "branch_taken": true},
{"event": "call", "inst_addr": "0x5607cd752b2d", "target_addr": "0x5607cd75151a"},
{"event": "branch", "inst_addr": "0x5607cd7508ea", "branch_taken": true},
{"event": "branch", "inst_addr": "0x5607cd75091b", "branch_taken": true},
{"event": "branch", "inst_addr": "0x5607cd75091b", "branch_taken": true},
{"event": "branch", "inst_addr": "0x5607cd75091b", "branch_taken": true},
{"event": "branch", "inst_addr": "0x5607cd75091b", "branch_taken": true},
{"event": "branch", "inst_addr": "0x5607cd75091b", "branch_taken": false},
{"event": "branch", "inst_addr": "0x5607cd750bd3", "branch_taken": true},
{"event": "branch", "inst_addr": "0x5607cd750c00", "branch_taken": true},
{"event": "branch", "inst_addr": "0x5607cd750c00", "branch_taken": true},
{"event": "branch", "inst_addr": "0x5607cd750c00", "branch_taken": true},
{"event": "branch", "inst_addr": "0x5607cd750c00", "branch_taken": true},
{"event": "branch", "inst_addr": "0x5607cd750c00", "branch_taken": false},
{"event": "branch", "inst_addr": "0x5607cd752b38", "branch_taken": true},
{"event": "branch", "inst_addr": "0x5607cd752b58", "branch_taken": true},
{"event": "branch", "inst_addr": "0x5607cd752aaf", "branch_taken": true},
{"event": "branch", "inst_addr": "0x5607cd752aeb", "branch_taken": true},
{"event": "call", "inst_addr": "0x5607cd752b2d", "target_addr": "0x5607cd75151a"},
{"event": "branch", "inst_addr": "0x5607cd7508ea", "branch_taken": true},
{"event": "branch", "inst_addr": "0x5607cd75091b", "branch_taken": true},
{"event": "branch", "inst_addr": "0x5607cd75091b", "branch_taken": true},
{"event": "branch", "inst_addr": "0x5607cd75091b", "branch_taken": true},
{"event": "branch", "inst_addr": "0x5607cd75091b", "branch_taken": true},
{"event": "branch", "inst_addr": "0x5607cd75091b", "branch_taken": false},
{"event": "branch", "inst_addr": "0x5607cd750bd3", "branch_taken": true},
{"event": "branch", "inst_addr": "0x5607cd750c00", "branch_taken": true},
{"event": "branch", "inst_addr": "0x5607cd750c00", "branch_taken": true},
{"event": "branch", "inst_addr": "0x5607cd750c00", "branch_taken": true},
{"event": "branch", "inst_addr": "0x5607cd750c00", "branch_taken": true},
{"event": "branch", "inst_addr": "0x5607cd750c00", "branch_taken": false},
{"event": "branch", "inst_addr": "0x5607cd752b38", "branch_taken": true},
{"event": "branch", "inst_addr": "0x5607cd752b58", "branch_taken": true},
{"event": "branch", "inst_addr": "0x5607cd752aaf", "branch_taken": true},
{"event": "branch", "inst_addr": "0x5607cd752aeb", "branch_taken": true},
{"event": "call", "inst_addr": "0x5607cd752b2d", "target_addr": "0x5607cd75151a"},
{"event": "branch", "inst_addr": "0x5607cd7508ea", "branch_taken": true},
{"event": "branch", "inst_addr": "0x5607cd75091b", "branch_taken": true},
{"event": "branch", "inst_addr": "0x5607cd75091b", "branch_taken": true},
{"event": "branch", "inst_addr": "0x5607cd75091b", "branch_taken": true},
{"event": "branch", "inst_addr": "0x5607cd75091b", "branch_taken": true},
{"event": "branch", "inst_addr": "0x5607cd75091b", "branch_taken": false},
{"event": "branch", "inst_addr": "0x5607cd750bd3", "branch_taken": true},
{"event": "branch", "inst_addr": "0x5607cd750c00", "branch_taken": true},
{"event": "branch", "inst_addr": "0x5607cd750c00", "branch_taken": true},
{"event": "branch", "inst_addr": "0x5607cd750c00", "branch_taken": true},
{"event": "branch", "inst_addr": "0x5607cd750c00", "branch_taken": true},
{"event": "branch", "inst_addr": "0x5607cd750c00", "branch_taken": false},
{"event": "branch", "inst_addr": "0x5607cd752b38", "branch_taken": true},
{"event": "branch", "inst_addr": "0x5607cd752b58", "branch_taken": true},
{"event": "branch", "inst_addr": "0x5607cd752aaf", "branch_taken": true},
{"event": "branch", "inst_addr": "0x5607cd752aeb", "branch_taken": true},
{"event": "call", "inst_addr": "0x5607cd752b2d", "target_addr": "0x5607cd7514c3"},
{"event": "branch", "inst_addr": "0x5607cd750b82", "branch_taken": true},
{"event": "branch", "inst_addr": "0x5607cd750bb3", "branch_taken": true},
{"event": "branch", "inst_addr": "0x5607cd750bb3", "branch_taken": true},
{"event": "branch", "inst_addr": "0x5607cd750bb3", "branch_taken": true},
{"event": "branch", "inst_addr": "0x5607cd750bb3", "branch_taken": true},
{"event": "branch", "inst_addr": "0x5607cd750bb3", "branch_taken": false},
{"event": "branch", "inst_addr": "0x5607cd752b38", "branch_taken": true},
{"event": "branch", "inst_addr": "0x5607cd752b58", "branch_taken": true},
{"event": "branch", "inst_addr": "0x5607cd752aaf", "branch_taken": true},
{"event": "branch", "inst_addr": "0x5607cd752aeb", "branch_taken": true},
{"event": "call", "inst_addr": "0x5607cd752b2d", "target_addr": "0x5607cd7514c3"},
{"event": "branch", "inst_addr": "0x5607cd750b82", "branch_taken": true},
{"event": "branch", "inst_addr": "0x5607cd750bb3", "branch_taken": true},
{"event": "branch", "inst_addr": "0x5607cd750bb3", "branch_taken": true},
{"event": "branch", "inst_addr": "0x5607cd750bb3", "branch_taken": true},
{"event": "branch", "inst_addr": "0x5607cd750bb3", "branch_taken": true},
{"event": "branch", "inst_addr": "0x5607cd750bb3", "branch_taken": false},
{"event": "branch", "inst_addr": "0x5607cd752b38", "branch_taken": true},
{"event": "branch", "inst_addr": "0x5607cd752b58", "branch_taken": true},
{"event": "branch", "inst_addr": "0x5607cd752aaf", "branch_taken": true},
{"event": "branch", "inst_addr": "0x5607cd752aeb", "branch_taken": true},
{"event": "call", "inst_addr": "0x5607cd752b2d", "target_addr": "0x5607cd7513e7"},
{"event": "branch", "inst_addr": "0x5607cd750cb5", "branch_taken": true},
{"event": "branch", "inst_addr": "0x5607cd750cf1", "branch_taken": true},
{"event": "branch", "inst_addr": "0x5607cd750d2d", "branch_taken": true},
{"event": "branch", "inst_addr": "0x5607cd750e86", "branch_taken": true},
{"event": "branch", "inst_addr": "0x5607cd750d67", "branch_taken": true},
{"event": "branch", "inst_addr": "0x5607cd752b38", "branch_taken": true},
{"event": "branch", "inst_addr": "0x5607cd752b58", "branch_taken": true},
{"event": "branch", "inst_addr": "0x5607cd752aaf", "branch_taken": true},
{"event": "branch", "inst_addr": "0x5607cd752aeb", "branch_taken": true},
{"event": "call", "inst_addr": "0x5607cd752b2d", "target_addr": "0x5607cd751c33"},
{"event": "branch", "inst_addr": "0x5607cd74fbdf", "branch_taken": false},
{"event": "branch", "inst_addr": "0x5607cd74fbe6", "branch_taken": true},
{"event": "branch", "inst_addr": "0x5607cd74fa20", "branch_taken": true},
{"event": "branch", "inst_addr": "0x5607cd74fc7d", "branch_taken": true},
{"event": "branch", "inst_addr": "0x5607cd74fcbf", "branch_taken": true},
{"event": "branch", "inst_addr": "0x5607cd74fcd6", "branch_taken": true},
{"event": "branch", "inst_addr": "0x5607cd74fd0e", "branch_taken": true},
{"event": "branch", "inst_addr": "0x5607cd7504de", "branch_taken": false},
{"event": "branch", "inst_addr": "0x5607cd7504fc", "branch_taken": true},
{"event": "branch", "inst_addr": "0x5607cd751cac", "branch_taken": true},
{"event": "branch", "inst_addr": "0x5607cd752b38", "branch_taken": true},
{"event": "branch", "inst_addr": "0x5607cd752b58", "branch_taken": true},
{"event": "branch", "inst_addr": "0x5607cd752aaf", "branch_taken": true},
{"event": "branch", "inst_addr": "0x5607cd752aeb", "branch_taken": true},
{"event": "call", "inst_addr": "0x5607cd752b2d", "target_addr": "0x5607cd750ead"},
{"event": "branch", "inst_addr": "0x5607cd74fbdf", "branch_taken": false},
{"event": "branch", "inst_addr": "0x5607cd74fbe6", "branch_taken": true},
{"event": "branch", "inst_addr": "0x5607cd74fa20", "branch_taken": true},
{"event": "branch", "inst_addr": "0x5607cd74fc7d", "branch_taken": true},
{"event": "branch", "inst_addr": "0x5607cd74fcbf", "branch_taken": true},
{"event": "branch", "inst_addr": "0x5607cd74fcd6", "branch_taken": true},
{"event": "branch", "inst_addr": "0x5607cd74fd0e", "branch_taken": true},
{"event": "branch", "inst_addr": "0x5607cd7503a1", "branch_taken": false},
{"event": "branch", "inst_addr": "0x5607cd7503bc", "branch_taken": true},
{"event": "branch", "inst_addr": "0x5607cd7504de", "branch_taken": false},
{"event": "branch", "inst_addr": "0x5607cd7504fc", "branch_taken": true},
{"event": "branch", "inst_addr": "0x5607cd750f41", "branch_taken": true},
{"event": "branch", "inst_addr": "0x5607cd752b38", "branch_taken": true},
{"event": "branch", "inst_addr": "0x5607cd752b58", "branch_taken": true},
{"event": "branch", "inst_addr": "0x5607cd752aaf", "branch_taken": true},
{"event": "branch", "inst_addr": "0x5607cd752aeb", "branch_taken": true},
{"event": "call", "inst_addr": "0x5607cd752b2d", "target_addr": "0x5607cd7513e7"},
{"event": "branch", "inst_addr": "0x5607cd750cb5", "branch_taken": true},
{"event": "branch", "inst_addr": "0x5607cd750cf1", "branch_taken": true},
{"event": "branch", "inst_addr": "0x5607cd750d2d", "branch_taken": true},
{"event": "branch", "inst_addr": "0x5607cd750e86", "branch_taken": true},
{"event": "branch", "inst_addr": "0x5607cd750d67", "branch_taken": true},
{"event": "branch", "inst_addr": "0x5607cd752b38", "branch_taken": true},
{"event": "branch", "inst_addr": "0x5607cd752b58", "branch_taken": true},
{"event": "branch", "inst_addr": "0x5607cd752aaf", "branch_taken": true},
{"event": "branch", "inst_addr": "0x5607cd752aeb", "branch_taken": true},
{"event": "call", "inst_addr": "0x5607cd752b2d", "target_addr": "0x5607cd751695"},
{"event": "branch", "inst_addr": "0x5607cd7516af", "branch_taken": false},
{"event": "branch", "inst_addr": "0x5607cd7516c2", "branch_taken": true},
{"event": "branch", "inst_addr": "0x5607cd752b38", "branch_taken": true},
{"event": "branch", "inst_addr": "0x5607cd752b58", "branch_taken": true},
{"event": "branch", "inst_addr": "0x5607cd752aaf", "branch_taken": true},
{"event": "branch", "inst_addr": "0x5607cd752aeb", "branch_taken": true},
{"event": "call", "inst_addr": "0x5607cd752b2d", "target_addr": "0x5607cd750ead"},
{"event": "branch", "inst_addr": "0x5607cd74fbdf", "branch_taken": false},
{"event": "branch", "inst_addr": "0x5607cd74fbe6", "branch_taken": true},
{"event": "branch", "inst_addr": "0x5607cd74fa20", "branch_taken": true},
{"event": "branch", "inst_addr": "0x5607cd74fc7d", "branch_taken": true},
{"event": "branch", "inst_addr": "0x5607cd74fcbf", "branch_taken": true},
{"event": "branch", "inst_addr": "0x5607cd74fcd6", "branch_taken": true},
{"event": "branch", "inst_addr": "0x5607cd74fd0e", "branch_taken": true},
{"event": "branch", "inst_addr": "0x5607cd7503a1", "branch_taken": false},
{"event": "branch", "inst_addr": "0x5607cd7503bc", "branch_taken": true},
{"event": "branch", "inst_addr": "0x5607cd7504de", "branch_taken": false},
{"event": "branch", "inst_addr": "0x5607cd7504fc", "branch_taken": true},
{"event": "branch", "inst_addr": "0x5607cd750f41", "branch_taken": true},
{"event": "branch", "inst_addr": "0x5607cd752b38", "branch_taken": true},
{"event": "branch", "inst_addr": "0x5607cd752b58", "branch_taken": true},
{"event": "branch", "inst_addr": "0x5607cd752aaf", "branch_taken": true},
{"event": "branch", "inst_addr": "0x5607cd752aeb", "branch_taken": true},
{"event": "call", "inst_addr": "0x5607cd752b2d", "target_addr": "0x5607cd7513e7"},
{"event": "branch", "inst_addr": "0x5607cd750cb5", "branch_taken": true},
{"event": "branch", "inst_addr": "0x5607cd750cf1", "branch_taken": false},
{"event": "branch", "inst_addr": "0x5607cd750d06", "branch_taken": true},
{"event": "branch", "inst_addr": "0x5607cd750d2d", "branch_taken": true},
{"event": "branch", "inst_addr": "0x5607cd750e86", "branch_taken": true},
{"event": "branch", "inst_addr": "0x5607cd750d67", "branch_taken": true},
{"event": "branch", "inst_addr": "0x5607cd752b38", "branch_taken": true},
{"event": "branch", "inst_addr": "0x5607cd752b58", "branch_taken": true},
{"event": "branch", "inst_addr": "0x5607cd752aaf", "branch_taken": true},
{"event": "branch", "inst_addr": "0x5607cd752aeb", "branch_taken": true},
{"event": "call", "inst_addr": "0x5607cd752b2d", "target_addr": "0x5607cd751695"},
{"event": "branch", "inst_addr": "0x5607cd7516af", "branch_taken": true},
{"event": "branch", "inst_addr": "0x5607cd752b38", "branch_taken": true},
{"event": "branch", "inst_addr": "0x5607cd752b58", "branch_taken": true},
{"event": "branch", "inst_addr": "0x5607cd752aaf", "branch_taken": true},
{"event": "branch", "inst_addr": "0x5607cd752aeb", "branch_taken": true},
{"event": "call", "inst_addr": "0x5607cd752b2d", "target_addr": "0x5607cd751159"},
{"event": "branch", "inst_addr": "0x5607cd74fbdf", "branch_taken": false},
{"event": "branch", "inst_addr": "0x5607cd74fbe6", "branch_taken": true},
{"event": "branch", "inst_addr": "0x5607cd74fa20", "branch_taken": true},
{"event": "branch", "inst_addr": "0x5607cd74fc7d", "branch_taken": true},
{"event": "branch", "inst_addr": "0x5607cd74fcbf", "branch_taken": true},
{"event": "branch", "inst_addr": "0x5607cd74fcd6", "branch_taken": true},
{"event": "branch", "inst_addr": "0x5607cd74fd0e", "branch_taken": true},
{"event": "branch", "inst_addr": "0x5607cd7503a1", "branch_taken": false},
{"event": "branch", "inst_addr": "0x5607cd7503bc", "branch_taken": true},
{"event": "branch", "inst_addr": "0x5607cd750cb5", "branch_taken": false},
{"event": "branch", "inst_addr": "0x5607cd750cca", "branch_taken": true},
{"event": "branch", "inst_addr": "0x5607cd750cf1", "branch_taken": true},
{"event": "branch", "inst_addr": "0x5607cd750d2d", "branch_taken": false},
{"event": "branch", "inst_addr": "0x5607cd750d41", "branch_taken": true},
{"event": "branch", "inst_addr": "0x5607cd750e86", "branch_taken": true},
{"event": "branch", "inst_addr": "0x5607cd750d67", "branch_taken": true},
{"event": "branch", "inst_addr": "0x5607cd7511f8", "branch_taken": true},
{"event": "branch", "inst_addr": "0x5607cd752b38", "branch_taken": true},
{"event": "branch", "inst_addr": "0x5607cd752b58", "branch_taken": true},
{"event": "branch", "inst_addr": "0x5607cd752aaf", "branch_taken": true},
{"event": "branch", "inst_addr": "0x5607cd752aeb", "branch_taken": true},
{"event": "call", "inst_addr": "0x5607cd752b2d", "target_addr": "0x5607cd751645"},
{"event": "branch", "inst_addr": "0x5607cd75165f", "branch_taken": true},
{"event": "branch", "inst_addr": "0x5607cd752b38", "branch_taken": true},
{"event": "branch", "inst_addr": "0x5607cd752b58", "branch_taken": true},
{"event": "branch", "inst_addr": "0x5607cd752aaf", "branch_taken": true},
{"event": "branch", "inst_addr": "0x5607cd752aeb", "branch_taken": true},
{"event": "call", "inst_addr": "0x5607cd752b2d", "target_addr": "0x5607cd752144"},
{"event": "branch", "inst_addr": "0x5607cd7508ea", "branch_taken": true},
{"event": "branch", "inst_addr": "0x5607cd75091b", "branch_taken": true},
{"event": "branch", "inst_addr": "0x5607cd75091b", "branch_taken": true},
{"event": "branch", "inst_addr": "0x5607cd75091b", "branch_taken": true},
{"event": "branch", "inst_addr": "0x5607cd75091b", "branch_taken": true},
{"event": "branch", "inst_addr": "0x5607cd75091b", "branch_taken": false},
{"event": "branch", "inst_addr": "0x5607cd752b38", "branch_taken": true},
{"event": "branch", "inst_addr": "0x5607cd752b58", "branch_taken": true},
{"event": "branch", "inst_addr": "0x5607cd752aaf", "branch_taken": true},
{"event": "branch", "inst_addr": "0x5607cd752aeb", "branch_taken": true},
{"event": "call", "inst_addr": "0x5607cd752b2d", "target_addr": "0x5607cd7514c3"},
{"event": "branch", "inst_addr": "0x5607cd750b82", "branch_taken": true},
{"event": "branch", "inst_addr": "0x5607cd750bb3", "branch_taken": true},
{"event": "branch", "inst_addr": "0x5607cd750bb3", "branch_taken": true},
{"event": "branch", "inst_addr": "0x5607cd750bb3", "branch_taken": true},
{"event": "branch", "inst_addr": "0x5607cd750bb3", "branch_taken": true},
{"event": "branch", "inst_addr": "0x5607cd750bb3", "branch_taken": false},
{"event": "branch", "inst_addr": "0x5607cd752b38", "branch_taken": true},
{"event": "branch", "inst_addr": "0x5607cd752b58", "branch_taken": true},
{"event": "branch", "inst_addr": "0x5607cd752aaf", "branch_taken": true},
{"event": "branch", "inst_addr": "0x5607cd752aeb", "branch_taken": true},
{"event": "call", "inst_addr": "0x5607cd752b2d", "target_addr": "0x5607cd7513e7"},
{"event": "branch", "inst_addr": "0x5607cd750cb5", "branch_taken": true},
{"event": "branch", "inst_addr": "0x5607cd750cf1", "branch_taken": true},
{"event": "branch", "inst_addr": "0x5607cd750d2d", "branch_taken": true},
{"event": "branch", "inst_addr": "0x5607cd750e86", "branch_taken": true},
{"event": "branch", "inst_addr": "0x5607cd750d67", "branch_taken": true},
{"event": "branch", "inst_addr": "0x5607cd752b38", "branch_taken": true},
{"event": "branch", "inst_addr": "0x5607cd752b58", "branch_taken": true},
{"event": "branch", "inst_addr": "0x5607cd752aaf", "branch_taken": true},
{"event": "branch", "inst_addr": "0x5607cd752aeb", "branch_taken": true},
{"event": "call", "inst_addr": "0x5607cd752b2d", "target_addr": "0x5607cd751c33"},
{"event": "branch", "inst_addr": "0x5607cd74fbdf", "branch_taken": false},
{"event": "branch", "inst_addr": "0x5607cd74fbe6", "branch_taken": true},
{"event": "branch", "inst_addr": "0x5607cd74fa20", "branch_taken": true},
{"event": "branch", "inst_addr": "0x5607cd74fc7d", "branch_taken": true},
{"event": "branch", "inst_addr": "0x5607cd74fcbf", "branch_taken": true},
{"event": "branch", "inst_addr": "0x5607cd74fcd6", "branch_taken": true},
{"event": "branch", "inst_addr": "0x5607cd74fd0e", "branch_taken": true},
{"event": "branch", "inst_addr": "0x5607cd7504de", "branch_taken": false},
{"event": "branch", "inst_addr": "0x5607cd7504fc", "branch_taken": true},
{"event": "branch", "inst_addr": "0x5607cd751cac", "branch_taken": true},
{"event": "branch", "inst_addr": "0x5607cd752b38", "branch_taken": true},
{"event": "branch", "inst_addr": "0x5607cd752b58", "branch_taken": true},
{"event": "branch", "inst_addr": "0x5607cd752aaf", "branch_taken": true},
{"event": "branch", "inst_addr": "0x5607cd752aeb", "branch_taken": true},
{"event": "call", "inst_addr": "0x5607cd752b2d", "target_addr": "0x5607cd750ead"},
{"event": "branch", "inst_addr": "0x5607cd74fbdf", "branch_taken": false},
{"event": "branch", "inst_addr": "0x5607cd74fbe6", "branch_taken": true},
{"event": "branch", "inst_addr": "0x5607cd74fa20", "branch_taken": true},
{"event": "branch", "inst_addr": "0x5607cd74fc7d", "branch_taken": true},
{"event": "branch", "inst_addr": "0x5607cd74fcbf", "branch_taken": true},
{"event": "branch", "inst_addr": "0x5607cd74fcd6", "branch_taken": true},
{"event": "branch", "inst_addr": "0x5607cd74fd0e", "branch_taken": true},
{"event": "branch", "inst_addr": "0x5607cd7503a1", "branch_taken": false},
{"event": "branch", "inst_addr": "0x5607cd7503bc", "branch_taken": true},
{"event": "branch", "inst_addr": "0x5607cd7504de", "branch_taken": false},
{"event": "branch", "inst_addr": "0x5607cd7504fc", "branch_taken": true},
{"event": "branch", "inst_addr": "0x5607cd750f41", "branch_taken": true},
{"event": "branch", "inst_addr": "0x5607cd752b38", "branch_taken": true},
{"event": "branch", "inst_addr": "0x5607cd752b58", "branch_taken": true},
{"event": "branch", "inst_addr": "0x5607cd752aaf", "branch_taken": true},
{"event": "branch", "inst_addr": "0x5607cd752aeb", "branch_taken": true},
{"event": "call", "inst_addr": "0x5607cd752b2d", "target_addr": "0x5607cd7513e7"},
{"event": "branch", "inst_addr": "0x5607cd750cb5", "branch_taken": true},
{"event": "branch", "inst_addr": "0x5607cd750cf1", "branch_taken": false},
{"event": "branch", "inst_addr": "0x5607cd750d06", "branch_taken": true},
{"event": "branch", "inst_addr": "0x5607cd750d2d", "branch_taken": true},
{"event": "branch", "inst_addr": "0x5607cd750e86", "branch_taken": true},
{"event": "branch", "inst_addr": "0x5607cd750d67", "branch_taken": true},
{"event": "branch", "inst_addr": "0x5607cd752b38", "branch_taken": true},
{"event": "branch", "inst_addr": "0x5607cd752b58", "branch_taken": true},
{"event": "branch", "inst_addr": "0x5607cd752aaf", "branch_taken": true},
{"event": "branch", "inst_addr": "0x5607cd752aeb", "branch_taken": true},
{"event": "call", "inst_addr": "0x5607cd752b2d", "target_addr": "0x5607cd751695"},
{"event": "branch", "inst_addr": "0x5607cd7516af", "branch_taken": true},
{"event": "branch", "inst_addr": "0x5607cd752b38", "branch_taken": true},
{"event": "branch", "inst_addr": "0x5607cd752b58", "branch_taken": true},
{"event": "branch", "inst_addr": "0x5607cd752aaf", "branch_taken": true},
{"event": "branch", "inst_addr": "0x5607cd752aeb", "branch_taken": true},
{"event": "call", "inst_addr": "0x5607cd752b2d", "target_addr": "0x5607cd751159"},
{"event": "branch", "inst_addr": "0x5607cd74fbdf", "branch_taken": false},
{"event": "branch", "inst_addr": "0x5607cd74fbe6", "branch_taken": true},
{"event": "branch", "inst_addr": "0x5607cd74fa20", "branch_taken": true},
{"event": "branch", "inst_addr": "0x5607cd74fc7d", "branch_taken": true},
{"event": "branch", "inst_addr": "0x5607cd74fcbf", "branch_taken": true},
{"event": "branch", "inst_addr": "0x5607cd74fcd6", "branch_taken": true},
{"event": "branch", "inst_addr": "0x5607cd74fd0e", "branch_taken": true},
{"event": "branch", "inst_addr": "0x5607cd7503a1", "branch_taken": false},
{"event": "branch", "inst_addr": "0x5607cd7503bc", "branch_taken": true},
{"event": "branch", "inst_addr": "0x5607cd750cb5", "branch_taken": false},
{"event": "branch", "inst_addr": "0x5607cd750cca", "branch_taken": true},
{"event": "branch", "inst_addr": "0x5607cd750cf1", "branch_taken": true},
{"event": "branch", "inst_addr": "0x5607cd750d2d", "branch_taken": false},
{"event": "branch", "inst_addr": "0x5607cd750d41", "branch_taken": true},
{"event": "branch", "inst_addr": "0x5607cd750e86", "branch_taken": true},
{"event": "branch", "inst_addr": "0x5607cd750d67", "branch_taken": true},
{"event": "branch", "inst_addr": "0x5607cd7511f8", "branch_taken": true},
{"event": "branch", "inst_addr": "0x5607cd752b38", "branch_taken": true},
{"event": "branch", "inst_addr": "0x5607cd752b58", "branch_taken": true},
{"event": "branch", "inst_addr": "0x5607cd752aaf", "branch_taken": true},
{"event": "branch", "inst_addr": "0x5607cd752aeb", "branch_taken": true},
{"event": "call", "inst_addr": "0x5607cd752b2d", "target_addr": "0x5607cd751645"},
{"event": "branch", "inst_addr": "0x5607cd75165f", "branch_taken": true},
{"event": "branch", "inst_addr": "0x5607cd752b38", "branch_taken": true},
{"event": "branch", "inst_addr": "0x5607cd752b58", "branch_taken": true},
{"event": "branch", "inst_addr": "0x5607cd752aaf", "branch_taken": true},
{"event": "branch", "inst_addr": "0x5607cd752aeb", "branch_taken": true},
{"event": "call", "inst_addr": "0x5607cd752b2d", "target_addr": "0x5607cd752144"},
{"event": "branch", "inst_addr": "0x5607cd7508ea", "branch_taken": true},
{"event": "branch", "inst_addr": "0x5607cd75091b", "branch_taken": true},
{"event": "branch", "inst_addr": "0x5607cd75091b", "branch_taken": true},
{"event": "branch", "inst_addr": "0x5607cd75091b", "branch_taken": true},
{"event": "branch", "inst_addr": "0x5607cd75091b", "branch_taken": true},
{"event": "branch", "inst_addr": "0x5607cd75091b", "branch_taken": false},
{"event": "branch", "inst_addr": "0x5607cd752b38", "branch_taken": true},
{"event": "branch", "inst_addr": "0x5607cd752b58", "branch_taken": true},
{"event": "branch", "inst_addr": "0x5607cd752aaf", "branch_taken": true},
{"event": "branch", "inst_addr": "0x5607cd752aeb", "branch_taken": true},
{"event": "call", "inst_addr": "0x5607cd752b2d", "target_addr": "0x5607cd7514c3"},
{"event": "branch", "inst_addr": "0x5607cd750b82", "branch_taken": true},
{"event": "branch", "inst_addr": "0x5607cd750bb3", "branch_taken": true},
{"event": "branch", "inst_addr": "0x5607cd750bb3", "branch_taken": true},
{"event": "branch", "inst_addr": "0x5607cd750bb3", "branch_taken": true},
{"event": "branch", "inst_addr": "0x5607cd750bb3", "branch_taken": true},
{"event": "branch", "inst_addr": "0x5607cd750bb3", "branch_taken": false},
{"event": "branch", "inst_addr": "0x5607cd752b38", "branch_taken": true},
{"event": "branch", "inst_addr": "0x5607cd752b58", "branch_taken": true},
{"event": "branch", "inst_addr": "0x5607cd752aaf", "branch_taken": true},
{"event": "branch", "inst_addr": "0x5607cd752aeb", "branch_taken": true},
{"event": "call", "inst_addr": "0x5607cd752b2d", "target_addr": "0x5607cd7513e7"},
{"event": "branch", "inst_addr": "0x5607cd750cb5", "branch_taken": true},
{"event": "branch", "inst_addr": "0x5607cd750cf1", "branch_taken": true},
{"event": "branch", "inst_addr": "0x5607cd750d2d", "branch_taken": true},
{"event": "branch", "inst_addr": "0x5607cd750e86", "branch_taken": true},
{"event": "branch", "inst_addr": "0x5607cd750d67", "branch_taken": true},
{"event": "branch", "inst_addr": "0x5607cd752b38", "branch_taken": true},
{"event": "branch", "inst_addr": "0x5607cd752b58", "branch_taken": true},
{"event": "branch", "inst_addr": "0x5607cd752aaf", "branch_taken": true},
{"event": "branch", "inst_addr": "0x5607cd752aeb", "branch_taken": true},
{"event": "call", "inst_addr": "0x5607cd752b2d", "target_addr": "0x5607cd751c33"},
{"event": "branch", "inst_addr": "0x5607cd74fbdf", "branch_taken": false},
{"event": "branch", "inst_addr": "0x5607cd74fbe6", "branch_taken": true},
{"event": "branch", "inst_addr": "0x5607cd74fa20", "branch_taken": true},
{"event": "branch", "inst_addr": "0x5607cd74fc7d", "branch_taken": true},
{"event": "branch", "inst_addr": "0x5607cd74fcbf", "branch_taken": true},
{"event": "branch", "inst_addr": "0x5607cd74fcd6", "branch_taken": true},
{"event": "branch", "inst_addr": "0x5607cd74fd0e", "branch_taken": true},
{"event": "branch", "inst_addr": "0x5607cd7504de", "branch_taken": false},
{"event": "branch", "inst_addr": "0x5607cd7504fc", "branch_taken": true},
{"event": "branch", "inst_addr": "0x5607cd751cac", "branch_taken": true},
{"event": "branch", "inst_addr": "0x5607cd752b38", "branch_taken": true},
{"event": "branch", "inst_addr": "0x5607cd752b58", "branch_taken": true},
{"event": "branch", "inst_addr": "0x5607cd752aaf", "branch_taken": true},
{"event": "branch", "inst_addr": "0x5607cd752aeb", "branch_taken": true},
{"event": "call", "inst_addr": "0x5607cd752b2d", "target_addr": "0x5607cd750ead"},
{"event": "branch", "inst_addr": "0x5607cd74fbdf", "branch_taken": false},
{"event": "branch", "inst_addr": "0x5607cd74fbe6", "branch_taken": true},
{"event": "branch", "inst_addr": "0x5607cd74fa20", "branch_taken": true},
{"event": "branch", "inst_addr": "0x5607cd74fc7d", "branch_taken": true},
{"event": "branch", "inst_addr": "0x5607cd74fcbf", "branch_taken": true},
{"event": "branch", "inst_addr": "0x5607cd74fcd6", "branch_taken": true},
{"event": "branch", "inst_addr": "0x5607cd74fd0e", "branch_taken": true},
{"event": "branch", "inst_addr": "0x5607cd7503a1", "branch_taken": false},
{"event": "branch", "inst_addr": "0x5607cd7503bc", "branch_taken": true},
{"event": "branch", "inst_addr": "0x5607cd7504de", "branch_taken": false},
{"event": "branch", "inst_addr": "0x5607cd7504fc", "branch_taken": true},
{"event": "branch", "inst_addr": "0x5607cd750f41", "branch_taken": true},
{"event": "branch", "inst_addr": "0x5607cd752b38", "branch_taken": true},
{"event": "branch", "inst_addr": "0x5607cd752b58", "branch_taken": true},
{"event": "branch", "inst_addr": "0x5607cd752aaf", "branch_taken": true},
{"event": "branch", "inst_addr": "0x5607cd752aeb", "branch_taken": true},
{"event": "call", "inst_addr": "0x5607cd752b2d", "target_addr": "0x5607cd7513e7"},
{"event": "branch", "inst_addr": "0x5607cd750cb5", "branch_taken": true},
{"event": "branch", "inst_addr": "0x5607cd750cf1", "branch_taken": true},
{"event": "branch", "inst_addr": "0x5607cd750d2d", "branch_taken": true},
{"event": "branch", "inst_addr": "0x5607cd750e86", "branch_taken": true},
{"event": "branch", "inst_addr": "0x5607cd750d67", "branch_taken": true},
{"event": "branch", "inst_addr": "0x5607cd752b38", "branch_taken": true},
{"event": "branch", "inst_addr": "0x5607cd752b58", "branch_taken": true},
{"event": "branch", "inst_addr": "0x5607cd752aaf", "branch_taken": true},
{"event": "branch", "inst_addr": "0x5607cd752aeb", "branch_taken": true},
{"event": "call", "inst_addr": "0x5607cd752b2d", "target_addr": "0x5607cd751695"},
{"event": "branch", "inst_addr": "0x5607cd7516af", "branch_taken": false},
{"event": "branch", "inst_addr": "0x5607cd7516c2", "branch_taken": true},
{"event": "branch", "inst_addr": "0x5607cd752b38", "branch_taken": true},
{"event": "branch", "inst_addr": "0x5607cd752b58", "branch_taken": true},
{"event": "branch", "inst_addr": "0x5607cd752aaf", "branch_taken": true},
{"event": "branch", "inst_addr": "0x5607cd752aeb", "branch_taken": true},
{"event": "call", "inst_addr": "0x5607cd752b2d", "target_addr": "0x5607cd750ead"},
{"event": "branch", "inst_addr": "0x5607cd74fbdf", "branch_taken": false},
{"event": "branch", "inst_addr": "0x5607cd74fbe6", "branch_taken": true},
{"event": "branch", "inst_addr": "0x5607cd74fa20", "branch_taken": true},
{"event": "branch", "inst_addr": "0x5607cd74fc7d", "branch_taken": true},
{"event": "branch", "inst_addr": "0x5607cd74fcbf", "branch_taken": true},
{"event": "branch", "inst_addr": "0x5607cd74fcd6", "branch_taken": true},
{"event": "branch", "inst_addr": "0x5607cd74fd0e", "branch_taken": true},
{"event": "branch", "inst_addr": "0x5607cd7503a1", "branch_taken": false},
{"event": "branch", "inst_addr": "0x5607cd7503bc", "branch_taken": true},
{"event": "branch", "inst_addr": "0x5607cd7504de", "branch_taken": false},
{"event": "branch", "inst_addr": "0x5607cd7504fc", "branch_taken": true},
{"event": "branch", "inst_addr": "0x5607cd750f41", "branch_taken": true},
{"event": "branch", "inst_addr": "0x5607cd752b38", "branch_taken": true},
{"event": "branch", "inst_addr": "0x5607cd752b58", "branch_taken": true},
{"event": "branch", "inst_addr": "0x5607cd752aaf", "branch_taken": true},
{"event": "branch", "inst_addr": "0x5607cd752aeb", "branch_taken": true},
{"event": "call", "inst_addr": "0x5607cd752b2d", "target_addr": "0x5607cd7513e7"},
{"event": "branch", "inst_addr": "0x5607cd750cb5", "branch_taken": true},
{"event": "branch", "inst_addr": "0x5607cd750cf1", "branch_taken": true},
{"event": "branch", "inst_addr": "0x5607cd750d2d", "branch_taken": true},
{"event": "branch", "inst_addr": "0x5607cd750e86", "branch_taken": true},
{"event": "branch", "inst_addr": "0x5607cd750d67", "branch_taken": true},
{"event": "branch", "inst_addr": "0x5607cd752b38", "branch_taken": true},
{"event": "branch", "inst_addr": "0x5607cd752b58", "branch_taken": true},
{"event": "branch", "inst_addr": "0x5607cd752aaf", "branch_taken": true},
{"event": "branch", "inst_addr": "0x5607cd752aeb", "branch_taken": true},
{"event": "call", "inst_addr": "0x5607cd752b2d", "target_addr": "0x5607cd751695"},
{"event": "branch", "inst_addr": "0x5607cd7516af", "branch_taken": false},
{"event": "branch", "inst_addr": "0x5607cd7516c2", "branch_taken": true},
{"event": "branch", "inst_addr": "0x5607cd752b38", "branch_taken": true},
{"event": "branch", "inst_addr": "0x5607cd752b58", "branch_taken": true},
{"event": "branch", "inst_addr": "0x5607cd752aaf", "branch_taken": true},
{"event": "branch", "inst_addr": "0x5607cd752aeb", "branch_taken": true},
{"event": "call", "inst_addr": "0x5607cd752b2d", "target_addr": "0x5607cd750ead"},
{"event": "branch", "inst_addr": "0x5607cd74fbdf", "branch_taken": false},
{"event": "branch", "inst_addr": "0x5607cd74fbe6", "branch_taken": true},
{"event": "branch", "inst_addr": "0x5607cd74fa20", "branch_taken": true},
{"event": "branch", "inst_addr": "0x5607cd74fc7d", "branch_taken": true},
{"event": "branch", "inst_addr": "0x5607cd74fcbf", "branch_taken": true},
{"event": "branch", "inst_addr": "0x5607cd74fcd6", "branch_taken": true},
{"event": "branch", "inst_addr": "0x5607cd74fd0e", "branch_taken": true},
{"event": "branch", "inst_addr": "0x5607cd7503a1", "branch_taken": false},
{"event": "branch", "inst_addr": "0x5607cd7503bc", "branch_taken": true},
{"event": "branch", "inst_addr": "0x5607cd7504de", "branch_taken": false},
{"event": "branch", "inst_addr": "0x5607cd7504fc", "branch_taken": true},
{"event": "branch", "inst_addr": "0x5607cd750f41", "branch_taken": true},
{"event": "branch", "inst_addr": "0x5607cd752b38", "branch_taken": true},
{"event": "branch", "inst_addr": "0x5607cd752b58", "branch_taken": true},
{"event": "branch", "inst_addr": "0x5607cd752aaf", "branch_taken": true},
{"event": "branch", "inst_addr": "0x5607cd752aeb", "branch_taken": true},
{"event": "call", "inst_addr": "0x5607cd752b2d", "target_addr": "0x5607cd7513e7"},
{"event": "branch", "inst_addr": "0x5607cd750cb5", "branch_taken": true},
{"event": "branch", "inst_addr": "0x5607cd750cf1", "branch_taken": false},
{"event": "branch", "inst_addr": "0x5607cd750d06", "branch_taken": true},
{"event": "branch", "inst_addr": "0x5607cd750d2d", "branch_taken": true},
{"event": "branch", "inst_addr": "0x5607cd750e86", "branch_taken": true},
{"event": "branch", "inst_addr": "0x5607cd750d67", "branch_taken": true},
{"event": "branch", "inst_addr": "0x5607cd752b38", "branch_taken": true},
{"event": "branch", "inst_addr": "0x5607cd752b58", "branch_taken": true},
{"event": "branch", "inst_addr": "0x5607cd752aaf", "branch_taken": true},
{"event": "branch", "inst_addr": "0x5607cd752aeb", "branch_taken": true},
{"event": "call", "inst_addr": "0x5607cd752b2d", "target_addr": "0x5607cd751695"},
{"event": "branch", "inst_addr": "0x5607cd7516af", "branch_taken": true},
{"event": "branch", "inst_addr": "0x5607cd752b38", "branch_taken": true},
{"event": "branch", "inst_addr": "0x5607cd752b58", "branch_taken": true},
{"event": "branch", "inst_addr": "0x5607cd752aaf", "branch_taken": true},
{"event": "branch", "inst_addr": "0x5607cd752aeb", "branch_taken": true},
{"event": "call", "inst_addr": "0x5607cd752b2d", "target_addr": "0x5607cd751159"},
{"event": "branch", "inst_addr": "0x5607cd74fbdf", "branch_taken": false},
{"event": "branch", "inst_addr": "0x5607cd74fbe6", "branch_taken": true},
{"event": "branch", "inst_addr": "0x5607cd74fa20", "branch_taken": true},
{"event": "branch", "inst_addr": "0x5607cd74fc7d", "branch_taken": true},
{"event": "branch", "inst_addr": "0x5607cd74fcbf", "branch_taken": true},
{"event": "branch", "inst_addr": "0x5607cd74fcd6", "branch_taken": true},
{"event": "branch", "inst_addr": "0x5607cd74fd0e", "branch_taken": true},
{"event": "branch", "inst_addr": "0x5607cd7503a1", "branch_taken": false},
{"event": "branch", "inst_addr": "0x5607cd7503bc", "branch_taken": true},
{"event": "branch", "inst_addr": "0x5607cd750cb5", "branch_taken": true},
{"event": "branch", "inst_addr": "0x5607cd750cf1", "branch_taken": false},
{"event": "branch", "inst_addr": "0x5607cd750d06", "branch_taken": true},
{"event": "branch", "inst_addr": "0x5607cd750d2d", "branch_taken": true},
{"event": "branch", "inst_addr": "0x5607cd750e86", "branch_taken": true},
{"event": "branch", "inst_addr": "0x5607cd750d67", "branch_taken": true},
{"event": "branch", "inst_addr": "0x5607cd7511f8", "branch_taken": true},
{"event": "branch", "inst_addr": "0x5607cd752b38", "branch_taken": true},
{"event": "branch", "inst_addr": "0x5607cd752b58", "branch_taken": true},
{"event": "branch", "inst_addr": "0x5607cd752aaf", "branch_taken": true},
{"event": "branch", "inst_addr": "0x5607cd752aeb", "branch_taken": true},
{"event": "call", "inst_addr": "0x5607cd752b2d", "target_addr": "0x5607cd751645"},
{"event": "branch", "inst_addr": "0x5607cd75165f", "branch_taken": false},
{"event": "branch", "inst_addr": "0x5607cd751672", "branch_taken": true},
{"event": "branch", "inst_addr": "0x5607cd752b38", "branch_taken": true},
{"event": "branch", "inst_addr": "0x5607cd752b58", "branch_taken": true},
{"event": "branch", "inst_addr": "0x5607cd752aaf", "branch_taken": true},
{"event": "branch", "inst_addr": "0x5607cd752aeb", "branch_taken": true},
{"event": "call", "inst_addr": "0x5607cd752b2d", "target_addr": "0x5607cd752269"},
{"event": "branch", "inst_addr": "0x5607cd752b38", "branch_taken": false},
{"event": "branch", "inst_addr": "0x5607cd74f9c0", "branch_taken": true},
{"event": "branch", "inst_addr": "0x5607cd752b46", "branch_taken": true},
{"event": "branch", "inst_addr": "0x5607cd74f9b0", "branch_taken": true},
{"event": "branch", "inst_addr": "0x5607cd75290f", "branch_taken": true},
{"event": "branch", "inst_addr": "0x5607cd752946", "branch_taken": false},
{"event": "branch", "inst_addr": "0x5607cd74f9b0", "branch_taken": true},
{"event": "branch", "inst_addr": "0x5607cd752886", "branch_taken": true},
{"event": "branch", "inst_addr": "0x5607cd7528c9", "branch_taken": true},
{"event": "branch", "inst_addr": "0x5607cd74fa00", "branch_taken": true},
{"event": "branch", "inst_addr": "0x5607cd7528c9", "branch_taken": true},
{"event": "branch", "inst_addr": "0x5607cd74fa00", "branch_taken": true},
{"event": "branch", "inst_addr": "0x5607cd7528c9", "branch_taken": true},
{"event": "branch", "inst_addr": "0x5607cd74fa00", "branch_taken": true},
{"event": "branch", "inst_addr": "0x5607cd7528c9", "branch_taken": true},
{"event": "branch", "inst_addr": "0x5607cd74fa00", "branch_taken": true},
{"event": "branch", "inst_addr": "0x5607cd7528c9", "branch_taken": true},
{"event": "branch", "inst_addr": "0x5607cd74fa00", "branch_taken": true},
{"event": "branch", "inst_addr": "0x5607cd7528c9", "branch_taken": true},
{"event": "branch", "inst_addr": "0x5607cd74fa00", "branch_taken": true},
{"event": "branch", "inst_addr": "0x5607cd7528c9", "branch_taken": true},
{"event": "branch", "inst_addr": "0x5607cd74fa00", "branch_taken": true},
{"event": "branch", "inst_addr": "0x5607cd7528c9", "branch_taken": true},
{"event": "branch", "inst_addr": "0x5607cd74fa00", "branch_taken": true},
{"event": "branch", "inst_addr": "0x5607cd7528c9", "branch_taken": false},
{"event": "branch", "inst_addr": "0x5607cd74fa00", "branch_taken": true},
{"event": "branch", "inst_addr": "0x5607cd74f9a0", "branch_taken": true},
{"event": "branch", "inst_addr": "0x5607cd74f9a0", "branch_taken": true},
{"event": "branch", "inst_addr": "0x5607cd74fb87", "branch_taken": false},
{"event": "branch", "inst_addr": "0x5607cd74fb95", "branch_taken": false},
{"event": "branch", "inst_addr": "0x5607cd74fab0", "branch_taken": true},
{"event": "branch", "inst_addr": "0x5607cd74fb05", "branch_taken": true},
{"event": "exit", "exit_code": 0}
]
