[
{"event": "image_load", "image_name": "***/box10", "image_id": 1, "base_addr": "0x55853989f000", "image_size": "0x195f"},
{"event": "image_load", "image_name": "/lib64/ld-linux-x86-64.so.2", "image_id": 2, "base_addr": "0x7fadfc0c8000", "image_size": "0x26c23"},
{"event": "image_load", "image_name": "[vdso]", "image_id": 3, "base_addr": "0x7fff7810e000", "image_size": "0x95a"},
{"event": "image_load", "image_name": "/lib/x86_64-linux-gnu/libc.so.6", "image_id": 4, "base_addr": "0x7fade78e0000", "image_size": "0x3f0adf"},
{"event": "branch", "inst_addr": "0x55853989f6a6", "branch_taken": true},
{"event": "branch", "inst_addr": "0x5585398a0464", "branch_taken": false},
{"event": "branch", "inst_addr": "0x55853989f855", "branch_taken": true},
{"event": "branch", "inst_addr": "0x55853989f7e6", "branch_taken": true},
{"event": "branch", "inst_addr": "0x5585398a0484", "branch_taken": false},
{"event": "branch", "inst_addr": "0x55853989f710", "branch_taken": true},
{"event": "branch", "inst_addr": "0x55853989f6f0", "branch_taken": true},
{"event": "branch", "inst_addr": "0x5585398a03d6", "branch_taken": true},
{"event": "branch", "inst_addr": "0x55853989f720", "branch_taken": true},
{"event": "branch", "inst_addr": "0x55853989f700", "branch_taken": true},
{"event": "branch", "inst_addr": "0x5585398a0130", "branch_taken": true},
{"event": "branch", "inst_addr": "0x5585398a0373", "branch_taken": true},
{"event": "branch", "inst_addr": "0x5585398a0143", "branch_taken": false},
{"event": "branch", "inst_addr": "0x5585398a014d", "branch_taken": true},
{"event": "branch", "inst_addr": "0x5585398a0195", "branch_taken": true},
{"event": "branch", "inst_addr": "0x5585398a01dd", "branch_taken": true},
{"event": "branch", "inst_addr": "0x5585398a0225", "branch_taken": true},
{"event": "branch", "inst_addr": "0x5585398a026d", "branch_taken": true},
{"event": "branch", "inst_addr": "0x5585398a02b5", "branch_taken": true},
{"event": "branch", "inst_addr": "0x5585398a02fa", "branch_taken": false},
{"event": "branch", "inst_addr": "0x5585398a0300", "branch_taken": false},
{"event": "branch", "inst_addr": "0x5585398a0306", "branch_taken": false},
{"event": "branch", "inst_addr": "0x5585398a032e", "branch_taken": true},
{"event": "branch", "inst_addr": "0x5585398a0358", "branch_taken": true},
{"event": "branch", "inst_addr": "0x5585398a0373", "branch_taken": true},
{"event": "branch", "inst_addr": "0x5585398a0143", "branch_taken": false},
{"event": "branch", "inst_addr": "0x5585398a014d", "branch_taken": true},
{"event": "branch", "inst_addr": "0x5585398a0195", "branch_taken": true},
{"event": "branch", "inst_addr": "0x5585398a01dd", "branch_taken": true},
{"event": "branch", "inst_addr": "0x5585398a0225", "branch_taken": true},
{"event": "branch", "inst_addr": "0x5585398a026d", "branch_taken": true},
{"event": "branch", "inst_addr": "0x5585398a02b5", "branch_taken": true},
{"event": "branch", "inst_addr": "0x5585398a02fa", "branch_taken": false},
{"event": "branch", "inst_addr": "0x5585398a0300", "branch_taken": false},
{"event": "branch", "inst_addr": "0x5585398a0306", "branch_taken": false},
{"event": "branch", "inst_addr": "0x5585398a032e", "branch_taken": true},
{"event": "branch", "inst_addr": "0x5585398a0358", "branch_taken": true},
{"event": "branch", "inst_addr": "0x5585398a0373", "branch_taken": true},
{"event": "branch", "inst_addr": "0x5585398a0143", "branch_taken": false},
{"event": "branch", "inst_addr": "0x5585398a014d", "branch_taken": true},
{"event": "branch", "inst_addr": "0x5585398a0195", "branch_taken": true},
{"event": "branch", "inst_addr": "0x5585398a01dd", "branch_taken": true},
{"event": "branch", "inst_addr": "0x5585398a0225", "branch_taken": true},
{"event": "branch", "inst_addr": "0x5585398a026d", "branch_taken": true},
{"event": "branch", "inst_addr": "0x5585398a02b5", "branch_taken": true},
{"event": "branch", "inst_addr": "0x5585398a02fa", "branch_taken": false},
{"event": "branch", "inst_addr": "0x5585398a0300", "branch_taken": false},
{"event": "branch", "inst_addr": "0x5585398a0306", "branch_taken": false},
{"event": "branch", "inst_addr": "0x5585398a032e", "branch_taken": true},
{"event": "branch", "inst_addr": "0x5585398a0358", "branch_taken": true},
{"event": "branch", "inst_addr": "0x5585398a0373", "branch_taken": true},
{"event": "branch", "inst_addr": "0x5585398a0143", "branch_taken": false},
{"event": "branch", "inst_addr": "0x5585398a014d", "branch_taken": true},
{"event": "branch", "inst_addr": "0x5585398a0195", "branch_taken": true},
{"event": "branch", "inst_addr": "0x5585398a01dd", "branch_taken": true},
{"event": "branch", "inst_addr": "0x5585398a0225", "branch_taken": true},
{"event": "branch", "inst_addr": "0x5585398a026d", "branch_taken": true},
{"event": "branch", "inst_addr": "0x5585398a02b5", "branch_taken": true},
{"event": "branch", "inst_addr": "0x5585398a02fa", "branch_taken": false},
{"event": "branch", "inst_addr": "0x5585398a0300", "branch_taken": false},
{"event": "branch", "inst_addr": "0x5585398a0306", "branch_taken": false},
{"event": "branch", "inst_addr": "0x5585398a032e", "branch_taken": false},
{"event": "branch", "inst_addr": "0x55853989fa24", "branch_taken": true},
{"event": "branch", "inst_addr": "0x5585398a034f", "branch_taken": true},
{"event": "branch", "inst_addr": "0x5585398a0373", "branch_taken": true},
{"event": "branch", "inst_addr": "0x5585398a0143", "branch_taken": false},
{"event": "branch", "inst_addr": "0x5585398a014d", "branch_taken": true},
{"event": "branch", "inst_addr": "0x5585398a0195", "branch_taken": true},
{"event": "branch", "inst_addr": "0x5585398a01dd", "branch_taken": true},
{"event": "branch", "inst_addr": "0x5585398a0225", "branch_taken": true},
{"event": "branch", "inst_addr": "0x5585398a026d", "branch_taken": true},
{"event": "branch", "inst_addr": "0x5585398a02b5", "branch_taken": true},
{"event": "branch", "inst_addr": "0x5585398a02fa", "branch_taken": false},
{"event": "branch", "inst_addr": "0x5585398a0300", "branch_taken": false},
{"event": "branch", "inst_addr": "0x5585398a0306", "branch_taken": false},
{"event": "branch", "inst_addr": "0x5585398a032e", "branch_taken": true},
{"event": "branch", "inst_addr": "0x5585398a0358", "branch_taken": true},
{"event": "branch", "inst_addr": "0x5585398a0373", "branch_taken": true},
{"event": "branch", "inst_addr": "0x5585398a0143", "branch_taken": false},
{"event": "branch", "inst_addr": "0x5585398a014d", "branch_taken": true},
{"event": "branch", "inst_addr": "0x5585398a0195", "branch_taken": true},
{"event": "branch", "inst_addr": "0x5585398a01dd", "branch_taken": true},
{"event": "branch", "inst_addr": "0x5585398a0225", "branch_taken": true},
{"event": "branch", "inst_addr": "0x5585398a026d", "branch_taken": true},
{"event": "branch", "inst_addr": "0x5585398a02b5", "branch_taken": true},
{"event": "branch", "inst_addr": "0x5585398a02fa", "branch_taken": false},
{"event": "branch", "inst_addr": "0x5585398a0300", "branch_taken": false},
{"event": "branch", "inst_addr": "0x5585398a0306", "branch_taken": false},
{"event": "branch", "inst_addr": "0x5585398a032e", "branch_taken": true},
{"event": "branch", "inst_addr": "0x5585398a0358", "branch_taken": true},
{"event": "branch", "inst_addr": "0x5585398a0373", "branch_taken": true},
{"event": "branch", "inst_addr": "0x5585398a0143", "branch_taken": false},
{"event": "branch", "inst_addr": "0x5585398a014d", "branch_taken": true},
{"event": "branch", "inst_addr": "0x5585398a0195", "branch_taken": true},
{"event": "branch", "inst_addr": "0x5585398a01dd", "branch_taken": true},
{"event": "branch", "inst_addr": "0x5585398a0225", "branch_taken": true},
{"event": "branch", "inst_addr": "0x5585398a026d", "branch_taken": true},
{"event": "branch", "inst_addr": "0x5585398a02b5", "branch_taken": true},
{"event": "branch", "inst_addr": "0x5585398a02fa", "branch_taken": false},
{"event": "branch", "inst_addr": "0x5585398a0300", "branch_taken": false},
{"event": "branch", "inst_addr": "0x5585398a0306", "branch_taken": false},
{"event": "branch", "inst_addr": "0x5585398a032e", "branch_taken": true},
{"event": "branch", "inst_addr": "0x5585398a0358", "branch_taken": true},
{"event": "branch", "inst_addr": "0x5585398a0373", "branch_taken": true},
{"event": "branch", "inst_addr": "0x5585398a0143", "branch_taken": false},
{"event": "branch", "inst_addr": "0x5585398a014d", "branch_taken": true},
{"event": "branch", "inst_addr": "0x5585398a0195", "branch_taken": true},
{"event": "branch", "inst_addr": "0x5585398a01dd", "branch_taken": true},
{"event": "branch", "inst_addr": "0x5585398a0225", "branch_taken": true},
{"event": "branch", "inst_addr": "0x5585398a026d", "branch_taken": true},
{"event": "branch", "inst_addr": "0x5585398a02b5", "branch_taken": true},
{"event": "branch", "inst_addr": "0x5585398a02fa", "branch_taken": false},
{"event": "branch", "inst_addr": "0x5585398a0300", "branch_taken": false},
{"event": "branch", "inst_addr": "0x5585398a0306", "branch_taken": false},
{"event": "branch", "inst_addr": "0x5585398a032e", "branch_taken": false},
{"event": "branch", "inst_addr": "0x55853989fa24", "branch_taken": true},
{"event": "branch", "inst_addr": "0x5585398a034f", "branch_taken": true},
{"event": "branch", "inst_addr": "0x5585398a0373", "branch_taken": true},
{"event": "branch", "inst_addr": "0x5585398a0143", "branch_taken": false},
{"event": "branch", "inst_addr": "0x5585398a014d", "branch_taken": false},
{"event": "branch", "inst_addr": "0x55853989f9c4", "branch_taken": true},
{"event": "branch", "inst_addr": "0x55853989f9c4", "branch_taken": true},
{"event": "branch", "inst_addr": "0x55853989fa81", "branch_taken": true},
{"event": "branch", "inst_addr": "0x55853989fa91", "branch_taken": true},
{"event": "branch", "inst_addr": "0x55853989fa91", "branch_taken": true},
{"event": "branch", "inst_addr": "0x55853989fa91", "branch_taken": true},
{"event": "branch", "inst_addr": "0x55853989fa91", "branch_taken": true},
{"event": "branch", "inst_addr": "0x55853989fa91", "branch_taken": true},
{"event": "branch", "inst_addr": "0x55853989fa91", "branch_taken": true},
{"event": "branch", "inst_addr": "0x55853989fa91", "branch_taken": false},
{"event": "branch", "inst_addr": "0x55853989fa24", "branch_taken": true},
{"event": "branch", "inst_addr": "0x5585398a018c", "branch_taken": true},
{"event": "branch", "inst_addr": "0x5585398a0373", "branch_taken": true},
{"event": "branch", "inst_addr": "0x5585398a0143", "branch_taken": false},
{"event": "branch", "inst_addr": "0x5585398a014d", "branch_taken": true},
{"event": "branch", "inst_addr": "0x5585398a0195", "branch_taken": true},
{"event": "branch", "inst_addr": "0x5585398a01dd", "branch_taken": true},
{"event": "branch", "inst_addr": "0x5585398a0225", "branch_taken": true},
{"event": "branch", "inst_addr": "0x5585398a026d", "branch_taken": true},
{"event": "branch", "inst_addr": "0x5585398a02b5", "branch_taken": true},
{"event": "branch", "inst_addr": "0x5585398a02fa", "branch_taken": false},
{"event": "branch", "inst_addr": "0x5585398a0300", "branch_taken": false},
{"event": "branch", "inst_addr": "0x5585398a0306", "branch_taken": false},
{"event": "branch", "inst_addr": "0x5585398a032e", "branch_taken": true},
{"event": "branch", "inst_addr": "0x5585398a0358", "branch_taken": true},
{"event": "branch", "inst_addr": "0x5585398a0373", "branch_taken": true},
{"event": "branch", "inst_addr": "0x5585398a0143", "branch_taken": false},
{"event": "branch", "inst_addr": "0x5585398a014d", "branch_taken": true},
{"event": "branch", "inst_addr": "0x5585398a0195", "branch_taken": true},
{"event": "branch", "inst_addr": "0x5585398a01dd", "branch_taken": true},
{"event": "branch", "inst_addr": "0x5585398a0225", "branch_taken": true},
{"event": "branch", "inst_addr": "0x5585398a026d", "branch_taken": true},
{"event": "branch", "inst_addr": "0x5585398a02b5", "branch_taken": true},
{"event": "branch", "inst_addr": "0x5585398a02fa", "branch_taken": false},
{"event": "branch", "inst_addr": "0x5585398a0300", "branch_taken": false},
{"event": "branch", "inst_addr": "0x5585398a0306", "branch_taken": false},
{"event": "branch", "inst_addr": "0x5585398a032e", "branch_taken": true},
{"event": "branch", "inst_addr": "0x5585398a0358", "branch_taken": true},
{"event": "branch", "inst_addr": "0x5585398a0373", "branch_taken": true},
{"event": "branch", "inst_addr": "0x5585398a0143", "branch_taken": false},
{"event": "branch", "inst_addr": "0x5585398a014d", "branch_taken": true},
{"event": "branch", "inst_addr": "0x5585398a0195", "branch_taken": true},
{"event": "branch", "inst_addr": "0x5585398a01dd", "branch_taken": true},
{"event": "branch", "inst_addr": "0x5585398a0225", "branch_taken": true},
{"event": "branch", "inst_addr": "0x5585398a026d", "branch_taken": true},
{"event": "branch", "inst_addr": "0x5585398a02b5", "branch_taken": true},
{"event": "branch", "inst_addr": "0x5585398a02fa", "branch_taken": false},
{"event": "branch", "inst_addr": "0x5585398a0300", "branch_taken": false},
{"event": "branch", "inst_addr": "0x5585398a0306", "branch_taken": false},
{"event": "branch", "inst_addr": "0x5585398a032e", "branch_taken": true},
{"event": "branch", "inst_addr": "0x5585398a0358", "branch_taken": true},
{"event": "branch", "inst_addr": "0x5585398a0373", "branch_taken": true},
{"event": "branch", "inst_addr": "0x5585398a0143", "branch_taken": false},
{"event": "branch", "inst_addr": "0x5585398a014d", "branch_taken": true},
{"event": "branch", "inst_addr": "0x5585398a0195", "branch_taken": true},
{"event": "branch", "inst_addr": "0x5585398a01dd", "branch_taken": true},
{"event": "branch", "inst_addr": "0x5585398a0225", "branch_taken": true},
{"event": "branch", "inst_addr": "0x5585398a026d", "branch_taken": true},
{"event": "branch", "inst_addr": "0x5585398a02b5", "branch_taken": true},
{"event": "branch", "inst_addr": "0x5585398a02fa", "branch_taken": false},
{"event": "branch", "inst_addr": "0x5585398a0300", "branch_taken": false},
{"event": "branch", "inst_addr": "0x5585398a0306", "branch_taken": false},
{"event": "branch", "inst_addr": "0x5585398a032e", "branch_taken": false},
{"event": "branch", "inst_addr": "0x55853989fa24", "branch_taken": true},
{"event": "branch", "inst_addr": "0x5585398a034f", "branch_taken": true},
{"event": "branch", "inst_addr": "0x5585398a0373", "branch_taken": true},
{"event": "branch", "inst_addr": "0x5585398a0143", "branch_taken": false},
{"event": "branch", "inst_addr": "0x5585398a014d", "branch_taken": true},
{"event": "branch", "inst_addr": "0x5585398a0195", "branch_taken": true},
{"event": "branch", "inst_addr": "0x5585398a01dd", "branch_taken": true},
{"event": "branch", "inst_addr": "0x5585398a0225", "branch_taken": true},
{"event": "branch", "inst_addr": "0x5585398a026d", "branch_taken": false},
{"event": "branch", "inst_addr": "0x55853989f9c4", "branch_taken": true},
{"event": "branch", "inst_addr": "0x55853989f9c4", "branch_taken": true},
{"event": "branch", "inst_addr": "0x55853989fcb7", "branch_taken": true},
{"event": "branch", "inst_addr": "0x55853989fd78", "branch_taken": true},
{"event": "branch", "inst_addr": "0x55853989fccb", "branch_taken": true},
{"event": "branch", "inst_addr": "0x55853989fd0d", "branch_taken": true},
{"event": "branch", "inst_addr": "0x55853989fcfb", "branch_taken": true},
{"event": "branch", "inst_addr": "0x55853989fd0d", "branch_taken": true},
{"event": "branch", "inst_addr": "0x55853989fcfb", "branch_taken": false},
{"event": "branch", "inst_addr": "0x55853989fd0d", "branch_taken": true},
{"event": "branch", "inst_addr": "0x55853989fcfb", "branch_taken": true},
{"event": "branch", "inst_addr": "0x55853989fd0d", "branch_taken": true},
{"event": "branch", "inst_addr": "0x55853989fcfb", "branch_taken": true},
{"event": "branch", "inst_addr": "0x55853989fd0d", "branch_taken": true},
{"event": "branch", "inst_addr": "0x55853989fcfb", "branch_taken": true},
{"event": "branch", "inst_addr": "0x55853989fd0d", "branch_taken": true},
{"event": "branch", "inst_addr": "0x55853989fcfb", "branch_taken": true},
{"event": "branch", "inst_addr": "0x55853989fd0d", "branch_taken": true},
{"event": "branch", "inst_addr": "0x55853989fcfb", "branch_taken": true},
{"event": "branch", "inst_addr": "0x55853989fd0d", "branch_taken": true},
{"event": "branch", "inst_addr": "0x55853989fcfb", "branch_taken": false},
{"event": "branch", "inst_addr": "0x55853989fd0d", "branch_taken": true},
{"event": "branch", "inst_addr": "0x55853989fcfb", "branch_taken": true},
{"event": "branch", "inst_addr": "0x55853989fd0d", "branch_taken": false},
{"event": "branch", "inst_addr": "0x55853989fd78", "branch_taken": true},
{"event": "branch", "inst_addr": "0x55853989fccb", "branch_taken": true},
{"event": "branch", "inst_addr": "0x55853989fd0d", "branch_taken": true},
{"event": "branch", "inst_addr": "0x55853989fcfb", "branch_taken": false},
{"event": "branch", "inst_addr": "0x55853989fd0d", "branch_taken": true},
{"event": "branch", "inst_addr": "0x55853989fcfb", "branch_taken": true},
{"event": "branch", "inst_addr": "0x55853989fd0d", "branch_taken": true},
{"event": "branch", "inst_addr": "0x55853989fcfb", "branch_taken": true},
{"event": "branch", "inst_addr": "0x55853989fd0d", "branch_taken": true},
{"event": "branch", "inst_addr": "0x55853989fcfb", "branch_taken": true},
{"event": "branch", "inst_addr": "0x55853989fd0d", "branch_taken": true},
{"event": "branch", "inst_addr": "0x55853989fcfb", "branch_taken": true},
{"event": "branch", "inst_addr": "0x55853989fd0d", "branch_taken": true},
{"event": "branch", "inst_addr": "0x55853989fcfb", "branch_taken": true},
{"event": "branch", "inst_addr": "0x55853989fd0d", "branch_taken": true},
{"event": "branch", "inst_addr": "0x55853989fcfb", "branch_taken": true},
{"event": "branch", "inst_addr": "0x55853989fd0d", "branch_taken": true},
{"event": "branch", "inst_addr": "0x55853989fcfb", "branch_taken": true},
{"event": "branch", "inst_addr": "0x55853989fd0d", "branch_taken": false},
{"event": "branch", "inst_addr": "0x55853989fd78", "branch_taken": true},
{"event": "branch", "inst_addr": "0x55853989fccb", "branch_taken": true},
{"event": "branch", "inst_addr": "0x55853989fd0d", "branch_taken": true},
{"event": "branch", "inst_addr": "0x55853989fcfb", "branch_taken": true},
{"event": "branch", "inst_addr": "0x55853989fd0d", "branch_taken": true},
{"event": "branch", "inst_addr": "0x55853989fcfb", "branch_taken": true},
{"event": "branch", "inst_addr": "0x55853989fd0d", "branch_taken": true},
{"event": "branch", "inst_addr": "0x55853989fcfb", "branch_taken": false},
{"event": "branch", "inst_addr": "0x55853989fd0d", "branch_taken": true},
{"event": "branch", "inst_addr": "0x55853989fcfb", "branch_taken": false},
{"event": "branch", "inst_addr": "0x55853989fd0d", "branch_taken": true},
{"event": "branch", "inst_addr": "0x55853989fcfb", "branch_taken": true},
{"event": "branch", "inst_addr": "0x55853989fd0d", "branch_taken": true},
{"event": "branch", "inst_addr": "0x55853989fcfb", "branch_taken": false},
{"event": "branch", "inst_addr": "0x55853989fd0d", "branch_taken": true},
{"event": "branch", "inst_addr": "0x55853989fcfb", "branch_taken": true},
{"event": "branch", "inst_addr": "0x55853989fd0d", "branch_taken": false},
{"event": "branch", "inst_addr": "0x55853989fd78", "branch_taken": true},
{"event": "branch", "inst_addr": "0x55853989fccb", "branch_taken": true},
{"event": "branch", "inst_addr": "0x55853989fd0d", "branch_taken": true},
{"event": "branch", "inst_addr": "0x55853989fcfb", "branch_taken": false},
{"event": "branch", "inst_addr": "0x55853989fd0d", "branch_taken": true},
{"event": "branch", "inst_addr": "0x55853989fcfb", "branch_taken": false},
{"event": "branch", "inst_addr": "0x55853989fd0d", "branch_taken": true},
{"event": "branch", "inst_addr": "0x55853989fcfb", "branch_taken": false},
{"event": "branch", "inst_addr": "0x55853989fd0d", "branch_taken": true},
{"event": "branch", "inst_addr": "0x55853989fcfb", "branch_taken": true},
{"event": "branch", "inst_addr": "0x55853989fd0d", "branch_taken": true},
{"event": "branch", "inst_addr": "0x55853989fcfb", "branch_taken": true},
{"event": "branch", "inst_addr": "0x55853989fd0d", "branch_taken": true},
{"event": "branch", "inst_addr": "0x55853989fcfb", "branch_taken": true},
{"event": "branch", "inst_addr": "0x55853989fd0d", "branch_taken": false},
{"event": "branch", "inst_addr": "0x55853989fd78", "branch_taken": true},
{"event": "branch", "inst_addr": "0x55853989fccb", "branch_taken": true},
{"event": "branch", "inst_addr": "0x55853989fd0d", "branch_taken": true},
{"event": "branch", "inst_addr": "0x55853989fcfb", "branch_taken": false},
{"event": "branch", "inst_addr": "0x55853989fd0d", "branch_taken": true},
{"event": "branch", "inst_addr": "0x55853989fcfb", "branch_taken": true},
{"event": "branch", "inst_addr": "0x55853989fd0d", "branch_taken": true},
{"event": "branch", "inst_addr": "0x55853989fcfb", "branch_taken": true},
{"event": "branch", "inst_addr": "0x55853989fd0d", "branch_taken": true},
{"event": "branch", "inst_addr": "0x55853989fcfb", "branch_taken": true},
{"event": "branch", "inst_addr": "0x55853989fd0d", "branch_taken": true},
{"event": "branch", "inst_addr": "0x55853989fcfb", "branch_taken": true},
{"event": "branch", "inst_addr": "0x55853989fd0d", "branch_taken": false},
{"event": "branch", "inst_addr": "0x55853989fd78", "branch_taken": true},
{"event": "branch", "inst_addr": "0x55853989fccb", "branch_taken": true},
{"event": "branch", "inst_addr": "0x55853989fd0d", "branch_taken": true},
{"event": "branch", "inst_addr": "0x55853989fcfb", "branch_taken": true},
{"event": "branch", "inst_addr": "0x55853989fd0d", "branch_taken": true},
{"event": "branch", "inst_addr": "0x55853989fcfb", "branch_taken": false},
{"event": "branch", "inst_addr": "0x55853989fd0d", "branch_taken": true},
{"event": "branch", "inst_addr": "0x55853989fcfb", "branch_taken": true},
{"event": "branch", "inst_addr": "0x55853989fd0d", "branch_taken": true},
{"event": "branch", "inst_addr": "0x55853989fcfb", "branch_taken": true},
{"event": "branch", "inst_addr": "0x55853989fd0d", "branch_taken": false},
{"event": "branch", "inst_addr": "0x55853989fd78", "branch_taken": true},
{"event": "branch", "inst_addr": "0x55853989fccb", "branch_taken": true},
{"event": "branch", "inst_addr": "0x55853989fd0d", "branch_taken": true},
{"event": "branch", "inst_addr": "0x55853989fcfb", "branch_taken": false},
{"event": "branch", "inst_addr": "0x55853989fd0d", "branch_taken": true},
{"event": "branch", "inst_addr": "0x55853989fcfb", "branch_taken": false},
{"event": "branch", "inst_addr": "0x55853989fd0d", "branch_taken": true},
{"event": "branch", "inst_addr": "0x55853989fcfb", "branch_taken": true},
{"event": "branch", "inst_addr": "0x55853989fd0d", "branch_taken": false},
{"event": "branch", "inst_addr": "0x55853989fd78", "branch_taken": true},
{"event": "branch", "inst_addr": "0x55853989fccb", "branch_taken": true},
{"event": "branch", "inst_addr": "0x55853989fd0d", "branch_taken": true},
{"event": "branch", "inst_addr": "0x55853989fcfb", "branch_taken": true},
{"event": "branch", "inst_addr": "0x55853989fd0d", "branch_taken": true},
{"event": "branch", "inst_addr": "0x55853989fcfb", "branch_taken": false},
{"event": "branch", "inst_addr": "0x55853989fd0d", "branch_taken": false},
{"event": "branch", "inst_addr": "0x55853989fd78", "branch_taken": true},
{"event": "branch", "inst_addr": "0x55853989fccb", "branch_taken": true},
{"event": "branch", "inst_addr": "0x55853989fd0d", "branch_taken": true},
{"event": "branch", "inst_addr": "0x55853989fcfb", "branch_taken": false},
{"event": "branch", "inst_addr": "0x55853989fd0d", "branch_taken": false},
{"event": "branch", "inst_addr": "0x55853989fd78", "branch_taken": true},
{"event": "branch", "inst_addr": "0x55853989fccb", "branch_taken": true},
{"event": "branch", "inst_addr": "0x55853989fd0d", "branch_taken": false},
{"event": "branch", "inst_addr": "0x55853989fd78", "branch_taken": false},
{"event": "branch", "inst_addr": "0x55853989fe2b", "branch_taken": true},
{"event": "branch", "inst_addr": "0x55853989fa24", "branch_taken": true},
{"event": "branch", "inst_addr": "0x5585398a02ac", "branch_taken": true},
{"event": "branch", "inst_addr": "0x5585398a0373", "branch_taken": true},
{"event": "branch", "inst_addr": "0x5585398a0143", "branch_taken": false},
{"event": "branch", "inst_addr": "0x5585398a014d", "branch_taken": true},
{"event": "branch", "inst_addr": "0x5585398a0195", "branch_taken": true},
{"event": "branch", "inst_addr": "0x5585398a01dd", "branch_taken": true},
{"event": "branch", "inst_addr": "0x5585398a0225", "branch_taken": true},
{"event": "branch", "inst_addr": "0x5585398a026d", "branch_taken": true},
{"event": "branch", "inst_addr": "0x5585398a02b5", "branch_taken": true},
{"event": "branch", "inst_addr": "0x5585398a02fa", "branch_taken": false},
{"event": "branch", "inst_addr": "0x5585398a0300", "branch_taken": false},
{"event": "branch", "inst_addr": "0x5585398a0306", "branch_taken": false},
{"event": "branch", "inst_addr": "0x5585398a032e", "branch_taken": true},
{"event": "branch", "inst_addr": "0x5585398a0358", "branch_taken": true},
{"event": "branch", "inst_addr": "0x5585398a0373", "branch_taken": true},
{"event": "branch", "inst_addr": "0x5585398a0143", "branch_taken": false},
{"event": "branch", "inst_addr": "0x5585398a014d", "branch_taken": true},
{"event": "branch", "inst_addr": "0x5585398a0195", "branch_taken": true},
{"event": "branch", "inst_addr": "0x5585398a01dd", "branch_taken": true},
{"event": "branch", "inst_addr": "0x5585398a0225", "branch_taken": true},
{"event": "branch", "inst_addr": "0x5585398a026d", "branch_taken": true},
{"event": "branch", "inst_addr": "0x5585398a02b5", "branch_taken": true},
{"event": "branch", "inst_addr": "0x5585398a02fa", "branch_taken": false},
{"event": "branch", "inst_addr": "0x5585398a0300", "branch_taken": false},
{"event": "branch", "inst_addr": "0x5585398a0306", "branch_taken": false},
{"event": "branch", "inst_addr": "0x5585398a032e", "branch_taken": true},
{"event": "branch", "inst_addr": "0x5585398a0358", "branch_taken": true},
{"event": "branch", "inst_addr": "0x5585398a0373", "branch_taken": true},
{"event": "branch", "inst_addr": "0x5585398a0143", "branch_taken": false},
{"event": "branch", "inst_addr": "0x5585398a014d", "branch_taken": true},
{"event": "branch", "inst_addr": "0x5585398a0195", "branch_taken": true},
{"event": "branch", "inst_addr": "0x5585398a01dd", "branch_taken": true},
{"event": "branch", "inst_addr": "0x5585398a0225", "branch_taken": true},
{"event": "branch", "inst_addr": "0x5585398a026d", "branch_taken": true},
{"event": "branch", "inst_addr": "0x5585398a02b5", "branch_taken": true},
{"event": "branch", "inst_addr": "0x5585398a02fa", "branch_taken": false},
{"event": "branch", "inst_addr": "0x5585398a0300", "branch_taken": false},
{"event": "branch", "inst_addr": "0x5585398a0306", "branch_taken": false},
{"event": "branch", "inst_addr": "0x5585398a032e", "branch_taken": true},
{"event": "branch", "inst_addr": "0x5585398a0358", "branch_taken": true},
{"event": "branch", "inst_addr": "0x5585398a0373", "branch_taken": true},
{"event": "branch", "inst_addr": "0x5585398a0143", "branch_taken": false},
{"event": "branch", "inst_addr": "0x5585398a014d", "branch_taken": true},
{"event": "branch", "inst_addr": "0x5585398a0195", "branch_taken": true},
{"event": "branch", "inst_addr": "0x5585398a01dd", "branch_taken": true},
{"event": "branch", "inst_addr": "0x5585398a0225", "branch_taken": true},
{"event": "branch", "inst_addr": "0x5585398a026d", "branch_taken": true},
{"event": "branch", "inst_addr": "0x5585398a02b5", "branch_taken": true},
{"event": "branch", "inst_addr": "0x5585398a02fa", "branch_taken": false},
{"event": "branch", "inst_addr": "0x5585398a0300", "branch_taken": false},
{"event": "branch", "inst_addr": "0x5585398a0306", "branch_taken": false},
{"event": "branch", "inst_addr": "0x5585398a032e", "branch_taken": false},
{"event": "branch", "inst_addr": "0x55853989fa24", "branch_taken": true},
{"event": "branch", "inst_addr": "0x5585398a034f", "branch_taken": true},
{"event": "branch", "inst_addr": "0x5585398a0373", "branch_taken": true},
{"event": "branch", "inst_addr": "0x5585398a0143", "branch_taken": false},
{"event": "branch", "inst_addr": "0x5585398a014d", "branch_taken": true},
{"event": "branch", "inst_addr": "0x5585398a0195", "branch_taken": true},
{"event": "branch", "inst_addr": "0x5585398a01dd", "branch_taken": true},
{"event": "branch", "inst_addr": "0x5585398a0225", "branch_taken": true},
{"event": "branch", "inst_addr": "0x5585398a026d", "branch_taken": true},
{"event": "branch", "inst_addr": "0x5585398a02b5", "branch_taken": true},
{"event": "branch", "inst_addr": "0x5585398a02fa", "branch_taken": false},
{"event": "branch", "inst_addr": "0x5585398a0300", "branch_taken": false},
{"event": "branch", "inst_addr": "0x5585398a0306", "branch_taken": false},
{"event": "branch", "inst_addr": "0x5585398a032e", "branch_taken": true},
{"event": "branch", "inst_addr": "0x5585398a0358", "branch_taken": true},
{"event": "branch", "inst_addr": "0x5585398a0373", "branch_taken": true},
{"event": "branch", "inst_addr": "0x5585398a0143", "branch_taken": false},
{"event": "branch", "inst_addr": "0x5585398a014d", "branch_taken": true},
{"event": "branch", "inst_addr": "0x5585398a0195", "branch_taken": true},
{"event": "branch", "inst_addr": "0x5585398a01dd", "branch_taken": true},
{"event": "branch", "inst_addr": "0x5585398a0225", "branch_taken": true},
{"event": "branch", "inst_addr": "0x5585398a026d", "branch_taken": true},
{"event": "branch", "inst_addr": "0x5585398a02b5", "branch_taken": true},
{"event": "branch", "inst_addr": "0x5585398a02fa", "branch_taken": false},
{"event": "branch", "inst_addr": "0x5585398a0300", "branch_taken": false},
{"event": "branch", "inst_addr": "0x5585398a0306", "branch_taken": false},
{"event": "branch", "inst_addr": "0x5585398a032e", "branch_taken": true},
{"event": "branch", "inst_addr": "0x5585398a0358", "branch_taken": true},
{"event": "branch", "inst_addr": "0x5585398a0373", "branch_taken": true},
{"event": "branch", "inst_addr": "0x5585398a0143", "branch_taken": false},
{"event": "branch", "inst_addr": "0x5585398a014d", "branch_taken": true},
{"event": "branch", "inst_addr": "0x5585398a0195", "branch_taken": true},
{"event": "branch", "inst_addr": "0x5585398a01dd", "branch_taken": true},
{"event": "branch", "inst_addr": "0x5585398a0225", "branch_taken": true},
{"event": "branch", "inst_addr": "0x5585398a026d", "branch_taken": true},
{"event": "branch", "inst_addr": "0x5585398a02b5", "branch_taken": true},
{"event": "branch", "inst_addr": "0x5585398a02fa", "branch_taken": false},
{"event": "branch", "inst_addr": "0x5585398a0300", "branch_taken": false},
{"event": "branch", "inst_addr": "0x5585398a0306", "branch_taken": false},
{"event": "branch", "inst_addr": "0x5585398a032e", "branch_taken": true},
{"event": "branch", "inst_addr": "0x5585398a0358", "branch_taken": true},
{"event": "branch", "inst_addr": "0x5585398a0373", "branch_taken": true},
{"event": "branch", "inst_addr": "0x5585398a0143", "branch_taken": false},
{"event": "branch", "inst_addr": "0x5585398a014d", "branch_taken": true},
{"event": "branch", "inst_addr": "0x5585398a0195", "branch_taken": true},
{"event": "branch", "inst_addr": "0x5585398a01dd", "branch_taken": true},
{"event": "branch", "inst_addr": "0x5585398a0225", "branch_taken": true},
{"event": "branch", "inst_addr": "0x5585398a026d", "branch_taken": true},
{"event": "branch", "inst_addr": "0x5585398a02b5", "branch_taken": true},
{"event": "branch", "inst_addr": "0x5585398a02fa", "branch_taken": false},
{"event": "branch", "inst_addr": "0x5585398a0300", "branch_taken": false},
{"event": "branch", "inst_addr": "0x5585398a0306", "branch_taken": false},
{"event": "branch", "inst_addr": "0x5585398a032e", "branch_taken": false},
{"event": "branch", "inst_addr": "0x55853989fa24", "branch_taken": true},
{"event": "branch", "inst_addr": "0x5585398a034f", "branch_taken": true},
{"event": "branch", "inst_addr": "0x5585398a0373", "branch_taken": true},
{"event": "branch", "inst_addr": "0x5585398a0143", "branch_taken": false},
{"event": "branch", "inst_addr": "0x5585398a014d", "branch_taken": false},
{"event": "branch", "inst_addr": "0x55853989f9c4", "branch_taken": true},
{"event": "branch", "inst_addr": "0x55853989f9c4", "branch_taken": true},
{"event": "branch", "inst_addr": "0x55853989fa81", "branch_taken": true},
{"event": "branch", "inst_addr": "0x55853989fa91", "branch_taken": true},
{"event": "branch", "inst_addr": "0x55853989fa91", "branch_taken": true},
{"event": "branch", "inst_addr": "0x55853989fa91", "branch_taken": true},
{"event": "branch", "inst_addr": "0x55853989fa91", "branch_taken": true},
{"event": "branch", "inst_addr": "0x55853989fa91", "branch_taken": true},
{"event": "branch", "inst_addr": "0x55853989fa91", "branch_taken": true},
{"event": "branch", "inst_addr": "0x55853989fa91", "branch_taken": false},
{"event": "branch", "inst_addr": "0x55853989fa24", "branch_taken": true},
{"event": "branch", "inst_addr": "0x5585398a018c", "branch_taken": true},
{"event": "branch", "inst_addr": "0x5585398a0373", "branch_taken": true},
{"event": "branch", "inst_addr": "0x5585398a0143", "branch_taken": false},
{"event": "branch", "inst_addr": "0x5585398a014d", "branch_taken": true},
{"event": "branch", "inst_addr": "0x5585398a0195", "branch_taken": true},
{"event": "branch", "inst_addr": "0x5585398a01dd", "branch_taken": true},
{"event": "branch", "inst_addr": "0x5585398a0225", "branch_taken": true},
{"event": "branch", "inst_addr": "0x5585398a026d", "branch_taken": true},
{"event": "branch", "inst_addr": "0x5585398a02b5", "branch_taken": true},
{"event": "branch", "inst_addr": "0x5585398a02fa", "branch_taken": false},
{"event": "branch", "inst_addr": "0x5585398a0300", "branch_taken": false},
{"event": "branch", "inst_addr": "0x5585398a0306", "branch_taken": false},
{"event": "branch", "inst_addr": "0x5585398a032e", "branch_taken": true},
{"event": "branch", "inst_addr": "0x5585398a0358", "branch_taken": true},
{"event": "branch", "inst_addr": "0x5585398a0373", "branch_taken": true},
{"event": "branch", "inst_addr": "0x5585398a0143", "branch_taken": false},
{"event": "branch", "inst_addr": "0x5585398a014d", "branch_taken": true},
{"event": "branch", "inst_addr": "0x5585398a0195", "branch_taken": true},
{"event": "branch", "inst_addr": "0x5585398a01dd", "branch_taken": true},
{"event": "branch", "inst_addr": "0x5585398a0225", "branch_taken": true},
{"event": "branch", "inst_addr": "0x5585398a026d", "branch_taken": true},
{"event": "branch", "inst_addr": "0x5585398a02b5", "branch_taken": true},
{"event": "branch", "inst_addr": "0x5585398a02fa", "branch_taken": false},
{"event": "branch", "inst_addr": "0x5585398a0300", "branch_taken": false},
{"event": "branch", "inst_addr": "0x5585398a0306", "branch_taken": false},
{"event": "branch", "inst_addr": "0x5585398a032e", "branch_taken": true},
{"event": "branch", "inst_addr": "0x5585398a0358", "branch_taken": true},
{"event": "branch", "inst_addr": "0x5585398a0373", "branch_taken": true},
{"event": "branch", "inst_addr": "0x5585398a0143", "branch_taken": false},
{"event": "branch", "inst_addr": "0x5585398a014d", "branch_taken": true},
{"event": "branch", "inst_addr": "0x5585398a0195", "branch_taken": true},
{"event": "branch", "inst_addr": "0x5585398a01dd", "branch_taken": true},
{"event": "branch", "inst_addr": "0x5585398a0225", "branch_taken": true},
{"event": "branch", "inst_addr": "0x5585398a026d", "branch_taken": true},
{"event": "branch", "inst_addr": "0x5585398a02b5", "branch_taken": true},
{"event": "branch", "inst_addr": "0x5585398a02fa", "branch_taken": false},
{"event": "branch", "inst_addr": "0x5585398a0300", "branch_taken": false},
{"event": "branch", "inst_addr": "0x5585398a0306", "branch_taken": false},
{"event": "branch", "inst_addr": "0x5585398a032e", "branch_taken": true},
{"event": "branch", "inst_addr": "0x5585398a0358", "branch_taken": true},
{"event": "branch", "inst_addr": "0x5585398a0373", "branch_taken": true},
{"event": "branch", "inst_addr": "0x5585398a0143", "branch_taken": false},
{"event": "branch", "inst_addr": "0x5585398a014d", "branch_taken": true},
{"event": "branch", "inst_addr": "0x5585398a0195", "branch_taken": true},
{"event": "branch", "inst_addr": "0x5585398a01dd", "branch_taken": true},
{"event": "branch", "inst_addr": "0x5585398a0225", "branch_taken": true},
{"event": "branch", "inst_addr": "0x5585398a026d", "branch_taken": true},
{"event": "branch", "inst_addr": "0x5585398a02b5", "branch_taken": true},
{"event": "branch", "inst_addr": "0x5585398a02fa", "branch_taken": false},
{"event": "branch", "inst_addr": "0x5585398a0300", "branch_taken": false},
{"event": "branch", "inst_addr": "0x5585398a0306", "branch_taken": false},
{"event": "branch", "inst_addr": "0x5585398a032e", "branch_taken": false},
{"event": "branch", "inst_addr": "0x55853989fa24", "branch_taken": true},
{"event": "branch", "inst_addr": "0x5585398a034f", "branch_taken": true},
{"event": "branch", "inst_addr": "0x5585398a0373", "branch_taken": true},
{"event": "branch", "inst_addr": "0x5585398a0143", "branch_taken": false},
{"event": "branch", "inst_addr": "0x5585398a014d", "branch_taken": true},
{"event": "branch", "inst_addr": "0x5585398a0195", "branch_taken": true},
{"event": "branch", "inst_addr": "0x5585398a01dd", "branch_taken": true},
{"event": "branch", "inst_addr": "0x5585398a0225", "branch_taken": true},
{"event": "branch", "inst_addr": "0x5585398a026d", "branch_taken": false},
{"event": "branch", "inst_addr": "0x55853989f9c4", "branch_taken": true},
{"event": "branch", "inst_addr": "0x55853989f9c4", "branch_taken": true},
{"event": "branch", "inst_addr": "0x55853989fcb7", "branch_taken": true},
{"event": "branch", "inst_addr": "0x55853989fd78", "branch_taken": true},
{"event": "branch", "inst_addr": "0x55853989fccb", "branch_taken": true},
{"event": "branch", "inst_addr": "0x55853989fd0d", "branch_taken": true},
{"event": "branch", "inst_addr": "0x55853989fcfb", "branch_taken": true},
{"event": "branch", "inst_addr": "0x55853989fd0d", "branch_taken": true},
{"event": "branch", "inst_addr": "0x55853989fcfb", "branch_taken": false},
{"event": "branch", "inst_addr": "0x55853989fd0d", "branch_taken": true},
{"event": "branch", "inst_addr": "0x55853989fcfb", "branch_taken": true},
{"event": "branch", "inst_addr": "0x55853989fd0d", "branch_taken": true},
{"event": "branch", "inst_addr": "0x55853989fcfb", "branch_taken": true},
{"event": "branch", "inst_addr": "0x55853989fd0d", "branch_taken": true},
{"event": "branch", "inst_addr": "0x55853989fcfb", "branch_taken": true},
{"event": "branch", "inst_addr": "0x55853989fd0d", "branch_taken": true},
{"event": "branch", "inst_addr": "0x55853989fcfb", "branch_taken": true},
{"event": "branch", "inst_addr": "0x55853989fd0d", "branch_taken": true},
{"event": "branch", "inst_addr": "0x55853989fcfb", "branch_taken": true},
{"event": "branch", "inst_addr": "0x55853989fd0d", "branch_taken": true},
{"event": "branch", "inst_addr": "0x55853989fcfb", "branch_taken": false},
{"event": "branch", "inst_addr": "0x55853989fd0d", "branch_taken": true},
{"event": "branch", "inst_addr": "0x55853989fcfb", "branch_taken": true},
{"event": "branch", "inst_addr": "0x55853989fd0d", "branch_taken": false},
{"event": "branch", "inst_addr": "0x55853989fd78", "branch_taken": true},
{"event": "branch", "inst_addr": "0x55853989fccb", "branch_taken": true},
{"event": "branch", "inst_addr": "0x55853989fd0d", "branch_taken": true},
{"event": "branch", "inst_addr": "0x55853989fcfb", "branch_taken": false},
{"event": "branch", "inst_addr": "0x55853989fd0d", "branch_taken": true},
{"event": "branch", "inst_addr": "0x55853989fcfb", "branch_taken": true},
{"event": "branch", "inst_addr": "0x55853989fd0d", "branch_taken": true},
{"event": "branch", "inst_addr": "0x55853989fcfb", "branch_taken": true},
{"event": "branch", "inst_addr": "0x55853989fd0d", "branch_taken": true},
{"event": "branch", "inst_addr": "0x55853989fcfb", "branch_taken": true},
{"event": "branch", "inst_addr": "0x55853989fd0d", "branch_taken": true},
{"event": "branch", "inst_addr": "0x55853989fcfb", "branch_taken": true},
{"event": "branch", "inst_addr": "0x55853989fd0d", "branch_taken": true},
{"event": "branch", "inst_addr": "0x55853989fcfb", "branch_taken": true},
{"event": "branch", "inst_addr": "0x55853989fd0d", "branch_taken": true},
{"event": "branch", "inst_addr": "0x55853989fcfb", "branch_taken": true},
{"event": "branch", "inst_addr": "0x55853989fd0d", "branch_taken": true},
{"event": "branch", "inst_addr": "0x55853989fcfb", "branch_taken": true},
{"event": "branch", "inst_addr": "0x55853989fd0d", "branch_taken": false},
{"event": "branch", "inst_addr": "0x55853989fd78", "branch_taken": true},
{"event": "branch", "inst_addr": "0x55853989fccb", "branch_taken": true},
{"event": "branch", "inst_addr": "0x55853989fd0d", "branch_taken": true},
{"event": "branch", "inst_addr": "0x55853989fcfb", "branch_taken": false},
{"event": "branch", "inst_addr": "0x55853989fd0d", "branch_taken": true},
{"event": "branch", "inst_addr": "0x55853989fcfb", "branch_taken": true},
{"event": "branch", "inst_addr": "0x55853989fd0d", "branch_taken": true},
{"event": "branch", "inst_addr": "0x55853989fcfb", "branch_taken": true},
{"event": "branch", "inst_addr": "0x55853989fd0d", "branch_taken": true},
{"event": "branch", "inst_addr": "0x55853989fcfb", "branch_taken": true},
{"event": "branch", "inst_addr": "0x55853989fd0d", "branch_taken": true},
{"event": "branch", "inst_addr": "0x55853989fcfb", "branch_taken": true},
{"event": "branch", "inst_addr": "0x55853989fd0d", "branch_taken": true},
{"event": "branch", "inst_addr": "0x55853989fcfb", "branch_taken": false},
{"event": "branch", "inst_addr": "0x55853989fd0d", "branch_taken": true},
{"event": "branch", "inst_addr": "0x55853989fcfb", "branch_taken": true},
{"event": "branch", "inst_addr": "0x55853989fd0d", "branch_taken": false},
{"event": "branch", "inst_addr": "0x55853989fd78", "branch_taken": true},
{"event": "branch", "inst_addr": "0x55853989fccb", "branch_taken": true},
{"event": "branch", "inst_addr": "0x55853989fd0d", "branch_taken": true},
{"event": "branch", "inst_addr": "0x55853989fcfb", "branch_taken": true},
{"event": "branch", "inst_addr": "0x55853989fd0d", "branch_taken": true},
{"event": "branch", "inst_addr": "0x55853989fcfb", "branch_taken": true},
{"event": "branch", "inst_addr": "0x55853989fd0d", "branch_taken": true},
{"event": "branch", "inst_addr": "0x55853989fcfb", "branch_taken": true},
{"event": "branch", "inst_addr": "0x55853989fd0d", "branch_taken": true},
{"event": "branch", "inst_addr": "0x55853989fcfb", "branch_taken": true},
{"event": "branch", "inst_addr": "0x55853989fd0d", "branch_taken": true},
{"event": "branch", "inst_addr": "0x55853989fcfb", "branch_taken": true},
{"event": "branch", "inst_addr": "0x55853989fd0d", "branch_taken": true},
{"event": "branch", "inst_addr": "0x55853989fcfb", "branch_taken": true},
{"event": "branch", "inst_addr": "0x55853989fd0d", "branch_taken": false},
{"event": "branch", "inst_addr": "0x55853989fd78", "branch_taken": true},
{"event": "branch", "inst_addr": "0x55853989fccb", "branch_taken": true},
{"event": "branch", "inst_addr": "0x55853989fd0d", "branch_taken": true},
{"event": "branch", "inst_addr": "0x55853989fcfb", "branch_taken": false},
{"event": "branch", "inst_addr": "0x55853989fd0d", "branch_taken": true},
{"event": "branch", "inst_addr": "0x55853989fcfb", "branch_taken": false},
{"event": "branch", "inst_addr": "0x55853989fd0d", "branch_taken": true},
{"event": "branch", "inst_addr": "0x55853989fcfb", "branch_taken": true},
{"event": "branch", "inst_addr": "0x55853989fd0d", "branch_taken": true},
{"event": "branch", "inst_addr": "0x55853989fcfb", "branch_taken": true},
{"event": "branch", "inst_addr": "0x55853989fd0d", "branch_taken": true},
{"event": "branch", "inst_addr": "0x55853989fcfb", "branch_taken": true},
{"event": "branch", "inst_addr": "0x55853989fd0d", "branch_taken": false},
{"event": "branch", "inst_addr": "0x55853989fd78", "branch_taken": true},
{"event": "branch", "inst_addr": "0x55853989fccb", "branch_taken": true},
{"event": "branch", "inst_addr": "0x55853989fd0d", "branch_taken": true},
{"event": "branch", "inst_addr": "0x55853989fcfb", "branch_taken": true},
{"event": "branch", "inst_addr": "0x55853989fd0d", "branch_taken": true},
{"event": "branch", "inst_addr": "0x55853989fcfb", "branch_taken": true},
{"event": "branch", "inst_addr": "0x55853989fd0d", "branch_taken": true},
{"event": "branch", "inst_addr": "0x55853989fcfb", "branch_taken": true},
{"event": "branch", "inst_addr": "0x55853989fd0d", "branch_taken": true},
{"event": "branch", "inst_addr": "0x55853989fcfb", "branch_taken": true},
{"event": "branch", "inst_addr": "0x55853989fd0d", "branch_taken": false},
{"event": "branch", "inst_addr": "0x55853989fd78", "branch_taken": true},
{"event": "branch", "inst_addr": "0x55853989fccb", "branch_taken": true},
{"event": "branch", "inst_addr": "0x55853989fd0d", "branch_taken": true},
{"event": "branch", "inst_addr": "0x55853989fcfb", "branch_taken": false},
{"event": "branch", "inst_addr": "0x55853989fd0d", "branch_taken": true},
{"event": "branch", "inst_addr": "0x55853989fcfb", "branch_taken": true},
{"event": "branch", "inst_addr": "0x55853989fd0d", "branch_taken": true},
{"event": "branch", "inst_addr": "0x55853989fcfb", "branch_taken": true},
{"event": "branch", "inst_addr": "0x55853989fd0d", "branch_taken": false},
{"event": "branch", "inst_addr": "0x55853989fd78", "branch_taken": true},
{"event": "branch", "inst_addr": "0x55853989fccb", "branch_taken": true},
{"event": "branch", "inst_addr": "0x55853989fd0d", "branch_taken": true},
{"event": "branch", "inst_addr": "0x55853989fcfb", "branch_taken": false},
{"event": "branch", "inst_addr": "0x55853989fd0d", "branch_taken": true},
{"event": "branch", "inst_addr": "0x55853989fcfb", "branch_taken": true},
{"event": "branch", "inst_addr": "0x55853989fd0d", "branch_taken": false},
{"event": "branch", "inst_addr": "0x55853989fd78", "branch_taken": true},
{"event": "branch", "inst_addr": "0x55853989fccb", "branch_taken": true},
{"event": "branch", "inst_addr": "0x55853989fd0d", "branch_taken": true},
{"event": "branch", "inst_addr": "0x55853989fcfb", "branch_taken": false},
{"event": "branch", "inst_addr": "0x55853989fd0d", "branch_taken": false},
{"event": "branch", "inst_addr": "0x55853989fd78", "branch_taken": true},
{"event": "branch", "inst_addr": "0x55853989fccb", "branch_taken": true},
{"event": "branch", "inst_addr": "0x55853989fd0d", "branch_taken": false},
{"event": "branch", "inst_addr": "0x55853989fd78", "branch_taken": false},
{"event": "branch", "inst_addr": "0x55853989fe2b", "branch_taken": true},
{"event": "branch", "inst_addr": "0x55853989fa24", "branch_taken": true},
{"event": "branch", "inst_addr": "0x5585398a02ac", "branch_taken": true},
{"event": "branch", "inst_addr": "0x5585398a0373", "branch_taken": false},
{"event": "branch", "inst_addr": "0x55853989f9c4", "branch_taken": true},
{"event": "branch", "inst_addr": "0x55853989f6e0", "branch_taken": true},
{"event": "branch", "inst_addr": "0x55853989f817", "branch_taken": false},
{"event": "branch", "inst_addr": "0x55853989f825", "branch_taken": false},
{"event": "branch", "inst_addr": "0x55853989f740", "branch_taken": true},
{"event": "branch", "inst_addr": "0x55853989f795", "branch_taken": true},
{"event": "exit", "exit_code": 0}
]
