[
{"event": "image_load", "image_name": "***/box3", "image_id": 1, "base_addr": "0x55f4c5050000", "image_size": "0x510f"},
{"event": "image_load", "image_name": "/lib64/ld-linux-x86-64.so.2", "image_id": 2, "base_addr": "0x7fc26c86b000", "image_size": "0x26c23"},
{"event": "image_load", "image_name": "[vdso]", "image_id": 3, "base_addr": "0x7ffdc53df000", "image_size": "0x95a"},
{"event": "image_load", "image_name": "/lib/x86_64-linux-gnu/libc.so.6", "image_id": 4, "base_addr": "0x7fc258096000", "image_size": "0x3f0adf"},
{"event": "branch", "inst_addr": "0x55f4c505097e", "branch_taken": true},
{"event": "branch", "inst_addr": "0x55f4c5053bc4", "branch_taken": false},
{"event": "branch", "inst_addr": "0x55f4c5050bc5", "branch_taken": true},
{"event": "branch", "inst_addr": "0x55f4c5050b56", "branch_taken": true},
{"event": "branch", "inst_addr": "0x55f4c5053be4", "branch_taken": true},
{"event": "branch", "inst_addr": "0x55f4c5050a60", "branch_taken": true},
{"event": "branch", "inst_addr": "0x55f4c5050a30", "branch_taken": true},
{"event": "branch", "inst_addr": "0x55f4c5053be4", "branch_taken": false},
{"event": "branch", "inst_addr": "0x55f4c5053a0f", "branch_taken": true},
{"event": "branch", "inst_addr": "0x55f4c5050a40", "branch_taken": true},
{"event": "branch", "inst_addr": "0x55f4c5053a52", "branch_taken": true},
{"event": "branch", "inst_addr": "0x55f4c5050a20", "branch_taken": true},
{"event": "branch", "inst_addr": "0x55f4c50534a0", "branch_taken": true},
{"event": "branch", "inst_addr": "0x55f4c50534cc", "branch_taken": true},
{"event": "branch", "inst_addr": "0x55f4c50534cc", "branch_taken": true},
{"event": "branch", "inst_addr": "0x55f4c50534cc", "branch_taken": true},
{"event": "branch", "inst_addr": "0x55f4c50534cc", "branch_taken": true},
{"event": "branch", "inst_addr": "0x55f4c50534cc", "branch_taken": true},
{"event": "branch", "inst_addr": "0x55f4c50534cc", "branch_taken": true},
{"event": "branch", "inst_addr": "0x55f4c50534cc", "branch_taken": true},
{"event": "branch", "inst_addr": "0x55f4c50534cc", "branch_taken": true},
{"event": "branch", "inst_addr": "0x55f4c50534cc", "branch_taken": false},
{"event": "branch", "inst_addr": "0x55f4c50534d5", "branch_taken": true},
{"event": "branch", "inst_addr": "0x55f4c5053501", "branch_taken": true},
{"event": "branch", "inst_addr": "0x55f4c5053501", "branch_taken": true},
{"event": "branch", "inst_addr": "0x55f4c5053501", "branch_taken": true},
{"event": "branch", "inst_addr": "0x55f4c5053501", "branch_taken": true},
{"event": "branch", "inst_addr": "0x55f4c5053501", "branch_taken": true},
{"event": "branch", "inst_addr": "0x55f4c5053501", "branch_taken": true},
{"event": "branch", "inst_addr": "0x55f4c5053501", "branch_taken": true},
{"event": "branch", "inst_addr": "0x55f4c5053501", "branch_taken": true},
{"event": "branch", "inst_addr": "0x55f4c5053501", "branch_taken": false},
{"event": "branch", "inst_addr": "0x55f4c505350a", "branch_taken": true},
{"event": "branch", "inst_addr": "0x55f4c5053536", "branch_taken": true},
{"event": "branch", "inst_addr": "0x55f4c5053536", "branch_taken": true},
{"event": "branch", "inst_addr": "0x55f4c5053536", "branch_taken": true},
{"event": "branch", "inst_addr": "0x55f4c5053536", "branch_taken": true},
{"event": "branch", "inst_addr": "0x55f4c5053536", "branch_taken": true},
{"event": "branch", "inst_addr": "0x55f4c5053536", "branch_taken": true},
{"event": "branch", "inst_addr": "0x55f4c5053536", "branch_taken": true},
{"event": "branch", "inst_addr": "0x55f4c5053536", "branch_taken": true},
{"event": "branch", "inst_addr": "0x55f4c5053536", "branch_taken": false},
{"event": "branch", "inst_addr": "0x55f4c505353f", "branch_taken": true},
{"event": "branch", "inst_addr": "0x55f4c505356b", "branch_taken": true},
{"event": "branch", "inst_addr": "0x55f4c505356b", "branch_taken": true},
{"event": "branch", "inst_addr": "0x55f4c505356b", "branch_taken": true},
{"event": "branch", "inst_addr": "0x55f4c505356b", "branch_taken": true},
{"event": "branch", "inst_addr": "0x55f4c505356b", "branch_taken": true},
{"event": "branch", "inst_addr": "0x55f4c505356b", "branch_taken": true},
{"event": "branch", "inst_addr": "0x55f4c505356b", "branch_taken": true},
{"event": "branch", "inst_addr": "0x55f4c505356b", "branch_taken": true},
{"event": "branch", "inst_addr": "0x55f4c505356b", "branch_taken": false},
{"event": "branch", "inst_addr": "0x55f4c505368c", "branch_taken": true},
{"event": "branch", "inst_addr": "0x55f4c50536ba", "branch_taken": true},
{"event": "branch", "inst_addr": "0x55f4c50536ba", "branch_taken": true},
{"event": "branch", "inst_addr": "0x55f4c50536ba", "branch_taken": true},
{"event": "branch", "inst_addr": "0x55f4c50536ba", "branch_taken": true},
{"event": "branch", "inst_addr": "0x55f4c50536ba", "branch_taken": true},
{"event": "branch", "inst_addr": "0x55f4c50536ba", "branch_taken": true},
{"event": "branch", "inst_addr": "0x55f4c50536ba", "branch_taken": true},
{"event": "branch", "inst_addr": "0x55f4c50536ba", "branch_taken": true},
{"event": "branch", "inst_addr": "0x55f4c50536ba", "branch_taken": false},
{"event": "branch", "inst_addr": "0x55f4c50536c3", "branch_taken": true},
{"event": "branch", "inst_addr": "0x55f4c50536f1", "branch_taken": true},
{"event": "branch", "inst_addr": "0x55f4c50536f1", "branch_taken": true},
{"event": "branch", "inst_addr": "0x55f4c50536f1", "branch_taken": true},
{"event": "branch", "inst_addr": "0x55f4c50536f1", "branch_taken": true},
{"event": "branch", "inst_addr": "0x55f4c50536f1", "branch_taken": true},
{"event": "branch", "inst_addr": "0x55f4c50536f1", "branch_taken": true},
{"event": "branch", "inst_addr": "0x55f4c50536f1", "branch_taken": true},
{"event": "branch", "inst_addr": "0x55f4c50536f1", "branch_taken": true},
{"event": "branch", "inst_addr": "0x55f4c50536f1", "branch_taken": false},
{"event": "branch", "inst_addr": "0x55f4c5050a70", "branch_taken": true},
{"event": "branch", "inst_addr": "0x55f4c5050a70", "branch_taken": true},
{"event": "branch", "inst_addr": "0x55f4c5050a20", "branch_taken": true},
{"event": "branch", "inst_addr": "0x55f4c5050a80", "branch_taken": true},
{"event": "branch", "inst_addr": "0x55f4c5053811", "branch_taken": true},
{"event": "branch", "inst_addr": "0x55f4c50509d0", "branch_taken": true},
{"event": "branch", "inst_addr": "0x55f4c50509e0", "branch_taken": true},
{"event": "branch", "inst_addr": "0x55f4c5053a92", "branch_taken": true},
{"event": "branch", "inst_addr": "0x55f4c5053b58", "branch_taken": true},
{"event": "branch", "inst_addr": "0x55f4c5053aaf", "branch_taken": true},
{"event": "branch", "inst_addr": "0x55f4c5053aeb", "branch_taken": true},
{"event": "call", "inst_addr": "0x55f4c5053b2d", "target_addr": "0x55f4c5052ebd"},
{"event": "branch", "inst_addr": "0x55f4c50518ea", "branch_taken": true},
{"event": "branch", "inst_addr": "0x55f4c505191b", "branch_taken": true},
{"event": "branch", "inst_addr": "0x55f4c505191b", "branch_taken": true},
{"event": "branch", "inst_addr": "0x55f4c505191b", "branch_taken": true},
{"event": "branch", "inst_addr": "0x55f4c505191b", "branch_taken": true},
{"event": "branch", "inst_addr": "0x55f4c505191b", "branch_taken": false},
{"event": "branch", "inst_addr": "0x55f4c5053b38", "branch_taken": true},
{"event": "branch", "inst_addr": "0x55f4c5053b58", "branch_taken": true},
{"event": "branch", "inst_addr": "0x55f4c5053aaf", "branch_taken": true},
{"event": "branch", "inst_addr": "0x55f4c5053aeb", "branch_taken": true},
{"event": "call", "inst_addr": "0x55f4c5053b2d", "target_addr": "0x55f4c5052ebd"},
{"event": "branch", "inst_addr": "0x55f4c50518ea", "branch_taken": true},
{"event": "branch", "inst_addr": "0x55f4c505191b", "branch_taken": true},
{"event": "branch", "inst_addr": "0x55f4c505191b", "branch_taken": true},
{"event": "branch", "inst_addr": "0x55f4c505191b", "branch_taken": true},
{"event": "branch", "inst_addr": "0x55f4c505191b", "branch_taken": true},
{"event": "branch", "inst_addr": "0x55f4c505191b", "branch_taken": false},
{"event": "branch", "inst_addr": "0x55f4c5053b38", "branch_taken": true},
{"event": "branch", "inst_addr": "0x55f4c5053b58", "branch_taken": true},
{"event": "branch", "inst_addr": "0x55f4c5053aaf", "branch_taken": true},
{"event": "branch", "inst_addr": "0x55f4c5053aeb", "branch_taken": true},
{"event": "call", "inst_addr": "0x55f4c5053b2d", "target_addr": "0x55f4c5052159"},
{"event": "branch", "inst_addr": "0x55f4c5050bdf", "branch_taken": false},
{"event": "branch", "inst_addr": "0x55f4c5050be6", "branch_taken": true},
{"event": "branch", "inst_addr": "0x55f4c5050a20", "branch_taken": true},
{"event": "branch", "inst_addr": "0x55f4c5050c7d", "branch_taken": true},
{"event": "branch", "inst_addr": "0x55f4c5050cbf", "branch_taken": true},
{"event": "branch", "inst_addr": "0x55f4c5050cd6", "branch_taken": true},
{"event": "branch", "inst_addr": "0x55f4c5050d0e", "branch_taken": true},
{"event": "branch", "inst_addr": "0x55f4c50513a1", "branch_taken": false},
{"event": "branch", "inst_addr": "0x55f4c50513bc", "branch_taken": true},
{"event": "branch", "inst_addr": "0x55f4c5051cb5", "branch_taken": false},
{"event": "branch", "inst_addr": "0x55f4c5051cca", "branch_taken": true},
{"event": "branch", "inst_addr": "0x55f4c5051cf1", "branch_taken": true},
{"event": "branch", "inst_addr": "0x55f4c5051d2d", "branch_taken": false},
{"event": "branch", "inst_addr": "0x55f4c5051d41", "branch_taken": true},
{"event": "branch", "inst_addr": "0x55f4c5051e86", "branch_taken": true},
{"event": "branch", "inst_addr": "0x55f4c5051d67", "branch_taken": true},
{"event": "branch", "inst_addr": "0x55f4c50521f8", "branch_taken": true},
{"event": "branch", "inst_addr": "0x55f4c5053b38", "branch_taken": true},
{"event": "branch", "inst_addr": "0x55f4c5053b58", "branch_taken": true},
{"event": "branch", "inst_addr": "0x55f4c5053aaf", "branch_taken": true},
{"event": "branch", "inst_addr": "0x55f4c5053aeb", "branch_taken": true},
{"event": "call", "inst_addr": "0x55f4c5053b2d", "target_addr": "0x55f4c50528fd"},
{"event": "branch", "inst_addr": "0x55f4c5052918", "branch_taken": false},
{"event": "branch", "inst_addr": "0x55f4c5052936", "branch_taken": true},
{"event": "branch", "inst_addr": "0x55f4c5053b38", "branch_taken": true},
{"event": "branch", "inst_addr": "0x55f4c5053b58", "branch_taken": true},
{"event": "branch", "inst_addr": "0x55f4c5053aaf", "branch_taken": true},
{"event": "branch", "inst_addr": "0x55f4c5053aeb", "branch_taken": true},
{"event": "call", "inst_addr": "0x55f4c5053b2d", "target_addr": "0x55f4c5051ead"},
{"event": "branch", "inst_addr": "0x55f4c5050bdf", "branch_taken": false},
{"event": "branch", "inst_addr": "0x55f4c5050be6", "branch_taken": true},
{"event": "branch", "inst_addr": "0x55f4c5050a20", "branch_taken": true},
{"event": "branch", "inst_addr": "0x55f4c5050c7d", "branch_taken": true},
{"event": "branch", "inst_addr": "0x55f4c5050cbf", "branch_taken": true},
{"event": "branch", "inst_addr": "0x55f4c5050cd6", "branch_taken": true},
{"event": "branch", "inst_addr": "0x55f4c5050d0e", "branch_taken": true},
{"event": "branch", "inst_addr": "0x55f4c50513a1", "branch_taken": false},
{"event": "branch", "inst_addr": "0x55f4c50513bc", "branch_taken": true},
{"event": "branch", "inst_addr": "0x55f4c50514de", "branch_taken": false},
{"event": "branch", "inst_addr": "0x55f4c50514fc", "branch_taken": true},
{"event": "branch", "inst_addr": "0x55f4c5051f41", "branch_taken": true},
{"event": "branch", "inst_addr": "0x55f4c5053b38", "branch_taken": true},
{"event": "branch", "inst_addr": "0x55f4c5053b58", "branch_taken": true},
{"event": "branch", "inst_addr": "0x55f4c5053aaf", "branch_taken": true},
{"event": "branch", "inst_addr": "0x55f4c5053aeb", "branch_taken": true},
{"event": "call", "inst_addr": "0x55f4c5053b2d", "target_addr": "0x55f4c5052389"},
{"event": "branch", "inst_addr": "0x55f4c5053b38", "branch_taken": true},
{"event": "branch", "inst_addr": "0x55f4c5053b58", "branch_taken": true},
{"event": "branch", "inst_addr": "0x55f4c5053aaf", "branch_taken": true},
{"event": "branch", "inst_addr": "0x55f4c5053aeb", "branch_taken": true},
{"event": "call", "inst_addr": "0x55f4c5053b2d", "target_addr": "0x55f4c505317d"},
{"event": "branch", "inst_addr": "0x55f4c5053b38", "branch_taken": true},
{"event": "branch", "inst_addr": "0x55f4c5053b58", "branch_taken": true},
{"event": "branch", "inst_addr": "0x55f4c5053aaf", "branch_taken": true},
{"event": "branch", "inst_addr": "0x55f4c5053aeb", "branch_taken": true},
{"event": "call", "inst_addr": "0x55f4c5053b2d", "target_addr": "0x55f4c5052159"},
{"event": "branch", "inst_addr": "0x55f4c5050bdf", "branch_taken": false},
{"event": "branch", "inst_addr": "0x55f4c5050be6", "branch_taken": true},
{"event": "branch", "inst_addr": "0x55f4c5050a20", "branch_taken": true},
{"event": "branch", "inst_addr": "0x55f4c5050c7d", "branch_taken": true},
{"event": "branch", "inst_addr": "0x55f4c5050cbf", "branch_taken": true},
{"event": "branch", "inst_addr": "0x55f4c5050cd6", "branch_taken": true},
{"event": "branch", "inst_addr": "0x55f4c5050d0e", "branch_taken": true},
{"event": "branch", "inst_addr": "0x55f4c50513a1", "branch_taken": false},
{"event": "branch", "inst_addr": "0x55f4c50513bc", "branch_taken": true},
{"event": "branch", "inst_addr": "0x55f4c5051cb5", "branch_taken": false},
{"event": "branch", "inst_addr": "0x55f4c5051cca", "branch_taken": true},
{"event": "branch", "inst_addr": "0x55f4c5051cf1", "branch_taken": true},
{"event": "branch", "inst_addr": "0x55f4c5051d2d", "branch_taken": false},
{"event": "branch", "inst_addr": "0x55f4c5051d41", "branch_taken": true},
{"event": "branch", "inst_addr": "0x55f4c5051e86", "branch_taken": true},
{"event": "branch", "inst_addr": "0x55f4c5051d67", "branch_taken": true},
{"event": "branch", "inst_addr": "0x55f4c50521f8", "branch_taken": true},
{"event": "branch", "inst_addr": "0x55f4c5053b38", "branch_taken": true},
{"event": "branch", "inst_addr": "0x55f4c5053b58", "branch_taken": true},
{"event": "branch", "inst_addr": "0x55f4c5053aaf", "branch_taken": true},
{"event": "branch", "inst_addr": "0x55f4c5053aeb", "branch_taken": true},
{"event": "call", "inst_addr": "0x55f4c5053b2d", "target_addr": "0x55f4c50528fd"},
{"event": "branch", "inst_addr": "0x55f4c5052918", "branch_taken": false},
{"event": "branch", "inst_addr": "0x55f4c5052936", "branch_taken": true},
{"event": "branch", "inst_addr": "0x55f4c5053b38", "branch_taken": true},
{"event": "branch", "inst_addr": "0x55f4c5053b58", "branch_taken": true},
{"event": "branch", "inst_addr": "0x55f4c5053aaf", "branch_taken": true},
{"event": "branch", "inst_addr": "0x55f4c5053aeb", "branch_taken": true},
{"event": "call", "inst_addr": "0x55f4c5053b2d", "target_addr": "0x55f4c5051ead"},
{"event": "branch", "inst_addr": "0x55f4c5050bdf", "branch_taken": false},
{"event": "branch", "inst_addr": "0x55f4c5050be6", "branch_taken": true},
{"event": "branch", "inst_addr": "0x55f4c5050a20", "branch_taken": true},
{"event": "branch", "inst_addr": "0x55f4c5050c7d", "branch_taken": true},
{"event": "branch", "inst_addr": "0x55f4c5050cbf", "branch_taken": true},
{"event": "branch", "inst_addr": "0x55f4c5050cd6", "branch_taken": true},
{"event": "branch", "inst_addr": "0x55f4c5050d0e", "branch_taken": true},
{"event": "branch", "inst_addr": "0x55f4c50513a1", "branch_taken": false},
{"event": "branch", "inst_addr": "0x55f4c50513bc", "branch_taken": true},
{"event": "branch", "inst_addr": "0x55f4c50514de", "branch_taken": false},
{"event": "branch", "inst_addr": "0x55f4c50514fc", "branch_taken": true},
{"event": "branch", "inst_addr": "0x55f4c5051f41", "branch_taken": true},
{"event": "branch", "inst_addr": "0x55f4c5053b38", "branch_taken": true},
{"event": "branch", "inst_addr": "0x55f4c5053b58", "branch_taken": true},
{"event": "branch", "inst_addr": "0x55f4c5053aaf", "branch_taken": true},
{"event": "branch", "inst_addr": "0x55f4c5053aeb", "branch_taken": true},
{"event": "call", "inst_addr": "0x55f4c5053b2d", "target_addr": "0x55f4c5052389"},
{"event": "branch", "inst_addr": "0x55f4c5053b38", "branch_taken": true},
{"event": "branch", "inst_addr": "0x55f4c5053b58", "branch_taken": true},
{"event": "branch", "inst_addr": "0x55f4c5053aaf", "branch_taken": true},
{"event": "branch", "inst_addr": "0x55f4c5053aeb", "branch_taken": true},
{"event": "call", "inst_addr": "0x55f4c5053b2d", "target_addr": "0x55f4c505317d"},
{"event": "branch", "inst_addr": "0x55f4c5053b38", "branch_taken": true},
{"event": "branch", "inst_addr": "0x55f4c5053b58", "branch_taken": true},
{"event": "branch", "inst_addr": "0x55f4c5053aaf", "branch_taken": true},
{"event": "branch", "inst_addr": "0x55f4c5053aeb", "branch_taken": true},
{"event": "call", "inst_addr": "0x55f4c5053b2d", "target_addr": "0x55f4c5052159"},
{"event": "branch", "inst_addr": "0x55f4c5050bdf", "branch_taken": false},
{"event": "branch", "inst_addr": "0x55f4c5050be6", "branch_taken": true},
{"event": "branch", "inst_addr": "0x55f4c5050a20", "branch_taken": true},
{"event": "branch", "inst_addr": "0x55f4c5050c7d", "branch_taken": true},
{"event": "branch", "inst_addr": "0x55f4c5050cbf", "branch_taken": true},
{"event": "branch", "inst_addr": "0x55f4c5050cd6", "branch_taken": true},
{"event": "branch", "inst_addr": "0x55f4c5050d0e", "branch_taken": true},
{"event": "branch", "inst_addr": "0x55f4c50513a1", "branch_taken": false},
{"event": "branch", "inst_addr": "0x55f4c50513bc", "branch_taken": true},
{"event": "branch", "inst_addr": "0x55f4c5051cb5", "branch_taken": false},
{"event": "branch", "inst_addr": "0x55f4c5051cca", "branch_taken": true},
{"event": "branch", "inst_addr": "0x55f4c5051cf1", "branch_taken": true},
{"event": "branch", "inst_addr": "0x55f4c5051d2d", "branch_taken": false},
{"event": "branch", "inst_addr": "0x55f4c5051d41", "branch_taken": true},
{"event": "branch", "inst_addr": "0x55f4c5051e86", "branch_taken": true},
{"event": "branch", "inst_addr": "0x55f4c5051d67", "branch_taken": true},
{"event": "branch", "inst_addr": "0x55f4c50521f8", "branch_taken": true},
{"event": "branch", "inst_addr": "0x55f4c5053b38", "branch_taken": true},
{"event": "branch", "inst_addr": "0x55f4c5053b58", "branch_taken": true},
{"event": "branch", "inst_addr": "0x55f4c5053aaf", "branch_taken": true},
{"event": "branch", "inst_addr": "0x55f4c5053aeb", "branch_taken": true},
{"event": "call", "inst_addr": "0x55f4c5053b2d", "target_addr": "0x55f4c50528fd"},
{"event": "branch", "inst_addr": "0x55f4c5052918", "branch_taken": false},
{"event": "branch", "inst_addr": "0x55f4c5052936", "branch_taken": true},
{"event": "branch", "inst_addr": "0x55f4c5053b38", "branch_taken": true},
{"event": "branch", "inst_addr": "0x55f4c5053b58", "branch_taken": true},
{"event": "branch", "inst_addr": "0x55f4c5053aaf", "branch_taken": true},
{"event": "branch", "inst_addr": "0x55f4c5053aeb", "branch_taken": true},
{"event": "call", "inst_addr": "0x55f4c5053b2d", "target_addr": "0x55f4c5051ead"},
{"event": "branch", "inst_addr": "0x55f4c5050bdf", "branch_taken": false},
{"event": "branch", "inst_addr": "0x55f4c5050be6", "branch_taken": true},
{"event": "branch", "inst_addr": "0x55f4c5050a20", "branch_taken": true},
{"event": "branch", "inst_addr": "0x55f4c5050c7d", "branch_taken": true},
{"event": "branch", "inst_addr": "0x55f4c5050cbf", "branch_taken": true},
{"event": "branch", "inst_addr": "0x55f4c5050cd6", "branch_taken": true},
{"event": "branch", "inst_addr": "0x55f4c5050d0e", "branch_taken": true},
{"event": "branch", "inst_addr": "0x55f4c50513a1", "branch_taken": false},
{"event": "branch", "inst_addr": "0x55f4c50513bc", "branch_taken": true},
{"event": "branch", "inst_addr": "0x55f4c50514de", "branch_taken": false},
{"event": "branch", "inst_addr": "0x55f4c50514fc", "branch_taken": true},
{"event": "branch", "inst_addr": "0x55f4c5051f41", "branch_taken": true},
{"event": "branch", "inst_addr": "0x55f4c5053b38", "branch_taken": true},
{"event": "branch", "inst_addr": "0x55f4c5053b58", "branch_taken": true},
{"event": "branch", "inst_addr": "0x55f4c5053aaf", "branch_taken": true},
{"event": "branch", "inst_addr": "0x55f4c5053aeb", "branch_taken": true},
{"event": "call", "inst_addr": "0x55f4c5053b2d", "target_addr": "0x55f4c5052389"},
{"event": "branch", "inst_addr": "0x55f4c5053b38", "branch_taken": true},
{"event": "branch", "inst_addr": "0x55f4c5053b58", "branch_taken": true},
{"event": "branch", "inst_addr": "0x55f4c5053aaf", "branch_taken": true},
{"event": "branch", "inst_addr": "0x55f4c5053aeb", "branch_taken": true},
{"event": "call", "inst_addr": "0x55f4c5053b2d", "target_addr": "0x55f4c505317d"},
{"event": "branch", "inst_addr": "0x55f4c5053b38", "branch_taken": true},
{"event": "branch", "inst_addr": "0x55f4c5053b58", "branch_taken": true},
{"event": "branch", "inst_addr": "0x55f4c5053aaf", "branch_taken": true},
{"event": "branch", "inst_addr": "0x55f4c5053aeb", "branch_taken": true},
{"event": "call", "inst_addr": "0x55f4c5053b2d", "target_addr": "0x55f4c5052159"},
{"event": "branch", "inst_addr": "0x55f4c5050bdf", "branch_taken": false},
{"event": "branch", "inst_addr": "0x55f4c5050be6", "branch_taken": true},
{"event": "branch", "inst_addr": "0x55f4c5050a20", "branch_taken": true},
{"event": "branch", "inst_addr": "0x55f4c5050c7d", "branch_taken": true},
{"event": "branch", "inst_addr": "0x55f4c5050cbf", "branch_taken": true},
{"event": "branch", "inst_addr": "0x55f4c5050cd6", "branch_taken": true},
{"event": "branch", "inst_addr": "0x55f4c5050d0e", "branch_taken": true},
{"event": "branch", "inst_addr": "0x55f4c50513a1", "branch_taken": false},
{"event": "branch", "inst_addr": "0x55f4c50513bc", "branch_taken": true},
{"event": "branch", "inst_addr": "0x55f4c5051cb5", "branch_taken": false},
{"event": "branch", "inst_addr": "0x55f4c5051cca", "branch_taken": true},
{"event": "branch", "inst_addr": "0x55f4c5051cf1", "branch_taken": true},
{"event": "branch", "inst_addr": "0x55f4c5051d2d", "branch_taken": false},
{"event": "branch", "inst_addr": "0x55f4c5051d41", "branch_taken": true},
{"event": "branch", "inst_addr": "0x55f4c5051e86", "branch_taken": true},
{"event": "branch", "inst_addr": "0x55f4c5051d67", "branch_taken": true},
{"event": "branch", "inst_addr": "0x55f4c50521f8", "branch_taken": true},
{"event": "branch", "inst_addr": "0x55f4c5053b38", "branch_taken": true},
{"event": "branch", "inst_addr": "0x55f4c5053b58", "branch_taken": true},
{"event": "branch", "inst_addr": "0x55f4c5053aaf", "branch_taken": true},
{"event": "branch", "inst_addr": "0x55f4c5053aeb", "branch_taken": true},
{"event": "call", "inst_addr": "0x55f4c5053b2d", "target_addr": "0x55f4c50528fd"},
{"event": "branch", "inst_addr": "0x55f4c5052918", "branch_taken": false},
{"event": "branch", "inst_addr": "0x55f4c5052936", "branch_taken": true},
{"event": "branch", "inst_addr": "0x55f4c5053b38", "branch_taken": true},
{"event": "branch", "inst_addr": "0x55f4c5053b58", "branch_taken": true},
{"event": "branch", "inst_addr": "0x55f4c5053aaf", "branch_taken": true},
{"event": "branch", "inst_addr": "0x55f4c5053aeb", "branch_taken": true},
{"event": "call", "inst_addr": "0x55f4c5053b2d", "target_addr": "0x55f4c5051ead"},
{"event": "branch", "inst_addr": "0x55f4c5050bdf", "branch_taken": false},
{"event": "branch", "inst_addr": "0x55f4c5050be6", "branch_taken": true},
{"event": "branch", "inst_addr": "0x55f4c5050a20", "branch_taken": true},
{"event": "branch", "inst_addr": "0x55f4c5050c7d", "branch_taken": true},
{"event": "branch", "inst_addr": "0x55f4c5050cbf", "branch_taken": true},
{"event": "branch", "inst_addr": "0x55f4c5050cd6", "branch_taken": true},
{"event": "branch", "inst_addr": "0x55f4c5050d0e", "branch_taken": true},
{"event": "branch", "inst_addr": "0x55f4c50513a1", "branch_taken": false},
{"event": "branch", "inst_addr": "0x55f4c50513bc", "branch_taken": true},
{"event": "branch", "inst_addr": "0x55f4c50514de", "branch_taken": false},
{"event": "branch", "inst_addr": "0x55f4c50514fc", "branch_taken": true},
{"event": "branch", "inst_addr": "0x55f4c5051f41", "branch_taken": true},
{"event": "branch", "inst_addr": "0x55f4c5053b38", "branch_taken": true},
{"event": "branch", "inst_addr": "0x55f4c5053b58", "branch_taken": true},
{"event": "branch", "inst_addr": "0x55f4c5053aaf", "branch_taken": true},
{"event": "branch", "inst_addr": "0x55f4c5053aeb", "branch_taken": true},
{"event": "call", "inst_addr": "0x55f4c5053b2d", "target_addr": "0x55f4c5052389"},
{"event": "branch", "inst_addr": "0x55f4c5053b38", "branch_taken": true},
{"event": "branch", "inst_addr": "0x55f4c5053b58", "branch_taken": true},
{"event": "branch", "inst_addr": "0x55f4c5053aaf", "branch_taken": true},
{"event": "branch", "inst_addr": "0x55f4c5053aeb", "branch_taken": true},
{"event": "call", "inst_addr": "0x55f4c5053b2d", "target_addr": "0x55f4c505317d"},
{"event": "branch", "inst_addr": "0x55f4c5053b38", "branch_taken": true},
{"event": "branch", "inst_addr": "0x55f4c5053b58", "branch_taken": true},
{"event": "branch", "inst_addr": "0x55f4c5053aaf", "branch_taken": true},
{"event": "branch", "inst_addr": "0x55f4c5053aeb", "branch_taken": true},
{"event": "call", "inst_addr": "0x55f4c5053b2d", "target_addr": "0x55f4c5052159"},
{"event": "branch", "inst_addr": "0x55f4c5050bdf", "branch_taken": false},
{"event": "branch", "inst_addr": "0x55f4c5050be6", "branch_taken": true},
{"event": "branch", "inst_addr": "0x55f4c5050a20", "branch_taken": true},
{"event": "branch", "inst_addr": "0x55f4c5050c7d", "branch_taken": true},
{"event": "branch", "inst_addr": "0x55f4c5050cbf", "branch_taken": true},
{"event": "branch", "inst_addr": "0x55f4c5050cd6", "branch_taken": true},
{"event": "branch", "inst_addr": "0x55f4c5050d0e", "branch_taken": true},
{"event": "branch", "inst_addr": "0x55f4c50513a1", "branch_taken": false},
{"event": "branch", "inst_addr": "0x55f4c50513bc", "branch_taken": true},
{"event": "branch", "inst_addr": "0x55f4c5051cb5", "branch_taken": true},
{"event": "branch", "inst_addr": "0x55f4c5051cf1", "branch_taken": false},
{"event": "branch", "inst_addr": "0x55f4c5051d06", "branch_taken": true},
{"event": "branch", "inst_addr": "0x55f4c5051d2d", "branch_taken": true},
{"event": "branch", "inst_addr": "0x55f4c5051e86", "branch_taken": true},
{"event": "branch", "inst_addr": "0x55f4c5051d67", "branch_taken": true},
{"event": "branch", "inst_addr": "0x55f4c50521f8", "branch_taken": true},
{"event": "branch", "inst_addr": "0x55f4c5053b38", "branch_taken": true},
{"event": "branch", "inst_addr": "0x55f4c5053b58", "branch_taken": true},
{"event": "branch", "inst_addr": "0x55f4c5053aaf", "branch_taken": true},
{"event": "branch", "inst_addr": "0x55f4c5053aeb", "branch_taken": true},
{"event": "call", "inst_addr": "0x55f4c5053b2d", "target_addr": "0x55f4c50528fd"},
{"event": "branch", "inst_addr": "0x55f4c5052918", "branch_taken": true},
{"event": "branch", "inst_addr": "0x55f4c5053b38", "branch_taken": true},
{"event": "branch", "inst_addr": "0x55f4c5053b58", "branch_taken": true},
{"event": "branch", "inst_addr": "0x55f4c5053aaf", "branch_taken": true},
{"event": "branch", "inst_addr": "0x55f4c5053aeb", "branch_taken": true},
{"event": "call", "inst_addr": "0x55f4c5053b2d", "target_addr": "0x55f4c5051ead"},
{"event": "branch", "inst_addr": "0x55f4c5050bdf", "branch_taken": false},
{"event": "branch", "inst_addr": "0x55f4c5050be6", "branch_taken": true},
{"event": "branch", "inst_addr": "0x55f4c5050a20", "branch_taken": true},
{"event": "branch", "inst_addr": "0x55f4c5050c7d", "branch_taken": true},
{"event": "branch", "inst_addr": "0x55f4c5050cbf", "branch_taken": true},
{"event": "branch", "inst_addr": "0x55f4c5050cd6", "branch_taken": true},
{"event": "branch", "inst_addr": "0x55f4c5050d0e", "branch_taken": true},
{"event": "branch", "inst_addr": "0x55f4c50513a1", "branch_taken": false},
{"event": "branch", "inst_addr": "0x55f4c50513bc", "branch_taken": true},
{"event": "branch", "inst_addr": "0x55f4c50514de", "branch_taken": false},
{"event": "branch", "inst_addr": "0x55f4c50514fc", "branch_taken": true},
{"event": "branch", "inst_addr": "0x55f4c5051f41", "branch_taken": true},
{"event": "branch", "inst_addr": "0x55f4c5053b38", "branch_taken": true},
{"event": "branch", "inst_addr": "0x55f4c5053b58", "branch_taken": true},
{"event": "branch", "inst_addr": "0x55f4c5053aaf", "branch_taken": true},
{"event": "branch", "inst_addr": "0x55f4c5053aeb", "branch_taken": true},
{"event": "call", "inst_addr": "0x55f4c5053b2d", "target_addr": "0x55f4c5052389"},
{"event": "branch", "inst_addr": "0x55f4c5053b38", "branch_taken": true},
{"event": "branch", "inst_addr": "0x55f4c5053b58", "branch_taken": true},
{"event": "branch", "inst_addr": "0x55f4c5053aaf", "branch_taken": true},
{"event": "branch", "inst_addr": "0x55f4c5053aeb", "branch_taken": true},
{"event": "call", "inst_addr": "0x55f4c5053b2d", "target_addr": "0x55f4c505317d"},
{"event": "branch", "inst_addr": "0x55f4c5053b38", "branch_taken": true},
{"event": "branch", "inst_addr": "0x55f4c5053b58", "branch_taken": true},
{"event": "branch", "inst_addr": "0x55f4c5053aaf", "branch_taken": true},
{"event": "branch", "inst_addr": "0x55f4c5053aeb", "branch_taken": true},
{"event": "call", "inst_addr": "0x55f4c5053b2d", "target_addr": "0x55f4c5052159"},
{"event": "branch", "inst_addr": "0x55f4c5050bdf", "branch_taken": false},
{"event": "branch", "inst_addr": "0x55f4c5050be6", "branch_taken": true},
{"event": "branch", "inst_addr": "0x55f4c5050a20", "branch_taken": true},
{"event": "branch", "inst_addr": "0x55f4c5050c7d", "branch_taken": true},
{"event": "branch", "inst_addr": "0x55f4c5050cbf", "branch_taken": true},
{"event": "branch", "inst_addr": "0x55f4c5050cd6", "branch_taken": true},
{"event": "branch", "inst_addr": "0x55f4c5050d0e", "branch_taken": true},
{"event": "branch", "inst_addr": "0x55f4c50513a1", "branch_taken": false},
{"event": "branch", "inst_addr": "0x55f4c50513bc", "branch_taken": true},
{"event": "branch", "inst_addr": "0x55f4c5051cb5", "branch_taken": true},
{"event": "branch", "inst_addr": "0x55f4c5051cf1", "branch_taken": true},
{"event": "branch", "inst_addr": "0x55f4c5051d2d", "branch_taken": true},
{"event": "branch", "inst_addr": "0x55f4c5051e86", "branch_taken": true},
{"event": "branch", "inst_addr": "0x55f4c5051d67", "branch_taken": true},
{"event": "branch", "inst_addr": "0x55f4c50521f8", "branch_taken": true},
{"event": "branch", "inst_addr": "0x55f4c5053b38", "branch_taken": true},
{"event": "branch", "inst_addr": "0x55f4c5053b58", "branch_taken": true},
{"event": "branch", "inst_addr": "0x55f4c5053aaf", "branch_taken": true},
{"event": "branch", "inst_addr": "0x55f4c5053aeb", "branch_taken": true},
{"event": "call", "inst_addr": "0x55f4c5053b2d", "target_addr": "0x55f4c50528fd"},
{"event": "branch", "inst_addr": "0x55f4c5052918", "branch_taken": false},
{"event": "branch", "inst_addr": "0x55f4c5052936", "branch_taken": false},
{"event": "branch", "inst_addr": "0x55f4c5052949", "branch_taken": true},
{"event": "branch", "inst_addr": "0x55f4c5053b38", "branch_taken": true},
{"event": "branch", "inst_addr": "0x55f4c5053b58", "branch_taken": true},
{"event": "branch", "inst_addr": "0x55f4c5053aaf", "branch_taken": true},
{"event": "branch", "inst_addr": "0x55f4c5053aeb", "branch_taken": true},
{"event": "call", "inst_addr": "0x55f4c5053b2d", "target_addr": "0x55f4c5053269"},
{"event": "branch", "inst_addr": "0x55f4c5053b38", "branch_taken": false},
{"event": "branch", "inst_addr": "0x55f4c50509c0", "branch_taken": true},
{"event": "branch", "inst_addr": "0x55f4c5053b46", "branch_taken": true},
{"event": "branch", "inst_addr": "0x55f4c50509b0", "branch_taken": true},
{"event": "branch", "inst_addr": "0x55f4c505390f", "branch_taken": true},
{"event": "branch", "inst_addr": "0x55f4c5053946", "branch_taken": false},
{"event": "branch", "inst_addr": "0x55f4c50509b0", "branch_taken": true},
{"event": "branch", "inst_addr": "0x55f4c5053886", "branch_taken": true},
{"event": "branch", "inst_addr": "0x55f4c50538c9", "branch_taken": true},
{"event": "branch", "inst_addr": "0x55f4c5050a00", "branch_taken": true},
{"event": "branch", "inst_addr": "0x55f4c50538c9", "branch_taken": true},
{"event": "branch", "inst_addr": "0x55f4c5050a00", "branch_taken": true},
{"event": "branch", "inst_addr": "0x55f4c50538c9", "branch_taken": true},
{"event": "branch", "inst_addr": "0x55f4c5050a00", "branch_taken": true},
{"event": "branch", "inst_addr": "0x55f4c50538c9", "branch_taken": true},
{"event": "branch", "inst_addr": "0x55f4c5050a00", "branch_taken": true},
{"event": "branch", "inst_addr": "0x55f4c50538c9", "branch_taken": true},
{"event": "branch", "inst_addr": "0x55f4c5050a00", "branch_taken": true},
{"event": "branch", "inst_addr": "0x55f4c50538c9", "branch_taken": true},
{"event": "branch", "inst_addr": "0x55f4c5050a00", "branch_taken": true},
{"event": "branch", "inst_addr": "0x55f4c50538c9", "branch_taken": true},
{"event": "branch", "inst_addr": "0x55f4c5050a00", "branch_taken": true},
{"event": "branch", "inst_addr": "0x55f4c50538c9", "branch_taken": true},
{"event": "branch", "inst_addr": "0x55f4c5050a00", "branch_taken": true},
{"event": "branch", "inst_addr": "0x55f4c50538c9", "branch_taken": false},
{"event": "branch", "inst_addr": "0x55f4c5050a00", "branch_taken": true},
{"event": "branch", "inst_addr": "0x55f4c50509a0", "branch_taken": true},
{"event": "branch", "inst_addr": "0x55f4c50509a0", "branch_taken": true},
{"event": "branch", "inst_addr": "0x55f4c5050b87", "branch_taken": false},
{"event": "branch", "inst_addr": "0x55f4c5050b95", "branch_taken": false},
{"event": "branch", "inst_addr": "0x55f4c5050ab0", "branch_taken": true},
{"event": "branch", "inst_addr": "0x55f4c5050b05", "branch_taken": true},
{"event": "exit", "exit_code": 0}
]
