[
{"event": "image_load", "image_name": "***/box1", "image_id": 1, "base_addr": "0x560165a75000", "image_size": "0x135f"},
{"event": "image_load", "image_name": "/lib64/ld-linux-x86-64.so.2", "image_id": 2, "base_addr": "0x7fa054084000", "image_size": "0x26c23"},
{"event": "image_load", "image_name": "[vdso]", "image_id": 3, "base_addr": "0x7ffe972c1000", "image_size": "0x95a"},
{"event": "image_load", "image_name": "/lib/x86_64-linux-gnu/libc.so.6", "image_id": 4, "base_addr": "0x7fa03f89c000", "image_size": "0x3f0adf"},
{"event": "branch", "inst_addr": "0x560165a7564e", "branch_taken": true},
{"event": "branch", "inst_addr": "0x560165a75ed4", "branch_taken": false},
{"event": "branch", "inst_addr": "0x560165a757f5", "branch_taken": true},
{"event": "branch", "inst_addr": "0x560165a75786", "branch_taken": true},
{"event": "branch", "inst_addr": "0x560165a75ef4", "branch_taken": false},
{"event": "branch", "inst_addr": "0x560165a756b0", "branch_taken": true},
{"event": "branch", "inst_addr": "0x560165a75690", "branch_taken": true},
{"event": "branch", "inst_addr": "0x560165a75e3f", "branch_taken": true},
{"event": "branch", "inst_addr": "0x560165a756c0", "branch_taken": true},
{"event": "branch", "inst_addr": "0x560165a756a0", "branch_taken": true},
{"event": "branch", "inst_addr": "0x560165a75b99", "branch_taken": true},
{"event": "branch", "inst_addr": "0x560165a75ddc", "branch_taken": true},
{"event": "branch", "inst_addr": "0x560165a75bac", "branch_taken": false},
{"event": "branch", "inst_addr": "0x560165a75bb6", "branch_taken": true},
{"event": "branch", "inst_addr": "0x560165a75bfe", "branch_taken": true},
{"event": "branch", "inst_addr": "0x560165a75c46", "branch_taken": true},
{"event": "branch", "inst_addr": "0x560165a75c8e", "branch_taken": true},
{"event": "branch", "inst_addr": "0x560165a75cd6", "branch_taken": true},
{"event": "branch", "inst_addr": "0x560165a75d1e", "branch_taken": true},
{"event": "branch", "inst_addr": "0x560165a75d63", "branch_taken": false},
{"event": "branch", "inst_addr": "0x560165a75d69", "branch_taken": false},
{"event": "branch", "inst_addr": "0x560165a75d6f", "branch_taken": false},
{"event": "branch", "inst_addr": "0x560165a75d97", "branch_taken": true},
{"event": "branch", "inst_addr": "0x560165a75dc1", "branch_taken": true},
{"event": "branch", "inst_addr": "0x560165a75ddc", "branch_taken": true},
{"event": "branch", "inst_addr": "0x560165a75bac", "branch_taken": false},
{"event": "branch", "inst_addr": "0x560165a75bb6", "branch_taken": true},
{"event": "branch", "inst_addr": "0x560165a75bfe", "branch_taken": true},
{"event": "branch", "inst_addr": "0x560165a75c46", "branch_taken": true},
{"event": "branch", "inst_addr": "0x560165a75c8e", "branch_taken": true},
{"event": "branch", "inst_addr": "0x560165a75cd6", "branch_taken": true},
{"event": "branch", "inst_addr": "0x560165a75d1e", "branch_taken": true},
{"event": "branch", "inst_addr": "0x560165a75d63", "branch_taken": false},
{"event": "branch", "inst_addr": "0x560165a75d69", "branch_taken": false},
{"event": "branch", "inst_addr": "0x560165a75d6f", "branch_taken": false},
{"event": "branch", "inst_addr": "0x560165a75d97", "branch_taken": true},
{"event": "branch", "inst_addr": "0x560165a75dc1", "branch_taken": true},
{"event": "branch", "inst_addr": "0x560165a75ddc", "branch_taken": true},
{"event": "branch", "inst_addr": "0x560165a75bac", "branch_taken": false},
{"event": "branch", "inst_addr": "0x560165a75bb6", "branch_taken": true},
{"event": "branch", "inst_addr": "0x560165a75bfe", "branch_taken": true},
{"event": "branch", "inst_addr": "0x560165a75c46", "branch_taken": true},
{"event": "branch", "inst_addr": "0x560165a75c8e", "branch_taken": true},
{"event": "branch", "inst_addr": "0x560165a75cd6", "branch_taken": true},
{"event": "branch", "inst_addr": "0x560165a75d1e", "branch_taken": true},
{"event": "branch", "inst_addr": "0x560165a75d63", "branch_taken": false},
{"event": "branch", "inst_addr": "0x560165a75d69", "branch_taken": false},
{"event": "branch", "inst_addr": "0x560165a75d6f", "branch_taken": false},
{"event": "branch", "inst_addr": "0x560165a75d97", "branch_taken": true},
{"event": "branch", "inst_addr": "0x560165a75dc1", "branch_taken": true},
{"event": "branch", "inst_addr": "0x560165a75ddc", "branch_taken": true},
{"event": "branch", "inst_addr": "0x560165a75bac", "branch_taken": false},
{"event": "branch", "inst_addr": "0x560165a75bb6", "branch_taken": true},
{"event": "branch", "inst_addr": "0x560165a75bfe", "branch_taken": true},
{"event": "branch", "inst_addr": "0x560165a75c46", "branch_taken": true},
{"event": "branch", "inst_addr": "0x560165a75c8e", "branch_taken": true},
{"event": "branch", "inst_addr": "0x560165a75cd6", "branch_taken": true},
{"event": "branch", "inst_addr": "0x560165a75d1e", "branch_taken": true},
{"event": "branch", "inst_addr": "0x560165a75d63", "branch_taken": false},
{"event": "branch", "inst_addr": "0x560165a75d69", "branch_taken": false},
{"event": "branch", "inst_addr": "0x560165a75d6f", "branch_taken": false},
{"event": "branch", "inst_addr": "0x560165a75d97", "branch_taken": false},
{"event": "branch", "inst_addr": "0x560165a759c4", "branch_taken": true},
{"event": "branch", "inst_addr": "0x560165a75db8", "branch_taken": true},
{"event": "branch", "inst_addr": "0x560165a75ddc", "branch_taken": true},
{"event": "branch", "inst_addr": "0x560165a75bac", "branch_taken": false},
{"event": "branch", "inst_addr": "0x560165a75bb6", "branch_taken": true},
{"event": "branch", "inst_addr": "0x560165a75bfe", "branch_taken": true},
{"event": "branch", "inst_addr": "0x560165a75c46", "branch_taken": true},
{"event": "branch", "inst_addr": "0x560165a75c8e", "branch_taken": true},
{"event": "branch", "inst_addr": "0x560165a75cd6", "branch_taken": true},
{"event": "branch", "inst_addr": "0x560165a75d1e", "branch_taken": true},
{"event": "branch", "inst_addr": "0x560165a75d63", "branch_taken": false},
{"event": "branch", "inst_addr": "0x560165a75d69", "branch_taken": false},
{"event": "branch", "inst_addr": "0x560165a75d6f", "branch_taken": false},
{"event": "branch", "inst_addr": "0x560165a75d97", "branch_taken": true},
{"event": "branch", "inst_addr": "0x560165a75dc1", "branch_taken": true},
{"event": "branch", "inst_addr": "0x560165a75ddc", "branch_taken": true},
{"event": "branch", "inst_addr": "0x560165a75bac", "branch_taken": false},
{"event": "branch", "inst_addr": "0x560165a75bb6", "branch_taken": true},
{"event": "branch", "inst_addr": "0x560165a75bfe", "branch_taken": true},
{"event": "branch", "inst_addr": "0x560165a75c46", "branch_taken": true},
{"event": "branch", "inst_addr": "0x560165a75c8e", "branch_taken": true},
{"event": "branch", "inst_addr": "0x560165a75cd6", "branch_taken": true},
{"event": "branch", "inst_addr": "0x560165a75d1e", "branch_taken": true},
{"event": "branch", "inst_addr": "0x560165a75d63", "branch_taken": false},
{"event": "branch", "inst_addr": "0x560165a75d69", "branch_taken": false},
{"event": "branch", "inst_addr": "0x560165a75d6f", "branch_taken": false},
{"event": "branch", "inst_addr": "0x560165a75d97", "branch_taken": true},
{"event": "branch", "inst_addr": "0x560165a75dc1", "branch_taken": true},
{"event": "branch", "inst_addr": "0x560165a75ddc", "branch_taken": true},
{"event": "branch", "inst_addr": "0x560165a75bac", "branch_taken": false},
{"event": "branch", "inst_addr": "0x560165a75bb6", "branch_taken": true},
{"event": "branch", "inst_addr": "0x560165a75bfe", "branch_taken": true},
{"event": "branch", "inst_addr": "0x560165a75c46", "branch_taken": true},
{"event": "branch", "inst_addr": "0x560165a75c8e", "branch_taken": true},
{"event": "branch", "inst_addr": "0x560165a75cd6", "branch_taken": true},
{"event": "branch", "inst_addr": "0x560165a75d1e", "branch_taken": true},
{"event": "branch", "inst_addr": "0x560165a75d63", "branch_taken": false},
{"event": "branch", "inst_addr": "0x560165a75d69", "branch_taken": false},
{"event": "branch", "inst_addr": "0x560165a75d6f", "branch_taken": false},
{"event": "branch", "inst_addr": "0x560165a75d97", "branch_taken": true},
{"event": "branch", "inst_addr": "0x560165a75dc1", "branch_taken": true},
{"event": "branch", "inst_addr": "0x560165a75ddc", "branch_taken": true},
{"event": "branch", "inst_addr": "0x560165a75bac", "branch_taken": false},
{"event": "branch", "inst_addr": "0x560165a75bb6", "branch_taken": true},
{"event": "branch", "inst_addr": "0x560165a75bfe", "branch_taken": true},
{"event": "branch", "inst_addr": "0x560165a75c46", "branch_taken": true},
{"event": "branch", "inst_addr": "0x560165a75c8e", "branch_taken": true},
{"event": "branch", "inst_addr": "0x560165a75cd6", "branch_taken": true},
{"event": "branch", "inst_addr": "0x560165a75d1e", "branch_taken": true},
{"event": "branch", "inst_addr": "0x560165a75d63", "branch_taken": false},
{"event": "branch", "inst_addr": "0x560165a75d69", "branch_taken": false},
{"event": "branch", "inst_addr": "0x560165a75d6f", "branch_taken": false},
{"event": "branch", "inst_addr": "0x560165a75d97", "branch_taken": false},
{"event": "branch", "inst_addr": "0x560165a759c4", "branch_taken": true},
{"event": "branch", "inst_addr": "0x560165a75db8", "branch_taken": true},
{"event": "branch", "inst_addr": "0x560165a75ddc", "branch_taken": true},
{"event": "branch", "inst_addr": "0x560165a75bac", "branch_taken": false},
{"event": "branch", "inst_addr": "0x560165a75bb6", "branch_taken": true},
{"event": "branch", "inst_addr": "0x560165a75bfe", "branch_taken": true},
{"event": "branch", "inst_addr": "0x560165a75c46", "branch_taken": true},
{"event": "branch", "inst_addr": "0x560165a75c8e", "branch_taken": true},
{"event": "branch", "inst_addr": "0x560165a75cd6", "branch_taken": true},
{"event": "branch", "inst_addr": "0x560165a75d1e", "branch_taken": true},
{"event": "branch", "inst_addr": "0x560165a75d63", "branch_taken": false},
{"event": "branch", "inst_addr": "0x560165a75d69", "branch_taken": false},
{"event": "branch", "inst_addr": "0x560165a75d6f", "branch_taken": false},
{"event": "branch", "inst_addr": "0x560165a75d97", "branch_taken": true},
{"event": "branch", "inst_addr": "0x560165a75dc1", "branch_taken": true},
{"event": "branch", "inst_addr": "0x560165a75ddc", "branch_taken": true},
{"event": "branch", "inst_addr": "0x560165a75bac", "branch_taken": false},
{"event": "branch", "inst_addr": "0x560165a75bb6", "branch_taken": true},
{"event": "branch", "inst_addr": "0x560165a75bfe", "branch_taken": true},
{"event": "branch", "inst_addr": "0x560165a75c46", "branch_taken": true},
{"event": "branch", "inst_addr": "0x560165a75c8e", "branch_taken": true},
{"event": "branch", "inst_addr": "0x560165a75cd6", "branch_taken": true},
{"event": "branch", "inst_addr": "0x560165a75d1e", "branch_taken": true},
{"event": "branch", "inst_addr": "0x560165a75d63", "branch_taken": false},
{"event": "branch", "inst_addr": "0x560165a75d69", "branch_taken": false},
{"event": "branch", "inst_addr": "0x560165a75d6f", "branch_taken": false},
{"event": "branch", "inst_addr": "0x560165a75d97", "branch_taken": true},
{"event": "branch", "inst_addr": "0x560165a75dc1", "branch_taken": true},
{"event": "branch", "inst_addr": "0x560165a75ddc", "branch_taken": true},
{"event": "branch", "inst_addr": "0x560165a75bac", "branch_taken": false},
{"event": "branch", "inst_addr": "0x560165a75bb6", "branch_taken": true},
{"event": "branch", "inst_addr": "0x560165a75bfe", "branch_taken": true},
{"event": "branch", "inst_addr": "0x560165a75c46", "branch_taken": true},
{"event": "branch", "inst_addr": "0x560165a75c8e", "branch_taken": true},
{"event": "branch", "inst_addr": "0x560165a75cd6", "branch_taken": true},
{"event": "branch", "inst_addr": "0x560165a75d1e", "branch_taken": true},
{"event": "branch", "inst_addr": "0x560165a75d63", "branch_taken": false},
{"event": "branch", "inst_addr": "0x560165a75d69", "branch_taken": false},
{"event": "branch", "inst_addr": "0x560165a75d6f", "branch_taken": false},
{"event": "branch", "inst_addr": "0x560165a75d97", "branch_taken": true},
{"event": "branch", "inst_addr": "0x560165a75dc1", "branch_taken": true},
{"event": "branch", "inst_addr": "0x560165a75ddc", "branch_taken": true},
{"event": "branch", "inst_addr": "0x560165a75bac", "branch_taken": false},
{"event": "branch", "inst_addr": "0x560165a75bb6", "branch_taken": true},
{"event": "branch", "inst_addr": "0x560165a75bfe", "branch_taken": true},
{"event": "branch", "inst_addr": "0x560165a75c46", "branch_taken": true},
{"event": "branch", "inst_addr": "0x560165a75c8e", "branch_taken": true},
{"event": "branch", "inst_addr": "0x560165a75cd6", "branch_taken": true},
{"event": "branch", "inst_addr": "0x560165a75d1e", "branch_taken": true},
{"event": "branch", "inst_addr": "0x560165a75d63", "branch_taken": false},
{"event": "branch", "inst_addr": "0x560165a75d69", "branch_taken": false},
{"event": "branch", "inst_addr": "0x560165a75d6f", "branch_taken": false},
{"event": "branch", "inst_addr": "0x560165a75d97", "branch_taken": false},
{"event": "branch", "inst_addr": "0x560165a759c4", "branch_taken": true},
{"event": "branch", "inst_addr": "0x560165a75db8", "branch_taken": true},
{"event": "branch", "inst_addr": "0x560165a75ddc", "branch_taken": true},
{"event": "branch", "inst_addr": "0x560165a75bac", "branch_taken": false},
{"event": "branch", "inst_addr": "0x560165a75bb6", "branch_taken": true},
{"event": "branch", "inst_addr": "0x560165a75bfe", "branch_taken": true},
{"event": "branch", "inst_addr": "0x560165a75c46", "branch_taken": false},
{"event": "branch", "inst_addr": "0x560165a75964", "branch_taken": true},
{"event": "branch", "inst_addr": "0x560165a75964", "branch_taken": true},
{"event": "branch", "inst_addr": "0x560165a75a5c", "branch_taken": true},
{"event": "branch", "inst_addr": "0x560165a75a82", "branch_taken": true},
{"event": "branch", "inst_addr": "0x560165a75a94", "branch_taken": true},
{"event": "branch", "inst_addr": "0x560165a75a94", "branch_taken": true},
{"event": "branch", "inst_addr": "0x560165a75a94", "branch_taken": true},
{"event": "branch", "inst_addr": "0x560165a75a94", "branch_taken": true},
{"event": "branch", "inst_addr": "0x560165a75a94", "branch_taken": true},
{"event": "branch", "inst_addr": "0x560165a75a94", "branch_taken": true},
{"event": "branch", "inst_addr": "0x560165a75a94", "branch_taken": true},
{"event": "branch", "inst_addr": "0x560165a75a94", "branch_taken": true},
{"event": "branch", "inst_addr": "0x560165a75a94", "branch_taken": true},
{"event": "branch", "inst_addr": "0x560165a75a94", "branch_taken": true},
{"event": "branch", "inst_addr": "0x560165a75a94", "branch_taken": true},
{"event": "branch", "inst_addr": "0x560165a75a94", "branch_taken": true},
{"event": "branch", "inst_addr": "0x560165a75a94", "branch_taken": false},
{"event": "branch", "inst_addr": "0x560165a759c4", "branch_taken": true},
{"event": "branch", "inst_addr": "0x560165a75c85", "branch_taken": true},
{"event": "branch", "inst_addr": "0x560165a75ddc", "branch_taken": true},
{"event": "branch", "inst_addr": "0x560165a75bac", "branch_taken": false},
{"event": "branch", "inst_addr": "0x560165a75bb6", "branch_taken": true},
{"event": "branch", "inst_addr": "0x560165a75bfe", "branch_taken": true},
{"event": "branch", "inst_addr": "0x560165a75c46", "branch_taken": true},
{"event": "branch", "inst_addr": "0x560165a75c8e", "branch_taken": true},
{"event": "branch", "inst_addr": "0x560165a75cd6", "branch_taken": false},
{"event": "branch", "inst_addr": "0x560165a75964", "branch_taken": true},
{"event": "branch", "inst_addr": "0x560165a75964", "branch_taken": true},
{"event": "branch", "inst_addr": "0x560165a759c4", "branch_taken": true},
{"event": "branch", "inst_addr": "0x560165a75d15", "branch_taken": true},
{"event": "branch", "inst_addr": "0x560165a75ddc", "branch_taken": true},
{"event": "branch", "inst_addr": "0x560165a75bac", "branch_taken": false},
{"event": "branch", "inst_addr": "0x560165a75bb6", "branch_taken": true},
{"event": "branch", "inst_addr": "0x560165a75bfe", "branch_taken": true},
{"event": "branch", "inst_addr": "0x560165a75c46", "branch_taken": true},
{"event": "branch", "inst_addr": "0x560165a75c8e", "branch_taken": true},
{"event": "branch", "inst_addr": "0x560165a75cd6", "branch_taken": true},
{"event": "branch", "inst_addr": "0x560165a75d1e", "branch_taken": true},
{"event": "branch", "inst_addr": "0x560165a75d63", "branch_taken": false},
{"event": "branch", "inst_addr": "0x560165a75d69", "branch_taken": false},
{"event": "branch", "inst_addr": "0x560165a75d6f", "branch_taken": false},
{"event": "branch", "inst_addr": "0x560165a75d97", "branch_taken": true},
{"event": "branch", "inst_addr": "0x560165a75dc1", "branch_taken": true},
{"event": "branch", "inst_addr": "0x560165a75ddc", "branch_taken": true},
{"event": "branch", "inst_addr": "0x560165a75bac", "branch_taken": false},
{"event": "branch", "inst_addr": "0x560165a75bb6", "branch_taken": true},
{"event": "branch", "inst_addr": "0x560165a75bfe", "branch_taken": true},
{"event": "branch", "inst_addr": "0x560165a75c46", "branch_taken": true},
{"event": "branch", "inst_addr": "0x560165a75c8e", "branch_taken": true},
{"event": "branch", "inst_addr": "0x560165a75cd6", "branch_taken": true},
{"event": "branch", "inst_addr": "0x560165a75d1e", "branch_taken": true},
{"event": "branch", "inst_addr": "0x560165a75d63", "branch_taken": false},
{"event": "branch", "inst_addr": "0x560165a75d69", "branch_taken": false},
{"event": "branch", "inst_addr": "0x560165a75d6f", "branch_taken": false},
{"event": "branch", "inst_addr": "0x560165a75d97", "branch_taken": true},
{"event": "branch", "inst_addr": "0x560165a75dc1", "branch_taken": true},
{"event": "branch", "inst_addr": "0x560165a75ddc", "branch_taken": true},
{"event": "branch", "inst_addr": "0x560165a75bac", "branch_taken": false},
{"event": "branch", "inst_addr": "0x560165a75bb6", "branch_taken": true},
{"event": "branch", "inst_addr": "0x560165a75bfe", "branch_taken": true},
{"event": "branch", "inst_addr": "0x560165a75c46", "branch_taken": true},
{"event": "branch", "inst_addr": "0x560165a75c8e", "branch_taken": true},
{"event": "branch", "inst_addr": "0x560165a75cd6", "branch_taken": true},
{"event": "branch", "inst_addr": "0x560165a75d1e", "branch_taken": true},
{"event": "branch", "inst_addr": "0x560165a75d63", "branch_taken": false},
{"event": "branch", "inst_addr": "0x560165a75d69", "branch_taken": false},
{"event": "branch", "inst_addr": "0x560165a75d6f", "branch_taken": false},
{"event": "branch", "inst_addr": "0x560165a75d97", "branch_taken": true},
{"event": "branch", "inst_addr": "0x560165a75dc1", "branch_taken": true},
{"event": "branch", "inst_addr": "0x560165a75ddc", "branch_taken": true},
{"event": "branch", "inst_addr": "0x560165a75bac", "branch_taken": false},
{"event": "branch", "inst_addr": "0x560165a75bb6", "branch_taken": true},
{"event": "branch", "inst_addr": "0x560165a75bfe", "branch_taken": true},
{"event": "branch", "inst_addr": "0x560165a75c46", "branch_taken": true},
{"event": "branch", "inst_addr": "0x560165a75c8e", "branch_taken": true},
{"event": "branch", "inst_addr": "0x560165a75cd6", "branch_taken": true},
{"event": "branch", "inst_addr": "0x560165a75d1e", "branch_taken": true},
{"event": "branch", "inst_addr": "0x560165a75d63", "branch_taken": false},
{"event": "branch", "inst_addr": "0x560165a75d69", "branch_taken": false},
{"event": "branch", "inst_addr": "0x560165a75d6f", "branch_taken": false},
{"event": "branch", "inst_addr": "0x560165a75d97", "branch_taken": false},
{"event": "branch", "inst_addr": "0x560165a759c4", "branch_taken": true},
{"event": "branch", "inst_addr": "0x560165a75db8", "branch_taken": true},
{"event": "branch", "inst_addr": "0x560165a75ddc", "branch_taken": true},
{"event": "branch", "inst_addr": "0x560165a75bac", "branch_taken": false},
{"event": "branch", "inst_addr": "0x560165a75bb6", "branch_taken": false},
{"event": "branch", "inst_addr": "0x560165a75964", "branch_taken": true},
{"event": "branch", "inst_addr": "0x560165a75964", "branch_taken": true},
{"event": "branch", "inst_addr": "0x560165a75a21", "branch_taken": true},
{"event": "branch", "inst_addr": "0x560165a75a31", "branch_taken": true},
{"event": "branch", "inst_addr": "0x560165a75a31", "branch_taken": true},
{"event": "branch", "inst_addr": "0x560165a75a31", "branch_taken": true},
{"event": "branch", "inst_addr": "0x560165a75a31", "branch_taken": true},
{"event": "branch", "inst_addr": "0x560165a75a31", "branch_taken": true},
{"event": "branch", "inst_addr": "0x560165a75a31", "branch_taken": true},
{"event": "branch", "inst_addr": "0x560165a75a31", "branch_taken": true},
{"event": "branch", "inst_addr": "0x560165a75a31", "branch_taken": true},
{"event": "branch", "inst_addr": "0x560165a75a31", "branch_taken": true},
{"event": "branch", "inst_addr": "0x560165a75a31", "branch_taken": true},
{"event": "branch", "inst_addr": "0x560165a75a31", "branch_taken": false},
{"event": "branch", "inst_addr": "0x560165a759c4", "branch_taken": true},
{"event": "branch", "inst_addr": "0x560165a75bf5", "branch_taken": true},
{"event": "branch", "inst_addr": "0x560165a75ddc", "branch_taken": true},
{"event": "branch", "inst_addr": "0x560165a75bac", "branch_taken": false},
{"event": "branch", "inst_addr": "0x560165a75bb6", "branch_taken": true},
{"event": "branch", "inst_addr": "0x560165a75bfe", "branch_taken": true},
{"event": "branch", "inst_addr": "0x560165a75c46", "branch_taken": true},
{"event": "branch", "inst_addr": "0x560165a75c8e", "branch_taken": true},
{"event": "branch", "inst_addr": "0x560165a75cd6", "branch_taken": true},
{"event": "branch", "inst_addr": "0x560165a75d1e", "branch_taken": true},
{"event": "branch", "inst_addr": "0x560165a75d63", "branch_taken": false},
{"event": "branch", "inst_addr": "0x560165a75d69", "branch_taken": false},
{"event": "branch", "inst_addr": "0x560165a75d6f", "branch_taken": false},
{"event": "branch", "inst_addr": "0x560165a75d97", "branch_taken": true},
{"event": "branch", "inst_addr": "0x560165a75dc1", "branch_taken": true},
{"event": "branch", "inst_addr": "0x560165a75ddc", "branch_taken": true},
{"event": "branch", "inst_addr": "0x560165a75bac", "branch_taken": false},
{"event": "branch", "inst_addr": "0x560165a75bb6", "branch_taken": true},
{"event": "branch", "inst_addr": "0x560165a75bfe", "branch_taken": true},
{"event": "branch", "inst_addr": "0x560165a75c46", "branch_taken": true},
{"event": "branch", "inst_addr": "0x560165a75c8e", "branch_taken": true},
{"event": "branch", "inst_addr": "0x560165a75cd6", "branch_taken": true},
{"event": "branch", "inst_addr": "0x560165a75d1e", "branch_taken": true},
{"event": "branch", "inst_addr": "0x560165a75d63", "branch_taken": false},
{"event": "branch", "inst_addr": "0x560165a75d69", "branch_taken": false},
{"event": "branch", "inst_addr": "0x560165a75d6f", "branch_taken": false},
{"event": "branch", "inst_addr": "0x560165a75d97", "branch_taken": true},
{"event": "branch", "inst_addr": "0x560165a75dc1", "branch_taken": true},
{"event": "branch", "inst_addr": "0x560165a75ddc", "branch_taken": true},
{"event": "branch", "inst_addr": "0x560165a75bac", "branch_taken": false},
{"event": "branch", "inst_addr": "0x560165a75bb6", "branch_taken": true},
{"event": "branch", "inst_addr": "0x560165a75bfe", "branch_taken": true},
{"event": "branch", "inst_addr": "0x560165a75c46", "branch_taken": true},
{"event": "branch", "inst_addr": "0x560165a75c8e", "branch_taken": true},
{"event": "branch", "inst_addr": "0x560165a75cd6", "branch_taken": true},
{"event": "branch", "inst_addr": "0x560165a75d1e", "branch_taken": true},
{"event": "branch", "inst_addr": "0x560165a75d63", "branch_taken": false},
{"event": "branch", "inst_addr": "0x560165a75d69", "branch_taken": false},
{"event": "branch", "inst_addr": "0x560165a75d6f", "branch_taken": false},
{"event": "branch", "inst_addr": "0x560165a75d97", "branch_taken": true},
{"event": "branch", "inst_addr": "0x560165a75dc1", "branch_taken": true},
{"event": "branch", "inst_addr": "0x560165a75ddc", "branch_taken": true},
{"event": "branch", "inst_addr": "0x560165a75bac", "branch_taken": false},
{"event": "branch", "inst_addr": "0x560165a75bb6", "branch_taken": true},
{"event": "branch", "inst_addr": "0x560165a75bfe", "branch_taken": true},
{"event": "branch", "inst_addr": "0x560165a75c46", "branch_taken": true},
{"event": "branch", "inst_addr": "0x560165a75c8e", "branch_taken": true},
{"event": "branch", "inst_addr": "0x560165a75cd6", "branch_taken": true},
{"event": "branch", "inst_addr": "0x560165a75d1e", "branch_taken": true},
{"event": "branch", "inst_addr": "0x560165a75d63", "branch_taken": false},
{"event": "branch", "inst_addr": "0x560165a75d69", "branch_taken": false},
{"event": "branch", "inst_addr": "0x560165a75d6f", "branch_taken": false},
{"event": "branch", "inst_addr": "0x560165a75d97", "branch_taken": false},
{"event": "branch", "inst_addr": "0x560165a759c4", "branch_taken": true},
{"event": "branch", "inst_addr": "0x560165a75db8", "branch_taken": true},
{"event": "branch", "inst_addr": "0x560165a75ddc", "branch_taken": true},
{"event": "branch", "inst_addr": "0x560165a75bac", "branch_taken": false},
{"event": "branch", "inst_addr": "0x560165a75bb6", "branch_taken": true},
{"event": "branch", "inst_addr": "0x560165a75bfe", "branch_taken": false},
{"event": "branch", "inst_addr": "0x560165a75964", "branch_taken": true},
{"event": "branch", "inst_addr": "0x560165a75964", "branch_taken": true},
{"event": "branch", "inst_addr": "0x560165a759c4", "branch_taken": true},
{"event": "branch", "inst_addr": "0x560165a75c3d", "branch_taken": true},
{"event": "branch", "inst_addr": "0x560165a75ddc", "branch_taken": false},
{"event": "branch", "inst_addr": "0x560165a75964", "branch_taken": true},
{"event": "branch", "inst_addr": "0x560165a75680", "branch_taken": true},
{"event": "branch", "inst_addr": "0x560165a757b7", "branch_taken": false},
{"event": "branch", "inst_addr": "0x560165a757c5", "branch_taken": false},
{"event": "branch", "inst_addr": "0x560165a756e0", "branch_taken": true},
{"event": "branch", "inst_addr": "0x560165a75735", "branch_taken": true},
{"event": "exit", "exit_code": 0}
]
