[
{"event": "image_load", "image_name": "***/box5", "image_id": 1, "base_addr": "0x55f25c56d000", "image_size": "0x18df"},
{"event": "image_load", "image_name": "/lib64/ld-linux-x86-64.so.2", "image_id": 2, "base_addr": "0x7f39388c4000", "image_size": "0x26c23"},
{"event": "image_load", "image_name": "[vdso]", "image_id": 3, "base_addr": "0x7ffc499c4000", "image_size": "0x95a"},
{"event": "image_load", "image_name": "/lib/x86_64-linux-gnu/libc.so.6", "image_id": 4, "base_addr": "0x7f39240dc000", "image_size": "0x3f0adf"},
{"event": "branch", "inst_addr": "0x55f25c56d6a6", "branch_taken": true},
{"event": "branch", "inst_addr": "0x55f25c56e3f4", "branch_taken": false},
{"event": "branch", "inst_addr": "0x55f25c56d855", "branch_taken": true},
{"event": "branch", "inst_addr": "0x55f25c56d7e6", "branch_taken": true},
{"event": "branch", "inst_addr": "0x55f25c56e414", "branch_taken": false},
{"event": "branch", "inst_addr": "0x55f25c56d710", "branch_taken": true},
{"event": "branch", "inst_addr": "0x55f25c56d6f0", "branch_taken": true},
{"event": "branch", "inst_addr": "0x55f25c56e366", "branch_taken": true},
{"event": "branch", "inst_addr": "0x55f25c56d720", "branch_taken": true},
{"event": "branch", "inst_addr": "0x55f25c56d700", "branch_taken": true},
{"event": "branch", "inst_addr": "0x55f25c56e0c0", "branch_taken": true},
{"event": "branch", "inst_addr": "0x55f25c56e303", "branch_taken": true},
{"event": "branch", "inst_addr": "0x55f25c56e0d3", "branch_taken": false},
{"event": "branch", "inst_addr": "0x55f25c56e0dd", "branch_taken": true},
{"event": "branch", "inst_addr": "0x55f25c56e125", "branch_taken": true},
{"event": "branch", "inst_addr": "0x55f25c56e16d", "branch_taken": true},
{"event": "branch", "inst_addr": "0x55f25c56e1b5", "branch_taken": true},
{"event": "branch", "inst_addr": "0x55f25c56e1fd", "branch_taken": true},
{"event": "branch", "inst_addr": "0x55f25c56e245", "branch_taken": true},
{"event": "branch", "inst_addr": "0x55f25c56e28a", "branch_taken": false},
{"event": "branch", "inst_addr": "0x55f25c56e290", "branch_taken": false},
{"event": "branch", "inst_addr": "0x55f25c56e296", "branch_taken": false},
{"event": "branch", "inst_addr": "0x55f25c56e2be", "branch_taken": true},
{"event": "branch", "inst_addr": "0x55f25c56e2e8", "branch_taken": true},
{"event": "branch", "inst_addr": "0x55f25c56e303", "branch_taken": true},
{"event": "branch", "inst_addr": "0x55f25c56e0d3", "branch_taken": false},
{"event": "branch", "inst_addr": "0x55f25c56e0dd", "branch_taken": true},
{"event": "branch", "inst_addr": "0x55f25c56e125", "branch_taken": true},
{"event": "branch", "inst_addr": "0x55f25c56e16d", "branch_taken": true},
{"event": "branch", "inst_addr": "0x55f25c56e1b5", "branch_taken": true},
{"event": "branch", "inst_addr": "0x55f25c56e1fd", "branch_taken": true},
{"event": "branch", "inst_addr": "0x55f25c56e245", "branch_taken": true},
{"event": "branch", "inst_addr": "0x55f25c56e28a", "branch_taken": false},
{"event": "branch", "inst_addr": "0x55f25c56e290", "branch_taken": false},
{"event": "branch", "inst_addr": "0x55f25c56e296", "branch_taken": false},
{"event": "branch", "inst_addr": "0x55f25c56e2be", "branch_taken": true},
{"event": "branch", "inst_addr": "0x55f25c56e2e8", "branch_taken": true},
{"event": "branch", "inst_addr": "0x55f25c56e303", "branch_taken": true},
{"event": "branch", "inst_addr": "0x55f25c56e0d3", "branch_taken": false},
{"event": "branch", "inst_addr": "0x55f25c56e0dd", "branch_taken": true},
{"event": "branch", "inst_addr": "0x55f25c56e125", "branch_taken": true},
{"event": "branch", "inst_addr": "0x55f25c56e16d", "branch_taken": true},
{"event": "branch", "inst_addr": "0x55f25c56e1b5", "branch_taken": true},
{"event": "branch", "inst_addr": "0x55f25c56e1fd", "branch_taken": true},
{"event": "branch", "inst_addr": "0x55f25c56e245", "branch_taken": true},
{"event": "branch", "inst_addr": "0x55f25c56e28a", "branch_taken": false},
{"event": "branch", "inst_addr": "0x55f25c56e290", "branch_taken": false},
{"event": "branch", "inst_addr": "0x55f25c56e296", "branch_taken": false},
{"event": "branch", "inst_addr": "0x55f25c56e2be", "branch_taken": true},
{"event": "branch", "inst_addr": "0x55f25c56e2e8", "branch_taken": true},
{"event": "branch", "inst_addr": "0x55f25c56e303", "branch_taken": true},
{"event": "branch", "inst_addr": "0x55f25c56e0d3", "branch_taken": false},
{"event": "branch", "inst_addr": "0x55f25c56e0dd", "branch_taken": true},
{"event": "branch", "inst_addr": "0x55f25c56e125", "branch_taken": true},
{"event": "branch", "inst_addr": "0x55f25c56e16d", "branch_taken": true},
{"event": "branch", "inst_addr": "0x55f25c56e1b5", "branch_taken": true},
{"event": "branch", "inst_addr": "0x55f25c56e1fd", "branch_taken": true},
{"event": "branch", "inst_addr": "0x55f25c56e245", "branch_taken": true},
{"event": "branch", "inst_addr": "0x55f25c56e28a", "branch_taken": false},
{"event": "branch", "inst_addr": "0x55f25c56e290", "branch_taken": false},
{"event": "branch", "inst_addr": "0x55f25c56e296", "branch_taken": false},
{"event": "branch", "inst_addr": "0x55f25c56e2be", "branch_taken": false},
{"event": "branch", "inst_addr": "0x55f25c56da24", "branch_taken": true},
{"event": "branch", "inst_addr": "0x55f25c56e2df", "branch_taken": true},
{"event": "branch", "inst_addr": "0x55f25c56e303", "branch_taken": true},
{"event": "branch", "inst_addr": "0x55f25c56e0d3", "branch_taken": false},
{"event": "branch", "inst_addr": "0x55f25c56e0dd", "branch_taken": true},
{"event": "branch", "inst_addr": "0x55f25c56e125", "branch_taken": true},
{"event": "branch", "inst_addr": "0x55f25c56e16d", "branch_taken": true},
{"event": "branch", "inst_addr": "0x55f25c56e1b5", "branch_taken": true},
{"event": "branch", "inst_addr": "0x55f25c56e1fd", "branch_taken": true},
{"event": "branch", "inst_addr": "0x55f25c56e245", "branch_taken": true},
{"event": "branch", "inst_addr": "0x55f25c56e28a", "branch_taken": false},
{"event": "branch", "inst_addr": "0x55f25c56e290", "branch_taken": false},
{"event": "branch", "inst_addr": "0x55f25c56e296", "branch_taken": false},
{"event": "branch", "inst_addr": "0x55f25c56e2be", "branch_taken": true},
{"event": "branch", "inst_addr": "0x55f25c56e2e8", "branch_taken": true},
{"event": "branch", "inst_addr": "0x55f25c56e303", "branch_taken": true},
{"event": "branch", "inst_addr": "0x55f25c56e0d3", "branch_taken": false},
{"event": "branch", "inst_addr": "0x55f25c56e0dd", "branch_taken": true},
{"event": "branch", "inst_addr": "0x55f25c56e125", "branch_taken": true},
{"event": "branch", "inst_addr": "0x55f25c56e16d", "branch_taken": true},
{"event": "branch", "inst_addr": "0x55f25c56e1b5", "branch_taken": true},
{"event": "branch", "inst_addr": "0x55f25c56e1fd", "branch_taken": true},
{"event": "branch", "inst_addr": "0x55f25c56e245", "branch_taken": true},
{"event": "branch", "inst_addr": "0x55f25c56e28a", "branch_taken": false},
{"event": "branch", "inst_addr": "0x55f25c56e290", "branch_taken": false},
{"event": "branch", "inst_addr": "0x55f25c56e296", "branch_taken": false},
{"event": "branch", "inst_addr": "0x55f25c56e2be", "branch_taken": true},
{"event": "branch", "inst_addr": "0x55f25c56e2e8", "branch_taken": true},
{"event": "branch", "inst_addr": "0x55f25c56e303", "branch_taken": true},
{"event": "branch", "inst_addr": "0x55f25c56e0d3", "branch_taken": false},
{"event": "branch", "inst_addr": "0x55f25c56e0dd", "branch_taken": true},
{"event": "branch", "inst_addr": "0x55f25c56e125", "branch_taken": true},
{"event": "branch", "inst_addr": "0x55f25c56e16d", "branch_taken": true},
{"event": "branch", "inst_addr": "0x55f25c56e1b5", "branch_taken": true},
{"event": "branch", "inst_addr": "0x55f25c56e1fd", "branch_taken": true},
{"event": "branch", "inst_addr": "0x55f25c56e245", "branch_taken": true},
{"event": "branch", "inst_addr": "0x55f25c56e28a", "branch_taken": false},
{"event": "branch", "inst_addr": "0x55f25c56e290", "branch_taken": false},
{"event": "branch", "inst_addr": "0x55f25c56e296", "branch_taken": false},
{"event": "branch", "inst_addr": "0x55f25c56e2be", "branch_taken": true},
{"event": "branch", "inst_addr": "0x55f25c56e2e8", "branch_taken": true},
{"event": "branch", "inst_addr": "0x55f25c56e303", "branch_taken": true},
{"event": "branch", "inst_addr": "0x55f25c56e0d3", "branch_taken": false},
{"event": "branch", "inst_addr": "0x55f25c56e0dd", "branch_taken": true},
{"event": "branch", "inst_addr": "0x55f25c56e125", "branch_taken": true},
{"event": "branch", "inst_addr": "0x55f25c56e16d", "branch_taken": true},
{"event": "branch", "inst_addr": "0x55f25c56e1b5", "branch_taken": true},
{"event": "branch", "inst_addr": "0x55f25c56e1fd", "branch_taken": true},
{"event": "branch", "inst_addr": "0x55f25c56e245", "branch_taken": true},
{"event": "branch", "inst_addr": "0x55f25c56e28a", "branch_taken": false},
{"event": "branch", "inst_addr": "0x55f25c56e290", "branch_taken": false},
{"event": "branch", "inst_addr": "0x55f25c56e296", "branch_taken": false},
{"event": "branch", "inst_addr": "0x55f25c56e2be", "branch_taken": false},
{"event": "branch", "inst_addr": "0x55f25c56da24", "branch_taken": true},
{"event": "branch", "inst_addr": "0x55f25c56e2df", "branch_taken": true},
{"event": "branch", "inst_addr": "0x55f25c56e303", "branch_taken": true},
{"event": "branch", "inst_addr": "0x55f25c56e0d3", "branch_taken": false},
{"event": "branch", "inst_addr": "0x55f25c56e0dd", "branch_taken": false},
{"event": "branch", "inst_addr": "0x55f25c56d9c4", "branch_taken": true},
{"event": "branch", "inst_addr": "0x55f25c56d9c4", "branch_taken": true},
{"event": "branch", "inst_addr": "0x55f25c56da81", "branch_taken": true},
{"event": "branch", "inst_addr": "0x55f25c56da91", "branch_taken": true},
{"event": "branch", "inst_addr": "0x55f25c56da91", "branch_taken": true},
{"event": "branch", "inst_addr": "0x55f25c56da91", "branch_taken": true},
{"event": "branch", "inst_addr": "0x55f25c56da91", "branch_taken": false},
{"event": "branch", "inst_addr": "0x55f25c56da24", "branch_taken": true},
{"event": "branch", "inst_addr": "0x55f25c56e11c", "branch_taken": true},
{"event": "branch", "inst_addr": "0x55f25c56e303", "branch_taken": true},
{"event": "branch", "inst_addr": "0x55f25c56e0d3", "branch_taken": false},
{"event": "branch", "inst_addr": "0x55f25c56e0dd", "branch_taken": true},
{"event": "branch", "inst_addr": "0x55f25c56e125", "branch_taken": true},
{"event": "branch", "inst_addr": "0x55f25c56e16d", "branch_taken": true},
{"event": "branch", "inst_addr": "0x55f25c56e1b5", "branch_taken": true},
{"event": "branch", "inst_addr": "0x55f25c56e1fd", "branch_taken": true},
{"event": "branch", "inst_addr": "0x55f25c56e245", "branch_taken": true},
{"event": "branch", "inst_addr": "0x55f25c56e28a", "branch_taken": false},
{"event": "branch", "inst_addr": "0x55f25c56e290", "branch_taken": false},
{"event": "branch", "inst_addr": "0x55f25c56e296", "branch_taken": false},
{"event": "branch", "inst_addr": "0x55f25c56e2be", "branch_taken": true},
{"event": "branch", "inst_addr": "0x55f25c56e2e8", "branch_taken": true},
{"event": "branch", "inst_addr": "0x55f25c56e303", "branch_taken": true},
{"event": "branch", "inst_addr": "0x55f25c56e0d3", "branch_taken": false},
{"event": "branch", "inst_addr": "0x55f25c56e0dd", "branch_taken": true},
{"event": "branch", "inst_addr": "0x55f25c56e125", "branch_taken": true},
{"event": "branch", "inst_addr": "0x55f25c56e16d", "branch_taken": true},
{"event": "branch", "inst_addr": "0x55f25c56e1b5", "branch_taken": true},
{"event": "branch", "inst_addr": "0x55f25c56e1fd", "branch_taken": true},
{"event": "branch", "inst_addr": "0x55f25c56e245", "branch_taken": true},
{"event": "branch", "inst_addr": "0x55f25c56e28a", "branch_taken": false},
{"event": "branch", "inst_addr": "0x55f25c56e290", "branch_taken": false},
{"event": "branch", "inst_addr": "0x55f25c56e296", "branch_taken": false},
{"event": "branch", "inst_addr": "0x55f25c56e2be", "branch_taken": true},
{"event": "branch", "inst_addr": "0x55f25c56e2e8", "branch_taken": true},
{"event": "branch", "inst_addr": "0x55f25c56e303", "branch_taken": true},
{"event": "branch", "inst_addr": "0x55f25c56e0d3", "branch_taken": false},
{"event": "branch", "inst_addr": "0x55f25c56e0dd", "branch_taken": true},
{"event": "branch", "inst_addr": "0x55f25c56e125", "branch_taken": true},
{"event": "branch", "inst_addr": "0x55f25c56e16d", "branch_taken": true},
{"event": "branch", "inst_addr": "0x55f25c56e1b5", "branch_taken": true},
{"event": "branch", "inst_addr": "0x55f25c56e1fd", "branch_taken": true},
{"event": "branch", "inst_addr": "0x55f25c56e245", "branch_taken": true},
{"event": "branch", "inst_addr": "0x55f25c56e28a", "branch_taken": false},
{"event": "branch", "inst_addr": "0x55f25c56e290", "branch_taken": false},
{"event": "branch", "inst_addr": "0x55f25c56e296", "branch_taken": false},
{"event": "branch", "inst_addr": "0x55f25c56e2be", "branch_taken": true},
{"event": "branch", "inst_addr": "0x55f25c56e2e8", "branch_taken": true},
{"event": "branch", "inst_addr": "0x55f25c56e303", "branch_taken": true},
{"event": "branch", "inst_addr": "0x55f25c56e0d3", "branch_taken": false},
{"event": "branch", "inst_addr": "0x55f25c56e0dd", "branch_taken": true},
{"event": "branch", "inst_addr": "0x55f25c56e125", "branch_taken": true},
{"event": "branch", "inst_addr": "0x55f25c56e16d", "branch_taken": true},
{"event": "branch", "inst_addr": "0x55f25c56e1b5", "branch_taken": true},
{"event": "branch", "inst_addr": "0x55f25c56e1fd", "branch_taken": true},
{"event": "branch", "inst_addr": "0x55f25c56e245", "branch_taken": true},
{"event": "branch", "inst_addr": "0x55f25c56e28a", "branch_taken": false},
{"event": "branch", "inst_addr": "0x55f25c56e290", "branch_taken": false},
{"event": "branch", "inst_addr": "0x55f25c56e296", "branch_taken": false},
{"event": "branch", "inst_addr": "0x55f25c56e2be", "branch_taken": false},
{"event": "branch", "inst_addr": "0x55f25c56da24", "branch_taken": true},
{"event": "branch", "inst_addr": "0x55f25c56e2df", "branch_taken": true},
{"event": "branch", "inst_addr": "0x55f25c56e303", "branch_taken": true},
{"event": "branch", "inst_addr": "0x55f25c56e0d3", "branch_taken": false},
{"event": "branch", "inst_addr": "0x55f25c56e0dd", "branch_taken": false},
{"event": "branch", "inst_addr": "0x55f25c56d9c4", "branch_taken": true},
{"event": "branch", "inst_addr": "0x55f25c56d9c4", "branch_taken": true},
{"event": "branch", "inst_addr": "0x55f25c56da81", "branch_taken": true},
{"event": "branch", "inst_addr": "0x55f25c56da91", "branch_taken": true},
{"event": "branch", "inst_addr": "0x55f25c56da91", "branch_taken": true},
{"event": "branch", "inst_addr": "0x55f25c56da91", "branch_taken": true},
{"event": "branch", "inst_addr": "0x55f25c56da91", "branch_taken": true},
{"event": "branch", "inst_addr": "0x55f25c56da91", "branch_taken": true},
{"event": "branch", "inst_addr": "0x55f25c56da91", "branch_taken": true},
{"event": "branch", "inst_addr": "0x55f25c56da91", "branch_taken": false},
{"event": "branch", "inst_addr": "0x55f25c56da24", "branch_taken": true},
{"event": "branch", "inst_addr": "0x55f25c56e11c", "branch_taken": true},
{"event": "branch", "inst_addr": "0x55f25c56e303", "branch_taken": true},
{"event": "branch", "inst_addr": "0x55f25c56e0d3", "branch_taken": false},
{"event": "branch", "inst_addr": "0x55f25c56e0dd", "branch_taken": true},
{"event": "branch", "inst_addr": "0x55f25c56e125", "branch_taken": true},
{"event": "branch", "inst_addr": "0x55f25c56e16d", "branch_taken": true},
{"event": "branch", "inst_addr": "0x55f25c56e1b5", "branch_taken": true},
{"event": "branch", "inst_addr": "0x55f25c56e1fd", "branch_taken": true},
{"event": "branch", "inst_addr": "0x55f25c56e245", "branch_taken": true},
{"event": "branch", "inst_addr": "0x55f25c56e28a", "branch_taken": false},
{"event": "branch", "inst_addr": "0x55f25c56e290", "branch_taken": false},
{"event": "branch", "inst_addr": "0x55f25c56e296", "branch_taken": false},
{"event": "branch", "inst_addr": "0x55f25c56e2be", "branch_taken": true},
{"event": "branch", "inst_addr": "0x55f25c56e2e8", "branch_taken": true},
{"event": "branch", "inst_addr": "0x55f25c56e303", "branch_taken": true},
{"event": "branch", "inst_addr": "0x55f25c56e0d3", "branch_taken": false},
{"event": "branch", "inst_addr": "0x55f25c56e0dd", "branch_taken": true},
{"event": "branch", "inst_addr": "0x55f25c56e125", "branch_taken": true},
{"event": "branch", "inst_addr": "0x55f25c56e16d", "branch_taken": true},
{"event": "branch", "inst_addr": "0x55f25c56e1b5", "branch_taken": true},
{"event": "branch", "inst_addr": "0x55f25c56e1fd", "branch_taken": true},
{"event": "branch", "inst_addr": "0x55f25c56e245", "branch_taken": true},
{"event": "branch", "inst_addr": "0x55f25c56e28a", "branch_taken": false},
{"event": "branch", "inst_addr": "0x55f25c56e290", "branch_taken": false},
{"event": "branch", "inst_addr": "0x55f25c56e296", "branch_taken": false},
{"event": "branch", "inst_addr": "0x55f25c56e2be", "branch_taken": true},
{"event": "branch", "inst_addr": "0x55f25c56e2e8", "branch_taken": true},
{"event": "branch", "inst_addr": "0x55f25c56e303", "branch_taken": true},
{"event": "branch", "inst_addr": "0x55f25c56e0d3", "branch_taken": false},
{"event": "branch", "inst_addr": "0x55f25c56e0dd", "branch_taken": true},
{"event": "branch", "inst_addr": "0x55f25c56e125", "branch_taken": true},
{"event": "branch", "inst_addr": "0x55f25c56e16d", "branch_taken": true},
{"event": "branch", "inst_addr": "0x55f25c56e1b5", "branch_taken": true},
{"event": "branch", "inst_addr": "0x55f25c56e1fd", "branch_taken": true},
{"event": "branch", "inst_addr": "0x55f25c56e245", "branch_taken": true},
{"event": "branch", "inst_addr": "0x55f25c56e28a", "branch_taken": false},
{"event": "branch", "inst_addr": "0x55f25c56e290", "branch_taken": false},
{"event": "branch", "inst_addr": "0x55f25c56e296", "branch_taken": false},
{"event": "branch", "inst_addr": "0x55f25c56e2be", "branch_taken": true},
{"event": "branch", "inst_addr": "0x55f25c56e2e8", "branch_taken": true},
{"event": "branch", "inst_addr": "0x55f25c56e303", "branch_taken": true},
{"event": "branch", "inst_addr": "0x55f25c56e0d3", "branch_taken": false},
{"event": "branch", "inst_addr": "0x55f25c56e0dd", "branch_taken": true},
{"event": "branch", "inst_addr": "0x55f25c56e125", "branch_taken": true},
{"event": "branch", "inst_addr": "0x55f25c56e16d", "branch_taken": true},
{"event": "branch", "inst_addr": "0x55f25c56e1b5", "branch_taken": true},
{"event": "branch", "inst_addr": "0x55f25c56e1fd", "branch_taken": true},
{"event": "branch", "inst_addr": "0x55f25c56e245", "branch_taken": true},
{"event": "branch", "inst_addr": "0x55f25c56e28a", "branch_taken": false},
{"event": "branch", "inst_addr": "0x55f25c56e290", "branch_taken": false},
{"event": "branch", "inst_addr": "0x55f25c56e296", "branch_taken": false},
{"event": "branch", "inst_addr": "0x55f25c56e2be", "branch_taken": false},
{"event": "branch", "inst_addr": "0x55f25c56da24", "branch_taken": true},
{"event": "branch", "inst_addr": "0x55f25c56e2df", "branch_taken": true},
{"event": "branch", "inst_addr": "0x55f25c56e303", "branch_taken": true},
{"event": "branch", "inst_addr": "0x55f25c56e0d3", "branch_taken": false},
{"event": "branch", "inst_addr": "0x55f25c56e0dd", "branch_taken": true},
{"event": "branch", "inst_addr": "0x55f25c56e125", "branch_taken": true},
{"event": "branch", "inst_addr": "0x55f25c56e16d", "branch_taken": false},
{"event": "branch", "inst_addr": "0x55f25c56d9c4", "branch_taken": true},
{"event": "branch", "inst_addr": "0x55f25c56d9c4", "branch_taken": true},
{"event": "branch", "inst_addr": "0x55f25c56dbcf", "branch_taken": true},
{"event": "branch", "inst_addr": "0x55f25c56dbee", "branch_taken": true},
{"event": "branch", "inst_addr": "0x55f25c56dc4b", "branch_taken": true},
{"event": "branch", "inst_addr": "0x55f25c56dbf7", "branch_taken": true},
{"event": "branch", "inst_addr": "0x55f25c56dc41", "branch_taken": true},
{"event": "branch", "inst_addr": "0x55f25c56dc0d", "branch_taken": true},
{"event": "branch", "inst_addr": "0x55f25c56dc41", "branch_taken": true},
{"event": "branch", "inst_addr": "0x55f25c56dc0d", "branch_taken": false},
{"event": "branch", "inst_addr": "0x55f25c56dc41", "branch_taken": true},
{"event": "branch", "inst_addr": "0x55f25c56dc0d", "branch_taken": true},
{"event": "branch", "inst_addr": "0x55f25c56dc41", "branch_taken": true},
{"event": "branch", "inst_addr": "0x55f25c56dc0d", "branch_taken": true},
{"event": "branch", "inst_addr": "0x55f25c56dc41", "branch_taken": true},
{"event": "branch", "inst_addr": "0x55f25c56dc0d", "branch_taken": false},
{"event": "branch", "inst_addr": "0x55f25c56dc41", "branch_taken": true},
{"event": "branch", "inst_addr": "0x55f25c56dc0d", "branch_taken": true},
{"event": "branch", "inst_addr": "0x55f25c56dc41", "branch_taken": true},
{"event": "branch", "inst_addr": "0x55f25c56dc0d", "branch_taken": true},
{"event": "branch", "inst_addr": "0x55f25c56dc41", "branch_taken": true},
{"event": "branch", "inst_addr": "0x55f25c56dc0d", "branch_taken": true},
{"event": "branch", "inst_addr": "0x55f25c56dc41", "branch_taken": true},
{"event": "branch", "inst_addr": "0x55f25c56dc0d", "branch_taken": true},
{"event": "branch", "inst_addr": "0x55f25c56dc41", "branch_taken": true},
{"event": "branch", "inst_addr": "0x55f25c56dc0d", "branch_taken": false},
{"event": "branch", "inst_addr": "0x55f25c56dc41", "branch_taken": false},
{"event": "branch", "inst_addr": "0x55f25c56dc4b", "branch_taken": true},
{"event": "branch", "inst_addr": "0x55f25c56dbf7", "branch_taken": true},
{"event": "branch", "inst_addr": "0x55f25c56dc41", "branch_taken": true},
{"event": "branch", "inst_addr": "0x55f25c56dc0d", "branch_taken": false},
{"event": "branch", "inst_addr": "0x55f25c56dc41", "branch_taken": true},
{"event": "branch", "inst_addr": "0x55f25c56dc0d", "branch_taken": true},
{"event": "branch", "inst_addr": "0x55f25c56dc41", "branch_taken": true},
{"event": "branch", "inst_addr": "0x55f25c56dc0d", "branch_taken": true},
{"event": "branch", "inst_addr": "0x55f25c56dc41", "branch_taken": true},
{"event": "branch", "inst_addr": "0x55f25c56dc0d", "branch_taken": true},
{"event": "branch", "inst_addr": "0x55f25c56dc41", "branch_taken": true},
{"event": "branch", "inst_addr": "0x55f25c56dc0d", "branch_taken": true},
{"event": "branch", "inst_addr": "0x55f25c56dc41", "branch_taken": true},
{"event": "branch", "inst_addr": "0x55f25c56dc0d", "branch_taken": true},
{"event": "branch", "inst_addr": "0x55f25c56dc41", "branch_taken": true},
{"event": "branch", "inst_addr": "0x55f25c56dc0d", "branch_taken": true},
{"event": "branch", "inst_addr": "0x55f25c56dc41", "branch_taken": true},
{"event": "branch", "inst_addr": "0x55f25c56dc0d", "branch_taken": true},
{"event": "branch", "inst_addr": "0x55f25c56dc41", "branch_taken": true},
{"event": "branch", "inst_addr": "0x55f25c56dc0d", "branch_taken": true},
{"event": "branch", "inst_addr": "0x55f25c56dc41", "branch_taken": true},
{"event": "branch", "inst_addr": "0x55f25c56dc0d", "branch_taken": true},
{"event": "branch", "inst_addr": "0x55f25c56dc41", "branch_taken": false},
{"event": "branch", "inst_addr": "0x55f25c56dc4b", "branch_taken": true},
{"event": "branch", "inst_addr": "0x55f25c56dbf7", "branch_taken": true},
{"event": "branch", "inst_addr": "0x55f25c56dc41", "branch_taken": true},
{"event": "branch", "inst_addr": "0x55f25c56dc0d", "branch_taken": true},
{"event": "branch", "inst_addr": "0x55f25c56dc41", "branch_taken": true},
{"event": "branch", "inst_addr": "0x55f25c56dc0d", "branch_taken": false},
{"event": "branch", "inst_addr": "0x55f25c56dc41", "branch_taken": true},
{"event": "branch", "inst_addr": "0x55f25c56dc0d", "branch_taken": true},
{"event": "branch", "inst_addr": "0x55f25c56dc41", "branch_taken": true},
{"event": "branch", "inst_addr": "0x55f25c56dc0d", "branch_taken": true},
{"event": "branch", "inst_addr": "0x55f25c56dc41", "branch_taken": true},
{"event": "branch", "inst_addr": "0x55f25c56dc0d", "branch_taken": true},
{"event": "branch", "inst_addr": "0x55f25c56dc41", "branch_taken": true},
{"event": "branch", "inst_addr": "0x55f25c56dc0d", "branch_taken": true},
{"event": "branch", "inst_addr": "0x55f25c56dc41", "branch_taken": true},
{"event": "branch", "inst_addr": "0x55f25c56dc0d", "branch_taken": true},
{"event": "branch", "inst_addr": "0x55f25c56dc41", "branch_taken": true},
{"event": "branch", "inst_addr": "0x55f25c56dc0d", "branch_taken": true},
{"event": "branch", "inst_addr": "0x55f25c56dc41", "branch_taken": true},
{"event": "branch", "inst_addr": "0x55f25c56dc0d", "branch_taken": true},
{"event": "branch", "inst_addr": "0x55f25c56dc41", "branch_taken": true},
{"event": "branch", "inst_addr": "0x55f25c56dc0d", "branch_taken": true},
{"event": "branch", "inst_addr": "0x55f25c56dc41", "branch_taken": false},
{"event": "branch", "inst_addr": "0x55f25c56dc4b", "branch_taken": true},
{"event": "branch", "inst_addr": "0x55f25c56dbf7", "branch_taken": true},
{"event": "branch", "inst_addr": "0x55f25c56dc41", "branch_taken": true},
{"event": "branch", "inst_addr": "0x55f25c56dc0d", "branch_taken": true},
{"event": "branch", "inst_addr": "0x55f25c56dc41", "branch_taken": true},
{"event": "branch", "inst_addr": "0x55f25c56dc0d", "branch_taken": false},
{"event": "branch", "inst_addr": "0x55f25c56dc41", "branch_taken": true},
{"event": "branch", "inst_addr": "0x55f25c56dc0d", "branch_taken": false},
{"event": "branch", "inst_addr": "0x55f25c56dc41", "branch_taken": true},
{"event": "branch", "inst_addr": "0x55f25c56dc0d", "branch_taken": true},
{"event": "branch", "inst_addr": "0x55f25c56dc41", "branch_taken": true},
{"event": "branch", "inst_addr": "0x55f25c56dc0d", "branch_taken": true},
{"event": "branch", "inst_addr": "0x55f25c56dc41", "branch_taken": true},
{"event": "branch", "inst_addr": "0x55f25c56dc0d", "branch_taken": true},
{"event": "branch", "inst_addr": "0x55f25c56dc41", "branch_taken": true},
{"event": "branch", "inst_addr": "0x55f25c56dc0d", "branch_taken": true},
{"event": "branch", "inst_addr": "0x55f25c56dc41", "branch_taken": true},
{"event": "branch", "inst_addr": "0x55f25c56dc0d", "branch_taken": true},
{"event": "branch", "inst_addr": "0x55f25c56dc41", "branch_taken": true},
{"event": "branch", "inst_addr": "0x55f25c56dc0d", "branch_taken": true},
{"event": "branch", "inst_addr": "0x55f25c56dc41", "branch_taken": true},
{"event": "branch", "inst_addr": "0x55f25c56dc0d", "branch_taken": true},
{"event": "branch", "inst_addr": "0x55f25c56dc41", "branch_taken": false},
{"event": "branch", "inst_addr": "0x55f25c56dc4b", "branch_taken": true},
{"event": "branch", "inst_addr": "0x55f25c56dbf7", "branch_taken": true},
{"event": "branch", "inst_addr": "0x55f25c56dc41", "branch_taken": true},
{"event": "branch", "inst_addr": "0x55f25c56dc0d", "branch_taken": true},
{"event": "branch", "inst_addr": "0x55f25c56dc41", "branch_taken": true},
{"event": "branch", "inst_addr": "0x55f25c56dc0d", "branch_taken": true},
{"event": "branch", "inst_addr": "0x55f25c56dc41", "branch_taken": true},
{"event": "branch", "inst_addr": "0x55f25c56dc0d", "branch_taken": true},
{"event": "branch", "inst_addr": "0x55f25c56dc41", "branch_taken": true},
{"event": "branch", "inst_addr": "0x55f25c56dc0d", "branch_taken": false},
{"event": "branch", "inst_addr": "0x55f25c56dc41", "branch_taken": true},
{"event": "branch", "inst_addr": "0x55f25c56dc0d", "branch_taken": true},
{"event": "branch", "inst_addr": "0x55f25c56dc41", "branch_taken": true},
{"event": "branch", "inst_addr": "0x55f25c56dc0d", "branch_taken": true},
{"event": "branch", "inst_addr": "0x55f25c56dc41", "branch_taken": true},
{"event": "branch", "inst_addr": "0x55f25c56dc0d", "branch_taken": true},
{"event": "branch", "inst_addr": "0x55f25c56dc41", "branch_taken": true},
{"event": "branch", "inst_addr": "0x55f25c56dc0d", "branch_taken": true},
{"event": "branch", "inst_addr": "0x55f25c56dc41", "branch_taken": true},
{"event": "branch", "inst_addr": "0x55f25c56dc0d", "branch_taken": true},
{"event": "branch", "inst_addr": "0x55f25c56dc41", "branch_taken": true},
{"event": "branch", "inst_addr": "0x55f25c56dc0d", "branch_taken": true},
{"event": "branch", "inst_addr": "0x55f25c56dc41", "branch_taken": false},
{"event": "branch", "inst_addr": "0x55f25c56dc4b", "branch_taken": true},
{"event": "branch", "inst_addr": "0x55f25c56dbf7", "branch_taken": true},
{"event": "branch", "inst_addr": "0x55f25c56dc41", "branch_taken": true},
{"event": "branch", "inst_addr": "0x55f25c56dc0d", "branch_taken": true},
{"event": "branch", "inst_addr": "0x55f25c56dc41", "branch_taken": true},
{"event": "branch", "inst_addr": "0x55f25c56dc0d", "branch_taken": false},
{"event": "branch", "inst_addr": "0x55f25c56dc41", "branch_taken": true},
{"event": "branch", "inst_addr": "0x55f25c56dc0d", "branch_taken": false},
{"event": "branch", "inst_addr": "0x55f25c56dc41", "branch_taken": true},
{"event": "branch", "inst_addr": "0x55f25c56dc0d", "branch_taken": false},
{"event": "branch", "inst_addr": "0x55f25c56dc41", "branch_taken": true},
{"event": "branch", "inst_addr": "0x55f25c56dc0d", "branch_taken": false},
{"event": "branch", "inst_addr": "0x55f25c56dc41", "branch_taken": true},
{"event": "branch", "inst_addr": "0x55f25c56dc0d", "branch_taken": true},
{"event": "branch", "inst_addr": "0x55f25c56dc41", "branch_taken": true},
{"event": "branch", "inst_addr": "0x55f25c56dc0d", "branch_taken": true},
{"event": "branch", "inst_addr": "0x55f25c56dc41", "branch_taken": true},
{"event": "branch", "inst_addr": "0x55f25c56dc0d", "branch_taken": true},
{"event": "branch", "inst_addr": "0x55f25c56dc41", "branch_taken": true},
{"event": "branch", "inst_addr": "0x55f25c56dc0d", "branch_taken": true},
{"event": "branch", "inst_addr": "0x55f25c56dc41", "branch_taken": true},
{"event": "branch", "inst_addr": "0x55f25c56dc0d", "branch_taken": true},
{"event": "branch", "inst_addr": "0x55f25c56dc41", "branch_taken": false},
{"event": "branch", "inst_addr": "0x55f25c56dc4b", "branch_taken": true},
{"event": "branch", "inst_addr": "0x55f25c56dbf7", "branch_taken": true},
{"event": "branch", "inst_addr": "0x55f25c56dc41", "branch_taken": true},
{"event": "branch", "inst_addr": "0x55f25c56dc0d", "branch_taken": true},
{"event": "branch", "inst_addr": "0x55f25c56dc41", "branch_taken": true},
{"event": "branch", "inst_addr": "0x55f25c56dc0d", "branch_taken": true},
{"event": "branch", "inst_addr": "0x55f25c56dc41", "branch_taken": true},
{"event": "branch", "inst_addr": "0x55f25c56dc0d", "branch_taken": false},
{"event": "branch", "inst_addr": "0x55f25c56dc41", "branch_taken": true},
{"event": "branch", "inst_addr": "0x55f25c56dc0d", "branch_taken": false},
{"event": "branch", "inst_addr": "0x55f25c56dc41", "branch_taken": true},
{"event": "branch", "inst_addr": "0x55f25c56dc0d", "branch_taken": false},
{"event": "branch", "inst_addr": "0x55f25c56dc41", "branch_taken": true},
{"event": "branch", "inst_addr": "0x55f25c56dc0d", "branch_taken": false},
{"event": "branch", "inst_addr": "0x55f25c56dc41", "branch_taken": true},
{"event": "branch", "inst_addr": "0x55f25c56dc0d", "branch_taken": true},
{"event": "branch", "inst_addr": "0x55f25c56dc41", "branch_taken": true},
{"event": "branch", "inst_addr": "0x55f25c56dc0d", "branch_taken": true},
{"event": "branch", "inst_addr": "0x55f25c56dc41", "branch_taken": true},
{"event": "branch", "inst_addr": "0x55f25c56dc0d", "branch_taken": true},
{"event": "branch", "inst_addr": "0x55f25c56dc41", "branch_taken": true},
{"event": "branch", "inst_addr": "0x55f25c56dc0d", "branch_taken": true},
{"event": "branch", "inst_addr": "0x55f25c56dc41", "branch_taken": false},
{"event": "branch", "inst_addr": "0x55f25c56dc4b", "branch_taken": true},
{"event": "branch", "inst_addr": "0x55f25c56dbf7", "branch_taken": true},
{"event": "branch", "inst_addr": "0x55f25c56dc41", "branch_taken": true},
{"event": "branch", "inst_addr": "0x55f25c56dc0d", "branch_taken": false},
{"event": "branch", "inst_addr": "0x55f25c56dc41", "branch_taken": true},
{"event": "branch", "inst_addr": "0x55f25c56dc0d", "branch_taken": false},
{"event": "branch", "inst_addr": "0x55f25c56dc41", "branch_taken": true},
{"event": "branch", "inst_addr": "0x55f25c56dc0d", "branch_taken": false},
{"event": "branch", "inst_addr": "0x55f25c56dc41", "branch_taken": true},
{"event": "branch", "inst_addr": "0x55f25c56dc0d", "branch_taken": false},
{"event": "branch", "inst_addr": "0x55f25c56dc41", "branch_taken": true},
{"event": "branch", "inst_addr": "0x55f25c56dc0d", "branch_taken": false},
{"event": "branch", "inst_addr": "0x55f25c56dc41", "branch_taken": true},
{"event": "branch", "inst_addr": "0x55f25c56dc0d", "branch_taken": false},
{"event": "branch", "inst_addr": "0x55f25c56dc41", "branch_taken": true},
{"event": "branch", "inst_addr": "0x55f25c56dc0d", "branch_taken": false},
{"event": "branch", "inst_addr": "0x55f25c56dc41", "branch_taken": true},
{"event": "branch", "inst_addr": "0x55f25c56dc0d", "branch_taken": true},
{"event": "branch", "inst_addr": "0x55f25c56dc41", "branch_taken": true},
{"event": "branch", "inst_addr": "0x55f25c56dc0d", "branch_taken": true},
{"event": "branch", "inst_addr": "0x55f25c56dc41", "branch_taken": true},
{"event": "branch", "inst_addr": "0x55f25c56dc0d", "branch_taken": true},
{"event": "branch", "inst_addr": "0x55f25c56dc41", "branch_taken": false},
{"event": "branch", "inst_addr": "0x55f25c56dc4b", "branch_taken": true},
{"event": "branch", "inst_addr": "0x55f25c56dbf7", "branch_taken": true},
{"event": "branch", "inst_addr": "0x55f25c56dc41", "branch_taken": true},
{"event": "branch", "inst_addr": "0x55f25c56dc0d", "branch_taken": true},
{"event": "branch", "inst_addr": "0x55f25c56dc41", "branch_taken": true},
{"event": "branch", "inst_addr": "0x55f25c56dc0d", "branch_taken": true},
{"event": "branch", "inst_addr": "0x55f25c56dc41", "branch_taken": true},
{"event": "branch", "inst_addr": "0x55f25c56dc0d", "branch_taken": false},
{"event": "branch", "inst_addr": "0x55f25c56dc41", "branch_taken": true},
{"event": "branch", "inst_addr": "0x55f25c56dc0d", "branch_taken": false},
{"event": "branch", "inst_addr": "0x55f25c56dc41", "branch_taken": true},
{"event": "branch", "inst_addr": "0x55f25c56dc0d", "branch_taken": false},
{"event": "branch", "inst_addr": "0x55f25c56dc41", "branch_taken": true},
{"event": "branch", "inst_addr": "0x55f25c56dc0d", "branch_taken": false},
{"event": "branch", "inst_addr": "0x55f25c56dc41", "branch_taken": true},
{"event": "branch", "inst_addr": "0x55f25c56dc0d", "branch_taken": false},
{"event": "branch", "inst_addr": "0x55f25c56dc41", "branch_taken": true},
{"event": "branch", "inst_addr": "0x55f25c56dc0d", "branch_taken": false},
{"event": "branch", "inst_addr": "0x55f25c56dc41", "branch_taken": true},
{"event": "branch", "inst_addr": "0x55f25c56dc0d", "branch_taken": true},
{"event": "branch", "inst_addr": "0x55f25c56dc41", "branch_taken": true},
{"event": "branch", "inst_addr": "0x55f25c56dc0d", "branch_taken": true},
{"event": "branch", "inst_addr": "0x55f25c56dc41", "branch_taken": false},
{"event": "branch", "inst_addr": "0x55f25c56dc4b", "branch_taken": true},
{"event": "branch", "inst_addr": "0x55f25c56dbf7", "branch_taken": true},
{"event": "branch", "inst_addr": "0x55f25c56dc41", "branch_taken": true},
{"event": "branch", "inst_addr": "0x55f25c56dc0d", "branch_taken": true},
{"event": "branch", "inst_addr": "0x55f25c56dc41", "branch_taken": true},
{"event": "branch", "inst_addr": "0x55f25c56dc0d", "branch_taken": true},
{"event": "branch", "inst_addr": "0x55f25c56dc41", "branch_taken": true},
{"event": "branch", "inst_addr": "0x55f25c56dc0d", "branch_taken": true},
{"event": "branch", "inst_addr": "0x55f25c56dc41", "branch_taken": true},
{"event": "branch", "inst_addr": "0x55f25c56dc0d", "branch_taken": true},
{"event": "branch", "inst_addr": "0x55f25c56dc41", "branch_taken": true},
{"event": "branch", "inst_addr": "0x55f25c56dc0d", "branch_taken": true},
{"event": "branch", "inst_addr": "0x55f25c56dc41", "branch_taken": true},
{"event": "branch", "inst_addr": "0x55f25c56dc0d", "branch_taken": true},
{"event": "branch", "inst_addr": "0x55f25c56dc41", "branch_taken": true},
{"event": "branch", "inst_addr": "0x55f25c56dc0d", "branch_taken": true},
{"event": "branch", "inst_addr": "0x55f25c56dc41", "branch_taken": true},
{"event": "branch", "inst_addr": "0x55f25c56dc0d", "branch_taken": true},
{"event": "branch", "inst_addr": "0x55f25c56dc41", "branch_taken": true},
{"event": "branch", "inst_addr": "0x55f25c56dc0d", "branch_taken": false},
{"event": "branch", "inst_addr": "0x55f25c56dc41", "branch_taken": true},
{"event": "branch", "inst_addr": "0x55f25c56dc0d", "branch_taken": true},
{"event": "branch", "inst_addr": "0x55f25c56dc41", "branch_taken": false},
{"event": "branch", "inst_addr": "0x55f25c56dc4b", "branch_taken": false},
{"event": "branch", "inst_addr": "0x55f25c56dc63", "branch_taken": true},
{"event": "branch", "inst_addr": "0x55f25c56da24", "branch_taken": true},
{"event": "branch", "inst_addr": "0x55f25c56e1ac", "branch_taken": true},
{"event": "branch", "inst_addr": "0x55f25c56e303", "branch_taken": true},
{"event": "branch", "inst_addr": "0x55f25c56e0d3", "branch_taken": false},
{"event": "branch", "inst_addr": "0x55f25c56e0dd", "branch_taken": true},
{"event": "branch", "inst_addr": "0x55f25c56e125", "branch_taken": true},
{"event": "branch", "inst_addr": "0x55f25c56e16d", "branch_taken": true},
{"event": "branch", "inst_addr": "0x55f25c56e1b5", "branch_taken": true},
{"event": "branch", "inst_addr": "0x55f25c56e1fd", "branch_taken": true},
{"event": "branch", "inst_addr": "0x55f25c56e245", "branch_taken": true},
{"event": "branch", "inst_addr": "0x55f25c56e28a", "branch_taken": false},
{"event": "branch", "inst_addr": "0x55f25c56e290", "branch_taken": false},
{"event": "branch", "inst_addr": "0x55f25c56e296", "branch_taken": false},
{"event": "branch", "inst_addr": "0x55f25c56e2be", "branch_taken": true},
{"event": "branch", "inst_addr": "0x55f25c56e2e8", "branch_taken": true},
{"event": "branch", "inst_addr": "0x55f25c56e303", "branch_taken": true},
{"event": "branch", "inst_addr": "0x55f25c56e0d3", "branch_taken": false},
{"event": "branch", "inst_addr": "0x55f25c56e0dd", "branch_taken": true},
{"event": "branch", "inst_addr": "0x55f25c56e125", "branch_taken": true},
{"event": "branch", "inst_addr": "0x55f25c56e16d", "branch_taken": true},
{"event": "branch", "inst_addr": "0x55f25c56e1b5", "branch_taken": true},
{"event": "branch", "inst_addr": "0x55f25c56e1fd", "branch_taken": true},
{"event": "branch", "inst_addr": "0x55f25c56e245", "branch_taken": true},
{"event": "branch", "inst_addr": "0x55f25c56e28a", "branch_taken": false},
{"event": "branch", "inst_addr": "0x55f25c56e290", "branch_taken": false},
{"event": "branch", "inst_addr": "0x55f25c56e296", "branch_taken": false},
{"event": "branch", "inst_addr": "0x55f25c56e2be", "branch_taken": true},
{"event": "branch", "inst_addr": "0x55f25c56e2e8", "branch_taken": true},
{"event": "branch", "inst_addr": "0x55f25c56e303", "branch_taken": true},
{"event": "branch", "inst_addr": "0x55f25c56e0d3", "branch_taken": false},
{"event": "branch", "inst_addr": "0x55f25c56e0dd", "branch_taken": true},
{"event": "branch", "inst_addr": "0x55f25c56e125", "branch_taken": true},
{"event": "branch", "inst_addr": "0x55f25c56e16d", "branch_taken": true},
{"event": "branch", "inst_addr": "0x55f25c56e1b5", "branch_taken": true},
{"event": "branch", "inst_addr": "0x55f25c56e1fd", "branch_taken": true},
{"event": "branch", "inst_addr": "0x55f25c56e245", "branch_taken": true},
{"event": "branch", "inst_addr": "0x55f25c56e28a", "branch_taken": false},
{"event": "branch", "inst_addr": "0x55f25c56e290", "branch_taken": false},
{"event": "branch", "inst_addr": "0x55f25c56e296", "branch_taken": false},
{"event": "branch", "inst_addr": "0x55f25c56e2be", "branch_taken": true},
{"event": "branch", "inst_addr": "0x55f25c56e2e8", "branch_taken": true},
{"event": "branch", "inst_addr": "0x55f25c56e303", "branch_taken": true},
{"event": "branch", "inst_addr": "0x55f25c56e0d3", "branch_taken": false},
{"event": "branch", "inst_addr": "0x55f25c56e0dd", "branch_taken": true},
{"event": "branch", "inst_addr": "0x55f25c56e125", "branch_taken": true},
{"event": "branch", "inst_addr": "0x55f25c56e16d", "branch_taken": true},
{"event": "branch", "inst_addr": "0x55f25c56e1b5", "branch_taken": true},
{"event": "branch", "inst_addr": "0x55f25c56e1fd", "branch_taken": true},
{"event": "branch", "inst_addr": "0x55f25c56e245", "branch_taken": true},
{"event": "branch", "inst_addr": "0x55f25c56e28a", "branch_taken": false},
{"event": "branch", "inst_addr": "0x55f25c56e290", "branch_taken": false},
{"event": "branch", "inst_addr": "0x55f25c56e296", "branch_taken": false},
{"event": "branch", "inst_addr": "0x55f25c56e2be", "branch_taken": false},
{"event": "branch", "inst_addr": "0x55f25c56da24", "branch_taken": true},
{"event": "branch", "inst_addr": "0x55f25c56e2df", "branch_taken": true},
{"event": "branch", "inst_addr": "0x55f25c56e303", "branch_taken": true},
{"event": "branch", "inst_addr": "0x55f25c56e0d3", "branch_taken": false},
{"event": "branch", "inst_addr": "0x55f25c56e0dd", "branch_taken": false},
{"event": "branch", "inst_addr": "0x55f25c56d9c4", "branch_taken": true},
{"event": "branch", "inst_addr": "0x55f25c56d9c4", "branch_taken": true},
{"event": "branch", "inst_addr": "0x55f25c56da81", "branch_taken": true},
{"event": "branch", "inst_addr": "0x55f25c56da91", "branch_taken": false},
{"event": "branch", "inst_addr": "0x55f25c56da24", "branch_taken": true},
{"event": "branch", "inst_addr": "0x55f25c56e11c", "branch_taken": true},
{"event": "branch", "inst_addr": "0x55f25c56e303", "branch_taken": false},
{"event": "branch", "inst_addr": "0x55f25c56d9c4", "branch_taken": true},
{"event": "branch", "inst_addr": "0x55f25c56d6e0", "branch_taken": true},
{"event": "branch", "inst_addr": "0x55f25c56d817", "branch_taken": false},
{"event": "branch", "inst_addr": "0x55f25c56d825", "branch_taken": false},
{"event": "branch", "inst_addr": "0x55f25c56d740", "branch_taken": true},
{"event": "branch", "inst_addr": "0x55f25c56d795", "branch_taken": true},
{"event": "exit", "exit_code": 0}
]
