[
{"event": "image_load", "image_name": "***/box3", "image_id": 1, "base_addr": "0x55f9d2bfd000", "image_size": "0x1727"},
{"event": "image_load", "image_name": "/lib64/ld-linux-x86-64.so.2", "image_id": 2, "base_addr": "0x7faa68a37000", "image_size": "0x26c23"},
{"event": "image_load", "image_name": "[vdso]", "image_id": 3, "base_addr": "0x7ffe0e3e3000", "image_size": "0x95a"},
{"event": "image_load", "image_name": "/lib/x86_64-linux-gnu/libc.so.6", "image_id": 4, "base_addr": "0x7faa5424f000", "image_size": "0x3f0adf"},
{"event": "branch", "inst_addr": "0x55f9d2bfd6a6", "branch_taken": true},
{"event": "branch", "inst_addr": "0x55f9d2bfe204", "branch_taken": false},
{"event": "branch", "inst_addr": "0x55f9d2bfd855", "branch_taken": true},
{"event": "branch", "inst_addr": "0x55f9d2bfd7e6", "branch_taken": true},
{"event": "branch", "inst_addr": "0x55f9d2bfe224", "branch_taken": false},
{"event": "branch", "inst_addr": "0x55f9d2bfd710", "branch_taken": true},
{"event": "branch", "inst_addr": "0x55f9d2bfd6f0", "branch_taken": true},
{"event": "branch", "inst_addr": "0x55f9d2bfe16e", "branch_taken": true},
{"event": "branch", "inst_addr": "0x55f9d2bfd720", "branch_taken": true},
{"event": "branch", "inst_addr": "0x55f9d2bfd700", "branch_taken": true},
{"event": "branch", "inst_addr": "0x55f9d2bfdec8", "branch_taken": true},
{"event": "branch", "inst_addr": "0x55f9d2bfe10b", "branch_taken": true},
{"event": "branch", "inst_addr": "0x55f9d2bfdedb", "branch_taken": false},
{"event": "branch", "inst_addr": "0x55f9d2bfdee5", "branch_taken": true},
{"event": "branch", "inst_addr": "0x55f9d2bfdf2d", "branch_taken": true},
{"event": "branch", "inst_addr": "0x55f9d2bfdf75", "branch_taken": true},
{"event": "branch", "inst_addr": "0x55f9d2bfdfbd", "branch_taken": true},
{"event": "branch", "inst_addr": "0x55f9d2bfe005", "branch_taken": true},
{"event": "branch", "inst_addr": "0x55f9d2bfe04d", "branch_taken": true},
{"event": "branch", "inst_addr": "0x55f9d2bfe092", "branch_taken": false},
{"event": "branch", "inst_addr": "0x55f9d2bfe098", "branch_taken": false},
{"event": "branch", "inst_addr": "0x55f9d2bfe09e", "branch_taken": false},
{"event": "branch", "inst_addr": "0x55f9d2bfe0c6", "branch_taken": true},
{"event": "branch", "inst_addr": "0x55f9d2bfe0f0", "branch_taken": true},
{"event": "branch", "inst_addr": "0x55f9d2bfe10b", "branch_taken": true},
{"event": "branch", "inst_addr": "0x55f9d2bfdedb", "branch_taken": false},
{"event": "branch", "inst_addr": "0x55f9d2bfdee5", "branch_taken": true},
{"event": "branch", "inst_addr": "0x55f9d2bfdf2d", "branch_taken": true},
{"event": "branch", "inst_addr": "0x55f9d2bfdf75", "branch_taken": true},
{"event": "branch", "inst_addr": "0x55f9d2bfdfbd", "branch_taken": true},
{"event": "branch", "inst_addr": "0x55f9d2bfe005", "branch_taken": true},
{"event": "branch", "inst_addr": "0x55f9d2bfe04d", "branch_taken": true},
{"event": "branch", "inst_addr": "0x55f9d2bfe092", "branch_taken": false},
{"event": "branch", "inst_addr": "0x55f9d2bfe098", "branch_taken": false},
{"event": "branch", "inst_addr": "0x55f9d2bfe09e", "branch_taken": false},
{"event": "branch", "inst_addr": "0x55f9d2bfe0c6", "branch_taken": true},
{"event": "branch", "inst_addr": "0x55f9d2bfe0f0", "branch_taken": true},
{"event": "branch", "inst_addr": "0x55f9d2bfe10b", "branch_taken": true},
{"event": "branch", "inst_addr": "0x55f9d2bfdedb", "branch_taken": false},
{"event": "branch", "inst_addr": "0x55f9d2bfdee5", "branch_taken": true},
{"event": "branch", "inst_addr": "0x55f9d2bfdf2d", "branch_taken": true},
{"event": "branch", "inst_addr": "0x55f9d2bfdf75", "branch_taken": true},
{"event": "branch", "inst_addr": "0x55f9d2bfdfbd", "branch_taken": true},
{"event": "branch", "inst_addr": "0x55f9d2bfe005", "branch_taken": true},
{"event": "branch", "inst_addr": "0x55f9d2bfe04d", "branch_taken": true},
{"event": "branch", "inst_addr": "0x55f9d2bfe092", "branch_taken": false},
{"event": "branch", "inst_addr": "0x55f9d2bfe098", "branch_taken": false},
{"event": "branch", "inst_addr": "0x55f9d2bfe09e", "branch_taken": false},
{"event": "branch", "inst_addr": "0x55f9d2bfe0c6", "branch_taken": true},
{"event": "branch", "inst_addr": "0x55f9d2bfe0f0", "branch_taken": true},
{"event": "branch", "inst_addr": "0x55f9d2bfe10b", "branch_taken": true},
{"event": "branch", "inst_addr": "0x55f9d2bfdedb", "branch_taken": false},
{"event": "branch", "inst_addr": "0x55f9d2bfdee5", "branch_taken": true},
{"event": "branch", "inst_addr": "0x55f9d2bfdf2d", "branch_taken": true},
{"event": "branch", "inst_addr": "0x55f9d2bfdf75", "branch_taken": true},
{"event": "branch", "inst_addr": "0x55f9d2bfdfbd", "branch_taken": true},
{"event": "branch", "inst_addr": "0x55f9d2bfe005", "branch_taken": true},
{"event": "branch", "inst_addr": "0x55f9d2bfe04d", "branch_taken": true},
{"event": "branch", "inst_addr": "0x55f9d2bfe092", "branch_taken": false},
{"event": "branch", "inst_addr": "0x55f9d2bfe098", "branch_taken": false},
{"event": "branch", "inst_addr": "0x55f9d2bfe09e", "branch_taken": false},
{"event": "branch", "inst_addr": "0x55f9d2bfe0c6", "branch_taken": false},
{"event": "branch", "inst_addr": "0x55f9d2bfda24", "branch_taken": true},
{"event": "branch", "inst_addr": "0x55f9d2bfe0e7", "branch_taken": true},
{"event": "branch", "inst_addr": "0x55f9d2bfe10b", "branch_taken": true},
{"event": "branch", "inst_addr": "0x55f9d2bfdedb", "branch_taken": false},
{"event": "branch", "inst_addr": "0x55f9d2bfdee5", "branch_taken": true},
{"event": "branch", "inst_addr": "0x55f9d2bfdf2d", "branch_taken": true},
{"event": "branch", "inst_addr": "0x55f9d2bfdf75", "branch_taken": true},
{"event": "branch", "inst_addr": "0x55f9d2bfdfbd", "branch_taken": true},
{"event": "branch", "inst_addr": "0x55f9d2bfe005", "branch_taken": true},
{"event": "branch", "inst_addr": "0x55f9d2bfe04d", "branch_taken": true},
{"event": "branch", "inst_addr": "0x55f9d2bfe092", "branch_taken": false},
{"event": "branch", "inst_addr": "0x55f9d2bfe098", "branch_taken": false},
{"event": "branch", "inst_addr": "0x55f9d2bfe09e", "branch_taken": false},
{"event": "branch", "inst_addr": "0x55f9d2bfe0c6", "branch_taken": true},
{"event": "branch", "inst_addr": "0x55f9d2bfe0f0", "branch_taken": true},
{"event": "branch", "inst_addr": "0x55f9d2bfe10b", "branch_taken": true},
{"event": "branch", "inst_addr": "0x55f9d2bfdedb", "branch_taken": false},
{"event": "branch", "inst_addr": "0x55f9d2bfdee5", "branch_taken": true},
{"event": "branch", "inst_addr": "0x55f9d2bfdf2d", "branch_taken": true},
{"event": "branch", "inst_addr": "0x55f9d2bfdf75", "branch_taken": true},
{"event": "branch", "inst_addr": "0x55f9d2bfdfbd", "branch_taken": true},
{"event": "branch", "inst_addr": "0x55f9d2bfe005", "branch_taken": true},
{"event": "branch", "inst_addr": "0x55f9d2bfe04d", "branch_taken": true},
{"event": "branch", "inst_addr": "0x55f9d2bfe092", "branch_taken": false},
{"event": "branch", "inst_addr": "0x55f9d2bfe098", "branch_taken": false},
{"event": "branch", "inst_addr": "0x55f9d2bfe09e", "branch_taken": false},
{"event": "branch", "inst_addr": "0x55f9d2bfe0c6", "branch_taken": true},
{"event": "branch", "inst_addr": "0x55f9d2bfe0f0", "branch_taken": true},
{"event": "branch", "inst_addr": "0x55f9d2bfe10b", "branch_taken": true},
{"event": "branch", "inst_addr": "0x55f9d2bfdedb", "branch_taken": false},
{"event": "branch", "inst_addr": "0x55f9d2bfdee5", "branch_taken": true},
{"event": "branch", "inst_addr": "0x55f9d2bfdf2d", "branch_taken": true},
{"event": "branch", "inst_addr": "0x55f9d2bfdf75", "branch_taken": true},
{"event": "branch", "inst_addr": "0x55f9d2bfdfbd", "branch_taken": true},
{"event": "branch", "inst_addr": "0x55f9d2bfe005", "branch_taken": true},
{"event": "branch", "inst_addr": "0x55f9d2bfe04d", "branch_taken": true},
{"event": "branch", "inst_addr": "0x55f9d2bfe092", "branch_taken": false},
{"event": "branch", "inst_addr": "0x55f9d2bfe098", "branch_taken": false},
{"event": "branch", "inst_addr": "0x55f9d2bfe09e", "branch_taken": false},
{"event": "branch", "inst_addr": "0x55f9d2bfe0c6", "branch_taken": true},
{"event": "branch", "inst_addr": "0x55f9d2bfe0f0", "branch_taken": true},
{"event": "branch", "inst_addr": "0x55f9d2bfe10b", "branch_taken": true},
{"event": "branch", "inst_addr": "0x55f9d2bfdedb", "branch_taken": false},
{"event": "branch", "inst_addr": "0x55f9d2bfdee5", "branch_taken": true},
{"event": "branch", "inst_addr": "0x55f9d2bfdf2d", "branch_taken": true},
{"event": "branch", "inst_addr": "0x55f9d2bfdf75", "branch_taken": true},
{"event": "branch", "inst_addr": "0x55f9d2bfdfbd", "branch_taken": true},
{"event": "branch", "inst_addr": "0x55f9d2bfe005", "branch_taken": true},
{"event": "branch", "inst_addr": "0x55f9d2bfe04d", "branch_taken": true},
{"event": "branch", "inst_addr": "0x55f9d2bfe092", "branch_taken": false},
{"event": "branch", "inst_addr": "0x55f9d2bfe098", "branch_taken": false},
{"event": "branch", "inst_addr": "0x55f9d2bfe09e", "branch_taken": false},
{"event": "branch", "inst_addr": "0x55f9d2bfe0c6", "branch_taken": false},
{"event": "branch", "inst_addr": "0x55f9d2bfda24", "branch_taken": true},
{"event": "branch", "inst_addr": "0x55f9d2bfe0e7", "branch_taken": true},
{"event": "branch", "inst_addr": "0x55f9d2bfe10b", "branch_taken": true},
{"event": "branch", "inst_addr": "0x55f9d2bfdedb", "branch_taken": false},
{"event": "branch", "inst_addr": "0x55f9d2bfdee5", "branch_taken": false},
{"event": "branch", "inst_addr": "0x55f9d2bfd9c4", "branch_taken": true},
{"event": "branch", "inst_addr": "0x55f9d2bfd9c4", "branch_taken": true},
{"event": "branch", "inst_addr": "0x55f9d2bfda81", "branch_taken": true},
{"event": "branch", "inst_addr": "0x55f9d2bfda91", "branch_taken": true},
{"event": "branch", "inst_addr": "0x55f9d2bfda91", "branch_taken": true},
{"event": "branch", "inst_addr": "0x55f9d2bfda91", "branch_taken": true},
{"event": "branch", "inst_addr": "0x55f9d2bfda91", "branch_taken": false},
{"event": "branch", "inst_addr": "0x55f9d2bfda24", "branch_taken": true},
{"event": "branch", "inst_addr": "0x55f9d2bfdf24", "branch_taken": true},
{"event": "branch", "inst_addr": "0x55f9d2bfe10b", "branch_taken": true},
{"event": "branch", "inst_addr": "0x55f9d2bfdedb", "branch_taken": false},
{"event": "branch", "inst_addr": "0x55f9d2bfdee5", "branch_taken": true},
{"event": "branch", "inst_addr": "0x55f9d2bfdf2d", "branch_taken": true},
{"event": "branch", "inst_addr": "0x55f9d2bfdf75", "branch_taken": true},
{"event": "branch", "inst_addr": "0x55f9d2bfdfbd", "branch_taken": true},
{"event": "branch", "inst_addr": "0x55f9d2bfe005", "branch_taken": true},
{"event": "branch", "inst_addr": "0x55f9d2bfe04d", "branch_taken": true},
{"event": "branch", "inst_addr": "0x55f9d2bfe092", "branch_taken": false},
{"event": "branch", "inst_addr": "0x55f9d2bfe098", "branch_taken": false},
{"event": "branch", "inst_addr": "0x55f9d2bfe09e", "branch_taken": false},
{"event": "branch", "inst_addr": "0x55f9d2bfe0c6", "branch_taken": true},
{"event": "branch", "inst_addr": "0x55f9d2bfe0f0", "branch_taken": true},
{"event": "branch", "inst_addr": "0x55f9d2bfe10b", "branch_taken": true},
{"event": "branch", "inst_addr": "0x55f9d2bfdedb", "branch_taken": false},
{"event": "branch", "inst_addr": "0x55f9d2bfdee5", "branch_taken": true},
{"event": "branch", "inst_addr": "0x55f9d2bfdf2d", "branch_taken": true},
{"event": "branch", "inst_addr": "0x55f9d2bfdf75", "branch_taken": true},
{"event": "branch", "inst_addr": "0x55f9d2bfdfbd", "branch_taken": true},
{"event": "branch", "inst_addr": "0x55f9d2bfe005", "branch_taken": true},
{"event": "branch", "inst_addr": "0x55f9d2bfe04d", "branch_taken": true},
{"event": "branch", "inst_addr": "0x55f9d2bfe092", "branch_taken": false},
{"event": "branch", "inst_addr": "0x55f9d2bfe098", "branch_taken": false},
{"event": "branch", "inst_addr": "0x55f9d2bfe09e", "branch_taken": false},
{"event": "branch", "inst_addr": "0x55f9d2bfe0c6", "branch_taken": true},
{"event": "branch", "inst_addr": "0x55f9d2bfe0f0", "branch_taken": true},
{"event": "branch", "inst_addr": "0x55f9d2bfe10b", "branch_taken": true},
{"event": "branch", "inst_addr": "0x55f9d2bfdedb", "branch_taken": false},
{"event": "branch", "inst_addr": "0x55f9d2bfdee5", "branch_taken": true},
{"event": "branch", "inst_addr": "0x55f9d2bfdf2d", "branch_taken": true},
{"event": "branch", "inst_addr": "0x55f9d2bfdf75", "branch_taken": true},
{"event": "branch", "inst_addr": "0x55f9d2bfdfbd", "branch_taken": true},
{"event": "branch", "inst_addr": "0x55f9d2bfe005", "branch_taken": true},
{"event": "branch", "inst_addr": "0x55f9d2bfe04d", "branch_taken": true},
{"event": "branch", "inst_addr": "0x55f9d2bfe092", "branch_taken": false},
{"event": "branch", "inst_addr": "0x55f9d2bfe098", "branch_taken": false},
{"event": "branch", "inst_addr": "0x55f9d2bfe09e", "branch_taken": false},
{"event": "branch", "inst_addr": "0x55f9d2bfe0c6", "branch_taken": true},
{"event": "branch", "inst_addr": "0x55f9d2bfe0f0", "branch_taken": true},
{"event": "branch", "inst_addr": "0x55f9d2bfe10b", "branch_taken": true},
{"event": "branch", "inst_addr": "0x55f9d2bfdedb", "branch_taken": false},
{"event": "branch", "inst_addr": "0x55f9d2bfdee5", "branch_taken": true},
{"event": "branch", "inst_addr": "0x55f9d2bfdf2d", "branch_taken": true},
{"event": "branch", "inst_addr": "0x55f9d2bfdf75", "branch_taken": true},
{"event": "branch", "inst_addr": "0x55f9d2bfdfbd", "branch_taken": true},
{"event": "branch", "inst_addr": "0x55f9d2bfe005", "branch_taken": true},
{"event": "branch", "inst_addr": "0x55f9d2bfe04d", "branch_taken": true},
{"event": "branch", "inst_addr": "0x55f9d2bfe092", "branch_taken": false},
{"event": "branch", "inst_addr": "0x55f9d2bfe098", "branch_taken": false},
{"event": "branch", "inst_addr": "0x55f9d2bfe09e", "branch_taken": false},
{"event": "branch", "inst_addr": "0x55f9d2bfe0c6", "branch_taken": false},
{"event": "branch", "inst_addr": "0x55f9d2bfda24", "branch_taken": true},
{"event": "branch", "inst_addr": "0x55f9d2bfe0e7", "branch_taken": true},
{"event": "branch", "inst_addr": "0x55f9d2bfe10b", "branch_taken": true},
{"event": "branch", "inst_addr": "0x55f9d2bfdedb", "branch_taken": false},
{"event": "branch", "inst_addr": "0x55f9d2bfdee5", "branch_taken": true},
{"event": "branch", "inst_addr": "0x55f9d2bfdf2d", "branch_taken": true},
{"event": "branch", "inst_addr": "0x55f9d2bfdf75", "branch_taken": true},
{"event": "branch", "inst_addr": "0x55f9d2bfdfbd", "branch_taken": false},
{"event": "branch", "inst_addr": "0x55f9d2bfd9c4", "branch_taken": true},
{"event": "branch", "inst_addr": "0x55f9d2bfd9c4", "branch_taken": true},
{"event": "branch", "inst_addr": "0x55f9d2bfdbfa", "branch_taken": true},
{"event": "branch", "inst_addr": "0x55f9d2bfdc16", "branch_taken": true},
{"event": "branch", "inst_addr": "0x55f9d2bfdc32", "branch_taken": true},
{"event": "branch", "inst_addr": "0x55f9d2bfdbd3", "branch_taken": true},
{"event": "branch", "inst_addr": "0x55f9d2bfdbe1", "branch_taken": true},
{"event": "branch", "inst_addr": "0x55f9d2bfdbe1", "branch_taken": false},
{"event": "branch", "inst_addr": "0x55f9d2bfdbfa", "branch_taken": true},
{"event": "branch", "inst_addr": "0x55f9d2bfdc16", "branch_taken": true},
{"event": "branch", "inst_addr": "0x55f9d2bfdc32", "branch_taken": true},
{"event": "branch", "inst_addr": "0x55f9d2bfdbd3", "branch_taken": true},
{"event": "branch", "inst_addr": "0x55f9d2bfdbe1", "branch_taken": true},
{"event": "branch", "inst_addr": "0x55f9d2bfdbe1", "branch_taken": true},
{"event": "branch", "inst_addr": "0x55f9d2bfdbe1", "branch_taken": false},
{"event": "branch", "inst_addr": "0x55f9d2bfdbfa", "branch_taken": true},
{"event": "branch", "inst_addr": "0x55f9d2bfdc16", "branch_taken": true},
{"event": "branch", "inst_addr": "0x55f9d2bfdc32", "branch_taken": false},
{"event": "branch", "inst_addr": "0x55f9d2bfdc37", "branch_taken": true},
{"event": "branch", "inst_addr": "0x55f9d2bfda24", "branch_taken": true},
{"event": "branch", "inst_addr": "0x55f9d2bfdffc", "branch_taken": true},
{"event": "branch", "inst_addr": "0x55f9d2bfe10b", "branch_taken": true},
{"event": "branch", "inst_addr": "0x55f9d2bfdedb", "branch_taken": false},
{"event": "branch", "inst_addr": "0x55f9d2bfdee5", "branch_taken": true},
{"event": "branch", "inst_addr": "0x55f9d2bfdf2d", "branch_taken": true},
{"event": "branch", "inst_addr": "0x55f9d2bfdf75", "branch_taken": true},
{"event": "branch", "inst_addr": "0x55f9d2bfdfbd", "branch_taken": true},
{"event": "branch", "inst_addr": "0x55f9d2bfe005", "branch_taken": true},
{"event": "branch", "inst_addr": "0x55f9d2bfe04d", "branch_taken": true},
{"event": "branch", "inst_addr": "0x55f9d2bfe092", "branch_taken": false},
{"event": "branch", "inst_addr": "0x55f9d2bfe098", "branch_taken": false},
{"event": "branch", "inst_addr": "0x55f9d2bfe09e", "branch_taken": false},
{"event": "branch", "inst_addr": "0x55f9d2bfe0c6", "branch_taken": true},
{"event": "branch", "inst_addr": "0x55f9d2bfe0f0", "branch_taken": true},
{"event": "branch", "inst_addr": "0x55f9d2bfe10b", "branch_taken": true},
{"event": "branch", "inst_addr": "0x55f9d2bfdedb", "branch_taken": false},
{"event": "branch", "inst_addr": "0x55f9d2bfdee5", "branch_taken": true},
{"event": "branch", "inst_addr": "0x55f9d2bfdf2d", "branch_taken": true},
{"event": "branch", "inst_addr": "0x55f9d2bfdf75", "branch_taken": true},
{"event": "branch", "inst_addr": "0x55f9d2bfdfbd", "branch_taken": true},
{"event": "branch", "inst_addr": "0x55f9d2bfe005", "branch_taken": true},
{"event": "branch", "inst_addr": "0x55f9d2bfe04d", "branch_taken": true},
{"event": "branch", "inst_addr": "0x55f9d2bfe092", "branch_taken": false},
{"event": "branch", "inst_addr": "0x55f9d2bfe098", "branch_taken": false},
{"event": "branch", "inst_addr": "0x55f9d2bfe09e", "branch_taken": false},
{"event": "branch", "inst_addr": "0x55f9d2bfe0c6", "branch_taken": true},
{"event": "branch", "inst_addr": "0x55f9d2bfe0f0", "branch_taken": true},
{"event": "branch", "inst_addr": "0x55f9d2bfe10b", "branch_taken": true},
{"event": "branch", "inst_addr": "0x55f9d2bfdedb", "branch_taken": false},
{"event": "branch", "inst_addr": "0x55f9d2bfdee5", "branch_taken": true},
{"event": "branch", "inst_addr": "0x55f9d2bfdf2d", "branch_taken": true},
{"event": "branch", "inst_addr": "0x55f9d2bfdf75", "branch_taken": true},
{"event": "branch", "inst_addr": "0x55f9d2bfdfbd", "branch_taken": true},
{"event": "branch", "inst_addr": "0x55f9d2bfe005", "branch_taken": true},
{"event": "branch", "inst_addr": "0x55f9d2bfe04d", "branch_taken": true},
{"event": "branch", "inst_addr": "0x55f9d2bfe092", "branch_taken": false},
{"event": "branch", "inst_addr": "0x55f9d2bfe098", "branch_taken": false},
{"event": "branch", "inst_addr": "0x55f9d2bfe09e", "branch_taken": false},
{"event": "branch", "inst_addr": "0x55f9d2bfe0c6", "branch_taken": true},
{"event": "branch", "inst_addr": "0x55f9d2bfe0f0", "branch_taken": true},
{"event": "branch", "inst_addr": "0x55f9d2bfe10b", "branch_taken": true},
{"event": "branch", "inst_addr": "0x55f9d2bfdedb", "branch_taken": false},
{"event": "branch", "inst_addr": "0x55f9d2bfdee5", "branch_taken": true},
{"event": "branch", "inst_addr": "0x55f9d2bfdf2d", "branch_taken": true},
{"event": "branch", "inst_addr": "0x55f9d2bfdf75", "branch_taken": true},
{"event": "branch", "inst_addr": "0x55f9d2bfdfbd", "branch_taken": true},
{"event": "branch", "inst_addr": "0x55f9d2bfe005", "branch_taken": true},
{"event": "branch", "inst_addr": "0x55f9d2bfe04d", "branch_taken": true},
{"event": "branch", "inst_addr": "0x55f9d2bfe092", "branch_taken": false},
{"event": "branch", "inst_addr": "0x55f9d2bfe098", "branch_taken": false},
{"event": "branch", "inst_addr": "0x55f9d2bfe09e", "branch_taken": false},
{"event": "branch", "inst_addr": "0x55f9d2bfe0c6", "branch_taken": false},
{"event": "branch", "inst_addr": "0x55f9d2bfda24", "branch_taken": true},
{"event": "branch", "inst_addr": "0x55f9d2bfe0e7", "branch_taken": true},
{"event": "branch", "inst_addr": "0x55f9d2bfe10b", "branch_taken": true},
{"event": "branch", "inst_addr": "0x55f9d2bfdedb", "branch_taken": false},
{"event": "branch", "inst_addr": "0x55f9d2bfdee5", "branch_taken": true},
{"event": "branch", "inst_addr": "0x55f9d2bfdf2d", "branch_taken": true},
{"event": "branch", "inst_addr": "0x55f9d2bfdf75", "branch_taken": false},
{"event": "branch", "inst_addr": "0x55f9d2bfd9c4", "branch_taken": true},
{"event": "branch", "inst_addr": "0x55f9d2bfd9c4", "branch_taken": true},
{"event": "branch", "inst_addr": "0x55f9d2bfda24", "branch_taken": true},
{"event": "branch", "inst_addr": "0x55f9d2bfdfb4", "branch_taken": true},
{"event": "branch", "inst_addr": "0x55f9d2bfe10b", "branch_taken": true},
{"event": "branch", "inst_addr": "0x55f9d2bfdedb", "branch_taken": false},
{"event": "branch", "inst_addr": "0x55f9d2bfdee5", "branch_taken": true},
{"event": "branch", "inst_addr": "0x55f9d2bfdf2d", "branch_taken": true},
{"event": "branch", "inst_addr": "0x55f9d2bfdf75", "branch_taken": true},
{"event": "branch", "inst_addr": "0x55f9d2bfdfbd", "branch_taken": true},
{"event": "branch", "inst_addr": "0x55f9d2bfe005", "branch_taken": true},
{"event": "branch", "inst_addr": "0x55f9d2bfe04d", "branch_taken": true},
{"event": "branch", "inst_addr": "0x55f9d2bfe092", "branch_taken": false},
{"event": "branch", "inst_addr": "0x55f9d2bfe098", "branch_taken": false},
{"event": "branch", "inst_addr": "0x55f9d2bfe09e", "branch_taken": false},
{"event": "branch", "inst_addr": "0x55f9d2bfe0c6", "branch_taken": true},
{"event": "branch", "inst_addr": "0x55f9d2bfe0f0", "branch_taken": true},
{"event": "branch", "inst_addr": "0x55f9d2bfe10b", "branch_taken": true},
{"event": "branch", "inst_addr": "0x55f9d2bfdedb", "branch_taken": false},
{"event": "branch", "inst_addr": "0x55f9d2bfdee5", "branch_taken": true},
{"event": "branch", "inst_addr": "0x55f9d2bfdf2d", "branch_taken": true},
{"event": "branch", "inst_addr": "0x55f9d2bfdf75", "branch_taken": true},
{"event": "branch", "inst_addr": "0x55f9d2bfdfbd", "branch_taken": true},
{"event": "branch", "inst_addr": "0x55f9d2bfe005", "branch_taken": true},
{"event": "branch", "inst_addr": "0x55f9d2bfe04d", "branch_taken": true},
{"event": "branch", "inst_addr": "0x55f9d2bfe092", "branch_taken": false},
{"event": "branch", "inst_addr": "0x55f9d2bfe098", "branch_taken": false},
{"event": "branch", "inst_addr": "0x55f9d2bfe09e", "branch_taken": false},
{"event": "branch", "inst_addr": "0x55f9d2bfe0c6", "branch_taken": true},
{"event": "branch", "inst_addr": "0x55f9d2bfe0f0", "branch_taken": true},
{"event": "branch", "inst_addr": "0x55f9d2bfe10b", "branch_taken": true},
{"event": "branch", "inst_addr": "0x55f9d2bfdedb", "branch_taken": false},
{"event": "branch", "inst_addr": "0x55f9d2bfdee5", "branch_taken": true},
{"event": "branch", "inst_addr": "0x55f9d2bfdf2d", "branch_taken": true},
{"event": "branch", "inst_addr": "0x55f9d2bfdf75", "branch_taken": true},
{"event": "branch", "inst_addr": "0x55f9d2bfdfbd", "branch_taken": true},
{"event": "branch", "inst_addr": "0x55f9d2bfe005", "branch_taken": true},
{"event": "branch", "inst_addr": "0x55f9d2bfe04d", "branch_taken": true},
{"event": "branch", "inst_addr": "0x55f9d2bfe092", "branch_taken": false},
{"event": "branch", "inst_addr": "0x55f9d2bfe098", "branch_taken": false},
{"event": "branch", "inst_addr": "0x55f9d2bfe09e", "branch_taken": false},
{"event": "branch", "inst_addr": "0x55f9d2bfe0c6", "branch_taken": true},
{"event": "branch", "inst_addr": "0x55f9d2bfe0f0", "branch_taken": true},
{"event": "branch", "inst_addr": "0x55f9d2bfe10b", "branch_taken": true},
{"event": "branch", "inst_addr": "0x55f9d2bfdedb", "branch_taken": false},
{"event": "branch", "inst_addr": "0x55f9d2bfdee5", "branch_taken": true},
{"event": "branch", "inst_addr": "0x55f9d2bfdf2d", "branch_taken": true},
{"event": "branch", "inst_addr": "0x55f9d2bfdf75", "branch_taken": true},
{"event": "branch", "inst_addr": "0x55f9d2bfdfbd", "branch_taken": true},
{"event": "branch", "inst_addr": "0x55f9d2bfe005", "branch_taken": true},
{"event": "branch", "inst_addr": "0x55f9d2bfe04d", "branch_taken": true},
{"event": "branch", "inst_addr": "0x55f9d2bfe092", "branch_taken": false},
{"event": "branch", "inst_addr": "0x55f9d2bfe098", "branch_taken": false},
{"event": "branch", "inst_addr": "0x55f9d2bfe09e", "branch_taken": false},
{"event": "branch", "inst_addr": "0x55f9d2bfe0c6", "branch_taken": false},
{"event": "branch", "inst_addr": "0x55f9d2bfda24", "branch_taken": true},
{"event": "branch", "inst_addr": "0x55f9d2bfe0e7", "branch_taken": true},
{"event": "branch", "inst_addr": "0x55f9d2bfe10b", "branch_taken": true},
{"event": "branch", "inst_addr": "0x55f9d2bfdedb", "branch_taken": false},
{"event": "branch", "inst_addr": "0x55f9d2bfdee5", "branch_taken": false},
{"event": "branch", "inst_addr": "0x55f9d2bfd9c4", "branch_taken": true},
{"event": "branch", "inst_addr": "0x55f9d2bfd9c4", "branch_taken": true},
{"event": "branch", "inst_addr": "0x55f9d2bfda81", "branch_taken": true},
{"event": "branch", "inst_addr": "0x55f9d2bfda91", "branch_taken": true},
{"event": "branch", "inst_addr": "0x55f9d2bfda91", "branch_taken": true},
{"event": "branch", "inst_addr": "0x55f9d2bfda91", "branch_taken": true},
{"event": "branch", "inst_addr": "0x55f9d2bfda91", "branch_taken": true},
{"event": "branch", "inst_addr": "0x55f9d2bfda91", "branch_taken": true},
{"event": "branch", "inst_addr": "0x55f9d2bfda91", "branch_taken": true},
{"event": "branch", "inst_addr": "0x55f9d2bfda91", "branch_taken": true},
{"event": "branch", "inst_addr": "0x55f9d2bfda91", "branch_taken": true},
{"event": "branch", "inst_addr": "0x55f9d2bfda91", "branch_taken": true},
{"event": "branch", "inst_addr": "0x55f9d2bfda91", "branch_taken": true},
{"event": "branch", "inst_addr": "0x55f9d2bfda91", "branch_taken": true},
{"event": "branch", "inst_addr": "0x55f9d2bfda91", "branch_taken": true},
{"event": "branch", "inst_addr": "0x55f9d2bfda91", "branch_taken": false},
{"event": "branch", "inst_addr": "0x55f9d2bfda24", "branch_taken": true},
{"event": "branch", "inst_addr": "0x55f9d2bfdf24", "branch_taken": true},
{"event": "branch", "inst_addr": "0x55f9d2bfe10b", "branch_taken": false},
{"event": "branch", "inst_addr": "0x55f9d2bfd9c4", "branch_taken": true},
{"event": "branch", "inst_addr": "0x55f9d2bfd6e0", "branch_taken": true},
{"event": "branch", "inst_addr": "0x55f9d2bfd817", "branch_taken": false},
{"event": "branch", "inst_addr": "0x55f9d2bfd825", "branch_taken": false},
{"event": "branch", "inst_addr": "0x55f9d2bfd740", "branch_taken": true},
{"event": "branch", "inst_addr": "0x55f9d2bfd795", "branch_taken": true},
{"event": "exit", "exit_code": 0}
]
