[
{"event": "image_load", "image_name": "***/box7", "image_id": 1, "base_addr": "0x5636e53cb000", "image_size": "0x14f7"},
{"event": "image_load", "image_name": "/lib64/ld-linux-x86-64.so.2", "image_id": 2, "base_addr": "0x7f3cc218d000", "image_size": "0x26c23"},
{"event": "image_load", "image_name": "[vdso]", "image_id": 3, "base_addr": "0x7fff39b8a000", "image_size": "0x95a"},
{"event": "image_load", "image_name": "/lib/x86_64-linux-gnu/libc.so.6", "image_id": 4, "base_addr": "0x7f3cad9a5000", "image_size": "0x3f0adf"},
{"event": "branch", "inst_addr": "0x5636e53cb6a6", "branch_taken": true},
{"event": "branch", "inst_addr": "0x5636e53cc044", "branch_taken": false},
{"event": "branch", "inst_addr": "0x5636e53cb855", "branch_taken": true},
{"event": "branch", "inst_addr": "0x5636e53cb7e6", "branch_taken": true},
{"event": "branch", "inst_addr": "0x5636e53cc064", "branch_taken": false},
{"event": "branch", "inst_addr": "0x5636e53cb710", "branch_taken": true},
{"event": "branch", "inst_addr": "0x5636e53cb6f0", "branch_taken": true},
{"event": "branch", "inst_addr": "0x5636e53cbfa8", "branch_taken": true},
{"event": "branch", "inst_addr": "0x5636e53cb720", "branch_taken": true},
{"event": "branch", "inst_addr": "0x5636e53cb700", "branch_taken": true},
{"event": "branch", "inst_addr": "0x5636e53cbd02", "branch_taken": true},
{"event": "branch", "inst_addr": "0x5636e53cbf45", "branch_taken": true},
{"event": "branch", "inst_addr": "0x5636e53cbd15", "branch_taken": false},
{"event": "branch", "inst_addr": "0x5636e53cbd1f", "branch_taken": true},
{"event": "branch", "inst_addr": "0x5636e53cbd67", "branch_taken": true},
{"event": "branch", "inst_addr": "0x5636e53cbdaf", "branch_taken": true},
{"event": "branch", "inst_addr": "0x5636e53cbdf7", "branch_taken": true},
{"event": "branch", "inst_addr": "0x5636e53cbe3f", "branch_taken": true},
{"event": "branch", "inst_addr": "0x5636e53cbe87", "branch_taken": true},
{"event": "branch", "inst_addr": "0x5636e53cbecc", "branch_taken": false},
{"event": "branch", "inst_addr": "0x5636e53cbed2", "branch_taken": false},
{"event": "branch", "inst_addr": "0x5636e53cbed8", "branch_taken": false},
{"event": "branch", "inst_addr": "0x5636e53cbf00", "branch_taken": true},
{"event": "branch", "inst_addr": "0x5636e53cbf2a", "branch_taken": true},
{"event": "branch", "inst_addr": "0x5636e53cbf45", "branch_taken": true},
{"event": "branch", "inst_addr": "0x5636e53cbd15", "branch_taken": false},
{"event": "branch", "inst_addr": "0x5636e53cbd1f", "branch_taken": true},
{"event": "branch", "inst_addr": "0x5636e53cbd67", "branch_taken": true},
{"event": "branch", "inst_addr": "0x5636e53cbdaf", "branch_taken": true},
{"event": "branch", "inst_addr": "0x5636e53cbdf7", "branch_taken": true},
{"event": "branch", "inst_addr": "0x5636e53cbe3f", "branch_taken": true},
{"event": "branch", "inst_addr": "0x5636e53cbe87", "branch_taken": true},
{"event": "branch", "inst_addr": "0x5636e53cbecc", "branch_taken": false},
{"event": "branch", "inst_addr": "0x5636e53cbed2", "branch_taken": false},
{"event": "branch", "inst_addr": "0x5636e53cbed8", "branch_taken": false},
{"event": "branch", "inst_addr": "0x5636e53cbf00", "branch_taken": true},
{"event": "branch", "inst_addr": "0x5636e53cbf2a", "branch_taken": true},
{"event": "branch", "inst_addr": "0x5636e53cbf45", "branch_taken": true},
{"event": "branch", "inst_addr": "0x5636e53cbd15", "branch_taken": false},
{"event": "branch", "inst_addr": "0x5636e53cbd1f", "branch_taken": true},
{"event": "branch", "inst_addr": "0x5636e53cbd67", "branch_taken": true},
{"event": "branch", "inst_addr": "0x5636e53cbdaf", "branch_taken": true},
{"event": "branch", "inst_addr": "0x5636e53cbdf7", "branch_taken": true},
{"event": "branch", "inst_addr": "0x5636e53cbe3f", "branch_taken": true},
{"event": "branch", "inst_addr": "0x5636e53cbe87", "branch_taken": true},
{"event": "branch", "inst_addr": "0x5636e53cbecc", "branch_taken": false},
{"event": "branch", "inst_addr": "0x5636e53cbed2", "branch_taken": false},
{"event": "branch", "inst_addr": "0x5636e53cbed8", "branch_taken": false},
{"event": "branch", "inst_addr": "0x5636e53cbf00", "branch_taken": true},
{"event": "branch", "inst_addr": "0x5636e53cbf2a", "branch_taken": true},
{"event": "branch", "inst_addr": "0x5636e53cbf45", "branch_taken": true},
{"event": "branch", "inst_addr": "0x5636e53cbd15", "branch_taken": false},
{"event": "branch", "inst_addr": "0x5636e53cbd1f", "branch_taken": true},
{"event": "branch", "inst_addr": "0x5636e53cbd67", "branch_taken": true},
{"event": "branch", "inst_addr": "0x5636e53cbdaf", "branch_taken": true},
{"event": "branch", "inst_addr": "0x5636e53cbdf7", "branch_taken": true},
{"event": "branch", "inst_addr": "0x5636e53cbe3f", "branch_taken": true},
{"event": "branch", "inst_addr": "0x5636e53cbe87", "branch_taken": true},
{"event": "branch", "inst_addr": "0x5636e53cbecc", "branch_taken": false},
{"event": "branch", "inst_addr": "0x5636e53cbed2", "branch_taken": false},
{"event": "branch", "inst_addr": "0x5636e53cbed8", "branch_taken": false},
{"event": "branch", "inst_addr": "0x5636e53cbf00", "branch_taken": false},
{"event": "branch", "inst_addr": "0x5636e53cba24", "branch_taken": true},
{"event": "branch", "inst_addr": "0x5636e53cbf21", "branch_taken": true},
{"event": "branch", "inst_addr": "0x5636e53cbf45", "branch_taken": true},
{"event": "branch", "inst_addr": "0x5636e53cbd15", "branch_taken": false},
{"event": "branch", "inst_addr": "0x5636e53cbd1f", "branch_taken": true},
{"event": "branch", "inst_addr": "0x5636e53cbd67", "branch_taken": true},
{"event": "branch", "inst_addr": "0x5636e53cbdaf", "branch_taken": true},
{"event": "branch", "inst_addr": "0x5636e53cbdf7", "branch_taken": true},
{"event": "branch", "inst_addr": "0x5636e53cbe3f", "branch_taken": true},
{"event": "branch", "inst_addr": "0x5636e53cbe87", "branch_taken": true},
{"event": "branch", "inst_addr": "0x5636e53cbecc", "branch_taken": false},
{"event": "branch", "inst_addr": "0x5636e53cbed2", "branch_taken": false},
{"event": "branch", "inst_addr": "0x5636e53cbed8", "branch_taken": false},
{"event": "branch", "inst_addr": "0x5636e53cbf00", "branch_taken": true},
{"event": "branch", "inst_addr": "0x5636e53cbf2a", "branch_taken": true},
{"event": "branch", "inst_addr": "0x5636e53cbf45", "branch_taken": true},
{"event": "branch", "inst_addr": "0x5636e53cbd15", "branch_taken": false},
{"event": "branch", "inst_addr": "0x5636e53cbd1f", "branch_taken": true},
{"event": "branch", "inst_addr": "0x5636e53cbd67", "branch_taken": true},
{"event": "branch", "inst_addr": "0x5636e53cbdaf", "branch_taken": true},
{"event": "branch", "inst_addr": "0x5636e53cbdf7", "branch_taken": true},
{"event": "branch", "inst_addr": "0x5636e53cbe3f", "branch_taken": true},
{"event": "branch", "inst_addr": "0x5636e53cbe87", "branch_taken": true},
{"event": "branch", "inst_addr": "0x5636e53cbecc", "branch_taken": false},
{"event": "branch", "inst_addr": "0x5636e53cbed2", "branch_taken": false},
{"event": "branch", "inst_addr": "0x5636e53cbed8", "branch_taken": false},
{"event": "branch", "inst_addr": "0x5636e53cbf00", "branch_taken": true},
{"event": "branch", "inst_addr": "0x5636e53cbf2a", "branch_taken": true},
{"event": "branch", "inst_addr": "0x5636e53cbf45", "branch_taken": true},
{"event": "branch", "inst_addr": "0x5636e53cbd15", "branch_taken": false},
{"event": "branch", "inst_addr": "0x5636e53cbd1f", "branch_taken": true},
{"event": "branch", "inst_addr": "0x5636e53cbd67", "branch_taken": true},
{"event": "branch", "inst_addr": "0x5636e53cbdaf", "branch_taken": true},
{"event": "branch", "inst_addr": "0x5636e53cbdf7", "branch_taken": true},
{"event": "branch", "inst_addr": "0x5636e53cbe3f", "branch_taken": true},
{"event": "branch", "inst_addr": "0x5636e53cbe87", "branch_taken": true},
{"event": "branch", "inst_addr": "0x5636e53cbecc", "branch_taken": false},
{"event": "branch", "inst_addr": "0x5636e53cbed2", "branch_taken": false},
{"event": "branch", "inst_addr": "0x5636e53cbed8", "branch_taken": false},
{"event": "branch", "inst_addr": "0x5636e53cbf00", "branch_taken": true},
{"event": "branch", "inst_addr": "0x5636e53cbf2a", "branch_taken": true},
{"event": "branch", "inst_addr": "0x5636e53cbf45", "branch_taken": true},
{"event": "branch", "inst_addr": "0x5636e53cbd15", "branch_taken": false},
{"event": "branch", "inst_addr": "0x5636e53cbd1f", "branch_taken": true},
{"event": "branch", "inst_addr": "0x5636e53cbd67", "branch_taken": true},
{"event": "branch", "inst_addr": "0x5636e53cbdaf", "branch_taken": true},
{"event": "branch", "inst_addr": "0x5636e53cbdf7", "branch_taken": true},
{"event": "branch", "inst_addr": "0x5636e53cbe3f", "branch_taken": true},
{"event": "branch", "inst_addr": "0x5636e53cbe87", "branch_taken": true},
{"event": "branch", "inst_addr": "0x5636e53cbecc", "branch_taken": false},
{"event": "branch", "inst_addr": "0x5636e53cbed2", "branch_taken": false},
{"event": "branch", "inst_addr": "0x5636e53cbed8", "branch_taken": false},
{"event": "branch", "inst_addr": "0x5636e53cbf00", "branch_taken": false},
{"event": "branch", "inst_addr": "0x5636e53cba24", "branch_taken": true},
{"event": "branch", "inst_addr": "0x5636e53cbf21", "branch_taken": true},
{"event": "branch", "inst_addr": "0x5636e53cbf45", "branch_taken": true},
{"event": "branch", "inst_addr": "0x5636e53cbd15", "branch_taken": false},
{"event": "branch", "inst_addr": "0x5636e53cbd1f", "branch_taken": false},
{"event": "branch", "inst_addr": "0x5636e53cb9c4", "branch_taken": true},
{"event": "branch", "inst_addr": "0x5636e53cb9c4", "branch_taken": true},
{"event": "branch", "inst_addr": "0x5636e53cba81", "branch_taken": true},
{"event": "branch", "inst_addr": "0x5636e53cba91", "branch_taken": true},
{"event": "branch", "inst_addr": "0x5636e53cba91", "branch_taken": true},
{"event": "branch", "inst_addr": "0x5636e53cba91", "branch_taken": true},
{"event": "branch", "inst_addr": "0x5636e53cba91", "branch_taken": true},
{"event": "branch", "inst_addr": "0x5636e53cba91", "branch_taken": true},
{"event": "branch", "inst_addr": "0x5636e53cba91", "branch_taken": true},
{"event": "branch", "inst_addr": "0x5636e53cba91", "branch_taken": true},
{"event": "branch", "inst_addr": "0x5636e53cba91", "branch_taken": true},
{"event": "branch", "inst_addr": "0x5636e53cba91", "branch_taken": true},
{"event": "branch", "inst_addr": "0x5636e53cba91", "branch_taken": true},
{"event": "branch", "inst_addr": "0x5636e53cba91", "branch_taken": true},
{"event": "branch", "inst_addr": "0x5636e53cba91", "branch_taken": true},
{"event": "branch", "inst_addr": "0x5636e53cba91", "branch_taken": true},
{"event": "branch", "inst_addr": "0x5636e53cba91", "branch_taken": false},
{"event": "branch", "inst_addr": "0x5636e53cba24", "branch_taken": true},
{"event": "branch", "inst_addr": "0x5636e53cbd5e", "branch_taken": true},
{"event": "branch", "inst_addr": "0x5636e53cbf45", "branch_taken": true},
{"event": "branch", "inst_addr": "0x5636e53cbd15", "branch_taken": false},
{"event": "branch", "inst_addr": "0x5636e53cbd1f", "branch_taken": true},
{"event": "branch", "inst_addr": "0x5636e53cbd67", "branch_taken": true},
{"event": "branch", "inst_addr": "0x5636e53cbdaf", "branch_taken": true},
{"event": "branch", "inst_addr": "0x5636e53cbdf7", "branch_taken": true},
{"event": "branch", "inst_addr": "0x5636e53cbe3f", "branch_taken": true},
{"event": "branch", "inst_addr": "0x5636e53cbe87", "branch_taken": true},
{"event": "branch", "inst_addr": "0x5636e53cbecc", "branch_taken": false},
{"event": "branch", "inst_addr": "0x5636e53cbed2", "branch_taken": false},
{"event": "branch", "inst_addr": "0x5636e53cbed8", "branch_taken": false},
{"event": "branch", "inst_addr": "0x5636e53cbf00", "branch_taken": true},
{"event": "branch", "inst_addr": "0x5636e53cbf2a", "branch_taken": true},
{"event": "branch", "inst_addr": "0x5636e53cbf45", "branch_taken": true},
{"event": "branch", "inst_addr": "0x5636e53cbd15", "branch_taken": false},
{"event": "branch", "inst_addr": "0x5636e53cbd1f", "branch_taken": true},
{"event": "branch", "inst_addr": "0x5636e53cbd67", "branch_taken": true},
{"event": "branch", "inst_addr": "0x5636e53cbdaf", "branch_taken": true},
{"event": "branch", "inst_addr": "0x5636e53cbdf7", "branch_taken": true},
{"event": "branch", "inst_addr": "0x5636e53cbe3f", "branch_taken": true},
{"event": "branch", "inst_addr": "0x5636e53cbe87", "branch_taken": true},
{"event": "branch", "inst_addr": "0x5636e53cbecc", "branch_taken": false},
{"event": "branch", "inst_addr": "0x5636e53cbed2", "branch_taken": false},
{"event": "branch", "inst_addr": "0x5636e53cbed8", "branch_taken": false},
{"event": "branch", "inst_addr": "0x5636e53cbf00", "branch_taken": true},
{"event": "branch", "inst_addr": "0x5636e53cbf2a", "branch_taken": true},
{"event": "branch", "inst_addr": "0x5636e53cbf45", "branch_taken": true},
{"event": "branch", "inst_addr": "0x5636e53cbd15", "branch_taken": false},
{"event": "branch", "inst_addr": "0x5636e53cbd1f", "branch_taken": true},
{"event": "branch", "inst_addr": "0x5636e53cbd67", "branch_taken": true},
{"event": "branch", "inst_addr": "0x5636e53cbdaf", "branch_taken": true},
{"event": "branch", "inst_addr": "0x5636e53cbdf7", "branch_taken": true},
{"event": "branch", "inst_addr": "0x5636e53cbe3f", "branch_taken": true},
{"event": "branch", "inst_addr": "0x5636e53cbe87", "branch_taken": true},
{"event": "branch", "inst_addr": "0x5636e53cbecc", "branch_taken": false},
{"event": "branch", "inst_addr": "0x5636e53cbed2", "branch_taken": false},
{"event": "branch", "inst_addr": "0x5636e53cbed8", "branch_taken": false},
{"event": "branch", "inst_addr": "0x5636e53cbf00", "branch_taken": true},
{"event": "branch", "inst_addr": "0x5636e53cbf2a", "branch_taken": true},
{"event": "branch", "inst_addr": "0x5636e53cbf45", "branch_taken": true},
{"event": "branch", "inst_addr": "0x5636e53cbd15", "branch_taken": false},
{"event": "branch", "inst_addr": "0x5636e53cbd1f", "branch_taken": true},
{"event": "branch", "inst_addr": "0x5636e53cbd67", "branch_taken": true},
{"event": "branch", "inst_addr": "0x5636e53cbdaf", "branch_taken": true},
{"event": "branch", "inst_addr": "0x5636e53cbdf7", "branch_taken": true},
{"event": "branch", "inst_addr": "0x5636e53cbe3f", "branch_taken": true},
{"event": "branch", "inst_addr": "0x5636e53cbe87", "branch_taken": true},
{"event": "branch", "inst_addr": "0x5636e53cbecc", "branch_taken": false},
{"event": "branch", "inst_addr": "0x5636e53cbed2", "branch_taken": false},
{"event": "branch", "inst_addr": "0x5636e53cbed8", "branch_taken": false},
{"event": "branch", "inst_addr": "0x5636e53cbf00", "branch_taken": false},
{"event": "branch", "inst_addr": "0x5636e53cba24", "branch_taken": true},
{"event": "branch", "inst_addr": "0x5636e53cbf21", "branch_taken": true},
{"event": "branch", "inst_addr": "0x5636e53cbf45", "branch_taken": true},
{"event": "branch", "inst_addr": "0x5636e53cbd15", "branch_taken": false},
{"event": "branch", "inst_addr": "0x5636e53cbd1f", "branch_taken": true},
{"event": "branch", "inst_addr": "0x5636e53cbd67", "branch_taken": true},
{"event": "branch", "inst_addr": "0x5636e53cbdaf", "branch_taken": false},
{"event": "branch", "inst_addr": "0x5636e53cb9c4", "branch_taken": true},
{"event": "branch", "inst_addr": "0x5636e53cb9c4", "branch_taken": true},
{"event": "branch", "inst_addr": "0x5636e53cba24", "branch_taken": true},
{"event": "branch", "inst_addr": "0x5636e53cbdee", "branch_taken": true},
{"event": "branch", "inst_addr": "0x5636e53cbf45", "branch_taken": true},
{"event": "branch", "inst_addr": "0x5636e53cbd15", "branch_taken": false},
{"event": "branch", "inst_addr": "0x5636e53cbd1f", "branch_taken": true},
{"event": "branch", "inst_addr": "0x5636e53cbd67", "branch_taken": true},
{"event": "branch", "inst_addr": "0x5636e53cbdaf", "branch_taken": true},
{"event": "branch", "inst_addr": "0x5636e53cbdf7", "branch_taken": true},
{"event": "branch", "inst_addr": "0x5636e53cbe3f", "branch_taken": true},
{"event": "branch", "inst_addr": "0x5636e53cbe87", "branch_taken": true},
{"event": "branch", "inst_addr": "0x5636e53cbecc", "branch_taken": false},
{"event": "branch", "inst_addr": "0x5636e53cbed2", "branch_taken": false},
{"event": "branch", "inst_addr": "0x5636e53cbed8", "branch_taken": false},
{"event": "branch", "inst_addr": "0x5636e53cbf00", "branch_taken": true},
{"event": "branch", "inst_addr": "0x5636e53cbf2a", "branch_taken": true},
{"event": "branch", "inst_addr": "0x5636e53cbf45", "branch_taken": true},
{"event": "branch", "inst_addr": "0x5636e53cbd15", "branch_taken": false},
{"event": "branch", "inst_addr": "0x5636e53cbd1f", "branch_taken": true},
{"event": "branch", "inst_addr": "0x5636e53cbd67", "branch_taken": true},
{"event": "branch", "inst_addr": "0x5636e53cbdaf", "branch_taken": true},
{"event": "branch", "inst_addr": "0x5636e53cbdf7", "branch_taken": true},
{"event": "branch", "inst_addr": "0x5636e53cbe3f", "branch_taken": true},
{"event": "branch", "inst_addr": "0x5636e53cbe87", "branch_taken": true},
{"event": "branch", "inst_addr": "0x5636e53cbecc", "branch_taken": false},
{"event": "branch", "inst_addr": "0x5636e53cbed2", "branch_taken": false},
{"event": "branch", "inst_addr": "0x5636e53cbed8", "branch_taken": false},
{"event": "branch", "inst_addr": "0x5636e53cbf00", "branch_taken": true},
{"event": "branch", "inst_addr": "0x5636e53cbf2a", "branch_taken": true},
{"event": "branch", "inst_addr": "0x5636e53cbf45", "branch_taken": true},
{"event": "branch", "inst_addr": "0x5636e53cbd15", "branch_taken": false},
{"event": "branch", "inst_addr": "0x5636e53cbd1f", "branch_taken": true},
{"event": "branch", "inst_addr": "0x5636e53cbd67", "branch_taken": true},
{"event": "branch", "inst_addr": "0x5636e53cbdaf", "branch_taken": true},
{"event": "branch", "inst_addr": "0x5636e53cbdf7", "branch_taken": true},
{"event": "branch", "inst_addr": "0x5636e53cbe3f", "branch_taken": true},
{"event": "branch", "inst_addr": "0x5636e53cbe87", "branch_taken": true},
{"event": "branch", "inst_addr": "0x5636e53cbecc", "branch_taken": false},
{"event": "branch", "inst_addr": "0x5636e53cbed2", "branch_taken": false},
{"event": "branch", "inst_addr": "0x5636e53cbed8", "branch_taken": false},
{"event": "branch", "inst_addr": "0x5636e53cbf00", "branch_taken": true},
{"event": "branch", "inst_addr": "0x5636e53cbf2a", "branch_taken": true},
{"event": "branch", "inst_addr": "0x5636e53cbf45", "branch_taken": true},
{"event": "branch", "inst_addr": "0x5636e53cbd15", "branch_taken": false},
{"event": "branch", "inst_addr": "0x5636e53cbd1f", "branch_taken": true},
{"event": "branch", "inst_addr": "0x5636e53cbd67", "branch_taken": true},
{"event": "branch", "inst_addr": "0x5636e53cbdaf", "branch_taken": true},
{"event": "branch", "inst_addr": "0x5636e53cbdf7", "branch_taken": true},
{"event": "branch", "inst_addr": "0x5636e53cbe3f", "branch_taken": true},
{"event": "branch", "inst_addr": "0x5636e53cbe87", "branch_taken": true},
{"event": "branch", "inst_addr": "0x5636e53cbecc", "branch_taken": false},
{"event": "branch", "inst_addr": "0x5636e53cbed2", "branch_taken": false},
{"event": "branch", "inst_addr": "0x5636e53cbed8", "branch_taken": false},
{"event": "branch", "inst_addr": "0x5636e53cbf00", "branch_taken": false},
{"event": "branch", "inst_addr": "0x5636e53cba24", "branch_taken": true},
{"event": "branch", "inst_addr": "0x5636e53cbf21", "branch_taken": true},
{"event": "branch", "inst_addr": "0x5636e53cbf45", "branch_taken": true},
{"event": "branch", "inst_addr": "0x5636e53cbd15", "branch_taken": false},
{"event": "branch", "inst_addr": "0x5636e53cbd1f", "branch_taken": true},
{"event": "branch", "inst_addr": "0x5636e53cbd67", "branch_taken": true},
{"event": "branch", "inst_addr": "0x5636e53cbdaf", "branch_taken": true},
{"event": "branch", "inst_addr": "0x5636e53cbdf7", "branch_taken": false},
{"event": "branch", "inst_addr": "0x5636e53cb9c4", "branch_taken": true},
{"event": "branch", "inst_addr": "0x5636e53cb9c4", "branch_taken": true},
{"event": "branch", "inst_addr": "0x5636e53cba81", "branch_taken": true},
{"event": "branch", "inst_addr": "0x5636e53cba91", "branch_taken": true},
{"event": "branch", "inst_addr": "0x5636e53cba91", "branch_taken": true},
{"event": "branch", "inst_addr": "0x5636e53cba91", "branch_taken": true},
{"event": "branch", "inst_addr": "0x5636e53cba91", "branch_taken": true},
{"event": "branch", "inst_addr": "0x5636e53cba91", "branch_taken": true},
{"event": "branch", "inst_addr": "0x5636e53cba91", "branch_taken": true},
{"event": "branch", "inst_addr": "0x5636e53cba91", "branch_taken": true},
{"event": "branch", "inst_addr": "0x5636e53cba91", "branch_taken": true},
{"event": "branch", "inst_addr": "0x5636e53cba91", "branch_taken": true},
{"event": "branch", "inst_addr": "0x5636e53cba91", "branch_taken": true},
{"event": "branch", "inst_addr": "0x5636e53cba91", "branch_taken": true},
{"event": "branch", "inst_addr": "0x5636e53cba91", "branch_taken": true},
{"event": "branch", "inst_addr": "0x5636e53cba91", "branch_taken": true},
{"event": "branch", "inst_addr": "0x5636e53cba91", "branch_taken": true},
{"event": "branch", "inst_addr": "0x5636e53cba91", "branch_taken": true},
{"event": "branch", "inst_addr": "0x5636e53cba91", "branch_taken": true},
{"event": "branch", "inst_addr": "0x5636e53cba91", "branch_taken": true},
{"event": "branch", "inst_addr": "0x5636e53cba91", "branch_taken": true},
{"event": "branch", "inst_addr": "0x5636e53cba91", "branch_taken": true},
{"event": "branch", "inst_addr": "0x5636e53cba91", "branch_taken": true},
{"event": "branch", "inst_addr": "0x5636e53cba91", "branch_taken": true},
{"event": "branch", "inst_addr": "0x5636e53cba91", "branch_taken": true},
{"event": "branch", "inst_addr": "0x5636e53cba91", "branch_taken": true},
{"event": "branch", "inst_addr": "0x5636e53cba91", "branch_taken": false},
{"event": "branch", "inst_addr": "0x5636e53cbad6", "branch_taken": true},
{"event": "branch", "inst_addr": "0x5636e53cbafc", "branch_taken": true},
{"event": "branch", "inst_addr": "0x5636e53cbb0e", "branch_taken": true},
{"event": "branch", "inst_addr": "0x5636e53cbb0e", "branch_taken": true},
{"event": "branch", "inst_addr": "0x5636e53cbb0e", "branch_taken": false},
{"event": "branch", "inst_addr": "0x5636e53cba24", "branch_taken": true},
{"event": "branch", "inst_addr": "0x5636e53cbe36", "branch_taken": true},
{"event": "branch", "inst_addr": "0x5636e53cbf45", "branch_taken": false},
{"event": "branch", "inst_addr": "0x5636e53cb9c4", "branch_taken": true},
{"event": "branch", "inst_addr": "0x5636e53cb6e0", "branch_taken": true},
{"event": "branch", "inst_addr": "0x5636e53cb817", "branch_taken": false},
{"event": "branch", "inst_addr": "0x5636e53cb825", "branch_taken": false},
{"event": "branch", "inst_addr": "0x5636e53cb740", "branch_taken": true},
{"event": "branch", "inst_addr": "0x5636e53cb795", "branch_taken": true},
{"event": "exit", "exit_code": 0}
]
