[
{"event": "image_load", "image_name": "***/box6", "image_id": 1, "base_addr": "0x556f0a21f000", "image_size": "0x195f"},
{"event": "image_load", "image_name": "/lib64/ld-linux-x86-64.so.2", "image_id": 2, "base_addr": "0x7f6a89ea9000", "image_size": "0x26c23"},
{"event": "image_load", "image_name": "[vdso]", "image_id": 3, "base_addr": "0x7ffc6cae4000", "image_size": "0x95a"},
{"event": "image_load", "image_name": "/lib/x86_64-linux-gnu/libc.so.6", "image_id": 4, "base_addr": "0x7f6a756c1000", "image_size": "0x3f0adf"},
{"event": "branch", "inst_addr": "0x556f0a21f6a6", "branch_taken": true},
{"event": "branch", "inst_addr": "0x556f0a220464", "branch_taken": false},
{"event": "branch", "inst_addr": "0x556f0a21f855", "branch_taken": true},
{"event": "branch", "inst_addr": "0x556f0a21f7e6", "branch_taken": true},
{"event": "branch", "inst_addr": "0x556f0a220484", "branch_taken": false},
{"event": "branch", "inst_addr": "0x556f0a21f710", "branch_taken": true},
{"event": "branch", "inst_addr": "0x556f0a21f6f0", "branch_taken": true},
{"event": "branch", "inst_addr": "0x556f0a2203d6", "branch_taken": true},
{"event": "branch", "inst_addr": "0x556f0a21f720", "branch_taken": true},
{"event": "branch", "inst_addr": "0x556f0a21f700", "branch_taken": true},
{"event": "branch", "inst_addr": "0x556f0a220130", "branch_taken": true},
{"event": "branch", "inst_addr": "0x556f0a220373", "branch_taken": true},
{"event": "branch", "inst_addr": "0x556f0a220143", "branch_taken": false},
{"event": "branch", "inst_addr": "0x556f0a22014d", "branch_taken": true},
{"event": "branch", "inst_addr": "0x556f0a220195", "branch_taken": true},
{"event": "branch", "inst_addr": "0x556f0a2201dd", "branch_taken": true},
{"event": "branch", "inst_addr": "0x556f0a220225", "branch_taken": true},
{"event": "branch", "inst_addr": "0x556f0a22026d", "branch_taken": true},
{"event": "branch", "inst_addr": "0x556f0a2202b5", "branch_taken": true},
{"event": "branch", "inst_addr": "0x556f0a2202fa", "branch_taken": false},
{"event": "branch", "inst_addr": "0x556f0a220300", "branch_taken": false},
{"event": "branch", "inst_addr": "0x556f0a220306", "branch_taken": false},
{"event": "branch", "inst_addr": "0x556f0a22032e", "branch_taken": true},
{"event": "branch", "inst_addr": "0x556f0a220358", "branch_taken": true},
{"event": "branch", "inst_addr": "0x556f0a220373", "branch_taken": true},
{"event": "branch", "inst_addr": "0x556f0a220143", "branch_taken": false},
{"event": "branch", "inst_addr": "0x556f0a22014d", "branch_taken": true},
{"event": "branch", "inst_addr": "0x556f0a220195", "branch_taken": true},
{"event": "branch", "inst_addr": "0x556f0a2201dd", "branch_taken": true},
{"event": "branch", "inst_addr": "0x556f0a220225", "branch_taken": true},
{"event": "branch", "inst_addr": "0x556f0a22026d", "branch_taken": true},
{"event": "branch", "inst_addr": "0x556f0a2202b5", "branch_taken": true},
{"event": "branch", "inst_addr": "0x556f0a2202fa", "branch_taken": false},
{"event": "branch", "inst_addr": "0x556f0a220300", "branch_taken": false},
{"event": "branch", "inst_addr": "0x556f0a220306", "branch_taken": false},
{"event": "branch", "inst_addr": "0x556f0a22032e", "branch_taken": true},
{"event": "branch", "inst_addr": "0x556f0a220358", "branch_taken": true},
{"event": "branch", "inst_addr": "0x556f0a220373", "branch_taken": true},
{"event": "branch", "inst_addr": "0x556f0a220143", "branch_taken": false},
{"event": "branch", "inst_addr": "0x556f0a22014d", "branch_taken": true},
{"event": "branch", "inst_addr": "0x556f0a220195", "branch_taken": true},
{"event": "branch", "inst_addr": "0x556f0a2201dd", "branch_taken": true},
{"event": "branch", "inst_addr": "0x556f0a220225", "branch_taken": true},
{"event": "branch", "inst_addr": "0x556f0a22026d", "branch_taken": true},
{"event": "branch", "inst_addr": "0x556f0a2202b5", "branch_taken": true},
{"event": "branch", "inst_addr": "0x556f0a2202fa", "branch_taken": false},
{"event": "branch", "inst_addr": "0x556f0a220300", "branch_taken": false},
{"event": "branch", "inst_addr": "0x556f0a220306", "branch_taken": false},
{"event": "branch", "inst_addr": "0x556f0a22032e", "branch_taken": true},
{"event": "branch", "inst_addr": "0x556f0a220358", "branch_taken": true},
{"event": "branch", "inst_addr": "0x556f0a220373", "branch_taken": true},
{"event": "branch", "inst_addr": "0x556f0a220143", "branch_taken": false},
{"event": "branch", "inst_addr": "0x556f0a22014d", "branch_taken": true},
{"event": "branch", "inst_addr": "0x556f0a220195", "branch_taken": true},
{"event": "branch", "inst_addr": "0x556f0a2201dd", "branch_taken": true},
{"event": "branch", "inst_addr": "0x556f0a220225", "branch_taken": true},
{"event": "branch", "inst_addr": "0x556f0a22026d", "branch_taken": true},
{"event": "branch", "inst_addr": "0x556f0a2202b5", "branch_taken": true},
{"event": "branch", "inst_addr": "0x556f0a2202fa", "branch_taken": false},
{"event": "branch", "inst_addr": "0x556f0a220300", "branch_taken": false},
{"event": "branch", "inst_addr": "0x556f0a220306", "branch_taken": false},
{"event": "branch", "inst_addr": "0x556f0a22032e", "branch_taken": false},
{"event": "branch", "inst_addr": "0x556f0a21fa24", "branch_taken": true},
{"event": "branch", "inst_addr": "0x556f0a22034f", "branch_taken": true},
{"event": "branch", "inst_addr": "0x556f0a220373", "branch_taken": true},
{"event": "branch", "inst_addr": "0x556f0a220143", "branch_taken": false},
{"event": "branch", "inst_addr": "0x556f0a22014d", "branch_taken": true},
{"event": "branch", "inst_addr": "0x556f0a220195", "branch_taken": true},
{"event": "branch", "inst_addr": "0x556f0a2201dd", "branch_taken": true},
{"event": "branch", "inst_addr": "0x556f0a220225", "branch_taken": true},
{"event": "branch", "inst_addr": "0x556f0a22026d", "branch_taken": true},
{"event": "branch", "inst_addr": "0x556f0a2202b5", "branch_taken": true},
{"event": "branch", "inst_addr": "0x556f0a2202fa", "branch_taken": false},
{"event": "branch", "inst_addr": "0x556f0a220300", "branch_taken": false},
{"event": "branch", "inst_addr": "0x556f0a220306", "branch_taken": false},
{"event": "branch", "inst_addr": "0x556f0a22032e", "branch_taken": true},
{"event": "branch", "inst_addr": "0x556f0a220358", "branch_taken": true},
{"event": "branch", "inst_addr": "0x556f0a220373", "branch_taken": true},
{"event": "branch", "inst_addr": "0x556f0a220143", "branch_taken": false},
{"event": "branch", "inst_addr": "0x556f0a22014d", "branch_taken": true},
{"event": "branch", "inst_addr": "0x556f0a220195", "branch_taken": true},
{"event": "branch", "inst_addr": "0x556f0a2201dd", "branch_taken": true},
{"event": "branch", "inst_addr": "0x556f0a220225", "branch_taken": true},
{"event": "branch", "inst_addr": "0x556f0a22026d", "branch_taken": true},
{"event": "branch", "inst_addr": "0x556f0a2202b5", "branch_taken": true},
{"event": "branch", "inst_addr": "0x556f0a2202fa", "branch_taken": false},
{"event": "branch", "inst_addr": "0x556f0a220300", "branch_taken": false},
{"event": "branch", "inst_addr": "0x556f0a220306", "branch_taken": false},
{"event": "branch", "inst_addr": "0x556f0a22032e", "branch_taken": true},
{"event": "branch", "inst_addr": "0x556f0a220358", "branch_taken": true},
{"event": "branch", "inst_addr": "0x556f0a220373", "branch_taken": true},
{"event": "branch", "inst_addr": "0x556f0a220143", "branch_taken": false},
{"event": "branch", "inst_addr": "0x556f0a22014d", "branch_taken": true},
{"event": "branch", "inst_addr": "0x556f0a220195", "branch_taken": true},
{"event": "branch", "inst_addr": "0x556f0a2201dd", "branch_taken": true},
{"event": "branch", "inst_addr": "0x556f0a220225", "branch_taken": true},
{"event": "branch", "inst_addr": "0x556f0a22026d", "branch_taken": true},
{"event": "branch", "inst_addr": "0x556f0a2202b5", "branch_taken": true},
{"event": "branch", "inst_addr": "0x556f0a2202fa", "branch_taken": false},
{"event": "branch", "inst_addr": "0x556f0a220300", "branch_taken": false},
{"event": "branch", "inst_addr": "0x556f0a220306", "branch_taken": false},
{"event": "branch", "inst_addr": "0x556f0a22032e", "branch_taken": true},
{"event": "branch", "inst_addr": "0x556f0a220358", "branch_taken": true},
{"event": "branch", "inst_addr": "0x556f0a220373", "branch_taken": true},
{"event": "branch", "inst_addr": "0x556f0a220143", "branch_taken": false},
{"event": "branch", "inst_addr": "0x556f0a22014d", "branch_taken": true},
{"event": "branch", "inst_addr": "0x556f0a220195", "branch_taken": true},
{"event": "branch", "inst_addr": "0x556f0a2201dd", "branch_taken": true},
{"event": "branch", "inst_addr": "0x556f0a220225", "branch_taken": true},
{"event": "branch", "inst_addr": "0x556f0a22026d", "branch_taken": true},
{"event": "branch", "inst_addr": "0x556f0a2202b5", "branch_taken": true},
{"event": "branch", "inst_addr": "0x556f0a2202fa", "branch_taken": false},
{"event": "branch", "inst_addr": "0x556f0a220300", "branch_taken": false},
{"event": "branch", "inst_addr": "0x556f0a220306", "branch_taken": false},
{"event": "branch", "inst_addr": "0x556f0a22032e", "branch_taken": false},
{"event": "branch", "inst_addr": "0x556f0a21fa24", "branch_taken": true},
{"event": "branch", "inst_addr": "0x556f0a22034f", "branch_taken": true},
{"event": "branch", "inst_addr": "0x556f0a220373", "branch_taken": true},
{"event": "branch", "inst_addr": "0x556f0a220143", "branch_taken": false},
{"event": "branch", "inst_addr": "0x556f0a22014d", "branch_taken": false},
{"event": "branch", "inst_addr": "0x556f0a21f9c4", "branch_taken": true},
{"event": "branch", "inst_addr": "0x556f0a21f9c4", "branch_taken": true},
{"event": "branch", "inst_addr": "0x556f0a21fa81", "branch_taken": true},
{"event": "branch", "inst_addr": "0x556f0a21fa91", "branch_taken": true},
{"event": "branch", "inst_addr": "0x556f0a21fa91", "branch_taken": true},
{"event": "branch", "inst_addr": "0x556f0a21fa91", "branch_taken": true},
{"event": "branch", "inst_addr": "0x556f0a21fa91", "branch_taken": true},
{"event": "branch", "inst_addr": "0x556f0a21fa91", "branch_taken": true},
{"event": "branch", "inst_addr": "0x556f0a21fa91", "branch_taken": true},
{"event": "branch", "inst_addr": "0x556f0a21fa91", "branch_taken": true},
{"event": "branch", "inst_addr": "0x556f0a21fa91", "branch_taken": true},
{"event": "branch", "inst_addr": "0x556f0a21fa91", "branch_taken": true},
{"event": "branch", "inst_addr": "0x556f0a21fa91", "branch_taken": false},
{"event": "branch", "inst_addr": "0x556f0a21fa24", "branch_taken": true},
{"event": "branch", "inst_addr": "0x556f0a22018c", "branch_taken": true},
{"event": "branch", "inst_addr": "0x556f0a220373", "branch_taken": true},
{"event": "branch", "inst_addr": "0x556f0a220143", "branch_taken": false},
{"event": "branch", "inst_addr": "0x556f0a22014d", "branch_taken": true},
{"event": "branch", "inst_addr": "0x556f0a220195", "branch_taken": true},
{"event": "branch", "inst_addr": "0x556f0a2201dd", "branch_taken": true},
{"event": "branch", "inst_addr": "0x556f0a220225", "branch_taken": true},
{"event": "branch", "inst_addr": "0x556f0a22026d", "branch_taken": true},
{"event": "branch", "inst_addr": "0x556f0a2202b5", "branch_taken": true},
{"event": "branch", "inst_addr": "0x556f0a2202fa", "branch_taken": false},
{"event": "branch", "inst_addr": "0x556f0a220300", "branch_taken": false},
{"event": "branch", "inst_addr": "0x556f0a220306", "branch_taken": false},
{"event": "branch", "inst_addr": "0x556f0a22032e", "branch_taken": true},
{"event": "branch", "inst_addr": "0x556f0a220358", "branch_taken": true},
{"event": "branch", "inst_addr": "0x556f0a220373", "branch_taken": true},
{"event": "branch", "inst_addr": "0x556f0a220143", "branch_taken": false},
{"event": "branch", "inst_addr": "0x556f0a22014d", "branch_taken": true},
{"event": "branch", "inst_addr": "0x556f0a220195", "branch_taken": true},
{"event": "branch", "inst_addr": "0x556f0a2201dd", "branch_taken": true},
{"event": "branch", "inst_addr": "0x556f0a220225", "branch_taken": true},
{"event": "branch", "inst_addr": "0x556f0a22026d", "branch_taken": true},
{"event": "branch", "inst_addr": "0x556f0a2202b5", "branch_taken": true},
{"event": "branch", "inst_addr": "0x556f0a2202fa", "branch_taken": false},
{"event": "branch", "inst_addr": "0x556f0a220300", "branch_taken": false},
{"event": "branch", "inst_addr": "0x556f0a220306", "branch_taken": false},
{"event": "branch", "inst_addr": "0x556f0a22032e", "branch_taken": true},
{"event": "branch", "inst_addr": "0x556f0a220358", "branch_taken": true},
{"event": "branch", "inst_addr": "0x556f0a220373", "branch_taken": true},
{"event": "branch", "inst_addr": "0x556f0a220143", "branch_taken": false},
{"event": "branch", "inst_addr": "0x556f0a22014d", "branch_taken": true},
{"event": "branch", "inst_addr": "0x556f0a220195", "branch_taken": true},
{"event": "branch", "inst_addr": "0x556f0a2201dd", "branch_taken": true},
{"event": "branch", "inst_addr": "0x556f0a220225", "branch_taken": true},
{"event": "branch", "inst_addr": "0x556f0a22026d", "branch_taken": true},
{"event": "branch", "inst_addr": "0x556f0a2202b5", "branch_taken": true},
{"event": "branch", "inst_addr": "0x556f0a2202fa", "branch_taken": false},
{"event": "branch", "inst_addr": "0x556f0a220300", "branch_taken": false},
{"event": "branch", "inst_addr": "0x556f0a220306", "branch_taken": false},
{"event": "branch", "inst_addr": "0x556f0a22032e", "branch_taken": true},
{"event": "branch", "inst_addr": "0x556f0a220358", "branch_taken": true},
{"event": "branch", "inst_addr": "0x556f0a220373", "branch_taken": true},
{"event": "branch", "inst_addr": "0x556f0a220143", "branch_taken": false},
{"event": "branch", "inst_addr": "0x556f0a22014d", "branch_taken": true},
{"event": "branch", "inst_addr": "0x556f0a220195", "branch_taken": true},
{"event": "branch", "inst_addr": "0x556f0a2201dd", "branch_taken": true},
{"event": "branch", "inst_addr": "0x556f0a220225", "branch_taken": true},
{"event": "branch", "inst_addr": "0x556f0a22026d", "branch_taken": true},
{"event": "branch", "inst_addr": "0x556f0a2202b5", "branch_taken": true},
{"event": "branch", "inst_addr": "0x556f0a2202fa", "branch_taken": false},
{"event": "branch", "inst_addr": "0x556f0a220300", "branch_taken": false},
{"event": "branch", "inst_addr": "0x556f0a220306", "branch_taken": false},
{"event": "branch", "inst_addr": "0x556f0a22032e", "branch_taken": false},
{"event": "branch", "inst_addr": "0x556f0a21fa24", "branch_taken": true},
{"event": "branch", "inst_addr": "0x556f0a22034f", "branch_taken": true},
{"event": "branch", "inst_addr": "0x556f0a220373", "branch_taken": true},
{"event": "branch", "inst_addr": "0x556f0a220143", "branch_taken": false},
{"event": "branch", "inst_addr": "0x556f0a22014d", "branch_taken": true},
{"event": "branch", "inst_addr": "0x556f0a220195", "branch_taken": true},
{"event": "branch", "inst_addr": "0x556f0a2201dd", "branch_taken": false},
{"event": "branch", "inst_addr": "0x556f0a21f9c4", "branch_taken": true},
{"event": "branch", "inst_addr": "0x556f0a21f9c4", "branch_taken": true},
{"event": "branch", "inst_addr": "0x556f0a21faa2", "branch_taken": true},
{"event": "branch", "inst_addr": "0x556f0a21fab0", "branch_taken": false},
{"event": "branch", "inst_addr": "0x556f0a21fc3f", "branch_taken": true},
{"event": "branch", "inst_addr": "0x556f0a21fa24", "branch_taken": true},
{"event": "branch", "inst_addr": "0x556f0a22021c", "branch_taken": true},
{"event": "branch", "inst_addr": "0x556f0a220373", "branch_taken": true},
{"event": "branch", "inst_addr": "0x556f0a220143", "branch_taken": false},
{"event": "branch", "inst_addr": "0x556f0a22014d", "branch_taken": true},
{"event": "branch", "inst_addr": "0x556f0a220195", "branch_taken": true},
{"event": "branch", "inst_addr": "0x556f0a2201dd", "branch_taken": true},
{"event": "branch", "inst_addr": "0x556f0a220225", "branch_taken": true},
{"event": "branch", "inst_addr": "0x556f0a22026d", "branch_taken": true},
{"event": "branch", "inst_addr": "0x556f0a2202b5", "branch_taken": true},
{"event": "branch", "inst_addr": "0x556f0a2202fa", "branch_taken": false},
{"event": "branch", "inst_addr": "0x556f0a220300", "branch_taken": false},
{"event": "branch", "inst_addr": "0x556f0a220306", "branch_taken": false},
{"event": "branch", "inst_addr": "0x556f0a22032e", "branch_taken": true},
{"event": "branch", "inst_addr": "0x556f0a220358", "branch_taken": true},
{"event": "branch", "inst_addr": "0x556f0a220373", "branch_taken": true},
{"event": "branch", "inst_addr": "0x556f0a220143", "branch_taken": false},
{"event": "branch", "inst_addr": "0x556f0a22014d", "branch_taken": true},
{"event": "branch", "inst_addr": "0x556f0a220195", "branch_taken": true},
{"event": "branch", "inst_addr": "0x556f0a2201dd", "branch_taken": true},
{"event": "branch", "inst_addr": "0x556f0a220225", "branch_taken": true},
{"event": "branch", "inst_addr": "0x556f0a22026d", "branch_taken": true},
{"event": "branch", "inst_addr": "0x556f0a2202b5", "branch_taken": true},
{"event": "branch", "inst_addr": "0x556f0a2202fa", "branch_taken": false},
{"event": "branch", "inst_addr": "0x556f0a220300", "branch_taken": false},
{"event": "branch", "inst_addr": "0x556f0a220306", "branch_taken": false},
{"event": "branch", "inst_addr": "0x556f0a22032e", "branch_taken": true},
{"event": "branch", "inst_addr": "0x556f0a220358", "branch_taken": true},
{"event": "branch", "inst_addr": "0x556f0a220373", "branch_taken": true},
{"event": "branch", "inst_addr": "0x556f0a220143", "branch_taken": false},
{"event": "branch", "inst_addr": "0x556f0a22014d", "branch_taken": true},
{"event": "branch", "inst_addr": "0x556f0a220195", "branch_taken": true},
{"event": "branch", "inst_addr": "0x556f0a2201dd", "branch_taken": true},
{"event": "branch", "inst_addr": "0x556f0a220225", "branch_taken": true},
{"event": "branch", "inst_addr": "0x556f0a22026d", "branch_taken": true},
{"event": "branch", "inst_addr": "0x556f0a2202b5", "branch_taken": true},
{"event": "branch", "inst_addr": "0x556f0a2202fa", "branch_taken": false},
{"event": "branch", "inst_addr": "0x556f0a220300", "branch_taken": false},
{"event": "branch", "inst_addr": "0x556f0a220306", "branch_taken": false},
{"event": "branch", "inst_addr": "0x556f0a22032e", "branch_taken": true},
{"event": "branch", "inst_addr": "0x556f0a220358", "branch_taken": true},
{"event": "branch", "inst_addr": "0x556f0a220373", "branch_taken": true},
{"event": "branch", "inst_addr": "0x556f0a220143", "branch_taken": false},
{"event": "branch", "inst_addr": "0x556f0a22014d", "branch_taken": true},
{"event": "branch", "inst_addr": "0x556f0a220195", "branch_taken": true},
{"event": "branch", "inst_addr": "0x556f0a2201dd", "branch_taken": true},
{"event": "branch", "inst_addr": "0x556f0a220225", "branch_taken": true},
{"event": "branch", "inst_addr": "0x556f0a22026d", "branch_taken": true},
{"event": "branch", "inst_addr": "0x556f0a2202b5", "branch_taken": true},
{"event": "branch", "inst_addr": "0x556f0a2202fa", "branch_taken": false},
{"event": "branch", "inst_addr": "0x556f0a220300", "branch_taken": false},
{"event": "branch", "inst_addr": "0x556f0a220306", "branch_taken": false},
{"event": "branch", "inst_addr": "0x556f0a22032e", "branch_taken": false},
{"event": "branch", "inst_addr": "0x556f0a21fa24", "branch_taken": true},
{"event": "branch", "inst_addr": "0x556f0a22034f", "branch_taken": true},
{"event": "branch", "inst_addr": "0x556f0a220373", "branch_taken": true},
{"event": "branch", "inst_addr": "0x556f0a220143", "branch_taken": false},
{"event": "branch", "inst_addr": "0x556f0a22014d", "branch_taken": true},
{"event": "branch", "inst_addr": "0x556f0a220195", "branch_taken": true},
{"event": "branch", "inst_addr": "0x556f0a2201dd", "branch_taken": false},
{"event": "branch", "inst_addr": "0x556f0a21f9c4", "branch_taken": true},
{"event": "branch", "inst_addr": "0x556f0a21f9c4", "branch_taken": true},
{"event": "branch", "inst_addr": "0x556f0a21faa2", "branch_taken": true},
{"event": "branch", "inst_addr": "0x556f0a21fab0", "branch_taken": true},
{"event": "branch", "inst_addr": "0x556f0a21fab0", "branch_taken": true},
{"event": "branch", "inst_addr": "0x556f0a21fab0", "branch_taken": false},
{"event": "branch", "inst_addr": "0x556f0a21fc3f", "branch_taken": true},
{"event": "branch", "inst_addr": "0x556f0a21fa24", "branch_taken": true},
{"event": "branch", "inst_addr": "0x556f0a22021c", "branch_taken": true},
{"event": "branch", "inst_addr": "0x556f0a220373", "branch_taken": false},
{"event": "branch", "inst_addr": "0x556f0a21f9c4", "branch_taken": true},
{"event": "branch", "inst_addr": "0x556f0a21f6e0", "branch_taken": true},
{"event": "branch", "inst_addr": "0x556f0a21f817", "branch_taken": false},
{"event": "branch", "inst_addr": "0x556f0a21f825", "branch_taken": false},
{"event": "branch", "inst_addr": "0x556f0a21f740", "branch_taken": true},
{"event": "branch", "inst_addr": "0x556f0a21f795", "branch_taken": true},
{"event": "exit", "exit_code": 0}
]
