[
{"event": "image_load", "image_name": "***/box4", "image_id": 1, "base_addr": "0x55efea533000", "image_size": "0x17cf"},
{"event": "image_load", "image_name": "/lib64/ld-linux-x86-64.so.2", "image_id": 2, "base_addr": "0x7f176eb2e000", "image_size": "0x26c23"},
{"event": "image_load", "image_name": "[vdso]", "image_id": 3, "base_addr": "0x7ffe8d72a000", "image_size": "0x95a"},
{"event": "image_load", "image_name": "/lib/x86_64-linux-gnu/libc.so.6", "image_id": 4, "base_addr": "0x7f175a346000", "image_size": "0x3f0adf"},
{"event": "branch", "inst_addr": "0x55efea5336a6", "branch_taken": true},
{"event": "branch", "inst_addr": "0x55efea5342d4", "branch_taken": false},
{"event": "branch", "inst_addr": "0x55efea533855", "branch_taken": true},
{"event": "branch", "inst_addr": "0x55efea5337e6", "branch_taken": true},
{"event": "branch", "inst_addr": "0x55efea5342f4", "branch_taken": false},
{"event": "branch", "inst_addr": "0x55efea533710", "branch_taken": true},
{"event": "branch", "inst_addr": "0x55efea5336f0", "branch_taken": true},
{"event": "branch", "inst_addr": "0x55efea53423b", "branch_taken": true},
{"event": "branch", "inst_addr": "0x55efea533720", "branch_taken": true},
{"event": "branch", "inst_addr": "0x55efea533700", "branch_taken": true},
{"event": "branch", "inst_addr": "0x55efea533f95", "branch_taken": true},
{"event": "branch", "inst_addr": "0x55efea5341d8", "branch_taken": true},
{"event": "branch", "inst_addr": "0x55efea533fa8", "branch_taken": false},
{"event": "branch", "inst_addr": "0x55efea533fb2", "branch_taken": true},
{"event": "branch", "inst_addr": "0x55efea533ffa", "branch_taken": true},
{"event": "branch", "inst_addr": "0x55efea534042", "branch_taken": true},
{"event": "branch", "inst_addr": "0x55efea53408a", "branch_taken": true},
{"event": "branch", "inst_addr": "0x55efea5340d2", "branch_taken": true},
{"event": "branch", "inst_addr": "0x55efea53411a", "branch_taken": true},
{"event": "branch", "inst_addr": "0x55efea53415f", "branch_taken": false},
{"event": "branch", "inst_addr": "0x55efea534165", "branch_taken": false},
{"event": "branch", "inst_addr": "0x55efea53416b", "branch_taken": false},
{"event": "branch", "inst_addr": "0x55efea534193", "branch_taken": true},
{"event": "branch", "inst_addr": "0x55efea5341bd", "branch_taken": true},
{"event": "branch", "inst_addr": "0x55efea5341d8", "branch_taken": true},
{"event": "branch", "inst_addr": "0x55efea533fa8", "branch_taken": false},
{"event": "branch", "inst_addr": "0x55efea533fb2", "branch_taken": true},
{"event": "branch", "inst_addr": "0x55efea533ffa", "branch_taken": true},
{"event": "branch", "inst_addr": "0x55efea534042", "branch_taken": true},
{"event": "branch", "inst_addr": "0x55efea53408a", "branch_taken": true},
{"event": "branch", "inst_addr": "0x55efea5340d2", "branch_taken": true},
{"event": "branch", "inst_addr": "0x55efea53411a", "branch_taken": true},
{"event": "branch", "inst_addr": "0x55efea53415f", "branch_taken": false},
{"event": "branch", "inst_addr": "0x55efea534165", "branch_taken": false},
{"event": "branch", "inst_addr": "0x55efea53416b", "branch_taken": false},
{"event": "branch", "inst_addr": "0x55efea534193", "branch_taken": true},
{"event": "branch", "inst_addr": "0x55efea5341bd", "branch_taken": true},
{"event": "branch", "inst_addr": "0x55efea5341d8", "branch_taken": true},
{"event": "branch", "inst_addr": "0x55efea533fa8", "branch_taken": false},
{"event": "branch", "inst_addr": "0x55efea533fb2", "branch_taken": true},
{"event": "branch", "inst_addr": "0x55efea533ffa", "branch_taken": true},
{"event": "branch", "inst_addr": "0x55efea534042", "branch_taken": true},
{"event": "branch", "inst_addr": "0x55efea53408a", "branch_taken": true},
{"event": "branch", "inst_addr": "0x55efea5340d2", "branch_taken": true},
{"event": "branch", "inst_addr": "0x55efea53411a", "branch_taken": true},
{"event": "branch", "inst_addr": "0x55efea53415f", "branch_taken": false},
{"event": "branch", "inst_addr": "0x55efea534165", "branch_taken": false},
{"event": "branch", "inst_addr": "0x55efea53416b", "branch_taken": false},
{"event": "branch", "inst_addr": "0x55efea534193", "branch_taken": true},
{"event": "branch", "inst_addr": "0x55efea5341bd", "branch_taken": true},
{"event": "branch", "inst_addr": "0x55efea5341d8", "branch_taken": true},
{"event": "branch", "inst_addr": "0x55efea533fa8", "branch_taken": false},
{"event": "branch", "inst_addr": "0x55efea533fb2", "branch_taken": true},
{"event": "branch", "inst_addr": "0x55efea533ffa", "branch_taken": true},
{"event": "branch", "inst_addr": "0x55efea534042", "branch_taken": true},
{"event": "branch", "inst_addr": "0x55efea53408a", "branch_taken": true},
{"event": "branch", "inst_addr": "0x55efea5340d2", "branch_taken": true},
{"event": "branch", "inst_addr": "0x55efea53411a", "branch_taken": true},
{"event": "branch", "inst_addr": "0x55efea53415f", "branch_taken": false},
{"event": "branch", "inst_addr": "0x55efea534165", "branch_taken": false},
{"event": "branch", "inst_addr": "0x55efea53416b", "branch_taken": false},
{"event": "branch", "inst_addr": "0x55efea534193", "branch_taken": false},
{"event": "branch", "inst_addr": "0x55efea533a24", "branch_taken": true},
{"event": "branch", "inst_addr": "0x55efea5341b4", "branch_taken": true},
{"event": "branch", "inst_addr": "0x55efea5341d8", "branch_taken": true},
{"event": "branch", "inst_addr": "0x55efea533fa8", "branch_taken": false},
{"event": "branch", "inst_addr": "0x55efea533fb2", "branch_taken": true},
{"event": "branch", "inst_addr": "0x55efea533ffa", "branch_taken": true},
{"event": "branch", "inst_addr": "0x55efea534042", "branch_taken": true},
{"event": "branch", "inst_addr": "0x55efea53408a", "branch_taken": true},
{"event": "branch", "inst_addr": "0x55efea5340d2", "branch_taken": true},
{"event": "branch", "inst_addr": "0x55efea53411a", "branch_taken": true},
{"event": "branch", "inst_addr": "0x55efea53415f", "branch_taken": false},
{"event": "branch", "inst_addr": "0x55efea534165", "branch_taken": false},
{"event": "branch", "inst_addr": "0x55efea53416b", "branch_taken": false},
{"event": "branch", "inst_addr": "0x55efea534193", "branch_taken": true},
{"event": "branch", "inst_addr": "0x55efea5341bd", "branch_taken": true},
{"event": "branch", "inst_addr": "0x55efea5341d8", "branch_taken": true},
{"event": "branch", "inst_addr": "0x55efea533fa8", "branch_taken": false},
{"event": "branch", "inst_addr": "0x55efea533fb2", "branch_taken": true},
{"event": "branch", "inst_addr": "0x55efea533ffa", "branch_taken": true},
{"event": "branch", "inst_addr": "0x55efea534042", "branch_taken": true},
{"event": "branch", "inst_addr": "0x55efea53408a", "branch_taken": true},
{"event": "branch", "inst_addr": "0x55efea5340d2", "branch_taken": true},
{"event": "branch", "inst_addr": "0x55efea53411a", "branch_taken": true},
{"event": "branch", "inst_addr": "0x55efea53415f", "branch_taken": false},
{"event": "branch", "inst_addr": "0x55efea534165", "branch_taken": false},
{"event": "branch", "inst_addr": "0x55efea53416b", "branch_taken": false},
{"event": "branch", "inst_addr": "0x55efea534193", "branch_taken": true},
{"event": "branch", "inst_addr": "0x55efea5341bd", "branch_taken": true},
{"event": "branch", "inst_addr": "0x55efea5341d8", "branch_taken": true},
{"event": "branch", "inst_addr": "0x55efea533fa8", "branch_taken": false},
{"event": "branch", "inst_addr": "0x55efea533fb2", "branch_taken": true},
{"event": "branch", "inst_addr": "0x55efea533ffa", "branch_taken": true},
{"event": "branch", "inst_addr": "0x55efea534042", "branch_taken": true},
{"event": "branch", "inst_addr": "0x55efea53408a", "branch_taken": true},
{"event": "branch", "inst_addr": "0x55efea5340d2", "branch_taken": true},
{"event": "branch", "inst_addr": "0x55efea53411a", "branch_taken": true},
{"event": "branch", "inst_addr": "0x55efea53415f", "branch_taken": false},
{"event": "branch", "inst_addr": "0x55efea534165", "branch_taken": false},
{"event": "branch", "inst_addr": "0x55efea53416b", "branch_taken": false},
{"event": "branch", "inst_addr": "0x55efea534193", "branch_taken": true},
{"event": "branch", "inst_addr": "0x55efea5341bd", "branch_taken": true},
{"event": "branch", "inst_addr": "0x55efea5341d8", "branch_taken": true},
{"event": "branch", "inst_addr": "0x55efea533fa8", "branch_taken": false},
{"event": "branch", "inst_addr": "0x55efea533fb2", "branch_taken": true},
{"event": "branch", "inst_addr": "0x55efea533ffa", "branch_taken": true},
{"event": "branch", "inst_addr": "0x55efea534042", "branch_taken": true},
{"event": "branch", "inst_addr": "0x55efea53408a", "branch_taken": true},
{"event": "branch", "inst_addr": "0x55efea5340d2", "branch_taken": true},
{"event": "branch", "inst_addr": "0x55efea53411a", "branch_taken": true},
{"event": "branch", "inst_addr": "0x55efea53415f", "branch_taken": false},
{"event": "branch", "inst_addr": "0x55efea534165", "branch_taken": false},
{"event": "branch", "inst_addr": "0x55efea53416b", "branch_taken": false},
{"event": "branch", "inst_addr": "0x55efea534193", "branch_taken": false},
{"event": "branch", "inst_addr": "0x55efea533a24", "branch_taken": true},
{"event": "branch", "inst_addr": "0x55efea5341b4", "branch_taken": true},
{"event": "branch", "inst_addr": "0x55efea5341d8", "branch_taken": true},
{"event": "branch", "inst_addr": "0x55efea533fa8", "branch_taken": false},
{"event": "branch", "inst_addr": "0x55efea533fb2", "branch_taken": true},
{"event": "branch", "inst_addr": "0x55efea533ffa", "branch_taken": true},
{"event": "branch", "inst_addr": "0x55efea534042", "branch_taken": true},
{"event": "branch", "inst_addr": "0x55efea53408a", "branch_taken": true},
{"event": "branch", "inst_addr": "0x55efea5340d2", "branch_taken": true},
{"event": "branch", "inst_addr": "0x55efea53411a", "branch_taken": false},
{"event": "branch", "inst_addr": "0x55efea5339c4", "branch_taken": true},
{"event": "branch", "inst_addr": "0x55efea5339c4", "branch_taken": true},
{"event": "branch", "inst_addr": "0x55efea533e5e", "branch_taken": true},
{"event": "branch", "inst_addr": "0x55efea533e7d", "branch_taken": true},
{"event": "branch", "inst_addr": "0x55efea533eda", "branch_taken": true},
{"event": "branch", "inst_addr": "0x55efea533e86", "branch_taken": true},
{"event": "branch", "inst_addr": "0x55efea533ed0", "branch_taken": true},
{"event": "branch", "inst_addr": "0x55efea533e9c", "branch_taken": true},
{"event": "branch", "inst_addr": "0x55efea533ed0", "branch_taken": true},
{"event": "branch", "inst_addr": "0x55efea533e9c", "branch_taken": false},
{"event": "branch", "inst_addr": "0x55efea533ed0", "branch_taken": true},
{"event": "branch", "inst_addr": "0x55efea533e9c", "branch_taken": true},
{"event": "branch", "inst_addr": "0x55efea533ed0", "branch_taken": true},
{"event": "branch", "inst_addr": "0x55efea533e9c", "branch_taken": true},
{"event": "branch", "inst_addr": "0x55efea533ed0", "branch_taken": true},
{"event": "branch", "inst_addr": "0x55efea533e9c", "branch_taken": false},
{"event": "branch", "inst_addr": "0x55efea533ed0", "branch_taken": true},
{"event": "branch", "inst_addr": "0x55efea533e9c", "branch_taken": true},
{"event": "branch", "inst_addr": "0x55efea533ed0", "branch_taken": true},
{"event": "branch", "inst_addr": "0x55efea533e9c", "branch_taken": true},
{"event": "branch", "inst_addr": "0x55efea533ed0", "branch_taken": true},
{"event": "branch", "inst_addr": "0x55efea533e9c", "branch_taken": true},
{"event": "branch", "inst_addr": "0x55efea533ed0", "branch_taken": true},
{"event": "branch", "inst_addr": "0x55efea533e9c", "branch_taken": true},
{"event": "branch", "inst_addr": "0x55efea533ed0", "branch_taken": true},
{"event": "branch", "inst_addr": "0x55efea533e9c", "branch_taken": false},
{"event": "branch", "inst_addr": "0x55efea533ed0", "branch_taken": false},
{"event": "branch", "inst_addr": "0x55efea533eda", "branch_taken": true},
{"event": "branch", "inst_addr": "0x55efea533e86", "branch_taken": true},
{"event": "branch", "inst_addr": "0x55efea533ed0", "branch_taken": true},
{"event": "branch", "inst_addr": "0x55efea533e9c", "branch_taken": false},
{"event": "branch", "inst_addr": "0x55efea533ed0", "branch_taken": true},
{"event": "branch", "inst_addr": "0x55efea533e9c", "branch_taken": true},
{"event": "branch", "inst_addr": "0x55efea533ed0", "branch_taken": true},
{"event": "branch", "inst_addr": "0x55efea533e9c", "branch_taken": true},
{"event": "branch", "inst_addr": "0x55efea533ed0", "branch_taken": true},
{"event": "branch", "inst_addr": "0x55efea533e9c", "branch_taken": true},
{"event": "branch", "inst_addr": "0x55efea533ed0", "branch_taken": true},
{"event": "branch", "inst_addr": "0x55efea533e9c", "branch_taken": true},
{"event": "branch", "inst_addr": "0x55efea533ed0", "branch_taken": true},
{"event": "branch", "inst_addr": "0x55efea533e9c", "branch_taken": true},
{"event": "branch", "inst_addr": "0x55efea533ed0", "branch_taken": true},
{"event": "branch", "inst_addr": "0x55efea533e9c", "branch_taken": true},
{"event": "branch", "inst_addr": "0x55efea533ed0", "branch_taken": true},
{"event": "branch", "inst_addr": "0x55efea533e9c", "branch_taken": true},
{"event": "branch", "inst_addr": "0x55efea533ed0", "branch_taken": true},
{"event": "branch", "inst_addr": "0x55efea533e9c", "branch_taken": true},
{"event": "branch", "inst_addr": "0x55efea533ed0", "branch_taken": true},
{"event": "branch", "inst_addr": "0x55efea533e9c", "branch_taken": true},
{"event": "branch", "inst_addr": "0x55efea533ed0", "branch_taken": false},
{"event": "branch", "inst_addr": "0x55efea533eda", "branch_taken": true},
{"event": "branch", "inst_addr": "0x55efea533e86", "branch_taken": true},
{"event": "branch", "inst_addr": "0x55efea533ed0", "branch_taken": true},
{"event": "branch", "inst_addr": "0x55efea533e9c", "branch_taken": true},
{"event": "branch", "inst_addr": "0x55efea533ed0", "branch_taken": true},
{"event": "branch", "inst_addr": "0x55efea533e9c", "branch_taken": false},
{"event": "branch", "inst_addr": "0x55efea533ed0", "branch_taken": true},
{"event": "branch", "inst_addr": "0x55efea533e9c", "branch_taken": true},
{"event": "branch", "inst_addr": "0x55efea533ed0", "branch_taken": true},
{"event": "branch", "inst_addr": "0x55efea533e9c", "branch_taken": true},
{"event": "branch", "inst_addr": "0x55efea533ed0", "branch_taken": true},
{"event": "branch", "inst_addr": "0x55efea533e9c", "branch_taken": true},
{"event": "branch", "inst_addr": "0x55efea533ed0", "branch_taken": true},
{"event": "branch", "inst_addr": "0x55efea533e9c", "branch_taken": true},
{"event": "branch", "inst_addr": "0x55efea533ed0", "branch_taken": true},
{"event": "branch", "inst_addr": "0x55efea533e9c", "branch_taken": true},
{"event": "branch", "inst_addr": "0x55efea533ed0", "branch_taken": true},
{"event": "branch", "inst_addr": "0x55efea533e9c", "branch_taken": true},
{"event": "branch", "inst_addr": "0x55efea533ed0", "branch_taken": true},
{"event": "branch", "inst_addr": "0x55efea533e9c", "branch_taken": true},
{"event": "branch", "inst_addr": "0x55efea533ed0", "branch_taken": true},
{"event": "branch", "inst_addr": "0x55efea533e9c", "branch_taken": true},
{"event": "branch", "inst_addr": "0x55efea533ed0", "branch_taken": false},
{"event": "branch", "inst_addr": "0x55efea533eda", "branch_taken": true},
{"event": "branch", "inst_addr": "0x55efea533e86", "branch_taken": true},
{"event": "branch", "inst_addr": "0x55efea533ed0", "branch_taken": true},
{"event": "branch", "inst_addr": "0x55efea533e9c", "branch_taken": true},
{"event": "branch", "inst_addr": "0x55efea533ed0", "branch_taken": true},
{"event": "branch", "inst_addr": "0x55efea533e9c", "branch_taken": true},
{"event": "branch", "inst_addr": "0x55efea533ed0", "branch_taken": true},
{"event": "branch", "inst_addr": "0x55efea533e9c", "branch_taken": false},
{"event": "branch", "inst_addr": "0x55efea533ed0", "branch_taken": true},
{"event": "branch", "inst_addr": "0x55efea533e9c", "branch_taken": true},
{"event": "branch", "inst_addr": "0x55efea533ed0", "branch_taken": true},
{"event": "branch", "inst_addr": "0x55efea533e9c", "branch_taken": true},
{"event": "branch", "inst_addr": "0x55efea533ed0", "branch_taken": true},
{"event": "branch", "inst_addr": "0x55efea533e9c", "branch_taken": true},
{"event": "branch", "inst_addr": "0x55efea533ed0", "branch_taken": true},
{"event": "branch", "inst_addr": "0x55efea533e9c", "branch_taken": true},
{"event": "branch", "inst_addr": "0x55efea533ed0", "branch_taken": true},
{"event": "branch", "inst_addr": "0x55efea533e9c", "branch_taken": true},
{"event": "branch", "inst_addr": "0x55efea533ed0", "branch_taken": true},
{"event": "branch", "inst_addr": "0x55efea533e9c", "branch_taken": true},
{"event": "branch", "inst_addr": "0x55efea533ed0", "branch_taken": true},
{"event": "branch", "inst_addr": "0x55efea533e9c", "branch_taken": true},
{"event": "branch", "inst_addr": "0x55efea533ed0", "branch_taken": false},
{"event": "branch", "inst_addr": "0x55efea533eda", "branch_taken": true},
{"event": "branch", "inst_addr": "0x55efea533e86", "branch_taken": true},
{"event": "branch", "inst_addr": "0x55efea533ed0", "branch_taken": true},
{"event": "branch", "inst_addr": "0x55efea533e9c", "branch_taken": true},
{"event": "branch", "inst_addr": "0x55efea533ed0", "branch_taken": true},
{"event": "branch", "inst_addr": "0x55efea533e9c", "branch_taken": true},
{"event": "branch", "inst_addr": "0x55efea533ed0", "branch_taken": true},
{"event": "branch", "inst_addr": "0x55efea533e9c", "branch_taken": true},
{"event": "branch", "inst_addr": "0x55efea533ed0", "branch_taken": true},
{"event": "branch", "inst_addr": "0x55efea533e9c", "branch_taken": false},
{"event": "branch", "inst_addr": "0x55efea533ed0", "branch_taken": true},
{"event": "branch", "inst_addr": "0x55efea533e9c", "branch_taken": true},
{"event": "branch", "inst_addr": "0x55efea533ed0", "branch_taken": true},
{"event": "branch", "inst_addr": "0x55efea533e9c", "branch_taken": true},
{"event": "branch", "inst_addr": "0x55efea533ed0", "branch_taken": true},
{"event": "branch", "inst_addr": "0x55efea533e9c", "branch_taken": true},
{"event": "branch", "inst_addr": "0x55efea533ed0", "branch_taken": true},
{"event": "branch", "inst_addr": "0x55efea533e9c", "branch_taken": true},
{"event": "branch", "inst_addr": "0x55efea533ed0", "branch_taken": true},
{"event": "branch", "inst_addr": "0x55efea533e9c", "branch_taken": true},
{"event": "branch", "inst_addr": "0x55efea533ed0", "branch_taken": true},
{"event": "branch", "inst_addr": "0x55efea533e9c", "branch_taken": true},
{"event": "branch", "inst_addr": "0x55efea533ed0", "branch_taken": false},
{"event": "branch", "inst_addr": "0x55efea533eda", "branch_taken": true},
{"event": "branch", "inst_addr": "0x55efea533e86", "branch_taken": true},
{"event": "branch", "inst_addr": "0x55efea533ed0", "branch_taken": true},
{"event": "branch", "inst_addr": "0x55efea533e9c", "branch_taken": true},
{"event": "branch", "inst_addr": "0x55efea533ed0", "branch_taken": true},
{"event": "branch", "inst_addr": "0x55efea533e9c", "branch_taken": false},
{"event": "branch", "inst_addr": "0x55efea533ed0", "branch_taken": true},
{"event": "branch", "inst_addr": "0x55efea533e9c", "branch_taken": false},
{"event": "branch", "inst_addr": "0x55efea533ed0", "branch_taken": true},
{"event": "branch", "inst_addr": "0x55efea533e9c", "branch_taken": true},
{"event": "branch", "inst_addr": "0x55efea533ed0", "branch_taken": true},
{"event": "branch", "inst_addr": "0x55efea533e9c", "branch_taken": false},
{"event": "branch", "inst_addr": "0x55efea533ed0", "branch_taken": true},
{"event": "branch", "inst_addr": "0x55efea533e9c", "branch_taken": true},
{"event": "branch", "inst_addr": "0x55efea533ed0", "branch_taken": true},
{"event": "branch", "inst_addr": "0x55efea533e9c", "branch_taken": true},
{"event": "branch", "inst_addr": "0x55efea533ed0", "branch_taken": true},
{"event": "branch", "inst_addr": "0x55efea533e9c", "branch_taken": true},
{"event": "branch", "inst_addr": "0x55efea533ed0", "branch_taken": true},
{"event": "branch", "inst_addr": "0x55efea533e9c", "branch_taken": true},
{"event": "branch", "inst_addr": "0x55efea533ed0", "branch_taken": true},
{"event": "branch", "inst_addr": "0x55efea533e9c", "branch_taken": true},
{"event": "branch", "inst_addr": "0x55efea533ed0", "branch_taken": false},
{"event": "branch", "inst_addr": "0x55efea533eda", "branch_taken": true},
{"event": "branch", "inst_addr": "0x55efea533e86", "branch_taken": true},
{"event": "branch", "inst_addr": "0x55efea533ed0", "branch_taken": true},
{"event": "branch", "inst_addr": "0x55efea533e9c", "branch_taken": true},
{"event": "branch", "inst_addr": "0x55efea533ed0", "branch_taken": true},
{"event": "branch", "inst_addr": "0x55efea533e9c", "branch_taken": true},
{"event": "branch", "inst_addr": "0x55efea533ed0", "branch_taken": true},
{"event": "branch", "inst_addr": "0x55efea533e9c", "branch_taken": false},
{"event": "branch", "inst_addr": "0x55efea533ed0", "branch_taken": true},
{"event": "branch", "inst_addr": "0x55efea533e9c", "branch_taken": false},
{"event": "branch", "inst_addr": "0x55efea533ed0", "branch_taken": true},
{"event": "branch", "inst_addr": "0x55efea533e9c", "branch_taken": true},
{"event": "branch", "inst_addr": "0x55efea533ed0", "branch_taken": true},
{"event": "branch", "inst_addr": "0x55efea533e9c", "branch_taken": false},
{"event": "branch", "inst_addr": "0x55efea533ed0", "branch_taken": true},
{"event": "branch", "inst_addr": "0x55efea533e9c", "branch_taken": true},
{"event": "branch", "inst_addr": "0x55efea533ed0", "branch_taken": true},
{"event": "branch", "inst_addr": "0x55efea533e9c", "branch_taken": true},
{"event": "branch", "inst_addr": "0x55efea533ed0", "branch_taken": true},
{"event": "branch", "inst_addr": "0x55efea533e9c", "branch_taken": true},
{"event": "branch", "inst_addr": "0x55efea533ed0", "branch_taken": true},
{"event": "branch", "inst_addr": "0x55efea533e9c", "branch_taken": true},
{"event": "branch", "inst_addr": "0x55efea533ed0", "branch_taken": false},
{"event": "branch", "inst_addr": "0x55efea533eda", "branch_taken": true},
{"event": "branch", "inst_addr": "0x55efea533e86", "branch_taken": true},
{"event": "branch", "inst_addr": "0x55efea533ed0", "branch_taken": true},
{"event": "branch", "inst_addr": "0x55efea533e9c", "branch_taken": false},
{"event": "branch", "inst_addr": "0x55efea533ed0", "branch_taken": true},
{"event": "branch", "inst_addr": "0x55efea533e9c", "branch_taken": false},
{"event": "branch", "inst_addr": "0x55efea533ed0", "branch_taken": true},
{"event": "branch", "inst_addr": "0x55efea533e9c", "branch_taken": false},
{"event": "branch", "inst_addr": "0x55efea533ed0", "branch_taken": true},
{"event": "branch", "inst_addr": "0x55efea533e9c", "branch_taken": false},
{"event": "branch", "inst_addr": "0x55efea533ed0", "branch_taken": true},
{"event": "branch", "inst_addr": "0x55efea533e9c", "branch_taken": false},
{"event": "branch", "inst_addr": "0x55efea533ed0", "branch_taken": true},
{"event": "branch", "inst_addr": "0x55efea533e9c", "branch_taken": true},
{"event": "branch", "inst_addr": "0x55efea533ed0", "branch_taken": true},
{"event": "branch", "inst_addr": "0x55efea533e9c", "branch_taken": false},
{"event": "branch", "inst_addr": "0x55efea533ed0", "branch_taken": true},
{"event": "branch", "inst_addr": "0x55efea533e9c", "branch_taken": true},
{"event": "branch", "inst_addr": "0x55efea533ed0", "branch_taken": true},
{"event": "branch", "inst_addr": "0x55efea533e9c", "branch_taken": true},
{"event": "branch", "inst_addr": "0x55efea533ed0", "branch_taken": true},
{"event": "branch", "inst_addr": "0x55efea533e9c", "branch_taken": true},
{"event": "branch", "inst_addr": "0x55efea533ed0", "branch_taken": false},
{"event": "branch", "inst_addr": "0x55efea533eda", "branch_taken": true},
{"event": "branch", "inst_addr": "0x55efea533e86", "branch_taken": true},
{"event": "branch", "inst_addr": "0x55efea533ed0", "branch_taken": true},
{"event": "branch", "inst_addr": "0x55efea533e9c", "branch_taken": true},
{"event": "branch", "inst_addr": "0x55efea533ed0", "branch_taken": true},
{"event": "branch", "inst_addr": "0x55efea533e9c", "branch_taken": true},
{"event": "branch", "inst_addr": "0x55efea533ed0", "branch_taken": true},
{"event": "branch", "inst_addr": "0x55efea533e9c", "branch_taken": false},
{"event": "branch", "inst_addr": "0x55efea533ed0", "branch_taken": true},
{"event": "branch", "inst_addr": "0x55efea533e9c", "branch_taken": false},
{"event": "branch", "inst_addr": "0x55efea533ed0", "branch_taken": true},
{"event": "branch", "inst_addr": "0x55efea533e9c", "branch_taken": false},
{"event": "branch", "inst_addr": "0x55efea533ed0", "branch_taken": true},
{"event": "branch", "inst_addr": "0x55efea533e9c", "branch_taken": false},
{"event": "branch", "inst_addr": "0x55efea533ed0", "branch_taken": true},
{"event": "branch", "inst_addr": "0x55efea533e9c", "branch_taken": true},
{"event": "branch", "inst_addr": "0x55efea533ed0", "branch_taken": true},
{"event": "branch", "inst_addr": "0x55efea533e9c", "branch_taken": false},
{"event": "branch", "inst_addr": "0x55efea533ed0", "branch_taken": true},
{"event": "branch", "inst_addr": "0x55efea533e9c", "branch_taken": true},
{"event": "branch", "inst_addr": "0x55efea533ed0", "branch_taken": true},
{"event": "branch", "inst_addr": "0x55efea533e9c", "branch_taken": true},
{"event": "branch", "inst_addr": "0x55efea533ed0", "branch_taken": false},
{"event": "branch", "inst_addr": "0x55efea533eda", "branch_taken": true},
{"event": "branch", "inst_addr": "0x55efea533e86", "branch_taken": true},
{"event": "branch", "inst_addr": "0x55efea533ed0", "branch_taken": true},
{"event": "branch", "inst_addr": "0x55efea533e9c", "branch_taken": true},
{"event": "branch", "inst_addr": "0x55efea533ed0", "branch_taken": true},
{"event": "branch", "inst_addr": "0x55efea533e9c", "branch_taken": true},
{"event": "branch", "inst_addr": "0x55efea533ed0", "branch_taken": true},
{"event": "branch", "inst_addr": "0x55efea533e9c", "branch_taken": true},
{"event": "branch", "inst_addr": "0x55efea533ed0", "branch_taken": true},
{"event": "branch", "inst_addr": "0x55efea533e9c", "branch_taken": true},
{"event": "branch", "inst_addr": "0x55efea533ed0", "branch_taken": true},
{"event": "branch", "inst_addr": "0x55efea533e9c", "branch_taken": true},
{"event": "branch", "inst_addr": "0x55efea533ed0", "branch_taken": true},
{"event": "branch", "inst_addr": "0x55efea533e9c", "branch_taken": true},
{"event": "branch", "inst_addr": "0x55efea533ed0", "branch_taken": true},
{"event": "branch", "inst_addr": "0x55efea533e9c", "branch_taken": true},
{"event": "branch", "inst_addr": "0x55efea533ed0", "branch_taken": true},
{"event": "branch", "inst_addr": "0x55efea533e9c", "branch_taken": true},
{"event": "branch", "inst_addr": "0x55efea533ed0", "branch_taken": true},
{"event": "branch", "inst_addr": "0x55efea533e9c", "branch_taken": false},
{"event": "branch", "inst_addr": "0x55efea533ed0", "branch_taken": true},
{"event": "branch", "inst_addr": "0x55efea533e9c", "branch_taken": true},
{"event": "branch", "inst_addr": "0x55efea533ed0", "branch_taken": false},
{"event": "branch", "inst_addr": "0x55efea533eda", "branch_taken": false},
{"event": "branch", "inst_addr": "0x55efea533ef2", "branch_taken": true},
{"event": "branch", "inst_addr": "0x55efea533a24", "branch_taken": true},
{"event": "branch", "inst_addr": "0x55efea534159", "branch_taken": true},
{"event": "branch", "inst_addr": "0x55efea5341d8", "branch_taken": true},
{"event": "branch", "inst_addr": "0x55efea533fa8", "branch_taken": false},
{"event": "branch", "inst_addr": "0x55efea533fb2", "branch_taken": true},
{"event": "branch", "inst_addr": "0x55efea533ffa", "branch_taken": true},
{"event": "branch", "inst_addr": "0x55efea534042", "branch_taken": true},
{"event": "branch", "inst_addr": "0x55efea53408a", "branch_taken": true},
{"event": "branch", "inst_addr": "0x55efea5340d2", "branch_taken": true},
{"event": "branch", "inst_addr": "0x55efea53411a", "branch_taken": true},
{"event": "branch", "inst_addr": "0x55efea53415f", "branch_taken": false},
{"event": "branch", "inst_addr": "0x55efea534165", "branch_taken": false},
{"event": "branch", "inst_addr": "0x55efea53416b", "branch_taken": false},
{"event": "branch", "inst_addr": "0x55efea534193", "branch_taken": true},
{"event": "branch", "inst_addr": "0x55efea5341bd", "branch_taken": true},
{"event": "branch", "inst_addr": "0x55efea5341d8", "branch_taken": true},
{"event": "branch", "inst_addr": "0x55efea533fa8", "branch_taken": false},
{"event": "branch", "inst_addr": "0x55efea533fb2", "branch_taken": true},
{"event": "branch", "inst_addr": "0x55efea533ffa", "branch_taken": true},
{"event": "branch", "inst_addr": "0x55efea534042", "branch_taken": true},
{"event": "branch", "inst_addr": "0x55efea53408a", "branch_taken": true},
{"event": "branch", "inst_addr": "0x55efea5340d2", "branch_taken": true},
{"event": "branch", "inst_addr": "0x55efea53411a", "branch_taken": true},
{"event": "branch", "inst_addr": "0x55efea53415f", "branch_taken": false},
{"event": "branch", "inst_addr": "0x55efea534165", "branch_taken": false},
{"event": "branch", "inst_addr": "0x55efea53416b", "branch_taken": false},
{"event": "branch", "inst_addr": "0x55efea534193", "branch_taken": true},
{"event": "branch", "inst_addr": "0x55efea5341bd", "branch_taken": true},
{"event": "branch", "inst_addr": "0x55efea5341d8", "branch_taken": true},
{"event": "branch", "inst_addr": "0x55efea533fa8", "branch_taken": false},
{"event": "branch", "inst_addr": "0x55efea533fb2", "branch_taken": true},
{"event": "branch", "inst_addr": "0x55efea533ffa", "branch_taken": true},
{"event": "branch", "inst_addr": "0x55efea534042", "branch_taken": true},
{"event": "branch", "inst_addr": "0x55efea53408a", "branch_taken": true},
{"event": "branch", "inst_addr": "0x55efea5340d2", "branch_taken": true},
{"event": "branch", "inst_addr": "0x55efea53411a", "branch_taken": true},
{"event": "branch", "inst_addr": "0x55efea53415f", "branch_taken": false},
{"event": "branch", "inst_addr": "0x55efea534165", "branch_taken": false},
{"event": "branch", "inst_addr": "0x55efea53416b", "branch_taken": false},
{"event": "branch", "inst_addr": "0x55efea534193", "branch_taken": true},
{"event": "branch", "inst_addr": "0x55efea5341bd", "branch_taken": true},
{"event": "branch", "inst_addr": "0x55efea5341d8", "branch_taken": true},
{"event": "branch", "inst_addr": "0x55efea533fa8", "branch_taken": false},
{"event": "branch", "inst_addr": "0x55efea533fb2", "branch_taken": true},
{"event": "branch", "inst_addr": "0x55efea533ffa", "branch_taken": true},
{"event": "branch", "inst_addr": "0x55efea534042", "branch_taken": true},
{"event": "branch", "inst_addr": "0x55efea53408a", "branch_taken": true},
{"event": "branch", "inst_addr": "0x55efea5340d2", "branch_taken": true},
{"event": "branch", "inst_addr": "0x55efea53411a", "branch_taken": true},
{"event": "branch", "inst_addr": "0x55efea53415f", "branch_taken": false},
{"event": "branch", "inst_addr": "0x55efea534165", "branch_taken": false},
{"event": "branch", "inst_addr": "0x55efea53416b", "branch_taken": false},
{"event": "branch", "inst_addr": "0x55efea534193", "branch_taken": false},
{"event": "branch", "inst_addr": "0x55efea533a24", "branch_taken": true},
{"event": "branch", "inst_addr": "0x55efea5341b4", "branch_taken": true},
{"event": "branch", "inst_addr": "0x55efea5341d8", "branch_taken": true},
{"event": "branch", "inst_addr": "0x55efea533fa8", "branch_taken": false},
{"event": "branch", "inst_addr": "0x55efea533fb2", "branch_taken": true},
{"event": "branch", "inst_addr": "0x55efea533ffa", "branch_taken": true},
{"event": "branch", "inst_addr": "0x55efea534042", "branch_taken": true},
{"event": "branch", "inst_addr": "0x55efea53408a", "branch_taken": true},
{"event": "branch", "inst_addr": "0x55efea5340d2", "branch_taken": true},
{"event": "branch", "inst_addr": "0x55efea53411a", "branch_taken": true},
{"event": "branch", "inst_addr": "0x55efea53415f", "branch_taken": false},
{"event": "branch", "inst_addr": "0x55efea534165", "branch_taken": false},
{"event": "branch", "inst_addr": "0x55efea53416b", "branch_taken": false},
{"event": "branch", "inst_addr": "0x55efea534193", "branch_taken": true},
{"event": "branch", "inst_addr": "0x55efea5341bd", "branch_taken": true},
{"event": "branch", "inst_addr": "0x55efea5341d8", "branch_taken": true},
{"event": "branch", "inst_addr": "0x55efea533fa8", "branch_taken": false},
{"event": "branch", "inst_addr": "0x55efea533fb2", "branch_taken": true},
{"event": "branch", "inst_addr": "0x55efea533ffa", "branch_taken": true},
{"event": "branch", "inst_addr": "0x55efea534042", "branch_taken": true},
{"event": "branch", "inst_addr": "0x55efea53408a", "branch_taken": true},
{"event": "branch", "inst_addr": "0x55efea5340d2", "branch_taken": true},
{"event": "branch", "inst_addr": "0x55efea53411a", "branch_taken": true},
{"event": "branch", "inst_addr": "0x55efea53415f", "branch_taken": false},
{"event": "branch", "inst_addr": "0x55efea534165", "branch_taken": false},
{"event": "branch", "inst_addr": "0x55efea53416b", "branch_taken": false},
{"event": "branch", "inst_addr": "0x55efea534193", "branch_taken": true},
{"event": "branch", "inst_addr": "0x55efea5341bd", "branch_taken": true},
{"event": "branch", "inst_addr": "0x55efea5341d8", "branch_taken": true},
{"event": "branch", "inst_addr": "0x55efea533fa8", "branch_taken": false},
{"event": "branch", "inst_addr": "0x55efea533fb2", "branch_taken": true},
{"event": "branch", "inst_addr": "0x55efea533ffa", "branch_taken": true},
{"event": "branch", "inst_addr": "0x55efea534042", "branch_taken": true},
{"event": "branch", "inst_addr": "0x55efea53408a", "branch_taken": true},
{"event": "branch", "inst_addr": "0x55efea5340d2", "branch_taken": true},
{"event": "branch", "inst_addr": "0x55efea53411a", "branch_taken": true},
{"event": "branch", "inst_addr": "0x55efea53415f", "branch_taken": false},
{"event": "branch", "inst_addr": "0x55efea534165", "branch_taken": false},
{"event": "branch", "inst_addr": "0x55efea53416b", "branch_taken": false},
{"event": "branch", "inst_addr": "0x55efea534193", "branch_taken": true},
{"event": "branch", "inst_addr": "0x55efea5341bd", "branch_taken": true},
{"event": "branch", "inst_addr": "0x55efea5341d8", "branch_taken": true},
{"event": "branch", "inst_addr": "0x55efea533fa8", "branch_taken": false},
{"event": "branch", "inst_addr": "0x55efea533fb2", "branch_taken": true},
{"event": "branch", "inst_addr": "0x55efea533ffa", "branch_taken": true},
{"event": "branch", "inst_addr": "0x55efea534042", "branch_taken": true},
{"event": "branch", "inst_addr": "0x55efea53408a", "branch_taken": true},
{"event": "branch", "inst_addr": "0x55efea5340d2", "branch_taken": true},
{"event": "branch", "inst_addr": "0x55efea53411a", "branch_taken": true},
{"event": "branch", "inst_addr": "0x55efea53415f", "branch_taken": false},
{"event": "branch", "inst_addr": "0x55efea534165", "branch_taken": false},
{"event": "branch", "inst_addr": "0x55efea53416b", "branch_taken": false},
{"event": "branch", "inst_addr": "0x55efea534193", "branch_taken": false},
{"event": "branch", "inst_addr": "0x55efea533a24", "branch_taken": true},
{"event": "branch", "inst_addr": "0x55efea5341b4", "branch_taken": true},
{"event": "branch", "inst_addr": "0x55efea5341d8", "branch_taken": true},
{"event": "branch", "inst_addr": "0x55efea533fa8", "branch_taken": false},
{"event": "branch", "inst_addr": "0x55efea533fb2", "branch_taken": true},
{"event": "branch", "inst_addr": "0x55efea533ffa", "branch_taken": true},
{"event": "branch", "inst_addr": "0x55efea534042", "branch_taken": true},
{"event": "branch", "inst_addr": "0x55efea53408a", "branch_taken": true},
{"event": "branch", "inst_addr": "0x55efea5340d2", "branch_taken": true},
{"event": "branch", "inst_addr": "0x55efea53411a", "branch_taken": true},
{"event": "branch", "inst_addr": "0x55efea53415f", "branch_taken": false},
{"event": "branch", "inst_addr": "0x55efea534165", "branch_taken": false},
{"event": "branch", "inst_addr": "0x55efea53416b", "branch_taken": false},
{"event": "branch", "inst_addr": "0x55efea534193", "branch_taken": true},
{"event": "branch", "inst_addr": "0x55efea5341bd", "branch_taken": true},
{"event": "branch", "inst_addr": "0x55efea5341d8", "branch_taken": true},
{"event": "branch", "inst_addr": "0x55efea533fa8", "branch_taken": false},
{"event": "branch", "inst_addr": "0x55efea533fb2", "branch_taken": true},
{"event": "branch", "inst_addr": "0x55efea533ffa", "branch_taken": true},
{"event": "branch", "inst_addr": "0x55efea534042", "branch_taken": true},
{"event": "branch", "inst_addr": "0x55efea53408a", "branch_taken": true},
{"event": "branch", "inst_addr": "0x55efea5340d2", "branch_taken": true},
{"event": "branch", "inst_addr": "0x55efea53411a", "branch_taken": true},
{"event": "branch", "inst_addr": "0x55efea53415f", "branch_taken": false},
{"event": "branch", "inst_addr": "0x55efea534165", "branch_taken": false},
{"event": "branch", "inst_addr": "0x55efea53416b", "branch_taken": false},
{"event": "branch", "inst_addr": "0x55efea534193", "branch_taken": true},
{"event": "branch", "inst_addr": "0x55efea5341bd", "branch_taken": true},
{"event": "branch", "inst_addr": "0x55efea5341d8", "branch_taken": true},
{"event": "branch", "inst_addr": "0x55efea533fa8", "branch_taken": false},
{"event": "branch", "inst_addr": "0x55efea533fb2", "branch_taken": true},
{"event": "branch", "inst_addr": "0x55efea533ffa", "branch_taken": true},
{"event": "branch", "inst_addr": "0x55efea534042", "branch_taken": true},
{"event": "branch", "inst_addr": "0x55efea53408a", "branch_taken": true},
{"event": "branch", "inst_addr": "0x55efea5340d2", "branch_taken": true},
{"event": "branch", "inst_addr": "0x55efea53411a", "branch_taken": true},
{"event": "branch", "inst_addr": "0x55efea53415f", "branch_taken": false},
{"event": "branch", "inst_addr": "0x55efea534165", "branch_taken": false},
{"event": "branch", "inst_addr": "0x55efea53416b", "branch_taken": false},
{"event": "branch", "inst_addr": "0x55efea534193", "branch_taken": true},
{"event": "branch", "inst_addr": "0x55efea5341bd", "branch_taken": true},
{"event": "branch", "inst_addr": "0x55efea5341d8", "branch_taken": true},
{"event": "branch", "inst_addr": "0x55efea533fa8", "branch_taken": false},
{"event": "branch", "inst_addr": "0x55efea533fb2", "branch_taken": true},
{"event": "branch", "inst_addr": "0x55efea533ffa", "branch_taken": true},
{"event": "branch", "inst_addr": "0x55efea534042", "branch_taken": true},
{"event": "branch", "inst_addr": "0x55efea53408a", "branch_taken": true},
{"event": "branch", "inst_addr": "0x55efea5340d2", "branch_taken": true},
{"event": "branch", "inst_addr": "0x55efea53411a", "branch_taken": true},
{"event": "branch", "inst_addr": "0x55efea53415f", "branch_taken": false},
{"event": "branch", "inst_addr": "0x55efea534165", "branch_taken": false},
{"event": "branch", "inst_addr": "0x55efea53416b", "branch_taken": false},
{"event": "branch", "inst_addr": "0x55efea534193", "branch_taken": false},
{"event": "branch", "inst_addr": "0x55efea533a24", "branch_taken": true},
{"event": "branch", "inst_addr": "0x55efea5341b4", "branch_taken": true},
{"event": "branch", "inst_addr": "0x55efea5341d8", "branch_taken": true},
{"event": "branch", "inst_addr": "0x55efea533fa8", "branch_taken": false},
{"event": "branch", "inst_addr": "0x55efea533fb2", "branch_taken": true},
{"event": "branch", "inst_addr": "0x55efea533ffa", "branch_taken": true},
{"event": "branch", "inst_addr": "0x55efea534042", "branch_taken": true},
{"event": "branch", "inst_addr": "0x55efea53408a", "branch_taken": false},
{"event": "branch", "inst_addr": "0x55efea5339c4", "branch_taken": true},
{"event": "branch", "inst_addr": "0x55efea5339c4", "branch_taken": true},
{"event": "branch", "inst_addr": "0x55efea533cc8", "branch_taken": true},
{"event": "branch", "inst_addr": "0x55efea533cfb", "branch_taken": true},
{"event": "branch", "inst_addr": "0x55efea533cfb", "branch_taken": true},
{"event": "branch", "inst_addr": "0x55efea533cfb", "branch_taken": false},
{"event": "branch", "inst_addr": "0x55efea533d1e", "branch_taken": true},
{"event": "branch", "inst_addr": "0x55efea533a24", "branch_taken": true},
{"event": "branch", "inst_addr": "0x55efea5340c9", "branch_taken": true},
{"event": "branch", "inst_addr": "0x55efea5341d8", "branch_taken": true},
{"event": "branch", "inst_addr": "0x55efea533fa8", "branch_taken": false},
{"event": "branch", "inst_addr": "0x55efea533fb2", "branch_taken": false},
{"event": "branch", "inst_addr": "0x55efea5339c4", "branch_taken": true},
{"event": "branch", "inst_addr": "0x55efea5339c4", "branch_taken": true},
{"event": "branch", "inst_addr": "0x55efea533a81", "branch_taken": true},
{"event": "branch", "inst_addr": "0x55efea533a91", "branch_taken": true},
{"event": "branch", "inst_addr": "0x55efea533a91", "branch_taken": true},
{"event": "branch", "inst_addr": "0x55efea533a91", "branch_taken": true},
{"event": "branch", "inst_addr": "0x55efea533a91", "branch_taken": true},
{"event": "branch", "inst_addr": "0x55efea533a91", "branch_taken": true},
{"event": "branch", "inst_addr": "0x55efea533a91", "branch_taken": true},
{"event": "branch", "inst_addr": "0x55efea533a91", "branch_taken": true},
{"event": "branch", "inst_addr": "0x55efea533a91", "branch_taken": true},
{"event": "branch", "inst_addr": "0x55efea533a91", "branch_taken": true},
{"event": "branch", "inst_addr": "0x55efea533a91", "branch_taken": true},
{"event": "branch", "inst_addr": "0x55efea533a91", "branch_taken": true},
{"event": "branch", "inst_addr": "0x55efea533a91", "branch_taken": true},
{"event": "branch", "inst_addr": "0x55efea533a91", "branch_taken": true},
{"event": "branch", "inst_addr": "0x55efea533a91", "branch_taken": true},
{"event": "branch", "inst_addr": "0x55efea533a91", "branch_taken": true},
{"event": "branch", "inst_addr": "0x55efea533a91", "branch_taken": true},
{"event": "branch", "inst_addr": "0x55efea533a91", "branch_taken": true},
{"event": "branch", "inst_addr": "0x55efea533a91", "branch_taken": true},
{"event": "branch", "inst_addr": "0x55efea533a91", "branch_taken": true},
{"event": "branch", "inst_addr": "0x55efea533a91", "branch_taken": true},
{"event": "branch", "inst_addr": "0x55efea533a91", "branch_taken": true},
{"event": "branch", "inst_addr": "0x55efea533a91", "branch_taken": true},
{"event": "branch", "inst_addr": "0x55efea533a91", "branch_taken": true},
{"event": "branch", "inst_addr": "0x55efea533a91", "branch_taken": true},
{"event": "branch", "inst_addr": "0x55efea533a91", "branch_taken": true},
{"event": "branch", "inst_addr": "0x55efea533a91", "branch_taken": true},
{"event": "branch", "inst_addr": "0x55efea533a91", "branch_taken": true},
{"event": "branch", "inst_addr": "0x55efea533a91", "branch_taken": true},
{"event": "branch", "inst_addr": "0x55efea533a91", "branch_taken": true},
{"event": "branch", "inst_addr": "0x55efea533a91", "branch_taken": true},
{"event": "branch", "inst_addr": "0x55efea533a91", "branch_taken": true},
{"event": "branch", "inst_addr": "0x55efea533a91", "branch_taken": true},
{"event": "branch", "inst_addr": "0x55efea533a91", "branch_taken": true},
{"event": "branch", "inst_addr": "0x55efea533a91", "branch_taken": true},
{"event": "branch", "inst_addr": "0x55efea533a91", "branch_taken": true},
{"event": "branch", "inst_addr": "0x55efea533a91", "branch_taken": true},
{"event": "branch", "inst_addr": "0x55efea533a91", "branch_taken": true},
{"event": "branch", "inst_addr": "0x55efea533a91", "branch_taken": true},
{"event": "branch", "inst_addr": "0x55efea533a91", "branch_taken": true},
{"event": "branch", "inst_addr": "0x55efea533a91", "branch_taken": true},
{"event": "branch", "inst_addr": "0x55efea533a91", "branch_taken": true},
{"event": "branch", "inst_addr": "0x55efea533a91", "branch_taken": true},
{"event": "branch", "inst_addr": "0x55efea533a91", "branch_taken": true},
{"event": "branch", "inst_addr": "0x55efea533a91", "branch_taken": true},
{"event": "branch", "inst_addr": "0x55efea533a91", "branch_taken": true},
{"event": "branch", "inst_addr": "0x55efea533a91", "branch_taken": true},
{"event": "branch", "inst_addr": "0x55efea533a91", "branch_taken": true},
{"event": "branch", "inst_addr": "0x55efea533a91", "branch_taken": true},
{"event": "branch", "inst_addr": "0x55efea533a91", "branch_taken": true},
{"event": "branch", "inst_addr": "0x55efea533a91", "branch_taken": true},
{"event": "branch", "inst_addr": "0x55efea533a91", "branch_taken": true},
{"event": "branch", "inst_addr": "0x55efea533a91", "branch_taken": true},
{"event": "branch", "inst_addr": "0x55efea533a91", "branch_taken": true},
{"event": "branch", "inst_addr": "0x55efea533a91", "branch_taken": true},
{"event": "branch", "inst_addr": "0x55efea533a91", "branch_taken": true},
{"event": "branch", "inst_addr": "0x55efea533a91", "branch_taken": true},
{"event": "branch", "inst_addr": "0x55efea533a91", "branch_taken": true},
{"event": "branch", "inst_addr": "0x55efea533a91", "branch_taken": true},
{"event": "branch", "inst_addr": "0x55efea533a91", "branch_taken": true},
{"event": "branch", "inst_addr": "0x55efea533a91", "branch_taken": true},
{"event": "branch", "inst_addr": "0x55efea533a91", "branch_taken": true},
{"event": "branch", "inst_addr": "0x55efea533a91", "branch_taken": true},
{"event": "branch", "inst_addr": "0x55efea533a91", "branch_taken": true},
{"event": "branch", "inst_addr": "0x55efea533a91", "branch_taken": true},
{"event": "branch", "inst_addr": "0x55efea533a91", "branch_taken": true},
{"event": "branch", "inst_addr": "0x55efea533a91", "branch_taken": true},
{"event": "branch", "inst_addr": "0x55efea533a91", "branch_taken": true},
{"event": "branch", "inst_addr": "0x55efea533a91", "branch_taken": true},
{"event": "branch", "inst_addr": "0x55efea533a91", "branch_taken": true},
{"event": "branch", "inst_addr": "0x55efea533a91", "branch_taken": true},
{"event": "branch", "inst_addr": "0x55efea533a91", "branch_taken": true},
{"event": "branch", "inst_addr": "0x55efea533a91", "branch_taken": true},
{"event": "branch", "inst_addr": "0x55efea533a91", "branch_taken": true},
{"event": "branch", "inst_addr": "0x55efea533a91", "branch_taken": true},
{"event": "branch", "inst_addr": "0x55efea533a91", "branch_taken": true},
{"event": "branch", "inst_addr": "0x55efea533a91", "branch_taken": true},
{"event": "branch", "inst_addr": "0x55efea533a91", "branch_taken": true},
{"event": "branch", "inst_addr": "0x55efea533a91", "branch_taken": true},
{"event": "branch", "inst_addr": "0x55efea533a91", "branch_taken": true},
{"event": "branch", "inst_addr": "0x55efea533a91", "branch_taken": true},
{"event": "branch", "inst_addr": "0x55efea533a91", "branch_taken": true},
{"event": "branch", "inst_addr": "0x55efea533a91", "branch_taken": true},
{"event": "branch", "inst_addr": "0x55efea533a91", "branch_taken": true},
{"event": "branch", "inst_addr": "0x55efea533a91", "branch_taken": true},
{"event": "branch", "inst_addr": "0x55efea533a91", "branch_taken": true},
{"event": "branch", "inst_addr": "0x55efea533a91", "branch_taken": true},
{"event": "branch", "inst_addr": "0x55efea533a91", "branch_taken": true},
{"event": "branch", "inst_addr": "0x55efea533a91", "branch_taken": true},
{"event": "branch", "inst_addr": "0x55efea533a91", "branch_taken": true},
{"event": "branch", "inst_addr": "0x55efea533a91", "branch_taken": true},
{"event": "branch", "inst_addr": "0x55efea533a91", "branch_taken": true},
{"event": "branch", "inst_addr": "0x55efea533a91", "branch_taken": true},
{"event": "branch", "inst_addr": "0x55efea533a91", "branch_taken": true},
{"event": "branch", "inst_addr": "0x55efea533a91", "branch_taken": false},
{"event": "branch", "inst_addr": "0x55efea533a24", "branch_taken": true},
{"event": "branch", "inst_addr": "0x55efea533ff1", "branch_taken": true},
{"event": "branch", "inst_addr": "0x55efea5341d8", "branch_taken": true},
{"event": "branch", "inst_addr": "0x55efea533fa8", "branch_taken": false},
{"event": "branch", "inst_addr": "0x55efea533fb2", "branch_taken": false},
{"event": "branch", "inst_addr": "0x55efea5339c4", "branch_taken": true},
{"event": "branch", "inst_addr": "0x55efea5339c4", "branch_taken": true},
{"event": "branch", "inst_addr": "0x55efea533a81", "branch_taken": true},
{"event": "branch", "inst_addr": "0x55efea533a91", "branch_taken": true},
{"event": "branch", "inst_addr": "0x55efea533a91", "branch_taken": true},
{"event": "branch", "inst_addr": "0x55efea533a91", "branch_taken": true},
{"event": "branch", "inst_addr": "0x55efea533a91", "branch_taken": true},
{"event": "branch", "inst_addr": "0x55efea533a91", "branch_taken": true},
{"event": "branch", "inst_addr": "0x55efea533a91", "branch_taken": true},
{"event": "branch", "inst_addr": "0x55efea533a91", "branch_taken": true},
{"event": "branch", "inst_addr": "0x55efea533a91", "branch_taken": true},
{"event": "branch", "inst_addr": "0x55efea533a91", "branch_taken": true},
{"event": "branch", "inst_addr": "0x55efea533a91", "branch_taken": true},
{"event": "branch", "inst_addr": "0x55efea533a91", "branch_taken": true},
{"event": "branch", "inst_addr": "0x55efea533a91", "branch_taken": true},
{"event": "branch", "inst_addr": "0x55efea533a91", "branch_taken": true},
{"event": "branch", "inst_addr": "0x55efea533a91", "branch_taken": true},
{"event": "branch", "inst_addr": "0x55efea533a91", "branch_taken": true},
{"event": "branch", "inst_addr": "0x55efea533a91", "branch_taken": true},
{"event": "branch", "inst_addr": "0x55efea533a91", "branch_taken": true},
{"event": "branch", "inst_addr": "0x55efea533a91", "branch_taken": true},
{"event": "branch", "inst_addr": "0x55efea533a91", "branch_taken": true},
{"event": "branch", "inst_addr": "0x55efea533a91", "branch_taken": true},
{"event": "branch", "inst_addr": "0x55efea533a91", "branch_taken": true},
{"event": "branch", "inst_addr": "0x55efea533a91", "branch_taken": true},
{"event": "branch", "inst_addr": "0x55efea533a91", "branch_taken": true},
{"event": "branch", "inst_addr": "0x55efea533a91", "branch_taken": true},
{"event": "branch", "inst_addr": "0x55efea533a91", "branch_taken": true},
{"event": "branch", "inst_addr": "0x55efea533a91", "branch_taken": true},
{"event": "branch", "inst_addr": "0x55efea533a91", "branch_taken": true},
{"event": "branch", "inst_addr": "0x55efea533a91", "branch_taken": true},
{"event": "branch", "inst_addr": "0x55efea533a91", "branch_taken": true},
{"event": "branch", "inst_addr": "0x55efea533a91", "branch_taken": true},
{"event": "branch", "inst_addr": "0x55efea533a91", "branch_taken": true},
{"event": "branch", "inst_addr": "0x55efea533a91", "branch_taken": true},
{"event": "branch", "inst_addr": "0x55efea533a91", "branch_taken": true},
{"event": "branch", "inst_addr": "0x55efea533a91", "branch_taken": true},
{"event": "branch", "inst_addr": "0x55efea533a91", "branch_taken": true},
{"event": "branch", "inst_addr": "0x55efea533a91", "branch_taken": true},
{"event": "branch", "inst_addr": "0x55efea533a91", "branch_taken": true},
{"event": "branch", "inst_addr": "0x55efea533a91", "branch_taken": true},
{"event": "branch", "inst_addr": "0x55efea533a91", "branch_taken": true},
{"event": "branch", "inst_addr": "0x55efea533a91", "branch_taken": true},
{"event": "branch", "inst_addr": "0x55efea533a91", "branch_taken": true},
{"event": "branch", "inst_addr": "0x55efea533a91", "branch_taken": true},
{"event": "branch", "inst_addr": "0x55efea533a91", "branch_taken": true},
{"event": "branch", "inst_addr": "0x55efea533a91", "branch_taken": true},
{"event": "branch", "inst_addr": "0x55efea533a91", "branch_taken": true},
{"event": "branch", "inst_addr": "0x55efea533a91", "branch_taken": true},
{"event": "branch", "inst_addr": "0x55efea533a91", "branch_taken": true},
{"event": "branch", "inst_addr": "0x55efea533a91", "branch_taken": true},
{"event": "branch", "inst_addr": "0x55efea533a91", "branch_taken": true},
{"event": "branch", "inst_addr": "0x55efea533a91", "branch_taken": true},
{"event": "branch", "inst_addr": "0x55efea533a91", "branch_taken": true},
{"event": "branch", "inst_addr": "0x55efea533a91", "branch_taken": true},
{"event": "branch", "inst_addr": "0x55efea533a91", "branch_taken": true},
{"event": "branch", "inst_addr": "0x55efea533a91", "branch_taken": true},
{"event": "branch", "inst_addr": "0x55efea533a91", "branch_taken": true},
{"event": "branch", "inst_addr": "0x55efea533a91", "branch_taken": true},
{"event": "branch", "inst_addr": "0x55efea533a91", "branch_taken": true},
{"event": "branch", "inst_addr": "0x55efea533a91", "branch_taken": true},
{"event": "branch", "inst_addr": "0x55efea533a91", "branch_taken": true},
{"event": "branch", "inst_addr": "0x55efea533a91", "branch_taken": true},
{"event": "branch", "inst_addr": "0x55efea533a91", "branch_taken": true},
{"event": "branch", "inst_addr": "0x55efea533a91", "branch_taken": true},
{"event": "branch", "inst_addr": "0x55efea533a91", "branch_taken": true},
{"event": "branch", "inst_addr": "0x55efea533a91", "branch_taken": true},
{"event": "branch", "inst_addr": "0x55efea533a91", "branch_taken": true},
{"event": "branch", "inst_addr": "0x55efea533a91", "branch_taken": true},
{"event": "branch", "inst_addr": "0x55efea533a91", "branch_taken": true},
{"event": "branch", "inst_addr": "0x55efea533a91", "branch_taken": true},
{"event": "branch", "inst_addr": "0x55efea533a91", "branch_taken": true},
{"event": "branch", "inst_addr": "0x55efea533a91", "branch_taken": true},
{"event": "branch", "inst_addr": "0x55efea533a91", "branch_taken": true},
{"event": "branch", "inst_addr": "0x55efea533a91", "branch_taken": true},
{"event": "branch", "inst_addr": "0x55efea533a91", "branch_taken": true},
{"event": "branch", "inst_addr": "0x55efea533a91", "branch_taken": true},
{"event": "branch", "inst_addr": "0x55efea533a91", "branch_taken": true},
{"event": "branch", "inst_addr": "0x55efea533a91", "branch_taken": true},
{"event": "branch", "inst_addr": "0x55efea533a91", "branch_taken": true},
{"event": "branch", "inst_addr": "0x55efea533a91", "branch_taken": true},
{"event": "branch", "inst_addr": "0x55efea533a91", "branch_taken": true},
{"event": "branch", "inst_addr": "0x55efea533a91", "branch_taken": true},
{"event": "branch", "inst_addr": "0x55efea533a91", "branch_taken": true},
{"event": "branch", "inst_addr": "0x55efea533a91", "branch_taken": true},
{"event": "branch", "inst_addr": "0x55efea533a91", "branch_taken": true},
{"event": "branch", "inst_addr": "0x55efea533a91", "branch_taken": true},
{"event": "branch", "inst_addr": "0x55efea533a91", "branch_taken": true},
{"event": "branch", "inst_addr": "0x55efea533a91", "branch_taken": true},
{"event": "branch", "inst_addr": "0x55efea533a91", "branch_taken": true},
{"event": "branch", "inst_addr": "0x55efea533a91", "branch_taken": true},
{"event": "branch", "inst_addr": "0x55efea533a91", "branch_taken": true},
{"event": "branch", "inst_addr": "0x55efea533a91", "branch_taken": true},
{"event": "branch", "inst_addr": "0x55efea533a91", "branch_taken": true},
{"event": "branch", "inst_addr": "0x55efea533a91", "branch_taken": true},
{"event": "branch", "inst_addr": "0x55efea533a91", "branch_taken": true},
{"event": "branch", "inst_addr": "0x55efea533a91", "branch_taken": false},
{"event": "branch", "inst_addr": "0x55efea533a24", "branch_taken": true},
{"event": "branch", "inst_addr": "0x55efea533ff1", "branch_taken": true},
{"event": "branch", "inst_addr": "0x55efea5341d8", "branch_taken": false},
{"event": "branch", "inst_addr": "0x55efea5339c4", "branch_taken": true},
{"event": "branch", "inst_addr": "0x55efea5336e0", "branch_taken": true},
{"event": "branch", "inst_addr": "0x55efea533817", "branch_taken": false},
{"event": "branch", "inst_addr": "0x55efea533825", "branch_taken": false},
{"event": "branch", "inst_addr": "0x55efea533740", "branch_taken": true},
{"event": "branch", "inst_addr": "0x55efea533795", "branch_taken": true},
{"event": "exit", "exit_code": 0}
]
