[
{"event": "image_load", "image_name": "***/box12", "image_id": 1, "base_addr": "0x563b88587000", "image_size": "0x1a3f"},
{"event": "image_load", "image_name": "/lib64/ld-linux-x86-64.so.2", "image_id": 2, "base_addr": "0x7f0a95872000", "image_size": "0x26c23"},
{"event": "image_load", "image_name": "[vdso]", "image_id": 3, "base_addr": "0x7ffc70397000", "image_size": "0x95a"},
{"event": "image_load", "image_name": "/lib/x86_64-linux-gnu/libc.so.6", "image_id": 4, "base_addr": "0x7f0a8108a000", "image_size": "0x3f0adf"},
{"event": "branch", "inst_addr": "0x563b885876a6", "branch_taken": true},
{"event": "branch", "inst_addr": "0x563b88588574", "branch_taken": false},
{"event": "branch", "inst_addr": "0x563b88587855", "branch_taken": true},
{"event": "branch", "inst_addr": "0x563b885877e6", "branch_taken": true},
{"event": "branch", "inst_addr": "0x563b88588594", "branch_taken": false},
{"event": "branch", "inst_addr": "0x563b88587710", "branch_taken": true},
{"event": "branch", "inst_addr": "0x563b885876f0", "branch_taken": true},
{"event": "branch", "inst_addr": "0x563b885884d7", "branch_taken": true},
{"event": "branch", "inst_addr": "0x563b88587720", "branch_taken": true},
{"event": "branch", "inst_addr": "0x563b88587700", "branch_taken": true},
{"event": "branch", "inst_addr": "0x563b88588231", "branch_taken": true},
{"event": "branch", "inst_addr": "0x563b88588474", "branch_taken": true},
{"event": "branch", "inst_addr": "0x563b88588244", "branch_taken": false},
{"event": "branch", "inst_addr": "0x563b8858824e", "branch_taken": true},
{"event": "branch", "inst_addr": "0x563b88588296", "branch_taken": true},
{"event": "branch", "inst_addr": "0x563b885882de", "branch_taken": true},
{"event": "branch", "inst_addr": "0x563b88588326", "branch_taken": true},
{"event": "branch", "inst_addr": "0x563b8858836e", "branch_taken": true},
{"event": "branch", "inst_addr": "0x563b885883b6", "branch_taken": true},
{"event": "branch", "inst_addr": "0x563b885883fb", "branch_taken": false},
{"event": "branch", "inst_addr": "0x563b88588401", "branch_taken": false},
{"event": "branch", "inst_addr": "0x563b88588407", "branch_taken": false},
{"event": "branch", "inst_addr": "0x563b8858842f", "branch_taken": true},
{"event": "branch", "inst_addr": "0x563b88588459", "branch_taken": true},
{"event": "branch", "inst_addr": "0x563b88588474", "branch_taken": true},
{"event": "branch", "inst_addr": "0x563b88588244", "branch_taken": false},
{"event": "branch", "inst_addr": "0x563b8858824e", "branch_taken": true},
{"event": "branch", "inst_addr": "0x563b88588296", "branch_taken": true},
{"event": "branch", "inst_addr": "0x563b885882de", "branch_taken": true},
{"event": "branch", "inst_addr": "0x563b88588326", "branch_taken": true},
{"event": "branch", "inst_addr": "0x563b8858836e", "branch_taken": true},
{"event": "branch", "inst_addr": "0x563b885883b6", "branch_taken": true},
{"event": "branch", "inst_addr": "0x563b885883fb", "branch_taken": false},
{"event": "branch", "inst_addr": "0x563b88588401", "branch_taken": false},
{"event": "branch", "inst_addr": "0x563b88588407", "branch_taken": false},
{"event": "branch", "inst_addr": "0x563b8858842f", "branch_taken": true},
{"event": "branch", "inst_addr": "0x563b88588459", "branch_taken": true},
{"event": "branch", "inst_addr": "0x563b88588474", "branch_taken": true},
{"event": "branch", "inst_addr": "0x563b88588244", "branch_taken": false},
{"event": "branch", "inst_addr": "0x563b8858824e", "branch_taken": true},
{"event": "branch", "inst_addr": "0x563b88588296", "branch_taken": true},
{"event": "branch", "inst_addr": "0x563b885882de", "branch_taken": true},
{"event": "branch", "inst_addr": "0x563b88588326", "branch_taken": true},
{"event": "branch", "inst_addr": "0x563b8858836e", "branch_taken": true},
{"event": "branch", "inst_addr": "0x563b885883b6", "branch_taken": true},
{"event": "branch", "inst_addr": "0x563b885883fb", "branch_taken": false},
{"event": "branch", "inst_addr": "0x563b88588401", "branch_taken": false},
{"event": "branch", "inst_addr": "0x563b88588407", "branch_taken": false},
{"event": "branch", "inst_addr": "0x563b8858842f", "branch_taken": true},
{"event": "branch", "inst_addr": "0x563b88588459", "branch_taken": true},
{"event": "branch", "inst_addr": "0x563b88588474", "branch_taken": true},
{"event": "branch", "inst_addr": "0x563b88588244", "branch_taken": false},
{"event": "branch", "inst_addr": "0x563b8858824e", "branch_taken": true},
{"event": "branch", "inst_addr": "0x563b88588296", "branch_taken": true},
{"event": "branch", "inst_addr": "0x563b885882de", "branch_taken": true},
{"event": "branch", "inst_addr": "0x563b88588326", "branch_taken": true},
{"event": "branch", "inst_addr": "0x563b8858836e", "branch_taken": true},
{"event": "branch", "inst_addr": "0x563b885883b6", "branch_taken": true},
{"event": "branch", "inst_addr": "0x563b885883fb", "branch_taken": false},
{"event": "branch", "inst_addr": "0x563b88588401", "branch_taken": false},
{"event": "branch", "inst_addr": "0x563b88588407", "branch_taken": false},
{"event": "branch", "inst_addr": "0x563b8858842f", "branch_taken": false},
{"event": "branch", "inst_addr": "0x563b88587a24", "branch_taken": true},
{"event": "branch", "inst_addr": "0x563b88588450", "branch_taken": true},
{"event": "branch", "inst_addr": "0x563b88588474", "branch_taken": true},
{"event": "branch", "inst_addr": "0x563b88588244", "branch_taken": false},
{"event": "branch", "inst_addr": "0x563b8858824e", "branch_taken": true},
{"event": "branch", "inst_addr": "0x563b88588296", "branch_taken": true},
{"event": "branch", "inst_addr": "0x563b885882de", "branch_taken": true},
{"event": "branch", "inst_addr": "0x563b88588326", "branch_taken": true},
{"event": "branch", "inst_addr": "0x563b8858836e", "branch_taken": true},
{"event": "branch", "inst_addr": "0x563b885883b6", "branch_taken": true},
{"event": "branch", "inst_addr": "0x563b885883fb", "branch_taken": false},
{"event": "branch", "inst_addr": "0x563b88588401", "branch_taken": false},
{"event": "branch", "inst_addr": "0x563b88588407", "branch_taken": false},
{"event": "branch", "inst_addr": "0x563b8858842f", "branch_taken": true},
{"event": "branch", "inst_addr": "0x563b88588459", "branch_taken": true},
{"event": "branch", "inst_addr": "0x563b88588474", "branch_taken": true},
{"event": "branch", "inst_addr": "0x563b88588244", "branch_taken": false},
{"event": "branch", "inst_addr": "0x563b8858824e", "branch_taken": true},
{"event": "branch", "inst_addr": "0x563b88588296", "branch_taken": true},
{"event": "branch", "inst_addr": "0x563b885882de", "branch_taken": true},
{"event": "branch", "inst_addr": "0x563b88588326", "branch_taken": true},
{"event": "branch", "inst_addr": "0x563b8858836e", "branch_taken": true},
{"event": "branch", "inst_addr": "0x563b885883b6", "branch_taken": true},
{"event": "branch", "inst_addr": "0x563b885883fb", "branch_taken": false},
{"event": "branch", "inst_addr": "0x563b88588401", "branch_taken": false},
{"event": "branch", "inst_addr": "0x563b88588407", "branch_taken": false},
{"event": "branch", "inst_addr": "0x563b8858842f", "branch_taken": true},
{"event": "branch", "inst_addr": "0x563b88588459", "branch_taken": true},
{"event": "branch", "inst_addr": "0x563b88588474", "branch_taken": true},
{"event": "branch", "inst_addr": "0x563b88588244", "branch_taken": false},
{"event": "branch", "inst_addr": "0x563b8858824e", "branch_taken": true},
{"event": "branch", "inst_addr": "0x563b88588296", "branch_taken": true},
{"event": "branch", "inst_addr": "0x563b885882de", "branch_taken": true},
{"event": "branch", "inst_addr": "0x563b88588326", "branch_taken": true},
{"event": "branch", "inst_addr": "0x563b8858836e", "branch_taken": true},
{"event": "branch", "inst_addr": "0x563b885883b6", "branch_taken": true},
{"event": "branch", "inst_addr": "0x563b885883fb", "branch_taken": false},
{"event": "branch", "inst_addr": "0x563b88588401", "branch_taken": false},
{"event": "branch", "inst_addr": "0x563b88588407", "branch_taken": false},
{"event": "branch", "inst_addr": "0x563b8858842f", "branch_taken": true},
{"event": "branch", "inst_addr": "0x563b88588459", "branch_taken": true},
{"event": "branch", "inst_addr": "0x563b88588474", "branch_taken": true},
{"event": "branch", "inst_addr": "0x563b88588244", "branch_taken": false},
{"event": "branch", "inst_addr": "0x563b8858824e", "branch_taken": true},
{"event": "branch", "inst_addr": "0x563b88588296", "branch_taken": true},
{"event": "branch", "inst_addr": "0x563b885882de", "branch_taken": true},
{"event": "branch", "inst_addr": "0x563b88588326", "branch_taken": true},
{"event": "branch", "inst_addr": "0x563b8858836e", "branch_taken": true},
{"event": "branch", "inst_addr": "0x563b885883b6", "branch_taken": true},
{"event": "branch", "inst_addr": "0x563b885883fb", "branch_taken": false},
{"event": "branch", "inst_addr": "0x563b88588401", "branch_taken": false},
{"event": "branch", "inst_addr": "0x563b88588407", "branch_taken": false},
{"event": "branch", "inst_addr": "0x563b8858842f", "branch_taken": false},
{"event": "branch", "inst_addr": "0x563b88587a24", "branch_taken": true},
{"event": "branch", "inst_addr": "0x563b88588450", "branch_taken": true},
{"event": "branch", "inst_addr": "0x563b88588474", "branch_taken": true},
{"event": "branch", "inst_addr": "0x563b88588244", "branch_taken": false},
{"event": "branch", "inst_addr": "0x563b8858824e", "branch_taken": true},
{"event": "branch", "inst_addr": "0x563b88588296", "branch_taken": true},
{"event": "branch", "inst_addr": "0x563b885882de", "branch_taken": true},
{"event": "branch", "inst_addr": "0x563b88588326", "branch_taken": true},
{"event": "branch", "inst_addr": "0x563b8858836e", "branch_taken": true},
{"event": "branch", "inst_addr": "0x563b885883b6", "branch_taken": true},
{"event": "branch", "inst_addr": "0x563b885883fb", "branch_taken": false},
{"event": "branch", "inst_addr": "0x563b88588401", "branch_taken": false},
{"event": "branch", "inst_addr": "0x563b88588407", "branch_taken": false},
{"event": "branch", "inst_addr": "0x563b8858842f", "branch_taken": true},
{"event": "branch", "inst_addr": "0x563b88588459", "branch_taken": true},
{"event": "branch", "inst_addr": "0x563b88588474", "branch_taken": true},
{"event": "branch", "inst_addr": "0x563b88588244", "branch_taken": false},
{"event": "branch", "inst_addr": "0x563b8858824e", "branch_taken": true},
{"event": "branch", "inst_addr": "0x563b88588296", "branch_taken": true},
{"event": "branch", "inst_addr": "0x563b885882de", "branch_taken": true},
{"event": "branch", "inst_addr": "0x563b88588326", "branch_taken": true},
{"event": "branch", "inst_addr": "0x563b8858836e", "branch_taken": true},
{"event": "branch", "inst_addr": "0x563b885883b6", "branch_taken": true},
{"event": "branch", "inst_addr": "0x563b885883fb", "branch_taken": false},
{"event": "branch", "inst_addr": "0x563b88588401", "branch_taken": false},
{"event": "branch", "inst_addr": "0x563b88588407", "branch_taken": false},
{"event": "branch", "inst_addr": "0x563b8858842f", "branch_taken": true},
{"event": "branch", "inst_addr": "0x563b88588459", "branch_taken": true},
{"event": "branch", "inst_addr": "0x563b88588474", "branch_taken": true},
{"event": "branch", "inst_addr": "0x563b88588244", "branch_taken": false},
{"event": "branch", "inst_addr": "0x563b8858824e", "branch_taken": true},
{"event": "branch", "inst_addr": "0x563b88588296", "branch_taken": true},
{"event": "branch", "inst_addr": "0x563b885882de", "branch_taken": true},
{"event": "branch", "inst_addr": "0x563b88588326", "branch_taken": true},
{"event": "branch", "inst_addr": "0x563b8858836e", "branch_taken": true},
{"event": "branch", "inst_addr": "0x563b885883b6", "branch_taken": true},
{"event": "branch", "inst_addr": "0x563b885883fb", "branch_taken": false},
{"event": "branch", "inst_addr": "0x563b88588401", "branch_taken": false},
{"event": "branch", "inst_addr": "0x563b88588407", "branch_taken": false},
{"event": "branch", "inst_addr": "0x563b8858842f", "branch_taken": true},
{"event": "branch", "inst_addr": "0x563b88588459", "branch_taken": true},
{"event": "branch", "inst_addr": "0x563b88588474", "branch_taken": true},
{"event": "branch", "inst_addr": "0x563b88588244", "branch_taken": false},
{"event": "branch", "inst_addr": "0x563b8858824e", "branch_taken": true},
{"event": "branch", "inst_addr": "0x563b88588296", "branch_taken": true},
{"event": "branch", "inst_addr": "0x563b885882de", "branch_taken": true},
{"event": "branch", "inst_addr": "0x563b88588326", "branch_taken": true},
{"event": "branch", "inst_addr": "0x563b8858836e", "branch_taken": true},
{"event": "branch", "inst_addr": "0x563b885883b6", "branch_taken": true},
{"event": "branch", "inst_addr": "0x563b885883fb", "branch_taken": false},
{"event": "branch", "inst_addr": "0x563b88588401", "branch_taken": false},
{"event": "branch", "inst_addr": "0x563b88588407", "branch_taken": false},
{"event": "branch", "inst_addr": "0x563b8858842f", "branch_taken": false},
{"event": "branch", "inst_addr": "0x563b88587a24", "branch_taken": true},
{"event": "branch", "inst_addr": "0x563b88588450", "branch_taken": true},
{"event": "branch", "inst_addr": "0x563b88588474", "branch_taken": true},
{"event": "branch", "inst_addr": "0x563b88588244", "branch_taken": false},
{"event": "branch", "inst_addr": "0x563b8858824e", "branch_taken": true},
{"event": "branch", "inst_addr": "0x563b88588296", "branch_taken": true},
{"event": "branch", "inst_addr": "0x563b885882de", "branch_taken": true},
{"event": "branch", "inst_addr": "0x563b88588326", "branch_taken": true},
{"event": "branch", "inst_addr": "0x563b8858836e", "branch_taken": true},
{"event": "branch", "inst_addr": "0x563b885883b6", "branch_taken": false},
{"event": "branch", "inst_addr": "0x563b885879c4", "branch_taken": true},
{"event": "branch", "inst_addr": "0x563b885879c4", "branch_taken": true},
{"event": "branch", "inst_addr": "0x563b88587aa2", "branch_taken": true},
{"event": "branch", "inst_addr": "0x563b88587ab0", "branch_taken": false},
{"event": "branch", "inst_addr": "0x563b88587a81", "branch_taken": true},
{"event": "branch", "inst_addr": "0x563b88587a91", "branch_taken": true},
{"event": "branch", "inst_addr": "0x563b88587a91", "branch_taken": true},
{"event": "branch", "inst_addr": "0x563b88587a91", "branch_taken": true},
{"event": "branch", "inst_addr": "0x563b88587a91", "branch_taken": true},
{"event": "branch", "inst_addr": "0x563b88587a91", "branch_taken": true},
{"event": "branch", "inst_addr": "0x563b88587a91", "branch_taken": true},
{"event": "branch", "inst_addr": "0x563b88587a91", "branch_taken": true},
{"event": "branch", "inst_addr": "0x563b88587a91", "branch_taken": false},
{"event": "branch", "inst_addr": "0x563b8858818e", "branch_taken": true},
{"event": "branch", "inst_addr": "0x563b88587a24", "branch_taken": true},
{"event": "branch", "inst_addr": "0x563b885883f5", "branch_taken": true},
{"event": "branch", "inst_addr": "0x563b88588474", "branch_taken": true},
{"event": "branch", "inst_addr": "0x563b88588244", "branch_taken": false},
{"event": "branch", "inst_addr": "0x563b8858824e", "branch_taken": true},
{"event": "branch", "inst_addr": "0x563b88588296", "branch_taken": true},
{"event": "branch", "inst_addr": "0x563b885882de", "branch_taken": true},
{"event": "branch", "inst_addr": "0x563b88588326", "branch_taken": true},
{"event": "branch", "inst_addr": "0x563b8858836e", "branch_taken": true},
{"event": "branch", "inst_addr": "0x563b885883b6", "branch_taken": true},
{"event": "branch", "inst_addr": "0x563b885883fb", "branch_taken": false},
{"event": "branch", "inst_addr": "0x563b88588401", "branch_taken": false},
{"event": "branch", "inst_addr": "0x563b88588407", "branch_taken": false},
{"event": "branch", "inst_addr": "0x563b8858842f", "branch_taken": true},
{"event": "branch", "inst_addr": "0x563b88588459", "branch_taken": true},
{"event": "branch", "inst_addr": "0x563b88588474", "branch_taken": true},
{"event": "branch", "inst_addr": "0x563b88588244", "branch_taken": false},
{"event": "branch", "inst_addr": "0x563b8858824e", "branch_taken": true},
{"event": "branch", "inst_addr": "0x563b88588296", "branch_taken": true},
{"event": "branch", "inst_addr": "0x563b885882de", "branch_taken": true},
{"event": "branch", "inst_addr": "0x563b88588326", "branch_taken": true},
{"event": "branch", "inst_addr": "0x563b8858836e", "branch_taken": true},
{"event": "branch", "inst_addr": "0x563b885883b6", "branch_taken": true},
{"event": "branch", "inst_addr": "0x563b885883fb", "branch_taken": false},
{"event": "branch", "inst_addr": "0x563b88588401", "branch_taken": false},
{"event": "branch", "inst_addr": "0x563b88588407", "branch_taken": false},
{"event": "branch", "inst_addr": "0x563b8858842f", "branch_taken": true},
{"event": "branch", "inst_addr": "0x563b88588459", "branch_taken": true},
{"event": "branch", "inst_addr": "0x563b88588474", "branch_taken": true},
{"event": "branch", "inst_addr": "0x563b88588244", "branch_taken": false},
{"event": "branch", "inst_addr": "0x563b8858824e", "branch_taken": true},
{"event": "branch", "inst_addr": "0x563b88588296", "branch_taken": true},
{"event": "branch", "inst_addr": "0x563b885882de", "branch_taken": true},
{"event": "branch", "inst_addr": "0x563b88588326", "branch_taken": true},
{"event": "branch", "inst_addr": "0x563b8858836e", "branch_taken": true},
{"event": "branch", "inst_addr": "0x563b885883b6", "branch_taken": true},
{"event": "branch", "inst_addr": "0x563b885883fb", "branch_taken": false},
{"event": "branch", "inst_addr": "0x563b88588401", "branch_taken": false},
{"event": "branch", "inst_addr": "0x563b88588407", "branch_taken": false},
{"event": "branch", "inst_addr": "0x563b8858842f", "branch_taken": true},
{"event": "branch", "inst_addr": "0x563b88588459", "branch_taken": true},
{"event": "branch", "inst_addr": "0x563b88588474", "branch_taken": true},
{"event": "branch", "inst_addr": "0x563b88588244", "branch_taken": false},
{"event": "branch", "inst_addr": "0x563b8858824e", "branch_taken": true},
{"event": "branch", "inst_addr": "0x563b88588296", "branch_taken": true},
{"event": "branch", "inst_addr": "0x563b885882de", "branch_taken": true},
{"event": "branch", "inst_addr": "0x563b88588326", "branch_taken": true},
{"event": "branch", "inst_addr": "0x563b8858836e", "branch_taken": true},
{"event": "branch", "inst_addr": "0x563b885883b6", "branch_taken": true},
{"event": "branch", "inst_addr": "0x563b885883fb", "branch_taken": false},
{"event": "branch", "inst_addr": "0x563b88588401", "branch_taken": false},
{"event": "branch", "inst_addr": "0x563b88588407", "branch_taken": false},
{"event": "branch", "inst_addr": "0x563b8858842f", "branch_taken": false},
{"event": "branch", "inst_addr": "0x563b88587a24", "branch_taken": true},
{"event": "branch", "inst_addr": "0x563b88588450", "branch_taken": true},
{"event": "branch", "inst_addr": "0x563b88588474", "branch_taken": true},
{"event": "branch", "inst_addr": "0x563b88588244", "branch_taken": false},
{"event": "branch", "inst_addr": "0x563b8858824e", "branch_taken": true},
{"event": "branch", "inst_addr": "0x563b88588296", "branch_taken": true},
{"event": "branch", "inst_addr": "0x563b885882de", "branch_taken": true},
{"event": "branch", "inst_addr": "0x563b88588326", "branch_taken": true},
{"event": "branch", "inst_addr": "0x563b8858836e", "branch_taken": true},
{"event": "branch", "inst_addr": "0x563b885883b6", "branch_taken": true},
{"event": "branch", "inst_addr": "0x563b885883fb", "branch_taken": false},
{"event": "branch", "inst_addr": "0x563b88588401", "branch_taken": false},
{"event": "branch", "inst_addr": "0x563b88588407", "branch_taken": false},
{"event": "branch", "inst_addr": "0x563b8858842f", "branch_taken": true},
{"event": "branch", "inst_addr": "0x563b88588459", "branch_taken": true},
{"event": "branch", "inst_addr": "0x563b88588474", "branch_taken": true},
{"event": "branch", "inst_addr": "0x563b88588244", "branch_taken": false},
{"event": "branch", "inst_addr": "0x563b8858824e", "branch_taken": true},
{"event": "branch", "inst_addr": "0x563b88588296", "branch_taken": true},
{"event": "branch", "inst_addr": "0x563b885882de", "branch_taken": true},
{"event": "branch", "inst_addr": "0x563b88588326", "branch_taken": true},
{"event": "branch", "inst_addr": "0x563b8858836e", "branch_taken": true},
{"event": "branch", "inst_addr": "0x563b885883b6", "branch_taken": true},
{"event": "branch", "inst_addr": "0x563b885883fb", "branch_taken": false},
{"event": "branch", "inst_addr": "0x563b88588401", "branch_taken": false},
{"event": "branch", "inst_addr": "0x563b88588407", "branch_taken": false},
{"event": "branch", "inst_addr": "0x563b8858842f", "branch_taken": true},
{"event": "branch", "inst_addr": "0x563b88588459", "branch_taken": true},
{"event": "branch", "inst_addr": "0x563b88588474", "branch_taken": true},
{"event": "branch", "inst_addr": "0x563b88588244", "branch_taken": false},
{"event": "branch", "inst_addr": "0x563b8858824e", "branch_taken": true},
{"event": "branch", "inst_addr": "0x563b88588296", "branch_taken": true},
{"event": "branch", "inst_addr": "0x563b885882de", "branch_taken": true},
{"event": "branch", "inst_addr": "0x563b88588326", "branch_taken": true},
{"event": "branch", "inst_addr": "0x563b8858836e", "branch_taken": true},
{"event": "branch", "inst_addr": "0x563b885883b6", "branch_taken": true},
{"event": "branch", "inst_addr": "0x563b885883fb", "branch_taken": false},
{"event": "branch", "inst_addr": "0x563b88588401", "branch_taken": false},
{"event": "branch", "inst_addr": "0x563b88588407", "branch_taken": false},
{"event": "branch", "inst_addr": "0x563b8858842f", "branch_taken": true},
{"event": "branch", "inst_addr": "0x563b88588459", "branch_taken": true},
{"event": "branch", "inst_addr": "0x563b88588474", "branch_taken": true},
{"event": "branch", "inst_addr": "0x563b88588244", "branch_taken": false},
{"event": "branch", "inst_addr": "0x563b8858824e", "branch_taken": true},
{"event": "branch", "inst_addr": "0x563b88588296", "branch_taken": true},
{"event": "branch", "inst_addr": "0x563b885882de", "branch_taken": true},
{"event": "branch", "inst_addr": "0x563b88588326", "branch_taken": true},
{"event": "branch", "inst_addr": "0x563b8858836e", "branch_taken": true},
{"event": "branch", "inst_addr": "0x563b885883b6", "branch_taken": true},
{"event": "branch", "inst_addr": "0x563b885883fb", "branch_taken": false},
{"event": "branch", "inst_addr": "0x563b88588401", "branch_taken": false},
{"event": "branch", "inst_addr": "0x563b88588407", "branch_taken": false},
{"event": "branch", "inst_addr": "0x563b8858842f", "branch_taken": false},
{"event": "branch", "inst_addr": "0x563b88587a24", "branch_taken": true},
{"event": "branch", "inst_addr": "0x563b88588450", "branch_taken": true},
{"event": "branch", "inst_addr": "0x563b88588474", "branch_taken": true},
{"event": "branch", "inst_addr": "0x563b88588244", "branch_taken": false},
{"event": "branch", "inst_addr": "0x563b8858824e", "branch_taken": true},
{"event": "branch", "inst_addr": "0x563b88588296", "branch_taken": true},
{"event": "branch", "inst_addr": "0x563b885882de", "branch_taken": true},
{"event": "branch", "inst_addr": "0x563b88588326", "branch_taken": true},
{"event": "branch", "inst_addr": "0x563b8858836e", "branch_taken": true},
{"event": "branch", "inst_addr": "0x563b885883b6", "branch_taken": false},
{"event": "branch", "inst_addr": "0x563b885879c4", "branch_taken": true},
{"event": "branch", "inst_addr": "0x563b885879c4", "branch_taken": true},
{"event": "branch", "inst_addr": "0x563b88587aa2", "branch_taken": true},
{"event": "branch", "inst_addr": "0x563b88587ab0", "branch_taken": false},
{"event": "branch", "inst_addr": "0x563b88587a81", "branch_taken": true},
{"event": "branch", "inst_addr": "0x563b88587a91", "branch_taken": true},
{"event": "branch", "inst_addr": "0x563b88587a91", "branch_taken": true},
{"event": "branch", "inst_addr": "0x563b88587a91", "branch_taken": true},
{"event": "branch", "inst_addr": "0x563b88587a91", "branch_taken": true},
{"event": "branch", "inst_addr": "0x563b88587a91", "branch_taken": true},
{"event": "branch", "inst_addr": "0x563b88587a91", "branch_taken": true},
{"event": "branch", "inst_addr": "0x563b88587a91", "branch_taken": true},
{"event": "branch", "inst_addr": "0x563b88587a91", "branch_taken": true},
{"event": "branch", "inst_addr": "0x563b88587a91", "branch_taken": true},
{"event": "branch", "inst_addr": "0x563b88587a91", "branch_taken": true},
{"event": "branch", "inst_addr": "0x563b88587a91", "branch_taken": true},
{"event": "branch", "inst_addr": "0x563b88587a91", "branch_taken": false},
{"event": "branch", "inst_addr": "0x563b8858818e", "branch_taken": true},
{"event": "branch", "inst_addr": "0x563b88587a24", "branch_taken": true},
{"event": "branch", "inst_addr": "0x563b885883f5", "branch_taken": true},
{"event": "branch", "inst_addr": "0x563b88588474", "branch_taken": true},
{"event": "branch", "inst_addr": "0x563b88588244", "branch_taken": false},
{"event": "branch", "inst_addr": "0x563b8858824e", "branch_taken": true},
{"event": "branch", "inst_addr": "0x563b88588296", "branch_taken": true},
{"event": "branch", "inst_addr": "0x563b885882de", "branch_taken": true},
{"event": "branch", "inst_addr": "0x563b88588326", "branch_taken": false},
{"event": "branch", "inst_addr": "0x563b885879c4", "branch_taken": true},
{"event": "branch", "inst_addr": "0x563b885879c4", "branch_taken": true},
{"event": "branch", "inst_addr": "0x563b88587d5f", "branch_taken": true},
{"event": "branch", "inst_addr": "0x563b88587ddf", "branch_taken": true},
{"event": "branch", "inst_addr": "0x563b88587ddf", "branch_taken": true},
{"event": "branch", "inst_addr": "0x563b88587ddf", "branch_taken": false},
{"event": "branch", "inst_addr": "0x563b88587e0e", "branch_taken": true},
{"event": "branch", "inst_addr": "0x563b88587a24", "branch_taken": true},
{"event": "branch", "inst_addr": "0x563b88588365", "branch_taken": true},
{"event": "branch", "inst_addr": "0x563b88588474", "branch_taken": true},
{"event": "branch", "inst_addr": "0x563b88588244", "branch_taken": false},
{"event": "branch", "inst_addr": "0x563b8858824e", "branch_taken": true},
{"event": "branch", "inst_addr": "0x563b88588296", "branch_taken": true},
{"event": "branch", "inst_addr": "0x563b885882de", "branch_taken": false},
{"event": "branch", "inst_addr": "0x563b885879c4", "branch_taken": true},
{"event": "branch", "inst_addr": "0x563b885879c4", "branch_taken": true},
{"event": "branch", "inst_addr": "0x563b88587b14", "branch_taken": true},
{"event": "branch", "inst_addr": "0x563b88587c0e", "branch_taken": true},
{"event": "branch", "inst_addr": "0x563b88587b1d", "branch_taken": false},
{"event": "branch", "inst_addr": "0x563b88587b50", "branch_taken": true},
{"event": "branch", "inst_addr": "0x563b88587c04", "branch_taken": true},
{"event": "branch", "inst_addr": "0x563b88587b88", "branch_taken": true},
{"event": "branch", "inst_addr": "0x563b88587c04", "branch_taken": true},
{"event": "branch", "inst_addr": "0x563b88587b88", "branch_taken": true},
{"event": "branch", "inst_addr": "0x563b88587c04", "branch_taken": true},
{"event": "branch", "inst_addr": "0x563b88587b88", "branch_taken": false},
{"event": "branch", "inst_addr": "0x563b88587c04", "branch_taken": false},
{"event": "branch", "inst_addr": "0x563b88587c0e", "branch_taken": true},
{"event": "branch", "inst_addr": "0x563b88587b1d", "branch_taken": false},
{"event": "branch", "inst_addr": "0x563b88587b50", "branch_taken": true},
{"event": "branch", "inst_addr": "0x563b88587c04", "branch_taken": true},
{"event": "branch", "inst_addr": "0x563b88587b88", "branch_taken": true},
{"event": "branch", "inst_addr": "0x563b88587c04", "branch_taken": true},
{"event": "branch", "inst_addr": "0x563b88587b88", "branch_taken": false},
{"event": "branch", "inst_addr": "0x563b88587c04", "branch_taken": true},
{"event": "branch", "inst_addr": "0x563b88587b88", "branch_taken": true},
{"event": "branch", "inst_addr": "0x563b88587c04", "branch_taken": true},
{"event": "branch", "inst_addr": "0x563b88587b88", "branch_taken": true},
{"event": "branch", "inst_addr": "0x563b88587c04", "branch_taken": true},
{"event": "branch", "inst_addr": "0x563b88587b88", "branch_taken": true},
{"event": "branch", "inst_addr": "0x563b88587c04", "branch_taken": false},
{"event": "branch", "inst_addr": "0x563b88587c0e", "branch_taken": true},
{"event": "branch", "inst_addr": "0x563b88587b1d", "branch_taken": false},
{"event": "branch", "inst_addr": "0x563b88587b50", "branch_taken": true},
{"event": "branch", "inst_addr": "0x563b88587c04", "branch_taken": true},
{"event": "branch", "inst_addr": "0x563b88587b88", "branch_taken": true},
{"event": "branch", "inst_addr": "0x563b88587c04", "branch_taken": true},
{"event": "branch", "inst_addr": "0x563b88587b88", "branch_taken": false},
{"event": "branch", "inst_addr": "0x563b88587c04", "branch_taken": true},
{"event": "branch", "inst_addr": "0x563b88587b88", "branch_taken": true},
{"event": "branch", "inst_addr": "0x563b88587c04", "branch_taken": true},
{"event": "branch", "inst_addr": "0x563b88587b88", "branch_taken": true},
{"event": "branch", "inst_addr": "0x563b88587c04", "branch_taken": true},
{"event": "branch", "inst_addr": "0x563b88587b88", "branch_taken": true},
{"event": "branch", "inst_addr": "0x563b88587c04", "branch_taken": true},
{"event": "branch", "inst_addr": "0x563b88587b88", "branch_taken": false},
{"event": "branch", "inst_addr": "0x563b88587c04", "branch_taken": true},
{"event": "branch", "inst_addr": "0x563b88587b88", "branch_taken": true},
{"event": "branch", "inst_addr": "0x563b88587c04", "branch_taken": false},
{"event": "branch", "inst_addr": "0x563b88587c0e", "branch_taken": true},
{"event": "branch", "inst_addr": "0x563b88587b1d", "branch_taken": false},
{"event": "branch", "inst_addr": "0x563b88587b50", "branch_taken": true},
{"event": "branch", "inst_addr": "0x563b88587c04", "branch_taken": true},
{"event": "branch", "inst_addr": "0x563b88587b88", "branch_taken": false},
{"event": "branch", "inst_addr": "0x563b88587c04", "branch_taken": true},
{"event": "branch", "inst_addr": "0x563b88587b88", "branch_taken": true},
{"event": "branch", "inst_addr": "0x563b88587c04", "branch_taken": true},
{"event": "branch", "inst_addr": "0x563b88587b88", "branch_taken": true},
{"event": "branch", "inst_addr": "0x563b88587c04", "branch_taken": true},
{"event": "branch", "inst_addr": "0x563b88587b88", "branch_taken": true},
{"event": "branch", "inst_addr": "0x563b88587c04", "branch_taken": true},
{"event": "branch", "inst_addr": "0x563b88587b88", "branch_taken": true},
{"event": "branch", "inst_addr": "0x563b88587c04", "branch_taken": true},
{"event": "branch", "inst_addr": "0x563b88587b88", "branch_taken": true},
{"event": "branch", "inst_addr": "0x563b88587c04", "branch_taken": true},
{"event": "branch", "inst_addr": "0x563b88587b88", "branch_taken": true},
{"event": "branch", "inst_addr": "0x563b88587c04", "branch_taken": true},
{"event": "branch", "inst_addr": "0x563b88587b88", "branch_taken": true},
{"event": "branch", "inst_addr": "0x563b88587c04", "branch_taken": false},
{"event": "branch", "inst_addr": "0x563b88587c0e", "branch_taken": true},
{"event": "branch", "inst_addr": "0x563b88587b1d", "branch_taken": false},
{"event": "branch", "inst_addr": "0x563b88587b50", "branch_taken": true},
{"event": "branch", "inst_addr": "0x563b88587c04", "branch_taken": true},
{"event": "branch", "inst_addr": "0x563b88587b88", "branch_taken": true},
{"event": "branch", "inst_addr": "0x563b88587c04", "branch_taken": true},
{"event": "branch", "inst_addr": "0x563b88587b88", "branch_taken": true},
{"event": "branch", "inst_addr": "0x563b88587c04", "branch_taken": true},
{"event": "branch", "inst_addr": "0x563b88587b88", "branch_taken": true},
{"event": "branch", "inst_addr": "0x563b88587c04", "branch_taken": true},
{"event": "branch", "inst_addr": "0x563b88587b88", "branch_taken": false},
{"event": "branch", "inst_addr": "0x563b88587c04", "branch_taken": true},
{"event": "branch", "inst_addr": "0x563b88587b88", "branch_taken": true},
{"event": "branch", "inst_addr": "0x563b88587c04", "branch_taken": true},
{"event": "branch", "inst_addr": "0x563b88587b88", "branch_taken": false},
{"event": "branch", "inst_addr": "0x563b88587c04", "branch_taken": true},
{"event": "branch", "inst_addr": "0x563b88587b88", "branch_taken": true},
{"event": "branch", "inst_addr": "0x563b88587c04", "branch_taken": true},
{"event": "branch", "inst_addr": "0x563b88587b88", "branch_taken": false},
{"event": "branch", "inst_addr": "0x563b88587c04", "branch_taken": true},
{"event": "branch", "inst_addr": "0x563b88587b88", "branch_taken": true},
{"event": "branch", "inst_addr": "0x563b88587c04", "branch_taken": false},
{"event": "branch", "inst_addr": "0x563b88587c0e", "branch_taken": false},
{"event": "branch", "inst_addr": "0x563b88587c18", "branch_taken": true},
{"event": "branch", "inst_addr": "0x563b88587b1d", "branch_taken": true},
{"event": "branch", "inst_addr": "0x563b88587b50", "branch_taken": true},
{"event": "branch", "inst_addr": "0x563b88587c04", "branch_taken": true},
{"event": "branch", "inst_addr": "0x563b88587b88", "branch_taken": true},
{"event": "branch", "inst_addr": "0x563b88587c04", "branch_taken": true},
{"event": "branch", "inst_addr": "0x563b88587b88", "branch_taken": true},
{"event": "branch", "inst_addr": "0x563b88587c04", "branch_taken": true},
{"event": "branch", "inst_addr": "0x563b88587b88", "branch_taken": true},
{"event": "branch", "inst_addr": "0x563b88587c04", "branch_taken": true},
{"event": "branch", "inst_addr": "0x563b88587b88", "branch_taken": true},
{"event": "branch", "inst_addr": "0x563b88587c04", "branch_taken": true},
{"event": "branch", "inst_addr": "0x563b88587b88", "branch_taken": true},
{"event": "branch", "inst_addr": "0x563b88587c04", "branch_taken": true},
{"event": "branch", "inst_addr": "0x563b88587b88", "branch_taken": true},
{"event": "branch", "inst_addr": "0x563b88587c04", "branch_taken": true},
{"event": "branch", "inst_addr": "0x563b88587b88", "branch_taken": true},
{"event": "branch", "inst_addr": "0x563b88587c04", "branch_taken": true},
{"event": "branch", "inst_addr": "0x563b88587b88", "branch_taken": true},
{"event": "branch", "inst_addr": "0x563b88587c04", "branch_taken": true},
{"event": "branch", "inst_addr": "0x563b88587b88", "branch_taken": true},
{"event": "branch", "inst_addr": "0x563b88587c04", "branch_taken": false},
{"event": "branch", "inst_addr": "0x563b88587c0e", "branch_taken": false},
{"event": "branch", "inst_addr": "0x563b88587c18", "branch_taken": false},
{"event": "branch", "inst_addr": "0x563b88587ccb", "branch_taken": true},
{"event": "branch", "inst_addr": "0x563b88587a24", "branch_taken": true},
{"event": "branch", "inst_addr": "0x563b8858831d", "branch_taken": true},
{"event": "branch", "inst_addr": "0x563b88588474", "branch_taken": false},
{"event": "branch", "inst_addr": "0x563b885879c4", "branch_taken": true},
{"event": "branch", "inst_addr": "0x563b885876e0", "branch_taken": true},
{"event": "branch", "inst_addr": "0x563b88587817", "branch_taken": false},
{"event": "branch", "inst_addr": "0x563b88587825", "branch_taken": false},
{"event": "branch", "inst_addr": "0x563b88587740", "branch_taken": true},
{"event": "branch", "inst_addr": "0x563b88587795", "branch_taken": true},
{"event": "exit", "exit_code": 0}
]
